<?xml version="1.0" encoding="UTF-8"?>
<!-- Generated by org.testng.reporters.JUnitXMLReporter -->
<testsuite hostname="Private-1074" ignored="0" name="Surefire test" tests="103" failures="13" timestamp="14 Feb 2019 18:25:05 GMT" time="3126.176" errors="0">
  <testcase name="@BeforeMethod setupMethod" time="0.001" classname="uk.co.idealflatmate.tests.TestBase">
    <failure type="org.openqa.selenium.NoSuchWindowException" message="no such window: target window already closed
from unknown error: web view not found
  (Session info: chrome=71.0.3578.98)
  (Driver info: chromedriver=73.0.3683.20 (8e2b610813e167eee3619ac4ce6e42e3ec622017),platform=Windows NT 10.0.16299 x86_64) (WARNING: The server did not provide any stacktrace information)
Command duration or timeout: 0 milliseconds
Build info: version: &amp;apos;3.141.59&amp;apos;, revision: &amp;apos;e82be7d358&amp;apos;, time: &amp;apos;2018-11-14T08:17:03&amp;apos;
System info: host: &amp;apos;PRIVATE-1074&amp;apos;, ip: &amp;apos;10.8.1.74&amp;apos;, os.name: &amp;apos;Windows 10&amp;apos;, os.arch: &amp;apos;amd64&amp;apos;, os.version: &amp;apos;10.0&amp;apos;, java.version: &amp;apos;1.8.0_152&amp;apos;
Driver info: org.openqa.selenium.chrome.ChromeDriver
Capabilities {acceptInsecureCerts: false, acceptSslCerts: false, applicationCacheEnabled: false, browserConnectionEnabled: false, browserName: chrome, chrome: {chromedriverVersion: 73.0.3683.20 (8e2b610813e16..., userDataDir: C:\Users\LUKHOV~1\AppData\L...}, cssSelectorsEnabled: true, databaseEnabled: false, goog:chromeOptions: {debuggerAddress: localhost:64534}, handlesAlerts: true, hasTouchScreen: false, javascriptEnabled: true, locationContextEnabled: true, mobileEmulationEnabled: false, nativeEvents: true, networkConnectionEnabled: false, pageLoadStrategy: normal, platform: XP, platformName: XP, proxy: Proxy(), rotatable: false, setWindowRect: true, strictFileInteractability: false, takesHeapSnapshot: true, takesScreenshot: true, timeouts: {implicit: 0, pageLoad: 300000, script: 30000}, unexpectedAlertBehaviour: ignore, unhandledPromptBehavior: ignore, version: 71.0.3578.98, webStorageEnabled: true}
Session ID: d534b444774d718e0b098b83e5dc6fa7">
      <![CDATA[org.openqa.selenium.NoSuchWindowException: no such window: target window already closed
from unknown error: web view not found
  (Session info: chrome=71.0.3578.98)
  (Driver info: chromedriver=73.0.3683.20 (8e2b610813e167eee3619ac4ce6e42e3ec622017),platform=Windows NT 10.0.16299 x86_64) (WARNING: The server did not provide any stacktrace information)
Command duration or timeout: 0 milliseconds
Build info: version: '3.141.59', revision: 'e82be7d358', time: '2018-11-14T08:17:03'
System info: host: 'PRIVATE-1074', ip: '10.8.1.74', os.name: 'Windows 10', os.arch: 'amd64', os.version: '10.0', java.version: '1.8.0_152'
Driver info: org.openqa.selenium.chrome.ChromeDriver
Capabilities {acceptInsecureCerts: false, acceptSslCerts: false, applicationCacheEnabled: false, browserConnectionEnabled: false, browserName: chrome, chrome: {chromedriverVersion: 73.0.3683.20 (8e2b610813e16..., userDataDir: C:\Users\LUKHOV~1\AppData\L...}, cssSelectorsEnabled: true, databaseEnabled: false, goog:chromeOptions: {debuggerAddress: localhost:64534}, handlesAlerts: true, hasTouchScreen: false, javascriptEnabled: true, locationContextEnabled: true, mobileEmulationEnabled: false, nativeEvents: true, networkConnectionEnabled: false, pageLoadStrategy: normal, platform: XP, platformName: XP, proxy: Proxy(), rotatable: false, setWindowRect: true, strictFileInteractability: false, takesHeapSnapshot: true, takesScreenshot: true, timeouts: {implicit: 0, pageLoad: 300000, script: 30000}, unexpectedAlertBehaviour: ignore, unhandledPromptBehavior: ignore, version: 71.0.3578.98, webStorageEnabled: true}
Session ID: d534b444774d718e0b098b83e5dc6fa7
at org.openqa.selenium.remote.ErrorHandler.createThrowable(ErrorHandler.java:214)
at org.openqa.selenium.remote.ErrorHandler.throwIfResponseFailed(ErrorHandler.java:166)
at org.openqa.selenium.remote.http.JsonHttpResponseCodec.reconstructValue(JsonHttpResponseCodec.java:40)
at org.openqa.selenium.remote.http.AbstractHttpResponseCodec.decode(AbstractHttpResponseCodec.java:80)
at org.openqa.selenium.remote.http.AbstractHttpResponseCodec.decode(AbstractHttpResponseCodec.java:44)
at org.openqa.selenium.remote.HttpCommandExecutor.execute(HttpCommandExecutor.java:158)
at org.openqa.selenium.remote.service.DriverCommandExecutor.execute(DriverCommandExecutor.java:83)
at org.openqa.selenium.remote.RemoteWebDriver.execute(RemoteWebDriver.java:552)
at org.openqa.selenium.remote.RemoteWebDriver.execute(RemoteWebDriver.java:609)
at org.openqa.selenium.remote.RemoteWebDriver.getCurrentUrl(RemoteWebDriver.java:287)
at com.codeborne.selenide.impl.WebDriverThreadLocalContainer.getCurrentUrl(WebDriverThreadLocalContainer.java:206)
at com.codeborne.selenide.WebDriverRunner.url(WebDriverRunner.java:270)
at uk.co.idealflatmate.appmanager.HelperBase.pageUrlVerifLiveGoStage(HelperBase.java:148)
at uk.co.idealflatmate.tests.TestBase.setupMethod(TestBase.java:86)
... Removed 36 stack frames]]>
    </failure>
  </testcase> <!-- @BeforeMethod setupMethod -->
  <testcase name="@BeforeMethod setupMethod" time="0.0" classname="uk.co.idealflatmate.tests.TestBase">
    <skipped/>
  </testcase> <!-- @BeforeMethod setupMethod -->
  <testcase name="@BeforeMethod setupMethod" time="0.0" classname="uk.co.idealflatmate.tests.TestBase">
    <skipped/>
  </testcase> <!-- @BeforeMethod setupMethod -->
  <testcase name="@BeforeMethod setupMethod" time="0.0" classname="uk.co.idealflatmate.tests.TestBase">
    <skipped/>
  </testcase> <!-- @BeforeMethod setupMethod -->
  <testcase name="@BeforeMethod setupMethod" time="0.0" classname="uk.co.idealflatmate.tests.TestBase">
    <skipped/>
  </testcase> <!-- @BeforeMethod setupMethod -->
  <testcase name="@BeforeMethod setupMethod" time="0.0" classname="uk.co.idealflatmate.tests.TestBase">
    <skipped/>
  </testcase> <!-- @BeforeMethod setupMethod -->
  <testcase name="@BeforeMethod setupMethod" time="0.0" classname="uk.co.idealflatmate.tests.TestBase">
    <skipped/>
  </testcase> <!-- @BeforeMethod setupMethod -->
  <testcase name="@BeforeMethod setupMethod" time="0.0" classname="uk.co.idealflatmate.tests.TestBase">
    <skipped/>
  </testcase> <!-- @BeforeMethod setupMethod -->
  <testcase name="@AfterClass tearDown" time="0.0" classname="uk.co.idealflatmate.tests.TestBase">
    <skipped/>
  </testcase> <!-- @AfterClass tearDown -->
  <testcase name="loginPendingListing" time="51.793" classname="uk.co.idealflatmate.tests.AddListingTests"/>
  <testcase name="loginStartListing" time="45.112" classname="uk.co.idealflatmate.tests.AddListingTests"/>
  <testcase name="propertyAddWithAllFields" time="118.501" classname="uk.co.idealflatmate.tests.AddListingTests"/>
  <testcase name="propertyEditAllFieldsAbout" time="90.274" classname="uk.co.idealflatmate.tests.AddListingTests"/>
  <testcase name="signUpPropertyAdding" time="98.143" classname="uk.co.idealflatmate.tests.AddListingTests">
    <failure type="com.codeborne.selenide.ex.ElementShould" message="Element should have text &amp;apos;London SE1, UK&amp;apos; {By.xpath: (//h2[@class=&amp;apos;h3 u_m0-top text-info&amp;apos;])[1]}
Element: &amp;apos;&amp;lt;h2 class=&amp;quot;h3 u_m0-top text-info&amp;quot;&amp;gt;London SE1 7PB, UK Available&amp;lt;/h2&amp;gt;&amp;apos;">
      <![CDATA[Element should have text 'London SE1, UK' {By.xpath: (//h2[@class='h3 u_m0-top text-info'])[1]}
Element: '<h2 class="h3 u_m0-top text-info">London SE1 7PB, UK Available</h2>'
Screenshot: file:/C:/Users/lukhovytskyi/Documents/GitHub/idealflatmatetest/build/reports/tests/1550166003723.1.png
Page source: file:/C:/Users/lukhovytskyi/Documents/GitHub/idealflatmatetest/build/reports/tests/1550166003723.1.html
Timeout: 10 s.
at com.codeborne.selenide.impl.WebElementSource.checkCondition(WebElementSource.java:66)
at com.codeborne.selenide.commands.Should.should(Should.java:35)
at com.codeborne.selenide.commands.Should.execute(Should.java:29)
at com.codeborne.selenide.commands.Should.execute(Should.java:12)
at com.codeborne.selenide.commands.Commands.execute(Commands.java:144)
at com.codeborne.selenide.impl.SelenideElementProxy.dispatchAndRetry(SelenideElementProxy.java:87)
at com.codeborne.selenide.impl.SelenideElementProxy.invoke(SelenideElementProxy.java:63)
at com.sun.proxy.$Proxy5.shouldHave(Unknown Source)
at uk.co.idealflatmate.appmanager.VerificationHelper.verifyAddedProperty(VerificationHelper.java:55)
at uk.co.idealflatmate.tests.AddListingTests.signUpPropertyAdding(AddListingTests.java:105)
... Removed 30 stack frames]]>
    </failure>
  </testcase> <!-- signUpPropertyAdding -->
  <testcase name="titleListing" time="66.462" classname="uk.co.idealflatmate.tests.AddListingTests"/>
  <testcase name="TestSuccessfulEmailReceivingWelcomeListingMessageSubscriptionCancSub" time="38.769" classname="uk.co.idealflatmate.tests.ZEmailTests">
    <failure type="com.codeborne.selenide.ex.ElementNotFound" message="Element not found {By.xpath: //span[contains(text(), &amp;apos;AM&amp;apos;) or contains(text(), &amp;apos;PM&amp;apos;)]//ancestor::tr//div//span[contains(text(), &amp;apos;Premium Flathunter Subscription created&amp;apos;)]//ancestor::tr//td/div[@role=&amp;apos;checkbox&amp;apos;]}
Expected: visible">
      <![CDATA[Element not found {By.xpath: //span[contains(text(), 'AM') or contains(text(), 'PM')]//ancestor::tr//div//span[contains(text(), 'Premium Flathunter Subscription created')]//ancestor::tr//td/div[@role='checkbox']}
Expected: visible
Screenshot: file:/C:/Users/lukhovytskyi/Documents/GitHub/idealflatmatetest/build/reports/tests/1550166129004.3.png
Page source: file:/C:/Users/lukhovytskyi/Documents/GitHub/idealflatmatetest/build/reports/tests/1550166129004.3.html
Timeout: 6 s.
Caused by: NoSuchElementException: no such element: Unable to locate element: {"method":"xpath","selector":"//span[contains(text(), 'AM') or contains(text(), 'PM')]//ancestor::tr//div//span[contains(text(), 'Premium Flathunter Subscription created')]//ancestor::tr//td/div[@role='checkbox']"}
at com.codeborne.selenide.impl.WebElementSource.createElementNotFoundError(WebElementSource.java:31)
at com.codeborne.selenide.impl.ElementFinder.createElementNotFoundError(ElementFinder.java:82)
at com.codeborne.selenide.impl.WebElementSource.checkCondition(WebElementSource.java:59)
at com.codeborne.selenide.commands.Should.should(Should.java:35)
at com.codeborne.selenide.commands.Should.execute(Should.java:29)
at com.codeborne.selenide.commands.Should.execute(Should.java:12)
at com.codeborne.selenide.commands.Commands.execute(Commands.java:144)
at com.codeborne.selenide.impl.SelenideElementProxy.dispatchAndRetry(SelenideElementProxy.java:87)
at com.codeborne.selenide.impl.SelenideElementProxy.invoke(SelenideElementProxy.java:63)
at com.sun.proxy.$Proxy5.waitUntil(Unknown Source)
at uk.co.idealflatmate.appmanager.EmailHelper.tipCheckboxPremiumFHSubscription(EmailHelper.java:78)
at uk.co.idealflatmate.tests.ZEmailTests.TestSuccessfulEmailReceivingWelcomeListingMessageSubscriptionCancSub(ZEmailTests.java:22)
Caused by: org.openqa.selenium.NoSuchElementException: no such element: Unable to locate element: {"method":"xpath","selector":"//span[contains(text(), 'AM') or contains(text(), 'PM')]//ancestor::tr//div//span[contains(text(), 'Premium Flathunter Subscription created')]//ancestor::tr//td/div[@role='checkbox']"}
  (Session info: chrome=71.0.3578.98)
  (Driver info: chromedriver=73.0.3683.20 (8e2b610813e167eee3619ac4ce6e42e3ec622017),platform=Windows NT 10.0.16299 x86_64) (WARNING: The server did not provide any stacktrace information)
Command duration or timeout: 0 milliseconds
For documentation on this error, please visit: https://www.seleniumhq.org/exceptions/no_such_element.html
Build info: version: '3.141.59', revision: 'e82be7d358', time: '2018-11-14T08:17:03'
System info: host: 'PRIVATE-1074', ip: '10.8.1.74', os.name: 'Windows 10', os.arch: 'amd64', os.version: '10.0', java.version: '1.8.0_152'
Driver info: org.openqa.selenium.chrome.ChromeDriver
Capabilities {acceptInsecureCerts: false, acceptSslCerts: false, applicationCacheEnabled: false, browserConnectionEnabled: false, browserName: chrome, chrome: {chromedriverVersion: 73.0.3683.20 (8e2b610813e16..., userDataDir: C:\Users\LUKHOV~1\AppData\L...}, cssSelectorsEnabled: true, databaseEnabled: false, goog:chromeOptions: {debuggerAddress: localhost:59728}, handlesAlerts: true, hasTouchScreen: false, javascriptEnabled: true, locationContextEnabled: true, mobileEmulationEnabled: false, nativeEvents: true, networkConnectionEnabled: false, pageLoadStrategy: normal, platform: XP, platformName: XP, proxy: Proxy(), rotatable: false, setWindowRect: true, strictFileInteractability: false, takesHeapSnapshot: true, takesScreenshot: true, timeouts: {implicit: 0, pageLoad: 300000, script: 30000}, unexpectedAlertBehaviour: ignore, unhandledPromptBehavior: ignore, version: 71.0.3578.98, webStorageEnabled: true}
Session ID: 5438c215acfb98ccdb7bd5034903075e
*** Element info: {Using=xpath, value=//span[contains(text(), 'AM') or contains(text(), 'PM')]//ancestor::tr//div//span[contains(text(), 'Premium Flathunter Subscription created')]//ancestor::tr//td/div[@role='checkbox']}
at org.openqa.selenium.remote.ErrorHandler.createThrowable(ErrorHandler.java:214)
at org.openqa.selenium.remote.ErrorHandler.throwIfResponseFailed(ErrorHandler.java:166)
at org.openqa.selenium.remote.http.JsonHttpResponseCodec.reconstructValue(JsonHttpResponseCodec.java:40)
at org.openqa.selenium.remote.http.AbstractHttpResponseCodec.decode(AbstractHttpResponseCodec.java:80)
at org.openqa.selenium.remote.http.AbstractHttpResponseCodec.decode(AbstractHttpResponseCodec.java:44)
at org.openqa.selenium.remote.HttpCommandExecutor.execute(HttpCommandExecutor.java:158)
at org.openqa.selenium.remote.service.DriverCommandExecutor.execute(DriverCommandExecutor.java:83)
at org.openqa.selenium.remote.RemoteWebDriver.execute(RemoteWebDriver.java:552)
at org.openqa.selenium.remote.RemoteWebDriver.findElement(RemoteWebDriver.java:323)
at org.openqa.selenium.remote.RemoteWebDriver.findElementByXPath(RemoteWebDriver.java:428)
at org.openqa.selenium.By$ByXPath.findElement(By.java:353)
at org.openqa.selenium.remote.RemoteWebDriver.findElement(RemoteWebDriver.java:315)
at com.codeborne.selenide.impl.WebElementSelector.findElement(WebElementSelector.java:29)
at com.codeborne.selenide.impl.ElementFinder.getWebElement(ElementFinder.java:56)
at com.codeborne.selenide.impl.WebElementSource.checkCondition(WebElementSource.java:44)
... 39 more
... Removed 33 stack frames]]>
    </failure>
  </testcase> <!-- TestSuccessfulEmailReceivingWelcomeListingMessageSubscriptionCancSub -->
  <testcase name="exploreMoreArea" time="15.901" classname="uk.co.idealflatmate.tests.AreaPageTest"/>
  <testcase name="firstFeaturedHomePageHeader" time="19.829" classname="uk.co.idealflatmate.tests.AreaPageTest"/>
  <testcase name="firstFeaturedLinkArea" time="13.921" classname="uk.co.idealflatmate.tests.AreaPageTest"/>
  <testcase name="firstFeaturedLinkMap" time="8.467" classname="uk.co.idealflatmate.tests.AreaPageTest"/>
  <testcase name="linkFH" time="12.104" classname="uk.co.idealflatmate.tests.AreaPageTest"/>
  <testcase name="seeMoreRooms" time="23.109" classname="uk.co.idealflatmate.tests.AreaPageTest"/>
  <testcase name="addLogInViaFacebook" time="34.137" classname="uk.co.idealflatmate.tests.AuthorizationTests"/>
  <testcase name="alogInWithMatchingFB" time="64.07" classname="uk.co.idealflatmate.tests.AuthorizationTests"/>
  <testcase name="classicLogInOut" time="8.395" classname="uk.co.idealflatmate.tests.AuthorizationTests"/>
  <testcase name="emailWrongHomePage" time="5.689" classname="uk.co.idealflatmate.tests.AuthorizationTests"/>
  <testcase name="invalidLoginWithEmptyFields" time="3.428" classname="uk.co.idealflatmate.tests.AuthorizationTests"/>
  <testcase name="logInContactFM" time="15.605" classname="uk.co.idealflatmate.tests.AuthorizationTests"/>
  <testcase name="logInMessageFM" time="14.938" classname="uk.co.idealflatmate.tests.AuthorizationTests"/>
  <testcase name="logInOutOnFMPage" time="13.701" classname="uk.co.idealflatmate.tests.AuthorizationTests"/>
  <testcase name="logInOutOnPropertyPage" time="24.838" classname="uk.co.idealflatmate.tests.AuthorizationTests">
    <failure type="com.codeborne.selenide.ex.ElementNotFound" message="Element not found {input#loginform-username}
Expected: visible">
      <![CDATA[Element not found {input#loginform-username}
Expected: visible
Screenshot: file:/C:/Users/lukhovytskyi/Documents/GitHub/idealflatmatetest/build/reports/tests/1550166501788.5.png
Page source: file:/C:/Users/lukhovytskyi/Documents/GitHub/idealflatmatetest/build/reports/tests/1550166501788.5.html
Timeout: 20 s.
Caused by: NoSuchElementException: no such element: Unable to locate element: {"method":"css selector","selector":"input#loginform-username"}
at com.codeborne.selenide.impl.WebElementSource.createElementNotFoundError(WebElementSource.java:31)
at com.codeborne.selenide.impl.ElementFinder.createElementNotFoundError(ElementFinder.java:82)
at com.codeborne.selenide.impl.WebElementSource.checkCondition(WebElementSource.java:59)
at com.codeborne.selenide.commands.Should.should(Should.java:35)
at com.codeborne.selenide.commands.Should.execute(Should.java:29)
at com.codeborne.selenide.commands.Should.execute(Should.java:12)
at com.codeborne.selenide.commands.Commands.execute(Commands.java:144)
at com.codeborne.selenide.impl.SelenideElementProxy.dispatchAndRetry(SelenideElementProxy.java:87)
at com.codeborne.selenide.impl.SelenideElementProxy.invoke(SelenideElementProxy.java:63)
at com.sun.proxy.$Proxy5.waitUntil(Unknown Source)
at uk.co.idealflatmate.appmanager.HelperBase.fillInField(HelperBase.java:65)
at uk.co.idealflatmate.appmanager.AuthorizationHelper.setLoginAsUserWithoutPackage(AuthorizationHelper.java:283)
at uk.co.idealflatmate.tests.AuthorizationTests.logInOutOnPropertyPage(AuthorizationTests.java:38)
Caused by: org.openqa.selenium.NoSuchElementException: no such element: Unable to locate element: {"method":"css selector","selector":"input#loginform-username"}
  (Session info: chrome=71.0.3578.98)
  (Driver info: chromedriver=73.0.3683.20 (8e2b610813e167eee3619ac4ce6e42e3ec622017),platform=Windows NT 10.0.16299 x86_64) (WARNING: The server did not provide any stacktrace information)
Command duration or timeout: 0 milliseconds
For documentation on this error, please visit: https://www.seleniumhq.org/exceptions/no_such_element.html
Build info: version: '3.141.59', revision: 'e82be7d358', time: '2018-11-14T08:17:03'
System info: host: 'PRIVATE-1074', ip: '10.8.1.74', os.name: 'Windows 10', os.arch: 'amd64', os.version: '10.0', java.version: '1.8.0_152'
Driver info: org.openqa.selenium.chrome.ChromeDriver
Capabilities {acceptInsecureCerts: false, acceptSslCerts: false, applicationCacheEnabled: false, browserConnectionEnabled: false, browserName: chrome, chrome: {chromedriverVersion: 73.0.3683.20 (8e2b610813e16..., userDataDir: C:\Users\LUKHOV~1\AppData\L...}, cssSelectorsEnabled: true, databaseEnabled: false, goog:chromeOptions: {debuggerAddress: localhost:61886}, handlesAlerts: true, hasTouchScreen: false, javascriptEnabled: true, locationContextEnabled: true, mobileEmulationEnabled: false, nativeEvents: true, networkConnectionEnabled: false, pageLoadStrategy: normal, platform: XP, platformName: XP, proxy: Proxy(), rotatable: false, setWindowRect: true, strictFileInteractability: false, takesHeapSnapshot: true, takesScreenshot: true, timeouts: {implicit: 0, pageLoad: 300000, script: 30000}, unexpectedAlertBehaviour: ignore, unhandledPromptBehavior: ignore, version: 71.0.3578.98, webStorageEnabled: true}
Session ID: a5f5a6c1c90d3ed7559ad02024bfac23
*** Element info: {Using=css selector, value=input#loginform-username}
at org.openqa.selenium.remote.ErrorHandler.createThrowable(ErrorHandler.java:214)
at org.openqa.selenium.remote.ErrorHandler.throwIfResponseFailed(ErrorHandler.java:166)
at org.openqa.selenium.remote.http.JsonHttpResponseCodec.reconstructValue(JsonHttpResponseCodec.java:40)
at org.openqa.selenium.remote.http.AbstractHttpResponseCodec.decode(AbstractHttpResponseCodec.java:80)
at org.openqa.selenium.remote.http.AbstractHttpResponseCodec.decode(AbstractHttpResponseCodec.java:44)
at org.openqa.selenium.remote.HttpCommandExecutor.execute(HttpCommandExecutor.java:158)
at org.openqa.selenium.remote.service.DriverCommandExecutor.execute(DriverCommandExecutor.java:83)
at org.openqa.selenium.remote.RemoteWebDriver.execute(RemoteWebDriver.java:552)
at org.openqa.selenium.remote.RemoteWebDriver.findElement(RemoteWebDriver.java:323)
at org.openqa.selenium.remote.RemoteWebDriver.findElementByCssSelector(RemoteWebDriver.java:420)
at org.openqa.selenium.By$ByCssSelector.findElement(By.java:431)
at org.openqa.selenium.remote.RemoteWebDriver.findElement(RemoteWebDriver.java:315)
at com.codeborne.selenide.impl.WebElementSelector.findElement(WebElementSelector.java:29)
at com.codeborne.selenide.impl.ElementFinder.getWebElement(ElementFinder.java:56)
at com.codeborne.selenide.impl.WebElementSource.checkCondition(WebElementSource.java:44)
... 40 more
... Removed 33 stack frames]]>
    </failure>
  </testcase> <!-- logInOutOnPropertyPage -->
  <testcase name="logInPhoneReveal" time="19.231" classname="uk.co.idealflatmate.tests.AuthorizationTests"/>
  <testcase name="loginPassWronglogInHomePage" time="7.405" classname="uk.co.idealflatmate.tests.AuthorizationTests"/>
  <testcase name="removeAccountBeforeTest" time="219.668" classname="uk.co.idealflatmate.tests.A_clear_DataTests"/>
  <testcase name="removelistingBeforeTest" time="63.928" classname="uk.co.idealflatmate.tests.A_clear_DataTests"/>
  <testcase name="footerAboutUsLink" time="4.13" classname="uk.co.idealflatmate.tests.FooterTest"/>
  <testcase name="footerAskLandlord" time="7.007" classname="uk.co.idealflatmate.tests.FooterTest"/>
  <testcase name="footerBlogLink" time="5.469" classname="uk.co.idealflatmate.tests.FooterTest"/>
  <testcase name="footerBrowseFlatsharesLink" time="5.64" classname="uk.co.idealflatmate.tests.FooterTest"/>
  <testcase name="footerBrowseHowItWorksLink" time="4.798" classname="uk.co.idealflatmate.tests.FooterTest"/>
  <testcase name="footerBrowseTipsLink" time="3.928" classname="uk.co.idealflatmate.tests.FooterTest"/>
  <testcase name="footerContactLink" time="3.989" classname="uk.co.idealflatmate.tests.FooterTest"/>
  <testcase name="footerHomeLink" time="4.262" classname="uk.co.idealflatmate.tests.FooterTest"/>
  <testcase name="footerInstagramLink" time="72.775" classname="uk.co.idealflatmate.tests.FooterTest">
    <failure type="com.codeborne.selenide.ex.ElementNotFound" message="Element not found {By.xpath: (//h1)[1]}
Expected: exist">
      <![CDATA[Element not found {By.xpath: (//h1)[1]}
Expected: exist
Screenshot: 
Timeout: 30 s.
Caused by: NoSuchElementException: Cannot locate an element using xpath=(//h1)[1]
at com.codeborne.selenide.impl.WebElementSource.createElementNotFoundError(WebElementSource.java:31)
at com.codeborne.selenide.impl.ElementFinder.createElementNotFoundError(ElementFinder.java:82)
at com.codeborne.selenide.impl.WebElementSource.checkCondition(WebElementSource.java:59)
at com.codeborne.selenide.commands.Should.should(Should.java:35)
at com.codeborne.selenide.commands.Should.execute(Should.java:29)
at com.codeborne.selenide.commands.Should.execute(Should.java:12)
at com.codeborne.selenide.commands.Commands.execute(Commands.java:144)
at com.codeborne.selenide.impl.SelenideElementProxy.dispatchAndRetry(SelenideElementProxy.java:87)
at com.codeborne.selenide.impl.SelenideElementProxy.invoke(SelenideElementProxy.java:63)
at com.sun.proxy.$Proxy5.waitUntil(Unknown Source)
at uk.co.idealflatmate.appmanager.FooterHelper.verificationInstagram(FooterHelper.java:91)
at uk.co.idealflatmate.tests.FooterTest.footerInstagramLink(FooterTest.java:155)
Caused by: org.openqa.selenium.NoSuchElementException: Cannot locate an element using xpath=(//h1)[1]
For documentation on this error, please visit: https://www.seleniumhq.org/exceptions/no_such_element.html
Build info: version: '3.141.59', revision: 'e82be7d358', time: '2018-11-14T08:17:03'
System info: host: 'PRIVATE-1074', ip: '10.8.1.74', os.name: 'Windows 10', os.arch: 'amd64', os.version: '10.0', java.version: '1.8.0_152'
Driver info: driver.version: RemoteWebDriver
at org.openqa.selenium.remote.RemoteWebDriver.findElement(RemoteWebDriver.java:327)
at org.openqa.selenium.remote.RemoteWebDriver.findElementByXPath(RemoteWebDriver.java:428)
at org.openqa.selenium.By$ByXPath.findElement(By.java:353)
at org.openqa.selenium.remote.RemoteWebDriver.findElement(RemoteWebDriver.java:315)
at com.codeborne.selenide.impl.WebElementSelector.findElement(WebElementSelector.java:29)
at com.codeborne.selenide.impl.ElementFinder.getWebElement(ElementFinder.java:56)
at com.codeborne.selenide.impl.WebElementSource.checkCondition(WebElementSource.java:44)
... 39 more
... Removed 30 stack frames]]>
    </failure>
  </testcase> <!-- footerInstagramLink -->
  <testcase name="footerMediaLink" time="0.0" classname="uk.co.idealflatmate.tests.FooterTest">
    <skipped/>
  </testcase> <!-- footerMediaLink -->
  <testcase name="footerModern" time="0.0" classname="uk.co.idealflatmate.tests.FooterTest">
    <skipped/>
  </testcase> <!-- footerModern -->
  <testcase name="footerNLALink" time="0.0" classname="uk.co.idealflatmate.tests.FooterTest">
    <skipped/>
  </testcase> <!-- footerNLALink -->
  <testcase name="footerPressLink" time="0.0" classname="uk.co.idealflatmate.tests.FooterTest">
    <skipped/>
  </testcase> <!-- footerPressLink -->
  <testcase name="footerPricingLink" time="0.0" classname="uk.co.idealflatmate.tests.FooterTest">
    <skipped/>
  </testcase> <!-- footerPricingLink -->
  <testcase name="footerStaySafeLink" time="0.0" classname="uk.co.idealflatmate.tests.FooterTest">
    <skipped/>
  </testcase> <!-- footerStaySafeLink -->
  <testcase name="footerTwitterLink" time="0.0" classname="uk.co.idealflatmate.tests.FooterTest">
    <skipped/>
  </testcase> <!-- footerTwitterLink -->
  <testcase name="footerYoutubeLink" time="0.0" classname="uk.co.idealflatmate.tests.FooterTest">
    <skipped/>
  </testcase> <!-- footerYoutubeLink -->
  <testcase name="amountOfBlocsAndTextOfAreas" time="2.538" classname="uk.co.idealflatmate.tests.HomePageTest"/>
  <testcase name="blogFM" time="12.113" classname="uk.co.idealflatmate.tests.HomePageTest"/>
  <testcase name="blogLandlord" time="2.211" classname="uk.co.idealflatmate.tests.HomePageTest"/>
  <testcase name="findOutMore" time="4.545" classname="uk.co.idealflatmate.tests.HomePageTest"/>
  <testcase name="findStartListing" time="3.05" classname="uk.co.idealflatmate.tests.HomePageTest"/>
  <testcase name="findStartMatchingLink" time="2.955" classname="uk.co.idealflatmate.tests.HomePageTest"/>
  <testcase name="pressLogo" time="1.633" classname="uk.co.idealflatmate.tests.HomePageTest"/>
  <testcase name="fullMenuNewUserWithVerifPerc" time="77.959" classname="uk.co.idealflatmate.tests.MatchingTests">
    <failure type="com.codeborne.selenide.ex.ElementShould" message="Element should have text &amp;apos;Well done! Thanks for answering these questions. We can now match you with compatible flatmates. Remember, you can change your answers at any time in the вЂњIdeal MatchingвЂќ section on your dashboard.&amp;apos; {By.xpath: //div[@class=&amp;apos;alert alert-success&amp;apos;]}
Element: &amp;apos;&amp;lt;div class=&amp;quot;alert alert-success&amp;quot; role=&amp;quot;alert&amp;quot;&amp;gt;Well done! Thanks for answering these questions. We can now match you with compatible flatmates. Remember, you can change your answers at any time in the “Ideal Matching” section on your dashboard.&amp;lt;/div&amp;gt;&amp;apos;">
      <![CDATA[Element should have text 'Well done! Thanks for answering these questions. We can now match you with compatible flatmates. Remember, you can change your answers at any time in the вЂњIdeal MatchingвЂќ section on your dashboard.' {By.xpath: //div[@class='alert alert-success']}
Element: '<div class="alert alert-success" role="alert">Well done! Thanks for answering these questions. We can now match you with compatible flatmates. Remember, you can change your answers at any time in the “Ideal Matching” section on your dashboard.</div>'
Screenshot: file:/C:/Users/lukhovytskyi/Documents/GitHub/idealflatmatetest/build/reports/tests/1550167136050.9.png
Page source: file:/C:/Users/lukhovytskyi/Documents/GitHub/idealflatmatetest/build/reports/tests/1550167136050.9.html
Timeout: 10 s.
at com.codeborne.selenide.impl.WebElementSource.checkCondition(WebElementSource.java:66)
at com.codeborne.selenide.commands.Should.should(Should.java:35)
at com.codeborne.selenide.commands.Should.execute(Should.java:29)
at com.codeborne.selenide.commands.Should.execute(Should.java:12)
at com.codeborne.selenide.commands.Commands.execute(Commands.java:144)
at com.codeborne.selenide.impl.SelenideElementProxy.dispatchAndRetry(SelenideElementProxy.java:87)
at com.codeborne.selenide.impl.SelenideElementProxy.invoke(SelenideElementProxy.java:63)
at com.sun.proxy.$Proxy5.shouldHave(Unknown Source)
at uk.co.idealflatmate.appmanager.MatchingHelper.endQuizGo(MatchingHelper.java:210)
at uk.co.idealflatmate.tests.MatchingTests.fullMenuNewUserWithVerifPerc(MatchingTests.java:47)
... Removed 30 stack frames]]>
    </failure>
  </testcase> <!-- fullMenuNewUserWithVerifPerc -->
  <testcase name="startMatchingOnFMSearchPage" time="14.338" classname="uk.co.idealflatmate.tests.MatchingTests"/>
  <testcase name="startMatchingOnPropertyCard" time="15.273" classname="uk.co.idealflatmate.tests.MatchingTests">
    <failure type="com.codeborne.selenide.ex.ElementNotFound" message="Element not found {By.xpath: //header//nav//ul//li//a[contains(text(), &amp;apos;Find a home&amp;apos;)]}
Expected: visible">
      <![CDATA[Element not found {By.xpath: //header//nav//ul//li//a[contains(text(), 'Find a home')]}
Expected: visible
Screenshot: file:/C:/Users/lukhovytskyi/Documents/GitHub/idealflatmatetest/build/reports/tests/1550167177538.11.png
Page source: file:/C:/Users/lukhovytskyi/Documents/GitHub/idealflatmatetest/build/reports/tests/1550167177538.11.html
Timeout: 10 s.
Caused by: NoSuchElementException: no such element: Unable to locate element: {"method":"xpath","selector":"//header//nav//ul//li//a[contains(text(), 'Find a home')]"}
at com.codeborne.selenide.impl.WebElementSource.createElementNotFoundError(WebElementSource.java:31)
at com.codeborne.selenide.impl.ElementFinder.createElementNotFoundError(ElementFinder.java:82)
at com.codeborne.selenide.impl.WebElementSource.checkCondition(WebElementSource.java:59)
at com.codeborne.selenide.commands.Should.should(Should.java:35)
at com.codeborne.selenide.commands.Should.execute(Should.java:29)
at com.codeborne.selenide.commands.Should.execute(Should.java:12)
at com.codeborne.selenide.commands.Commands.execute(Commands.java:144)
at com.codeborne.selenide.impl.SelenideElementProxy.dispatchAndRetry(SelenideElementProxy.java:87)
at com.codeborne.selenide.impl.SelenideElementProxy.invoke(SelenideElementProxy.java:63)
at com.sun.proxy.$Proxy5.waitUntil(Unknown Source)
at uk.co.idealflatmate.appmanager.AuthorizationHelper.goToPropertyPage(AuthorizationHelper.java:24)
at uk.co.idealflatmate.tests.MatchingTests.startMatchingOnPropertyCard(MatchingTests.java:91)
Caused by: org.openqa.selenium.NoSuchElementException: no such element: Unable to locate element: {"method":"xpath","selector":"//header//nav//ul//li//a[contains(text(), 'Find a home')]"}
  (Session info: chrome=71.0.3578.98)
  (Driver info: chromedriver=73.0.3683.20 (8e2b610813e167eee3619ac4ce6e42e3ec622017),platform=Windows NT 10.0.16299 x86_64) (WARNING: The server did not provide any stacktrace information)
Command duration or timeout: 0 milliseconds
For documentation on this error, please visit: https://www.seleniumhq.org/exceptions/no_such_element.html
Build info: version: '3.141.59', revision: 'e82be7d358', time: '2018-11-14T08:17:03'
System info: host: 'PRIVATE-1074', ip: '10.8.1.74', os.name: 'Windows 10', os.arch: 'amd64', os.version: '10.0', java.version: '1.8.0_152'
Driver info: org.openqa.selenium.chrome.ChromeDriver
Capabilities {acceptInsecureCerts: false, acceptSslCerts: false, applicationCacheEnabled: false, browserConnectionEnabled: false, browserName: chrome, chrome: {chromedriverVersion: 73.0.3683.20 (8e2b610813e16..., userDataDir: C:\Users\LUKHOV~1\AppData\L...}, cssSelectorsEnabled: true, databaseEnabled: false, goog:chromeOptions: {debuggerAddress: localhost:49484}, handlesAlerts: true, hasTouchScreen: false, javascriptEnabled: true, locationContextEnabled: true, mobileEmulationEnabled: false, nativeEvents: true, networkConnectionEnabled: false, pageLoadStrategy: normal, platform: XP, platformName: XP, proxy: Proxy(), rotatable: false, setWindowRect: true, strictFileInteractability: false, takesHeapSnapshot: true, takesScreenshot: true, timeouts: {implicit: 0, pageLoad: 300000, script: 30000}, unexpectedAlertBehaviour: ignore, unhandledPromptBehavior: ignore, version: 71.0.3578.98, webStorageEnabled: true}
Session ID: 89d67a3afa95ffa65595921493deea87
*** Element info: {Using=xpath, value=//header//nav//ul//li//a[contains(text(), 'Find a home')]}
at org.openqa.selenium.remote.ErrorHandler.createThrowable(ErrorHandler.java:214)
at org.openqa.selenium.remote.ErrorHandler.throwIfResponseFailed(ErrorHandler.java:166)
at org.openqa.selenium.remote.http.JsonHttpResponseCodec.reconstructValue(JsonHttpResponseCodec.java:40)
at org.openqa.selenium.remote.http.AbstractHttpResponseCodec.decode(AbstractHttpResponseCodec.java:80)
at org.openqa.selenium.remote.http.AbstractHttpResponseCodec.decode(AbstractHttpResponseCodec.java:44)
at org.openqa.selenium.remote.HttpCommandExecutor.execute(HttpCommandExecutor.java:158)
at org.openqa.selenium.remote.service.DriverCommandExecutor.execute(DriverCommandExecutor.java:83)
at org.openqa.selenium.remote.RemoteWebDriver.execute(RemoteWebDriver.java:552)
at org.openqa.selenium.remote.RemoteWebDriver.findElement(RemoteWebDriver.java:323)
at org.openqa.selenium.remote.RemoteWebDriver.findElementByXPath(RemoteWebDriver.java:428)
at org.openqa.selenium.By$ByXPath.findElement(By.java:353)
at org.openqa.selenium.remote.RemoteWebDriver.findElement(RemoteWebDriver.java:315)
at com.codeborne.selenide.impl.WebElementSelector.findElement(WebElementSelector.java:29)
at com.codeborne.selenide.impl.ElementFinder.getWebElement(ElementFinder.java:56)
at com.codeborne.selenide.impl.WebElementSource.checkCondition(WebElementSource.java:44)
... 39 more
... Removed 33 stack frames]]>
    </failure>
  </testcase> <!-- startMatchingOnPropertyCard -->
  <testcase name="startMatchingQuizPropertyPage" time="15.628" classname="uk.co.idealflatmate.tests.MatchingTests"/>
  <testcase name="answMesFmWithoutSubsToFM" time="21.848" classname="uk.co.idealflatmate.tests.MessagesTest"/>
  <testcase name="answMesLandlToPremFHWithoutSubs" time="32.986" classname="uk.co.idealflatmate.tests.MessagesTest"/>
  <testcase name="fmWithoutSubsToLandlordWithoutSubsWithListFromList" time="49.896" classname="uk.co.idealflatmate.tests.MessagesTest"/>
  <testcase name="fmWithoutSubsTolordWithoutSubsWithListFromFMpage" time="26.643" classname="uk.co.idealflatmate.tests.MessagesTest"/>
  <testcase name="landlordWithoutSubsToFM" time="15.256" classname="uk.co.idealflatmate.tests.MessagesTest"/>
  <testcase name="lordWithSubsToFM" time="15.036" classname="uk.co.idealflatmate.tests.MessagesTest"/>
  <testcase name="premFmToLandlWithoutSubsWithListFromSearch" time="24.109" classname="uk.co.idealflatmate.tests.MessagesTest"/>
  <testcase name="readMessageByLandlWithoutSubsn" time="15.903" classname="uk.co.idealflatmate.tests.MessagesTest"/>
  <testcase name="AbilityToSeePhone" time="17.111" classname="uk.co.idealflatmate.tests.PaymentTests"/>
  <testcase name="GoPremiumFHPaymentOnMessage" time="18.316" classname="uk.co.idealflatmate.tests.PaymentTests"/>
  <testcase name="GoPremiumFHPaymentOnPhone" time="18.23" classname="uk.co.idealflatmate.tests.PaymentTests"/>
  <testcase name="agentProfWorldPay" time="35.513" classname="uk.co.idealflatmate.tests.PaymentTests">
    <failure type="com.codeborne.selenide.ex.ElementNotFound" message="Element not found {By.xpath: //form[@id=&amp;apos;ProfessionalPaymentForm&amp;apos;]//select[@id=&amp;apos;paymentform-type_id&amp;apos;]}
Expected: exist">
      <![CDATA[Element not found {By.xpath: //form[@id='ProfessionalPaymentForm']//select[@id='paymentform-type_id']}
Expected: exist
Screenshot: file:/C:/Users/lukhovytskyi/Documents/GitHub/idealflatmatetest/build/reports/tests/1550167521905.13.png
Page source: file:/C:/Users/lukhovytskyi/Documents/GitHub/idealflatmatetest/build/reports/tests/1550167521905.13.html
Timeout: 10 s.
Caused by: NoSuchElementException: Cannot locate option containing text: 1 month - ВЈ34.99
at com.codeborne.selenide.impl.WebElementSource.createElementNotFoundError(WebElementSource.java:31)
at com.codeborne.selenide.impl.ElementFinder.createElementNotFoundError(ElementFinder.java:82)
at com.codeborne.selenide.impl.SelenideElementProxy.dispatchAndRetry(SelenideElementProxy.java:116)
at com.codeborne.selenide.impl.SelenideElementProxy.invoke(SelenideElementProxy.java:63)
at com.sun.proxy.$Proxy5.selectOptionContainingText(Unknown Source)
at uk.co.idealflatmate.appmanager.PaymentsHelper.verificationPrice(PaymentsHelper.java:116)
at uk.co.idealflatmate.tests.PaymentTests.agentProfWorldPay(PaymentTests.java:273)
Caused by: org.openqa.selenium.NoSuchElementException: Cannot locate option containing text: 1 month - ВЈ34.99
For documentation on this error, please visit: https://www.seleniumhq.org/exceptions/no_such_element.html
Build info: version: '3.141.59', revision: 'e82be7d358', time: '2018-11-14T08:17:03'
System info: host: 'PRIVATE-1074', ip: '10.8.1.74', os.name: 'Windows 10', os.arch: 'amd64', os.version: '10.0', java.version: '1.8.0_152'
Driver info: driver.version: unknown
at com.codeborne.selenide.commands.SelectOptionContainingText.execute(SelectOptionContainingText.java:25)
at com.codeborne.selenide.commands.SelectOptionContainingText.execute(SelectOptionContainingText.java:14)
at com.codeborne.selenide.commands.Commands.execute(Commands.java:144)
at com.codeborne.selenide.impl.SelenideElementProxy.dispatchAndRetry(SelenideElementProxy.java:87)
... 34 more
... Removed 30 stack frames]]>
    </failure>
  </testcase> <!-- agentProfWorldPay -->
  <testcase name="lordInWorldPaidListingProf" time="63.566" classname="uk.co.idealflatmate.tests.PaymentTests">
    <failure type="com.codeborne.selenide.ex.ElementNotFound" message="Element not found {By.xpath: //form[@id=&amp;apos;ProfessionalPaymentForm&amp;apos;]//select[@id=&amp;apos;paymentform-type_id&amp;apos;]}
Expected: exist">
      <![CDATA[Element not found {By.xpath: //form[@id='ProfessionalPaymentForm']//select[@id='paymentform-type_id']}
Expected: exist
Screenshot: file:/C:/Users/lukhovytskyi/Documents/GitHub/idealflatmatetest/build/reports/tests/1550167594221.15.png
Page source: file:/C:/Users/lukhovytskyi/Documents/GitHub/idealflatmatetest/build/reports/tests/1550167594221.15.html
Timeout: 10 s.
Caused by: NoSuchElementException: Cannot locate option containing text: 1 month - ВЈ44.99
at com.codeborne.selenide.impl.WebElementSource.createElementNotFoundError(WebElementSource.java:31)
at com.codeborne.selenide.impl.ElementFinder.createElementNotFoundError(ElementFinder.java:82)
at com.codeborne.selenide.impl.SelenideElementProxy.dispatchAndRetry(SelenideElementProxy.java:116)
at com.codeborne.selenide.impl.SelenideElementProxy.invoke(SelenideElementProxy.java:63)
at com.sun.proxy.$Proxy5.selectOptionContainingText(Unknown Source)
at uk.co.idealflatmate.appmanager.PaymentsHelper.verificationPrice(PaymentsHelper.java:116)
at uk.co.idealflatmate.tests.PaymentTests.lordInWorldPaidListingProf(PaymentTests.java:224)
Caused by: org.openqa.selenium.NoSuchElementException: Cannot locate option containing text: 1 month - ВЈ44.99
For documentation on this error, please visit: https://www.seleniumhq.org/exceptions/no_such_element.html
Build info: version: '3.141.59', revision: 'e82be7d358', time: '2018-11-14T08:17:03'
System info: host: 'PRIVATE-1074', ip: '10.8.1.74', os.name: 'Windows 10', os.arch: 'amd64', os.version: '10.0', java.version: '1.8.0_152'
Driver info: driver.version: unknown
at com.codeborne.selenide.commands.SelectOptionContainingText.execute(SelectOptionContainingText.java:25)
at com.codeborne.selenide.commands.SelectOptionContainingText.execute(SelectOptionContainingText.java:14)
at com.codeborne.selenide.commands.Commands.execute(Commands.java:144)
at com.codeborne.selenide.impl.SelenideElementProxy.dispatchAndRetry(SelenideElementProxy.java:87)
... 34 more
... Removed 30 stack frames]]>
    </failure>
  </testcase> <!-- lordInWorldPaidListingProf -->
  <testcase name="lordInWorldPaylistingEssen" time="69.89" classname="uk.co.idealflatmate.tests.PaymentTests">
    <failure type="com.codeborne.selenide.ex.ElementNotFound" message="Element not found {By.xpath: //form[@id=&amp;apos;EssentialPaymentForm&amp;apos;]//select[@id=&amp;apos;paymentform-type_id&amp;apos;]}
Expected: exist">
      <![CDATA[Element not found {By.xpath: //form[@id='EssentialPaymentForm']//select[@id='paymentform-type_id']}
Expected: exist
Screenshot: file:/C:/Users/lukhovytskyi/Documents/GitHub/idealflatmatetest/build/reports/tests/1550167673307.17.png
Page source: file:/C:/Users/lukhovytskyi/Documents/GitHub/idealflatmatetest/build/reports/tests/1550167673307.17.html
Timeout: 10 s.
Caused by: NoSuchElementException: Cannot locate option containing text: 1 month Essentials - ВЈ16.99
at com.codeborne.selenide.impl.WebElementSource.createElementNotFoundError(WebElementSource.java:31)
at com.codeborne.selenide.impl.ElementFinder.createElementNotFoundError(ElementFinder.java:82)
at com.codeborne.selenide.impl.SelenideElementProxy.dispatchAndRetry(SelenideElementProxy.java:116)
at com.codeborne.selenide.impl.SelenideElementProxy.invoke(SelenideElementProxy.java:63)
at com.sun.proxy.$Proxy5.selectOptionContainingText(Unknown Source)
at uk.co.idealflatmate.appmanager.PaymentsHelper.verificationPrice(PaymentsHelper.java:116)
at uk.co.idealflatmate.tests.PaymentTests.lordInWorldPaylistingEssen(PaymentTests.java:119)
Caused by: org.openqa.selenium.NoSuchElementException: Cannot locate option containing text: 1 month Essentials - ВЈ16.99
For documentation on this error, please visit: https://www.seleniumhq.org/exceptions/no_such_element.html
Build info: version: '3.141.59', revision: 'e82be7d358', time: '2018-11-14T08:17:03'
System info: host: 'PRIVATE-1074', ip: '10.8.1.74', os.name: 'Windows 10', os.arch: 'amd64', os.version: '10.0', java.version: '1.8.0_152'
Driver info: driver.version: unknown
at com.codeborne.selenide.commands.SelectOptionContainingText.execute(SelectOptionContainingText.java:25)
at com.codeborne.selenide.commands.SelectOptionContainingText.execute(SelectOptionContainingText.java:14)
at com.codeborne.selenide.commands.Commands.execute(Commands.java:144)
at com.codeborne.selenide.impl.SelenideElementProxy.dispatchAndRetry(SelenideElementProxy.java:87)
... 34 more
... Removed 30 stack frames]]>
    </failure>
  </testcase> <!-- lordInWorldPaylistingEssen -->
  <testcase name="lordOutWorldPaylistingPrem" time="74.991" classname="uk.co.idealflatmate.tests.PaymentTests">
    <failure type="com.codeborne.selenide.ex.ElementNotFound" message="Element not found {By.xpath: //form[@id=&amp;apos;PremiumPaymentForm&amp;apos;]//select[@id=&amp;apos;paymentform-type_id&amp;apos;]}
Expected: exist">
      <![CDATA[Element not found {By.xpath: //form[@id='PremiumPaymentForm']//select[@id='paymentform-type_id']}
Expected: exist
Screenshot: file:/C:/Users/lukhovytskyi/Documents/GitHub/idealflatmatetest/build/reports/tests/1550167756856.19.png
Page source: file:/C:/Users/lukhovytskyi/Documents/GitHub/idealflatmatetest/build/reports/tests/1550167756856.19.html
Timeout: 10 s.
Caused by: NoSuchElementException: Cannot locate option containing text: 1 week Premium - ВЈ12.99
at com.codeborne.selenide.impl.WebElementSource.createElementNotFoundError(WebElementSource.java:31)
at com.codeborne.selenide.impl.ElementFinder.createElementNotFoundError(ElementFinder.java:82)
at com.codeborne.selenide.impl.SelenideElementProxy.dispatchAndRetry(SelenideElementProxy.java:116)
at com.codeborne.selenide.impl.SelenideElementProxy.invoke(SelenideElementProxy.java:63)
at com.sun.proxy.$Proxy5.selectOptionContainingText(Unknown Source)
at uk.co.idealflatmate.appmanager.PaymentsHelper.verificationPrice(PaymentsHelper.java:116)
at uk.co.idealflatmate.tests.PaymentTests.lordOutWorldPaylistingPrem(PaymentTests.java:174)
Caused by: org.openqa.selenium.NoSuchElementException: Cannot locate option containing text: 1 week Premium - ВЈ12.99
For documentation on this error, please visit: https://www.seleniumhq.org/exceptions/no_such_element.html
Build info: version: '3.141.59', revision: 'e82be7d358', time: '2018-11-14T08:17:03'
System info: host: 'PRIVATE-1074', ip: '10.8.1.74', os.name: 'Windows 10', os.arch: 'amd64', os.version: '10.0', java.version: '1.8.0_152'
Driver info: driver.version: unknown
at com.codeborne.selenide.commands.SelectOptionContainingText.execute(SelectOptionContainingText.java:25)
at com.codeborne.selenide.commands.SelectOptionContainingText.execute(SelectOptionContainingText.java:14)
at com.codeborne.selenide.commands.Commands.execute(Commands.java:144)
at com.codeborne.selenide.impl.SelenideElementProxy.dispatchAndRetry(SelenideElementProxy.java:87)
... 34 more
... Removed 30 stack frames]]>
    </failure>
  </testcase> <!-- lordOutWorldPaylistingPrem -->
  <testcase name="premiumFHPaymentWorldPay" time="51.74" classname="uk.co.idealflatmate.tests.PaymentTests">
    <failure type="com.codeborne.selenide.ex.ElementShould" message="Element should have text &amp;apos;ВЈ3.99 (week)&amp;apos; {By.xpath: (//td[@class=&amp;apos;u_p20-top text-primary&amp;apos;])[1]}
Element: &amp;apos;&amp;lt;td class=&amp;quot;u_p20-top text-primary&amp;quot;&amp;gt;£3.99 (week)&amp;lt;/td&amp;gt;&amp;apos;">
      <![CDATA[Element should have text 'ВЈ3.99 (week)' {By.xpath: (//td[@class='u_p20-top text-primary'])[1]}
Element: '<td class="u_p20-top text-primary">£3.99 (week)</td>'
Screenshot: file:/C:/Users/lukhovytskyi/Documents/GitHub/idealflatmatetest/build/reports/tests/1550167818792.21.png
Page source: file:/C:/Users/lukhovytskyi/Documents/GitHub/idealflatmatetest/build/reports/tests/1550167818792.21.html
Timeout: 10 s.
at com.codeborne.selenide.impl.WebElementSource.checkCondition(WebElementSource.java:66)
at com.codeborne.selenide.commands.Should.should(Should.java:35)
at com.codeborne.selenide.commands.Should.execute(Should.java:29)
at com.codeborne.selenide.commands.Should.execute(Should.java:12)
at com.codeborne.selenide.commands.Commands.execute(Commands.java:144)
at com.codeborne.selenide.impl.SelenideElementProxy.dispatchAndRetry(SelenideElementProxy.java:87)
at com.codeborne.selenide.impl.SelenideElementProxy.invoke(SelenideElementProxy.java:63)
at com.sun.proxy.$Proxy5.shouldHave(Unknown Source)
at uk.co.idealflatmate.appmanager.PaymentsHelper.verificationCheckout(PaymentsHelper.java:88)
at uk.co.idealflatmate.tests.PaymentTests.premiumFHPaymentWorldPay(PaymentTests.java:85)
... Removed 30 stack frames]]>
    </failure>
  </testcase> <!-- premiumFHPaymentWorldPay -->
  <testcase name="applyAdvancedFiltersDefault" time="56.408" classname="uk.co.idealflatmate.tests.SearchFMPageTests"/>
  <testcase name="applyMoreFilters" time="13.191" classname="uk.co.idealflatmate.tests.SearchFMPageTests"/>
  <testcase name="applyMoreFiltersPhotoNoList" time="22.68" classname="uk.co.idealflatmate.tests.SearchFMPageTests"/>
  <testcase name="applyMoreFiltersPhotoWithList" time="18.556" classname="uk.co.idealflatmate.tests.SearchFMPageTests"/>
  <testcase name="fmSearchBy" time="7.558" classname="uk.co.idealflatmate.tests.SearchFMPageTests"/>
  <testcase name="searchPagination" time="25.921" classname="uk.co.idealflatmate.tests.SearchFMPageTests"/>
  <testcase name="sortListingLoggedIn" time="42.679" classname="uk.co.idealflatmate.tests.SearchFMPageTests"/>
  <testcase name="TestSearchHomeByEnter" time="8.894" classname="uk.co.idealflatmate.tests.SearchHomePageTests"/>
  <testcase name="searchHomeByButton" time="10.619" classname="uk.co.idealflatmate.tests.SearchHomePageTests"/>
  <testcase name="searchHomeIDProperty" time="10.572" classname="uk.co.idealflatmate.tests.SearchHomePageTests"/>
  <testcase name="searchHomeLocationFromList" time="8.963" classname="uk.co.idealflatmate.tests.SearchHomePageTests"/>
  <testcase name="searchHomePartOfLocationName" time="9.419" classname="uk.co.idealflatmate.tests.SearchHomePageTests"/>
  <testcase name="applyAdvancedFiltersDefault" time="58.096" classname="uk.co.idealflatmate.tests.SearchPropertiesPageTests"/>
  <testcase name="applyMoreFilters" time="11.432" classname="uk.co.idealflatmate.tests.SearchPropertiesPageTests"/>
  <testcase name="propertySearchByDropDown" time="8.78" classname="uk.co.idealflatmate.tests.SearchPropertiesPageTests"/>
  <testcase name="searchEastLDNPagination" time="28.073" classname="uk.co.idealflatmate.tests.SearchPropertiesPageTests"/>
  <testcase name="searchPagination" time="29.126" classname="uk.co.idealflatmate.tests.SearchPropertiesPageTests"/>
  <testcase name="searchZone1Pagination" time="10.828" classname="uk.co.idealflatmate.tests.SearchPropertiesPageTests"/>
  <testcase name="sortListing" time="40.135" classname="uk.co.idealflatmate.tests.SearchPropertiesPageTests"/>
  <testcase name="sortListingWith2Rooms" time="8.67" classname="uk.co.idealflatmate.tests.SearchPropertiesPageTests"/>
  <testcase name="testHeaderRoomSignUpHomePageTenant" time="61.772" classname="uk.co.idealflatmate.tests.SignUpTest"/>
  <testcase name="testHeaderSignUpHomePageFMSearchLiv_inWithoutAbout" time="33.645" classname="uk.co.idealflatmate.tests.SignUpTest"/>
  <testcase name="testHeaderSignUpViaFacebook" time="52.712" classname="uk.co.idealflatmate.tests.SignUpTest"/>
  <testcase name="testHeaderSignUpWithBlankRequiredFieldsBudget" time="36.303" classname="uk.co.idealflatmate.tests.SignUpTest"/>
  <testcase name="testHeaderSignUpWithBlankRequiredFieldsLocation" time="33.077" classname="uk.co.idealflatmate.tests.SignUpTest"/>
  <testcase name="testHeaderSignUpWithBlankRequiredFieldsMoreAboutYou" time="17.049" classname="uk.co.idealflatmate.tests.SignUpTest"/>
  <testcase name="testHeaderSignUpWithBlankRequiredFieldsYourInf" time="8.273" classname="uk.co.idealflatmate.tests.SignUpTest"/>
  <testcase name="testHeaderSignUpWithExistingEmail" time="14.911" classname="uk.co.idealflatmate.tests.SignUpTest"/>
  <testcase name="testListingSignUpFromHomepage" time="28.768" classname="uk.co.idealflatmate.tests.SignUpTest"/>
  <testcase name="testListingSignUpHeader" time="5.163" classname="uk.co.idealflatmate.tests.SignUpTest">
    <failure type="com.codeborne.selenide.ex.ElementNotFound" message="Element not found {By.xpath: //label[starts-with(@for,&amp;apos;type_id_&amp;apos;) and contains(.,&amp;apos;Live-out landlord&amp;apos;)]}
Expected: visible">
      <![CDATA[Element not found {By.xpath: //label[starts-with(@for,'type_id_') and contains(.,'Live-out landlord')]}
Expected: visible
Screenshot: file:/C:/Users/lukhovytskyi/Documents/GitHub/idealflatmatetest/build/reports/tests/1550168637581.23.png
Page source: file:/C:/Users/lukhovytskyi/Documents/GitHub/idealflatmatetest/build/reports/tests/1550168637581.23.html
Timeout: 4 s.
Caused by: NoSuchElementException: no such element: Unable to locate element: {"method":"xpath","selector":"//label[starts-with(@for,'type_id_') and contains(.,'Live-out landlord')]"}
at com.codeborne.selenide.impl.WebElementSource.createElementNotFoundError(WebElementSource.java:31)
at com.codeborne.selenide.impl.ElementFinder.createElementNotFoundError(ElementFinder.java:82)
at com.codeborne.selenide.impl.WebElementSource.checkCondition(WebElementSource.java:59)
at com.codeborne.selenide.commands.Should.should(Should.java:35)
at com.codeborne.selenide.commands.Should.execute(Should.java:29)
at com.codeborne.selenide.commands.Should.execute(Should.java:12)
at com.codeborne.selenide.commands.Commands.execute(Commands.java:144)
at com.codeborne.selenide.impl.SelenideElementProxy.dispatchAndRetry(SelenideElementProxy.java:87)
at com.codeborne.selenide.impl.SelenideElementProxy.invoke(SelenideElementProxy.java:63)
at com.sun.proxy.$Proxy5.waitUntil(Unknown Source)
at uk.co.idealflatmate.appmanager.AddPropertyHelper.selectTypeUser(AddPropertyHelper.java:287)
at uk.co.idealflatmate.tests.SignUpTest.testListingSignUpHeader(SignUpTest.java:375)
Caused by: org.openqa.selenium.NoSuchElementException: no such element: Unable to locate element: {"method":"xpath","selector":"//label[starts-with(@for,'type_id_') and contains(.,'Live-out landlord')]"}
  (Session info: chrome=71.0.3578.98)
  (Driver info: chromedriver=73.0.3683.20 (8e2b610813e167eee3619ac4ce6e42e3ec622017),platform=Windows NT 10.0.16299 x86_64) (WARNING: The server did not provide any stacktrace information)
Command duration or timeout: 0 milliseconds
For documentation on this error, please visit: https://www.seleniumhq.org/exceptions/no_such_element.html
Build info: version: '3.141.59', revision: 'e82be7d358', time: '2018-11-14T08:17:03'
System info: host: 'PRIVATE-1074', ip: '10.8.1.74', os.name: 'Windows 10', os.arch: 'amd64', os.version: '10.0', java.version: '1.8.0_152'
Driver info: org.openqa.selenium.chrome.ChromeDriver
Capabilities {acceptInsecureCerts: false, acceptSslCerts: false, applicationCacheEnabled: false, browserConnectionEnabled: false, browserName: chrome, chrome: {chromedriverVersion: 73.0.3683.20 (8e2b610813e16..., userDataDir: C:\Users\LUKHOV~1\AppData\L...}, cssSelectorsEnabled: true, databaseEnabled: false, goog:chromeOptions: {debuggerAddress: localhost:56554}, handlesAlerts: true, hasTouchScreen: false, javascriptEnabled: true, locationContextEnabled: true, mobileEmulationEnabled: false, nativeEvents: true, networkConnectionEnabled: false, pageLoadStrategy: normal, platform: XP, platformName: XP, proxy: Proxy(), rotatable: false, setWindowRect: true, strictFileInteractability: false, takesHeapSnapshot: true, takesScreenshot: true, timeouts: {implicit: 0, pageLoad: 300000, script: 30000}, unexpectedAlertBehaviour: ignore, unhandledPromptBehavior: ignore, version: 71.0.3578.98, webStorageEnabled: true}
Session ID: 759d4d18a4305a5724ca008c18586233
*** Element info: {Using=xpath, value=//label[starts-with(@for,'type_id_') and contains(.,'Live-out landlord')]}
at org.openqa.selenium.remote.ErrorHandler.createThrowable(ErrorHandler.java:214)
at org.openqa.selenium.remote.ErrorHandler.throwIfResponseFailed(ErrorHandler.java:166)
at org.openqa.selenium.remote.http.JsonHttpResponseCodec.reconstructValue(JsonHttpResponseCodec.java:40)
at org.openqa.selenium.remote.http.AbstractHttpResponseCodec.decode(AbstractHttpResponseCodec.java:80)
at org.openqa.selenium.remote.http.AbstractHttpResponseCodec.decode(AbstractHttpResponseCodec.java:44)
at org.openqa.selenium.remote.HttpCommandExecutor.execute(HttpCommandExecutor.java:158)
at org.openqa.selenium.remote.service.DriverCommandExecutor.execute(DriverCommandExecutor.java:83)
at org.openqa.selenium.remote.RemoteWebDriver.execute(RemoteWebDriver.java:552)
at org.openqa.selenium.remote.RemoteWebDriver.findElement(RemoteWebDriver.java:323)
at org.openqa.selenium.remote.RemoteWebDriver.findElementByXPath(RemoteWebDriver.java:428)
at org.openqa.selenium.By$ByXPath.findElement(By.java:353)
at org.openqa.selenium.remote.RemoteWebDriver.findElement(RemoteWebDriver.java:315)
at com.codeborne.selenide.impl.WebElementSelector.findElement(WebElementSelector.java:29)
at com.codeborne.selenide.impl.ElementFinder.getWebElement(ElementFinder.java:56)
at com.codeborne.selenide.impl.WebElementSource.checkCondition(WebElementSource.java:44)
... 39 more
... Removed 33 stack frames]]>
    </failure>
  </testcase> <!-- testListingSignUpHeader -->
  <testcase name="testSignUpBlankFieldsPropAddRentBlock" time="12.449" classname="uk.co.idealflatmate.tests.SignUpTest">
    <failure type="com.codeborne.selenide.ex.ElementNotFound" message="Element not found {By.xpath: //div[starts-with(@class, &amp;apos;col-md-7 u_p15 u_p0-right&amp;apos;)]//a[contains(., &amp;apos;Add&amp;apos;)]}
Expected: exist">
      <![CDATA[Element not found {By.xpath: //div[starts-with(@class, 'col-md-7 u_p15 u_p0-right')]//a[contains(., 'Add')]}
Expected: exist
Screenshot: file:/C:/Users/lukhovytskyi/Documents/GitHub/idealflatmatetest/build/reports/tests/1550168651330.25.png
Page source: file:/C:/Users/lukhovytskyi/Documents/GitHub/idealflatmatetest/build/reports/tests/1550168651330.25.html
Timeout: 10 s.
Caused by: WebDriverException: unknown error: Element <a href="/create" class="btn btn-primary u_m10-top">...</a> is not clickable at point (1124, 22). Other element would receive the click: <a href="/create" onclick="">...</a>
at com.codeborne.selenide.impl.WebElementSource.createElementNotFoundError(WebElementSource.java:31)
at com.codeborne.selenide.impl.ElementFinder.createElementNotFoundError(ElementFinder.java:82)
at com.codeborne.selenide.impl.SelenideElementProxy.dispatchAndRetry(SelenideElementProxy.java:116)
at com.codeborne.selenide.impl.SelenideElementProxy.invoke(SelenideElementProxy.java:63)
at com.sun.proxy.$Proxy5.click(Unknown Source)
at uk.co.idealflatmate.appmanager.AddPropertyHelper.pressAddListingNotLoggedBlock(AddPropertyHelper.java:329)
at uk.co.idealflatmate.tests.SignUpTest.testSignUpBlankFieldsPropAddRentBlock(SignUpTest.java:16)
Caused by: org.openqa.selenium.WebDriverException: unknown error: Element <a href="/create" class="btn btn-primary u_m10-top">...</a> is not clickable at point (1124, 22). Other element would receive the click: <a href="/create" onclick="">...</a>
  (Session info: chrome=71.0.3578.98)
  (Driver info: chromedriver=73.0.3683.20 (8e2b610813e167eee3619ac4ce6e42e3ec622017),platform=Windows NT 10.0.16299 x86_64) (WARNING: The server did not provide any stacktrace information)
Command duration or timeout: 0 milliseconds
Build info: version: '3.141.59', revision: 'e82be7d358', time: '2018-11-14T08:17:03'
System info: host: 'PRIVATE-1074', ip: '10.8.1.74', os.name: 'Windows 10', os.arch: 'amd64', os.version: '10.0', java.version: '1.8.0_152'
Driver info: org.openqa.selenium.chrome.ChromeDriver
Capabilities {acceptInsecureCerts: false, acceptSslCerts: false, applicationCacheEnabled: false, browserConnectionEnabled: false, browserName: chrome, chrome: {chromedriverVersion: 73.0.3683.20 (8e2b610813e16..., userDataDir: C:\Users\LUKHOV~1\AppData\L...}, cssSelectorsEnabled: true, databaseEnabled: false, goog:chromeOptions: {debuggerAddress: localhost:56554}, handlesAlerts: true, hasTouchScreen: false, javascriptEnabled: true, locationContextEnabled: true, mobileEmulationEnabled: false, nativeEvents: true, networkConnectionEnabled: false, pageLoadStrategy: normal, platform: XP, platformName: XP, proxy: Proxy(), rotatable: false, setWindowRect: true, strictFileInteractability: false, takesHeapSnapshot: true, takesScreenshot: true, timeouts: {implicit: 0, pageLoad: 300000, script: 30000}, unexpectedAlertBehaviour: ignore, unhandledPromptBehavior: ignore, version: 71.0.3578.98, webStorageEnabled: true}
Session ID: 759d4d18a4305a5724ca008c18586233
at org.openqa.selenium.remote.ErrorHandler.createThrowable(ErrorHandler.java:214)
at org.openqa.selenium.remote.ErrorHandler.throwIfResponseFailed(ErrorHandler.java:166)
at org.openqa.selenium.remote.http.JsonHttpResponseCodec.reconstructValue(JsonHttpResponseCodec.java:40)
at org.openqa.selenium.remote.http.AbstractHttpResponseCodec.decode(AbstractHttpResponseCodec.java:80)
at org.openqa.selenium.remote.http.AbstractHttpResponseCodec.decode(AbstractHttpResponseCodec.java:44)
at org.openqa.selenium.remote.HttpCommandExecutor.execute(HttpCommandExecutor.java:158)
at org.openqa.selenium.remote.service.DriverCommandExecutor.execute(DriverCommandExecutor.java:83)
at org.openqa.selenium.remote.RemoteWebDriver.execute(RemoteWebDriver.java:552)
at org.openqa.selenium.remote.RemoteWebElement.execute(RemoteWebElement.java:285)
at org.openqa.selenium.remote.RemoteWebElement.click(RemoteWebElement.java:84)
at com.codeborne.selenide.commands.Click.click(Click.java:29)
at com.codeborne.selenide.commands.Click.execute(Click.java:16)
at com.codeborne.selenide.commands.Click.execute(Click.java:12)
at com.codeborne.selenide.commands.Commands.execute(Commands.java:144)
at com.codeborne.selenide.impl.SelenideElementProxy.dispatchAndRetry(SelenideElementProxy.java:87)
... 34 more
... Removed 33 stack frames]]>
    </failure>
  </testcase> <!-- testSignUpBlankFieldsPropAddRentBlock -->
  <testcase name="testSignUpBlankFieldsPropAddWorkBlock" time="8.559" classname="uk.co.idealflatmate.tests.SignUpTest"/>
  <testcase name="testSignUpViaFBlistingAgent" time="34.652" classname="uk.co.idealflatmate.tests.SignUpTest"/>
</testsuite> <!-- Surefire test -->
