<?xml version="1.0" encoding="UTF-8"?>
<!-- Generated by org.testng.reporters.JUnitXMLReporter -->
<testsuite hostname="Private-1074" ignored="32" name="Test1" tests="148" failures="16" timestamp="20 Feb 2019 13:28:15 GMT" time="3887.674" errors="0">
  <testcase name="removeAccountBeforeTest" time="8.556" classname="uk.co.idealflatmate.tests.AbclearDataTests"/>
  <testcase name="removeAccountBeforeTest" time="8.388" classname="uk.co.idealflatmate.tests.AbclearDataTests"/>
  <testcase name="removeAccountBeforeTest" time="9.218" classname="uk.co.idealflatmate.tests.AbclearDataTests"/>
  <testcase name="removeAccountBeforeTest" time="12.428" classname="uk.co.idealflatmate.tests.AbclearDataTests"/>
  <testcase name="removeAccountBeforeTest" time="10.856" classname="uk.co.idealflatmate.tests.AbclearDataTests"/>
  <testcase name="removeAccountBeforeTest" time="9.68" classname="uk.co.idealflatmate.tests.AbclearDataTests"/>
  <testcase name="removeAccountBeforeTest" time="10.328" classname="uk.co.idealflatmate.tests.AbclearDataTests"/>
  <testcase name="removeAccountBeforeTest" time="8.627" classname="uk.co.idealflatmate.tests.AbclearDataTests"/>
  <testcase name="removeAccountBeforeTest" time="8.764" classname="uk.co.idealflatmate.tests.AbclearDataTests"/>
  <testcase name="removeAccountBeforeTest" time="8.332" classname="uk.co.idealflatmate.tests.AbclearDataTests"/>
  <testcase name="removeAccountBeforeTest" time="8.758" classname="uk.co.idealflatmate.tests.AbclearDataTests"/>
  <testcase name="removeAccountBeforeTest" time="8.286" classname="uk.co.idealflatmate.tests.AbclearDataTests"/>
  <testcase name="removeAccountBeforeTest" time="8.344" classname="uk.co.idealflatmate.tests.AbclearDataTests"/>
  <testcase name="removeAccountBeforeTest" time="8.457" classname="uk.co.idealflatmate.tests.AbclearDataTests"/>
  <testcase name="removeAccountBeforeTest" time="8.135" classname="uk.co.idealflatmate.tests.AbclearDataTests"/>
  <testcase name="removeAccountBeforeTest" time="8.995" classname="uk.co.idealflatmate.tests.AbclearDataTests"/>
  <testcase name="removeAccountBeforeTest" time="8.307" classname="uk.co.idealflatmate.tests.AbclearDataTests"/>
  <testcase name="removeAccountBeforeTest" time="8.249" classname="uk.co.idealflatmate.tests.AbclearDataTests"/>
  <testcase name="removeAccountBeforeTest" time="8.305" classname="uk.co.idealflatmate.tests.AbclearDataTests"/>
  <testcase name="removeAccountBeforeTest" time="8.252" classname="uk.co.idealflatmate.tests.AbclearDataTests"/>
  <testcase name="removeAccountBeforeTest" time="8.342" classname="uk.co.idealflatmate.tests.AbclearDataTests"/>
  <testcase name="removeAccountBeforeTest" time="9.031" classname="uk.co.idealflatmate.tests.AbclearDataTests"/>
  <testcase name="removeAccountBeforeTest" time="8.328" classname="uk.co.idealflatmate.tests.AbclearDataTests"/>
  <testcase name="removeAccountBeforeTest" time="9.015" classname="uk.co.idealflatmate.tests.AbclearDataTests"/>
  <testcase name="removeAccountBeforeTest" time="11.407" classname="uk.co.idealflatmate.tests.AbclearDataTests"/>
  <testcase name="removelistingBeforeTest" time="73.458" classname="uk.co.idealflatmate.tests.AbclearDataTests"/>
  <testcase name="loginPendingListing" time="46.726" classname="uk.co.idealflatmate.tests.AddListingTests"/>
  <testcase name="loginStartListing" time="40.374" classname="uk.co.idealflatmate.tests.AddListingTests"/>
  <testcase name="propertyAddWithAllFields" time="36.175" classname="uk.co.idealflatmate.tests.AddListingTests">
    <failure type="com.codeborne.selenide.ex.ElementNotFound" message="Element not found {By.xpath: //input[@id=&amp;apos;property-route&amp;apos;]}
Expected: visible">
      <![CDATA[Element not found {By.xpath: //input[@id='property-route']}
Expected: visible
Screenshot: file:/C:/Users/lukhovytskyi/Documents/GitHub/idealflatmatetest/build/reports/tests/1550665829929.1.png
Page source: file:/C:/Users/lukhovytskyi/Documents/GitHub/idealflatmatetest/build/reports/tests/1550665829929.1.html
Timeout: 10 s.
Caused by: NoSuchElementException: no such element: Unable to locate element: {"method":"xpath","selector":"//input[@id='property-route']"}
at com.codeborne.selenide.impl.WebElementSource.createElementNotFoundError(WebElementSource.java:31)
at com.codeborne.selenide.impl.ElementFinder.createElementNotFoundError(ElementFinder.java:82)
at com.codeborne.selenide.impl.WebElementSource.checkCondition(WebElementSource.java:59)
at com.codeborne.selenide.impl.WebElementSource.findAndAssertElementIsVisible(WebElementSource.java:72)
at com.codeborne.selenide.commands.Click.execute(Click.java:16)
at com.codeborne.selenide.commands.Click.execute(Click.java:12)
at com.codeborne.selenide.commands.Commands.execute(Commands.java:144)
at com.codeborne.selenide.impl.SelenideElementProxy.dispatchAndRetry(SelenideElementProxy.java:87)
at com.codeborne.selenide.impl.SelenideElementProxy.invoke(SelenideElementProxy.java:63)
at com.sun.proxy.$Proxy8.click(Unknown Source)
at uk.co.idealflatmate.appmanager.MessageHelper.click(MessageHelper.java:43)
at uk.co.idealflatmate.appmanager.AddPropertyHelper.chooseRoadFor(AddPropertyHelper.java:61)
at uk.co.idealflatmate.tests.AddListingTests.allFields(AddListingTests.java:236)
at uk.co.idealflatmate.tests.AddListingTests.propertyAddWithAllFields(AddListingTests.java:130)
at com.sun.proxy.$Proxy0.invoke(Unknown Source)
Caused by: org.openqa.selenium.NoSuchElementException: no such element: Unable to locate element: {"method":"xpath","selector":"//input[@id='property-route']"}
  (Session info: chrome=72.0.3626.109)
  (Driver info: chromedriver=2.46.628402 (536cd7adbad73a3783fdc2cab92ab2ba7ec361e1),platform=Windows NT 10.0.16299 x86_64) (WARNING: The server did not provide any stacktrace information)
Command duration or timeout: 0 milliseconds
For documentation on this error, please visit: https://www.seleniumhq.org/exceptions/no_such_element.html
Build info: version: '3.141.59', revision: 'e82be7d358', time: '2018-11-14T08:17:03'
System info: host: 'PRIVATE-1074', ip: '10.8.1.74', os.name: 'Windows 10', os.arch: 'amd64', os.version: '10.0', java.version: '1.8.0_152'
Driver info: org.openqa.selenium.chrome.ChromeDriver
Capabilities {acceptInsecureCerts: false, acceptSslCerts: false, applicationCacheEnabled: false, browserConnectionEnabled: false, browserName: chrome, chrome: {chromedriverVersion: 2.46.628402 (536cd7adbad73a..., userDataDir: C:\Users\LUKHOV~1\AppData\L...}, cssSelectorsEnabled: true, databaseEnabled: false, goog:chromeOptions: {debuggerAddress: localhost:59882}, handlesAlerts: true, hasTouchScreen: false, javascriptEnabled: true, locationContextEnabled: true, mobileEmulationEnabled: false, nativeEvents: true, networkConnectionEnabled: false, pageLoadStrategy: normal, platform: XP, platformName: XP, proxy: Proxy(), rotatable: false, setWindowRect: true, strictFileInteractability: false, takesHeapSnapshot: true, takesScreenshot: true, timeouts: {implicit: 0, pageLoad: 300000, script: 30000}, unexpectedAlertBehaviour: ignore, unhandledPromptBehavior: ignore, version: 72.0.3626.109, webStorageEnabled: true}
Session ID: d49a587dbc1bebb30ca1ba9e5b418960
*** Element info: {Using=xpath, value=//input[@id='property-route']}
at org.openqa.selenium.remote.ErrorHandler.createThrowable(ErrorHandler.java:214)
at org.openqa.selenium.remote.ErrorHandler.throwIfResponseFailed(ErrorHandler.java:166)
at org.openqa.selenium.remote.http.JsonHttpResponseCodec.reconstructValue(JsonHttpResponseCodec.java:40)
at org.openqa.selenium.remote.http.AbstractHttpResponseCodec.decode(AbstractHttpResponseCodec.java:80)
at org.openqa.selenium.remote.http.AbstractHttpResponseCodec.decode(AbstractHttpResponseCodec.java:44)
at org.openqa.selenium.remote.HttpCommandExecutor.execute(HttpCommandExecutor.java:158)
at org.openqa.selenium.remote.service.DriverCommandExecutor.execute(DriverCommandExecutor.java:83)
at org.openqa.selenium.remote.RemoteWebDriver.execute(RemoteWebDriver.java:552)
at org.openqa.selenium.remote.RemoteWebDriver.findElement(RemoteWebDriver.java:323)
at org.openqa.selenium.remote.RemoteWebDriver.findElementByXPath(RemoteWebDriver.java:428)
at org.openqa.selenium.By$ByXPath.findElement(By.java:353)
at org.openqa.selenium.remote.RemoteWebDriver.findElement(RemoteWebDriver.java:315)
at com.codeborne.selenide.impl.WebElementSelector.findElement(WebElementSelector.java:29)
at com.codeborne.selenide.impl.ElementFinder.getWebElement(ElementFinder.java:56)
at com.codeborne.selenide.impl.WebElementSource.checkCondition(WebElementSource.java:44)
... 45 more
... Removed 36 stack frames]]>
    </failure>
  </testcase> <!-- propertyAddWithAllFields -->
  <testcase name="propertyEditAllFieldsAbout" time="65.731" classname="uk.co.idealflatmate.tests.AddListingTests"/>
  <testcase name="signUpPropertyAdding" time="68.351" classname="uk.co.idealflatmate.tests.AddListingTests"/>
  <testcase name="titleListing" time="59.382" classname="uk.co.idealflatmate.tests.AddListingTests"/>
  <testcase name="exploreMoreArea" time="15.589" classname="uk.co.idealflatmate.tests.AreaPageTest"/>
  <testcase name="firstFeaturedHomePageHeader" time="14.769" classname="uk.co.idealflatmate.tests.AreaPageTest"/>
  <testcase name="firstFeaturedLinkArea" time="17.88" classname="uk.co.idealflatmate.tests.AreaPageTest"/>
  <testcase name="firstFeaturedLinkMap" time="7.307" classname="uk.co.idealflatmate.tests.AreaPageTest"/>
  <testcase name="linkFH" time="9.898" classname="uk.co.idealflatmate.tests.AreaPageTest"/>
  <testcase name="seeMoreRooms" time="26.487" classname="uk.co.idealflatmate.tests.AreaPageTest"/>
  <testcase name="addLogInViaFacebook" time="42.585" classname="uk.co.idealflatmate.tests.AuthorizationTests"/>
  <testcase name="alogInWithMatchingFB" time="58.966" classname="uk.co.idealflatmate.tests.AuthorizationTests"/>
  <testcase name="classicLogInOut" time="7.734" classname="uk.co.idealflatmate.tests.AuthorizationTests"/>
  <testcase name="emailWrongHomePage" time="5.397" classname="uk.co.idealflatmate.tests.AuthorizationTests"/>
  <testcase name="invalidLoginWithEmptyFields" time="3.046" classname="uk.co.idealflatmate.tests.AuthorizationTests"/>
  <testcase name="logInContactFM" time="14.182" classname="uk.co.idealflatmate.tests.AuthorizationTests"/>
  <testcase name="logInMessageFM" time="14.048" classname="uk.co.idealflatmate.tests.AuthorizationTests"/>
  <testcase name="logInOutOnFMPage" time="18.335" classname="uk.co.idealflatmate.tests.AuthorizationTests">
    <failure type="com.codeborne.selenide.ex.ElementShould" message="Element should be visible {By.xpath: //div[@id=&amp;apos;signupNeedspaceModal&amp;apos;]//div//a[@class=&amp;apos;text-bold&amp;apos; and contains(., &amp;apos;Sign&amp;apos;)]}
Element: &amp;apos;&amp;lt;a class=&amp;quot;text-bold&amp;quot; href=&amp;quot;/auth/login&amp;quot; displayed:false&amp;gt;&amp;lt;/a&amp;gt;&amp;apos;">
      <![CDATA[Element should be visible {By.xpath: //div[@id='signupNeedspaceModal']//div//a[@class='text-bold' and contains(., 'Sign')]}
Element: '<a class="text-bold" href="/auth/login" displayed:false></a>'
Screenshot: file:/C:/Users/lukhovytskyi/Documents/GitHub/idealflatmatetest/build/reports/tests/1550666340287.3.png
Page source: file:/C:/Users/lukhovytskyi/Documents/GitHub/idealflatmatetest/build/reports/tests/1550666340287.3.html
Timeout: 10 s.
at com.codeborne.selenide.impl.WebElementSource.checkCondition(WebElementSource.java:66)
at com.codeborne.selenide.impl.WebElementSource.findAndAssertElementIsVisible(WebElementSource.java:72)
at com.codeborne.selenide.commands.Click.execute(Click.java:16)
at com.codeborne.selenide.commands.Click.execute(Click.java:12)
at com.codeborne.selenide.commands.Commands.execute(Commands.java:144)
at com.codeborne.selenide.impl.SelenideElementProxy.dispatchAndRetry(SelenideElementProxy.java:87)
at com.codeborne.selenide.impl.SelenideElementProxy.invoke(SelenideElementProxy.java:63)
at com.sun.proxy.$Proxy8.click(Unknown Source)
at uk.co.idealflatmate.appmanager.AuthorizationHelper.clickSignInButtonInPopup(AuthorizationHelper.java:139)
at uk.co.idealflatmate.tests.AuthorizationTests.logInOutOnFMPage(AuthorizationTests.java:53)
at com.sun.proxy.$Proxy0.invoke(Unknown Source)
... Removed 33 stack frames]]>
    </failure>
  </testcase> <!-- logInOutOnFMPage -->
  <testcase name="logInOutOnPropertyPage" time="10.855" classname="uk.co.idealflatmate.tests.AuthorizationTests"/>
  <testcase name="logInPhoneReveal" time="20.385" classname="uk.co.idealflatmate.tests.AuthorizationTests"/>
  <testcase name="loginPassWronglogInHomePage" time="11.409" classname="uk.co.idealflatmate.tests.AuthorizationTests"/>
  <testcase name="footerAboutUsLink" time="4.655" classname="uk.co.idealflatmate.tests.FooterTest"/>
  <testcase name="footerAskLandlord" time="7.685" classname="uk.co.idealflatmate.tests.FooterTest"/>
  <testcase name="footerBlogLink" time="5.43" classname="uk.co.idealflatmate.tests.FooterTest"/>
  <testcase name="footerBrowseFlatsharesLink" time="10.289" classname="uk.co.idealflatmate.tests.FooterTest"/>
  <testcase name="footerBrowseHowItWorksLink" time="4.326" classname="uk.co.idealflatmate.tests.FooterTest"/>
  <testcase name="footerBrowseTipsLink" time="4.038" classname="uk.co.idealflatmate.tests.FooterTest"/>
  <testcase name="footerContactLink" time="4.228" classname="uk.co.idealflatmate.tests.FooterTest"/>
  <testcase name="footerHomeLink" time="4.614" classname="uk.co.idealflatmate.tests.FooterTest"/>
  <testcase name="footerInstagramLink" time="1.984" classname="uk.co.idealflatmate.tests.FooterTest"/>
  <testcase name="footerMediaLink" time="4.626" classname="uk.co.idealflatmate.tests.FooterTest"/>
  <testcase name="footerModern" time="4.819" classname="uk.co.idealflatmate.tests.FooterTest"/>
  <testcase name="footerNLALink" time="7.208" classname="uk.co.idealflatmate.tests.FooterTest"/>
  <testcase name="footerPressLink" time="4.141" classname="uk.co.idealflatmate.tests.FooterTest"/>
  <testcase name="footerPricingLink" time="4.404" classname="uk.co.idealflatmate.tests.FooterTest"/>
  <testcase name="footerStaySafeLink" time="3.894" classname="uk.co.idealflatmate.tests.FooterTest"/>
  <testcase name="footerTwitterLink" time="2.42" classname="uk.co.idealflatmate.tests.FooterTest"/>
  <testcase name="footerYoutubeLink" time="3.47" classname="uk.co.idealflatmate.tests.FooterTest"/>
  <testcase name="amountOfBlocsAndTextOfAreas" time="2.46" classname="uk.co.idealflatmate.tests.HomePageTest"/>
  <testcase name="blogFM" time="2.935" classname="uk.co.idealflatmate.tests.HomePageTest"/>
  <testcase name="blogLandlord" time="2.489" classname="uk.co.idealflatmate.tests.HomePageTest"/>
  <testcase name="findOutMore" time="4.093" classname="uk.co.idealflatmate.tests.HomePageTest"/>
  <testcase name="findStartListing" time="2.313" classname="uk.co.idealflatmate.tests.HomePageTest"/>
  <testcase name="findStartMatchingLink" time="1.756" classname="uk.co.idealflatmate.tests.HomePageTest"/>
  <testcase name="pressLogo" time="0.998" classname="uk.co.idealflatmate.tests.HomePageTest"/>
  <testcase name="fullMenuNewUserWithVerifPercent" time="99.82" classname="uk.co.idealflatmate.tests.MatchingTests"/>
  <testcase name="startMatchingOnFMSearchPage" time="14.353" classname="uk.co.idealflatmate.tests.MatchingTests"/>
  <testcase name="startMatchingOnPropertyCard" time="14.786" classname="uk.co.idealflatmate.tests.MatchingTests">
    <failure type="com.codeborne.selenide.ex.ElementNotFound" message="Element not found {By.xpath: //header//nav//ul//li//a[contains(text(), &amp;apos;Find a home&amp;apos;)]}
Expected: visible">
      <![CDATA[Element not found {By.xpath: //header//nav//ul//li//a[contains(text(), 'Find a home')]}
Expected: visible
Screenshot: file:/C:/Users/lukhovytskyi/Documents/GitHub/idealflatmatetest/build/reports/tests/1550666698567.5.png
Page source: file:/C:/Users/lukhovytskyi/Documents/GitHub/idealflatmatetest/build/reports/tests/1550666698567.5.html
Timeout: 10 s.
Caused by: NoSuchElementException: no such element: Unable to locate element: {"method":"xpath","selector":"//header//nav//ul//li//a[contains(text(), 'Find a home')]"}
at com.codeborne.selenide.impl.WebElementSource.createElementNotFoundError(WebElementSource.java:31)
at com.codeborne.selenide.impl.ElementFinder.createElementNotFoundError(ElementFinder.java:82)
at com.codeborne.selenide.impl.WebElementSource.checkCondition(WebElementSource.java:59)
at com.codeborne.selenide.commands.Should.should(Should.java:35)
at com.codeborne.selenide.commands.Should.execute(Should.java:29)
at com.codeborne.selenide.commands.Should.execute(Should.java:12)
at com.codeborne.selenide.commands.Commands.execute(Commands.java:144)
at com.codeborne.selenide.impl.SelenideElementProxy.dispatchAndRetry(SelenideElementProxy.java:87)
at com.codeborne.selenide.impl.SelenideElementProxy.invoke(SelenideElementProxy.java:63)
at com.sun.proxy.$Proxy8.waitUntil(Unknown Source)
at uk.co.idealflatmate.appmanager.AuthorizationHelper.goToPropertyPage(AuthorizationHelper.java:24)
at uk.co.idealflatmate.tests.MatchingTests.startMatchingOnPropertyCard(MatchingTests.java:91)
at com.sun.proxy.$Proxy0.invoke(Unknown Source)
Caused by: org.openqa.selenium.NoSuchElementException: no such element: Unable to locate element: {"method":"xpath","selector":"//header//nav//ul//li//a[contains(text(), 'Find a home')]"}
  (Session info: chrome=72.0.3626.109)
  (Driver info: chromedriver=2.46.628402 (536cd7adbad73a3783fdc2cab92ab2ba7ec361e1),platform=Windows NT 10.0.16299 x86_64) (WARNING: The server did not provide any stacktrace information)
Command duration or timeout: 0 milliseconds
For documentation on this error, please visit: https://www.seleniumhq.org/exceptions/no_such_element.html
Build info: version: '3.141.59', revision: 'e82be7d358', time: '2018-11-14T08:17:03'
System info: host: 'PRIVATE-1074', ip: '10.8.1.74', os.name: 'Windows 10', os.arch: 'amd64', os.version: '10.0', java.version: '1.8.0_152'
Driver info: org.openqa.selenium.chrome.ChromeDriver
Capabilities {acceptInsecureCerts: false, acceptSslCerts: false, applicationCacheEnabled: false, browserConnectionEnabled: false, browserName: chrome, chrome: {chromedriverVersion: 2.46.628402 (536cd7adbad73a..., userDataDir: C:\Users\LUKHOV~1\AppData\L...}, cssSelectorsEnabled: true, databaseEnabled: false, goog:chromeOptions: {debuggerAddress: localhost:64617}, handlesAlerts: true, hasTouchScreen: false, javascriptEnabled: true, locationContextEnabled: true, mobileEmulationEnabled: false, nativeEvents: true, networkConnectionEnabled: false, pageLoadStrategy: normal, platform: XP, platformName: XP, proxy: Proxy(), rotatable: false, setWindowRect: true, strictFileInteractability: false, takesHeapSnapshot: true, takesScreenshot: true, timeouts: {implicit: 0, pageLoad: 300000, script: 30000}, unexpectedAlertBehaviour: ignore, unhandledPromptBehavior: ignore, version: 72.0.3626.109, webStorageEnabled: true}
Session ID: 428a9fc275aa6754c1c574ab88a71e27
*** Element info: {Using=xpath, value=//header//nav//ul//li//a[contains(text(), 'Find a home')]}
at org.openqa.selenium.remote.ErrorHandler.createThrowable(ErrorHandler.java:214)
at org.openqa.selenium.remote.ErrorHandler.throwIfResponseFailed(ErrorHandler.java:166)
at org.openqa.selenium.remote.http.JsonHttpResponseCodec.reconstructValue(JsonHttpResponseCodec.java:40)
at org.openqa.selenium.remote.http.AbstractHttpResponseCodec.decode(AbstractHttpResponseCodec.java:80)
at org.openqa.selenium.remote.http.AbstractHttpResponseCodec.decode(AbstractHttpResponseCodec.java:44)
at org.openqa.selenium.remote.HttpCommandExecutor.execute(HttpCommandExecutor.java:158)
at org.openqa.selenium.remote.service.DriverCommandExecutor.execute(DriverCommandExecutor.java:83)
at org.openqa.selenium.remote.RemoteWebDriver.execute(RemoteWebDriver.java:552)
at org.openqa.selenium.remote.RemoteWebDriver.findElement(RemoteWebDriver.java:323)
at org.openqa.selenium.remote.RemoteWebDriver.findElementByXPath(RemoteWebDriver.java:428)
at org.openqa.selenium.By$ByXPath.findElement(By.java:353)
at org.openqa.selenium.remote.RemoteWebDriver.findElement(RemoteWebDriver.java:315)
at com.codeborne.selenide.impl.WebElementSelector.findElement(WebElementSelector.java:29)
at com.codeborne.selenide.impl.ElementFinder.getWebElement(ElementFinder.java:56)
at com.codeborne.selenide.impl.WebElementSource.checkCondition(WebElementSource.java:44)
... 43 more
... Removed 36 stack frames]]>
    </failure>
  </testcase> <!-- startMatchingOnPropertyCard -->
  <testcase name="startMatchingQuizPropertyPage" time="14.508" classname="uk.co.idealflatmate.tests.MatchingTests"/>
  <testcase name="answMesFmWithoutSubsToFM" time="20.789" classname="uk.co.idealflatmate.tests.MessagesTest"/>
  <testcase name="answMesLandlToPremFHWithoutSubs" time="32.286" classname="uk.co.idealflatmate.tests.MessagesTest"/>
  <testcase name="fmWithoutSubsToLandlordWithoutSubsWithListFromList" time="48.427" classname="uk.co.idealflatmate.tests.MessagesTest"/>
  <testcase name="fmWithoutSubsTolordWithoutSubsWithListFromFMpage" time="24.875" classname="uk.co.idealflatmate.tests.MessagesTest"/>
  <testcase name="landlordWithoutSubsToFM" time="14.636" classname="uk.co.idealflatmate.tests.MessagesTest"/>
  <testcase name="lordWithSubsToFM" time="14.117" classname="uk.co.idealflatmate.tests.MessagesTest"/>
  <testcase name="premFmToLandlWithoutSubsWithListFromSearch" time="23.43" classname="uk.co.idealflatmate.tests.MessagesTest"/>
  <testcase name="readMessageByLandlWithoutSubsn" time="16.006" classname="uk.co.idealflatmate.tests.MessagesTest"/>
  <testcase name="AbilityToSeePhone" time="15.934" classname="uk.co.idealflatmate.tests.PaymentTests"/>
  <testcase name="GoPremiumFHPaymentOnMessage" time="17.436" classname="uk.co.idealflatmate.tests.PaymentTests"/>
  <testcase name="GoPremiumFHPaymentOnPhone" time="17.58" classname="uk.co.idealflatmate.tests.PaymentTests"/>
  <testcase name="agentProfWorldPay" time="35.589" classname="uk.co.idealflatmate.tests.PaymentTests">
    <failure type="com.codeborne.selenide.ex.ElementNotFound" message="Element not found {By.xpath: //form[@id=&amp;apos;ProfessionalPaymentForm&amp;apos;]//select[@id=&amp;apos;paymentform-type_id&amp;apos;]}
Expected: exist">
      <![CDATA[Element not found {By.xpath: //form[@id='ProfessionalPaymentForm']//select[@id='paymentform-type_id']}
Expected: exist
Screenshot: file:/C:/Users/lukhovytskyi/Documents/GitHub/idealflatmatetest/build/reports/tests/1550667002615.7.png
Page source: file:/C:/Users/lukhovytskyi/Documents/GitHub/idealflatmatetest/build/reports/tests/1550667002615.7.html
Timeout: 10 s.
Caused by: NoSuchElementException: Cannot locate option containing text: 1 month - ВЈ34.99
at com.codeborne.selenide.impl.WebElementSource.createElementNotFoundError(WebElementSource.java:31)
at com.codeborne.selenide.impl.ElementFinder.createElementNotFoundError(ElementFinder.java:82)
at com.codeborne.selenide.impl.SelenideElementProxy.dispatchAndRetry(SelenideElementProxy.java:116)
at com.codeborne.selenide.impl.SelenideElementProxy.invoke(SelenideElementProxy.java:63)
at com.sun.proxy.$Proxy8.selectOptionContainingText(Unknown Source)
at uk.co.idealflatmate.appmanager.PaymentsHelper.verificationPrice(PaymentsHelper.java:116)
at uk.co.idealflatmate.tests.PaymentTests.agentProfWorldPay(PaymentTests.java:272)
at com.sun.proxy.$Proxy0.invoke(Unknown Source)
Caused by: org.openqa.selenium.NoSuchElementException: Cannot locate option containing text: 1 month - ВЈ34.99
For documentation on this error, please visit: https://www.seleniumhq.org/exceptions/no_such_element.html
Build info: version: '3.141.59', revision: 'e82be7d358', time: '2018-11-14T08:17:03'
System info: host: 'PRIVATE-1074', ip: '10.8.1.74', os.name: 'Windows 10', os.arch: 'amd64', os.version: '10.0', java.version: '1.8.0_152'
Driver info: driver.version: unknown
at com.codeborne.selenide.commands.SelectOptionContainingText.execute(SelectOptionContainingText.java:25)
at com.codeborne.selenide.commands.SelectOptionContainingText.execute(SelectOptionContainingText.java:14)
at com.codeborne.selenide.commands.Commands.execute(Commands.java:144)
at com.codeborne.selenide.impl.SelenideElementProxy.dispatchAndRetry(SelenideElementProxy.java:87)
... 38 more
... Removed 33 stack frames]]>
    </failure>
  </testcase> <!-- agentProfWorldPay -->
  <testcase name="lordInWorldPaidListingProf" time="122.428" classname="uk.co.idealflatmate.tests.PaymentTests">
    <failure type="com.codeborne.selenide.ex.ElementNotFound" message="Element not found {By.xpath: //form[@id=&amp;apos;ProfessionalPaymentForm&amp;apos;]//select[@id=&amp;apos;paymentform-type_id&amp;apos;]}
Expected: exist">
      <![CDATA[Element not found {By.xpath: //form[@id='ProfessionalPaymentForm']//select[@id='paymentform-type_id']}
Expected: exist
Screenshot: file:/C:/Users/lukhovytskyi/Documents/GitHub/idealflatmatetest/build/reports/tests/1550667132787.9.png
Page source: file:/C:/Users/lukhovytskyi/Documents/GitHub/idealflatmatetest/build/reports/tests/1550667132787.9.html
Timeout: 10 s.
Caused by: NoSuchElementException: Cannot locate option containing text: 1 month - ВЈ44.99
at com.codeborne.selenide.impl.WebElementSource.createElementNotFoundError(WebElementSource.java:31)
at com.codeborne.selenide.impl.ElementFinder.createElementNotFoundError(ElementFinder.java:82)
at com.codeborne.selenide.impl.SelenideElementProxy.dispatchAndRetry(SelenideElementProxy.java:116)
at com.codeborne.selenide.impl.SelenideElementProxy.invoke(SelenideElementProxy.java:63)
at com.sun.proxy.$Proxy8.selectOptionContainingText(Unknown Source)
at uk.co.idealflatmate.appmanager.PaymentsHelper.verificationPrice(PaymentsHelper.java:116)
at uk.co.idealflatmate.tests.PaymentTests.lordInWorldPaidListingProf(PaymentTests.java:223)
at com.sun.proxy.$Proxy0.invoke(Unknown Source)
Caused by: org.openqa.selenium.NoSuchElementException: Cannot locate option containing text: 1 month - ВЈ44.99
For documentation on this error, please visit: https://www.seleniumhq.org/exceptions/no_such_element.html
Build info: version: '3.141.59', revision: 'e82be7d358', time: '2018-11-14T08:17:03'
System info: host: 'PRIVATE-1074', ip: '10.8.1.74', os.name: 'Windows 10', os.arch: 'amd64', os.version: '10.0', java.version: '1.8.0_152'
Driver info: driver.version: unknown
at com.codeborne.selenide.commands.SelectOptionContainingText.execute(SelectOptionContainingText.java:25)
at com.codeborne.selenide.commands.SelectOptionContainingText.execute(SelectOptionContainingText.java:14)
at com.codeborne.selenide.commands.Commands.execute(Commands.java:144)
at com.codeborne.selenide.impl.SelenideElementProxy.dispatchAndRetry(SelenideElementProxy.java:87)
... 38 more
... Removed 33 stack frames]]>
    </failure>
  </testcase> <!-- lordInWorldPaidListingProf -->
  <testcase name="lordInWorldPaylistingEssen" time="74.034" classname="uk.co.idealflatmate.tests.PaymentTests">
    <failure type="com.codeborne.selenide.ex.ElementNotFound" message="Element not found {By.xpath: //form[@id=&amp;apos;EssentialPaymentForm&amp;apos;]//select[@id=&amp;apos;paymentform-type_id&amp;apos;]}
Expected: exist">
      <![CDATA[Element not found {By.xpath: //form[@id='EssentialPaymentForm']//select[@id='paymentform-type_id']}
Expected: exist
Screenshot: file:/C:/Users/lukhovytskyi/Documents/GitHub/idealflatmatetest/build/reports/tests/1550667217739.11.png
Page source: file:/C:/Users/lukhovytskyi/Documents/GitHub/idealflatmatetest/build/reports/tests/1550667217739.11.html
Timeout: 10 s.
Caused by: NoSuchElementException: Cannot locate option containing text: 1 month Essentials - ВЈ16.99
at com.codeborne.selenide.impl.WebElementSource.createElementNotFoundError(WebElementSource.java:31)
at com.codeborne.selenide.impl.ElementFinder.createElementNotFoundError(ElementFinder.java:82)
at com.codeborne.selenide.impl.SelenideElementProxy.dispatchAndRetry(SelenideElementProxy.java:116)
at com.codeborne.selenide.impl.SelenideElementProxy.invoke(SelenideElementProxy.java:63)
at com.sun.proxy.$Proxy8.selectOptionContainingText(Unknown Source)
at uk.co.idealflatmate.appmanager.PaymentsHelper.verificationPrice(PaymentsHelper.java:116)
at uk.co.idealflatmate.tests.PaymentTests.lordInWorldPaylistingEssen(PaymentTests.java:118)
at com.sun.proxy.$Proxy0.invoke(Unknown Source)
Caused by: org.openqa.selenium.NoSuchElementException: Cannot locate option containing text: 1 month Essentials - ВЈ16.99
For documentation on this error, please visit: https://www.seleniumhq.org/exceptions/no_such_element.html
Build info: version: '3.141.59', revision: 'e82be7d358', time: '2018-11-14T08:17:03'
System info: host: 'PRIVATE-1074', ip: '10.8.1.74', os.name: 'Windows 10', os.arch: 'amd64', os.version: '10.0', java.version: '1.8.0_152'
Driver info: driver.version: unknown
at com.codeborne.selenide.commands.SelectOptionContainingText.execute(SelectOptionContainingText.java:25)
at com.codeborne.selenide.commands.SelectOptionContainingText.execute(SelectOptionContainingText.java:14)
at com.codeborne.selenide.commands.Commands.execute(Commands.java:144)
at com.codeborne.selenide.impl.SelenideElementProxy.dispatchAndRetry(SelenideElementProxy.java:87)
... 38 more
... Removed 33 stack frames]]>
    </failure>
  </testcase> <!-- lordInWorldPaylistingEssen -->
  <testcase name="lordOutWorldPaylistingPrem" time="77.241" classname="uk.co.idealflatmate.tests.PaymentTests">
    <failure type="com.codeborne.selenide.ex.ElementNotFound" message="Element not found {By.xpath: //form[@id=&amp;apos;PremiumPaymentForm&amp;apos;]//select[@id=&amp;apos;paymentform-type_id&amp;apos;]}
Expected: exist">
      <![CDATA[Element not found {By.xpath: //form[@id='PremiumPaymentForm']//select[@id='paymentform-type_id']}
Expected: exist
Screenshot: file:/C:/Users/lukhovytskyi/Documents/GitHub/idealflatmatetest/build/reports/tests/1550667302981.13.png
Page source: file:/C:/Users/lukhovytskyi/Documents/GitHub/idealflatmatetest/build/reports/tests/1550667302981.13.html
Timeout: 10 s.
Caused by: NoSuchElementException: Cannot locate option containing text: 1 week Premium - ВЈ12.99
at com.codeborne.selenide.impl.WebElementSource.createElementNotFoundError(WebElementSource.java:31)
at com.codeborne.selenide.impl.ElementFinder.createElementNotFoundError(ElementFinder.java:82)
at com.codeborne.selenide.impl.SelenideElementProxy.dispatchAndRetry(SelenideElementProxy.java:116)
at com.codeborne.selenide.impl.SelenideElementProxy.invoke(SelenideElementProxy.java:63)
at com.sun.proxy.$Proxy8.selectOptionContainingText(Unknown Source)
at uk.co.idealflatmate.appmanager.PaymentsHelper.verificationPrice(PaymentsHelper.java:116)
at uk.co.idealflatmate.tests.PaymentTests.lordOutWorldPaylistingPrem(PaymentTests.java:173)
at com.sun.proxy.$Proxy0.invoke(Unknown Source)
Caused by: org.openqa.selenium.NoSuchElementException: Cannot locate option containing text: 1 week Premium - ВЈ12.99
For documentation on this error, please visit: https://www.seleniumhq.org/exceptions/no_such_element.html
Build info: version: '3.141.59', revision: 'e82be7d358', time: '2018-11-14T08:17:03'
System info: host: 'PRIVATE-1074', ip: '10.8.1.74', os.name: 'Windows 10', os.arch: 'amd64', os.version: '10.0', java.version: '1.8.0_152'
Driver info: driver.version: unknown
at com.codeborne.selenide.commands.SelectOptionContainingText.execute(SelectOptionContainingText.java:25)
at com.codeborne.selenide.commands.SelectOptionContainingText.execute(SelectOptionContainingText.java:14)
at com.codeborne.selenide.commands.Commands.execute(Commands.java:144)
at com.codeborne.selenide.impl.SelenideElementProxy.dispatchAndRetry(SelenideElementProxy.java:87)
... 38 more
... Removed 33 stack frames]]>
    </failure>
  </testcase> <!-- lordOutWorldPaylistingPrem -->
  <testcase name="premiumFHPaymentWorldPay" time="49.735" classname="uk.co.idealflatmate.tests.PaymentTests">
    <failure type="com.codeborne.selenide.ex.ElementShould" message="Element should have text &amp;apos;ВЈ3.99 (week)&amp;apos; {By.xpath: (//td[@class=&amp;apos;u_p20-top text-primary&amp;apos;])[1]}
Element: &amp;apos;&amp;lt;td class=&amp;quot;u_p20-top text-primary&amp;quot;&amp;gt;£3.99 (week)&amp;lt;/td&amp;gt;&amp;apos;">
      <![CDATA[Element should have text 'ВЈ3.99 (week)' {By.xpath: (//td[@class='u_p20-top text-primary'])[1]}
Element: '<td class="u_p20-top text-primary">£3.99 (week)</td>'
Screenshot: file:/C:/Users/lukhovytskyi/Documents/GitHub/idealflatmatetest/build/reports/tests/1550667360108.15.png
Page source: file:/C:/Users/lukhovytskyi/Documents/GitHub/idealflatmatetest/build/reports/tests/1550667360108.15.html
Timeout: 10 s.
at com.codeborne.selenide.impl.WebElementSource.checkCondition(WebElementSource.java:66)
at com.codeborne.selenide.commands.Should.should(Should.java:35)
at com.codeborne.selenide.commands.Should.execute(Should.java:29)
at com.codeborne.selenide.commands.Should.execute(Should.java:12)
at com.codeborne.selenide.commands.Commands.execute(Commands.java:144)
at com.codeborne.selenide.impl.SelenideElementProxy.dispatchAndRetry(SelenideElementProxy.java:87)
at com.codeborne.selenide.impl.SelenideElementProxy.invoke(SelenideElementProxy.java:63)
at com.sun.proxy.$Proxy8.shouldHave(Unknown Source)
at uk.co.idealflatmate.appmanager.PaymentsHelper.verificationCheckout(PaymentsHelper.java:88)
at uk.co.idealflatmate.tests.PaymentTests.premiumFHPaymentWorldPay(PaymentTests.java:84)
at com.sun.proxy.$Proxy0.invoke(Unknown Source)
... Removed 33 stack frames]]>
    </failure>
  </testcase> <!-- premiumFHPaymentWorldPay -->
  <testcase name="applyAdvancedFiltersDefault" time="41.698" classname="uk.co.idealflatmate.tests.SearchFMPageTests">
    <failure type="java.lang.AssertionError" message="null">
      <![CDATA[java.lang.AssertionError: null
at uk.co.idealflatmate.appmanager.SearchHelperFM.activeGender(SearchHelperFM.java:130)
at uk.co.idealflatmate.tests.SearchFMPageTests.applyAdvancedFiltersDefault(SearchFMPageTests.java:107)
at com.sun.proxy.$Proxy0.invoke(Unknown Source)
... Removed 36 stack frames]]>
    </failure>
  </testcase> <!-- applyAdvancedFiltersDefault -->
  <testcase name="applyMoreFilters" time="20.584" classname="uk.co.idealflatmate.tests.SearchFMPageTests"/>
  <testcase name="applyMoreFiltersPhotoNoList" time="28.309" classname="uk.co.idealflatmate.tests.SearchFMPageTests"/>
  <testcase name="applyMoreFiltersPhotoWithList" time="17.502" classname="uk.co.idealflatmate.tests.SearchFMPageTests"/>
  <testcase name="fmSearchBy" time="6.578" classname="uk.co.idealflatmate.tests.SearchFMPageTests"/>
  <testcase name="searchPagination" time="25.646" classname="uk.co.idealflatmate.tests.SearchFMPageTests"/>
  <testcase name="sortListingLoggedIn" time="28.653" classname="uk.co.idealflatmate.tests.SearchFMPageTests">
    <failure type="com.codeborne.selenide.ex.ElementNotFound" message="Element not found {#property-sort}
Expected: exist">
      <![CDATA[Element not found {#property-sort}
Expected: exist
Screenshot: file:/C:/Users/lukhovytskyi/Documents/GitHub/idealflatmatetest/build/reports/tests/1550667546426.17.png
Page source: file:/C:/Users/lukhovytskyi/Documents/GitHub/idealflatmatetest/build/reports/tests/1550667546426.17.html
Timeout: 10 s.
Caused by: NoSuchElementException: no such element: Unable to locate element: {"method":"css selector","selector":"#property-sort"}
at com.codeborne.selenide.impl.WebElementSource.createElementNotFoundError(WebElementSource.java:31)
at com.codeborne.selenide.impl.ElementFinder.createElementNotFoundError(ElementFinder.java:82)
at com.codeborne.selenide.impl.SelenideElementProxy.dispatchAndRetry(SelenideElementProxy.java:116)
at com.codeborne.selenide.impl.SelenideElementProxy.invoke(SelenideElementProxy.java:63)
at com.sun.proxy.$Proxy8.selectOptionContainingText(Unknown Source)
at uk.co.idealflatmate.appmanager.SearchHelper.checkSort(SearchHelper.java:364)
at uk.co.idealflatmate.tests.SearchFMPageTests.sortListingLoggedIn(SearchFMPageTests.java:127)
at com.sun.proxy.$Proxy0.invoke(Unknown Source)
Caused by: org.openqa.selenium.NoSuchElementException: no such element: Unable to locate element: {"method":"css selector","selector":"#property-sort"}
  (Session info: chrome=72.0.3626.109)
  (Driver info: chromedriver=2.46.628402 (536cd7adbad73a3783fdc2cab92ab2ba7ec361e1),platform=Windows NT 10.0.16299 x86_64) (WARNING: The server did not provide any stacktrace information)
Command duration or timeout: 0 milliseconds
For documentation on this error, please visit: https://www.seleniumhq.org/exceptions/no_such_element.html
Build info: version: '3.141.59', revision: 'e82be7d358', time: '2018-11-14T08:17:03'
System info: host: 'PRIVATE-1074', ip: '10.8.1.74', os.name: 'Windows 10', os.arch: 'amd64', os.version: '10.0', java.version: '1.8.0_152'
Driver info: org.openqa.selenium.chrome.ChromeDriver
Capabilities {acceptInsecureCerts: false, acceptSslCerts: false, applicationCacheEnabled: false, browserConnectionEnabled: false, browserName: chrome, chrome: {chromedriverVersion: 2.46.628402 (536cd7adbad73a..., userDataDir: C:\Users\LUKHOV~1\AppData\L...}, cssSelectorsEnabled: true, databaseEnabled: false, goog:chromeOptions: {debuggerAddress: localhost:50572}, handlesAlerts: true, hasTouchScreen: false, javascriptEnabled: true, locationContextEnabled: true, mobileEmulationEnabled: false, nativeEvents: true, networkConnectionEnabled: false, pageLoadStrategy: normal, platform: XP, platformName: XP, proxy: Proxy(), rotatable: false, setWindowRect: true, strictFileInteractability: false, takesHeapSnapshot: true, takesScreenshot: true, timeouts: {implicit: 0, pageLoad: 300000, script: 30000}, unexpectedAlertBehaviour: ignore, unhandledPromptBehavior: ignore, version: 72.0.3626.109, webStorageEnabled: true}
Session ID: 087d0b75a515215ce7d34becccf78a4b
*** Element info: {Using=css selector, value=#property-sort}
at org.openqa.selenium.remote.ErrorHandler.createThrowable(ErrorHandler.java:214)
at org.openqa.selenium.remote.ErrorHandler.throwIfResponseFailed(ErrorHandler.java:166)
at org.openqa.selenium.remote.http.JsonHttpResponseCodec.reconstructValue(JsonHttpResponseCodec.java:40)
at org.openqa.selenium.remote.http.AbstractHttpResponseCodec.decode(AbstractHttpResponseCodec.java:80)
at org.openqa.selenium.remote.http.AbstractHttpResponseCodec.decode(AbstractHttpResponseCodec.java:44)
at org.openqa.selenium.remote.HttpCommandExecutor.execute(HttpCommandExecutor.java:158)
at org.openqa.selenium.remote.service.DriverCommandExecutor.execute(DriverCommandExecutor.java:83)
at org.openqa.selenium.remote.RemoteWebDriver.execute(RemoteWebDriver.java:552)
at org.openqa.selenium.remote.RemoteWebDriver.findElement(RemoteWebDriver.java:323)
at org.openqa.selenium.remote.RemoteWebDriver.findElementByCssSelector(RemoteWebDriver.java:420)
at org.openqa.selenium.By$ByCssSelector.findElement(By.java:431)
at org.openqa.selenium.remote.RemoteWebDriver.findElement(RemoteWebDriver.java:315)
at com.codeborne.selenide.impl.WebElementSelector.findElement(WebElementSelector.java:29)
at com.codeborne.selenide.impl.ElementFinder.getWebElement(ElementFinder.java:56)
at com.codeborne.selenide.commands.SelectOptionContainingText.execute(SelectOptionContainingText.java:18)
at com.codeborne.selenide.commands.SelectOptionContainingText.execute(SelectOptionContainingText.java:14)
at com.codeborne.selenide.commands.Commands.execute(Commands.java:144)
at com.codeborne.selenide.impl.SelenideElementProxy.dispatchAndRetry(SelenideElementProxy.java:87)
... 38 more
... Removed 36 stack frames]]>
    </failure>
  </testcase> <!-- sortListingLoggedIn -->
  <testcase name="TestSearchHomeByEnter" time="11.206" classname="uk.co.idealflatmate.tests.SearchHomePageTests"/>
  <testcase name="searchHomeByButton" time="10.354" classname="uk.co.idealflatmate.tests.SearchHomePageTests"/>
  <testcase name="searchHomeIDProperty" time="11.32" classname="uk.co.idealflatmate.tests.SearchHomePageTests"/>
  <testcase name="searchHomeLocationFromList" time="8.464" classname="uk.co.idealflatmate.tests.SearchHomePageTests"/>
  <testcase name="searchHomePartOfLocationName" time="11.009" classname="uk.co.idealflatmate.tests.SearchHomePageTests"/>
  <testcase name="applyAdvancedFiltersDefault" time="60.067" classname="uk.co.idealflatmate.tests.SearchPropertiesPageTests"/>
  <testcase name="applyMoreFilters" time="14.951" classname="uk.co.idealflatmate.tests.SearchPropertiesPageTests"/>
  <testcase name="propertySearchByDropDown" time="20.976" classname="uk.co.idealflatmate.tests.SearchPropertiesPageTests"/>
  <testcase name="searchEastLDNPagination" time="40.188" classname="uk.co.idealflatmate.tests.SearchPropertiesPageTests"/>
  <testcase name="searchPagination" time="38.145" classname="uk.co.idealflatmate.tests.SearchPropertiesPageTests"/>
  <testcase name="searchZone1Pagination" time="18.14" classname="uk.co.idealflatmate.tests.SearchPropertiesPageTests"/>
  <testcase name="sortListing" time="40.767" classname="uk.co.idealflatmate.tests.SearchPropertiesPageTests"/>
  <testcase name="sortListingWith2Rooms" time="8.482" classname="uk.co.idealflatmate.tests.SearchPropertiesPageTests"/>
  <testcase name="mesPropSignUpHomeStart" time="7.599" classname="uk.co.idealflatmate.tests.SignUpLikeOrMessage"/>
  <testcase name="mesPropSignUpNotBuddy_Up" time="56.749" classname="uk.co.idealflatmate.tests.SignUpLikeOrMessage"/>
  <testcase name="popupExistingEmailPropertyPage" time="17.096" classname="uk.co.idealflatmate.tests.SignUpLikeOrMessage"/>
  <testcase name="popupExistingEmailPropertyPhone" time="25.313" classname="uk.co.idealflatmate.tests.SignUpLikeOrMessage"/>
  <testcase name="popupPropertyPage" time="61.682" classname="uk.co.idealflatmate.tests.SignUpLikeOrMessage"/>
  <testcase name="popupWithBlankRequiredFields" time="16.561" classname="uk.co.idealflatmate.tests.SignUpLikeOrMessage">
    <failure type="com.codeborne.selenide.ex.ElementShould" message="Element should be visible {By.xpath: //span[contains (text(), &amp;apos;Sign up with email&amp;apos;)]}
Element: &amp;apos;&amp;lt;span displayed:false&amp;gt;&amp;lt;/span&amp;gt;&amp;apos;">
      <![CDATA[Element should be visible {By.xpath: //span[contains (text(), 'Sign up with email')]}
Element: '<span displayed:false></span>'
Screenshot: file:/C:/Users/lukhovytskyi/Documents/GitHub/idealflatmatetest/build/reports/tests/1550668048236.19.png
Page source: file:/C:/Users/lukhovytskyi/Documents/GitHub/idealflatmatetest/build/reports/tests/1550668048236.19.html
Timeout: 10 s.
at com.codeborne.selenide.impl.WebElementSource.checkCondition(WebElementSource.java:66)
at com.codeborne.selenide.impl.WebElementSource.findAndAssertElementIsVisible(WebElementSource.java:72)
at com.codeborne.selenide.commands.Click.execute(Click.java:16)
at com.codeborne.selenide.commands.Click.execute(Click.java:12)
at com.codeborne.selenide.commands.Commands.execute(Commands.java:144)
at com.codeborne.selenide.impl.SelenideElementProxy.dispatchAndRetry(SelenideElementProxy.java:87)
at com.codeborne.selenide.impl.SelenideElementProxy.invoke(SelenideElementProxy.java:63)
at com.sun.proxy.$Proxy8.click(Unknown Source)
at uk.co.idealflatmate.appmanager.SignUpHelper.clickEmail(SignUpHelper.java:37)
at uk.co.idealflatmate.tests.SignUpLikeOrMessage.popupWithBlankRequiredFields(SignUpLikeOrMessage.java:282)
at com.sun.proxy.$Proxy0.invoke(Unknown Source)
... Removed 33 stack frames]]>
    </failure>
  </testcase> <!-- popupWithBlankRequiredFields -->
  <testcase name="popupWithExistingEmail" time="19.58" classname="uk.co.idealflatmate.tests.SignUpLikeOrMessage"/>
  <testcase name="signUpLike3rdPageQuit" time="31.449" classname="uk.co.idealflatmate.tests.SignUpLikeOrMessage"/>
  <testcase name="signUpLikeHomePage" time="44.843" classname="uk.co.idealflatmate.tests.SignUpLikeOrMessage"/>
  <testcase name="SignUpMatchingWithRequiredFieldsFMRoom" time="69.942" classname="uk.co.idealflatmate.tests.SignUpMatching"/>
  <testcase name="SignUpMatchingWithRequiredFieldsFMRoomSearchFM" time="75.646" classname="uk.co.idealflatmate.tests.SignUpMatching"/>
  <testcase name="SignUpMatchingWithRequiredFieldsRoom" time="100.37" classname="uk.co.idealflatmate.tests.SignUpMatching"/>
  <testcase name="SignUpWithMatchingWithBlankRequiredFields" time="40.477" classname="uk.co.idealflatmate.tests.SignUpMatching"/>
  <testcase name="signUpMatchingWithBlankFirstName" time="12.555" classname="uk.co.idealflatmate.tests.SignUpMatching">
    <failure type="com.codeborne.selenide.ex.ElementNotFound" message="Element not found {input#addnamematchform-username}
Expected: visible">
      <![CDATA[Element not found {input#addnamematchform-username}
Expected: visible
Screenshot: file:/C:/Users/lukhovytskyi/Documents/GitHub/idealflatmatetest/build/reports/tests/1550668469811.21.png
Page source: file:/C:/Users/lukhovytskyi/Documents/GitHub/idealflatmatetest/build/reports/tests/1550668469811.21.html
Timeout: 10 s.
Caused by: NoSuchElementException: no such element: Unable to locate element: {"method":"css selector","selector":"input#addnamematchform-username"}
at com.codeborne.selenide.impl.WebElementSource.createElementNotFoundError(WebElementSource.java:31)
at com.codeborne.selenide.impl.ElementFinder.createElementNotFoundError(ElementFinder.java:82)
at com.codeborne.selenide.impl.WebElementSource.checkCondition(WebElementSource.java:59)
at com.codeborne.selenide.impl.WebElementSource.findAndAssertElementIsVisible(WebElementSource.java:72)
at com.codeborne.selenide.commands.Click.execute(Click.java:16)
at com.codeborne.selenide.commands.Click.execute(Click.java:12)
at com.codeborne.selenide.commands.Commands.execute(Commands.java:144)
at com.codeborne.selenide.impl.SelenideElementProxy.dispatchAndRetry(SelenideElementProxy.java:87)
at com.codeborne.selenide.impl.SelenideElementProxy.invoke(SelenideElementProxy.java:63)
at com.sun.proxy.$Proxy8.click(Unknown Source)
at uk.co.idealflatmate.appmanager.MatchingHelper.verifyBlankNameMatchSign(MatchingHelper.java:163)
at uk.co.idealflatmate.tests.SignUpMatching.signUpMatchingWithBlankFirstName(SignUpMatching.java:15)
at com.sun.proxy.$Proxy0.invoke(Unknown Source)
Caused by: org.openqa.selenium.NoSuchElementException: no such element: Unable to locate element: {"method":"css selector","selector":"input#addnamematchform-username"}
  (Session info: chrome=72.0.3626.109)
  (Driver info: chromedriver=2.46.628402 (536cd7adbad73a3783fdc2cab92ab2ba7ec361e1),platform=Windows NT 10.0.16299 x86_64) (WARNING: The server did not provide any stacktrace information)
Command duration or timeout: 0 milliseconds
For documentation on this error, please visit: https://www.seleniumhq.org/exceptions/no_such_element.html
Build info: version: '3.141.59', revision: 'e82be7d358', time: '2018-11-14T08:17:03'
System info: host: 'PRIVATE-1074', ip: '10.8.1.74', os.name: 'Windows 10', os.arch: 'amd64', os.version: '10.0', java.version: '1.8.0_152'
Driver info: org.openqa.selenium.chrome.ChromeDriver
Capabilities {acceptInsecureCerts: false, acceptSslCerts: false, applicationCacheEnabled: false, browserConnectionEnabled: false, browserName: chrome, chrome: {chromedriverVersion: 2.46.628402 (536cd7adbad73a..., userDataDir: C:\Users\LUKHOV~1\AppData\L...}, cssSelectorsEnabled: true, databaseEnabled: false, goog:chromeOptions: {debuggerAddress: localhost:52624}, handlesAlerts: true, hasTouchScreen: false, javascriptEnabled: true, locationContextEnabled: true, mobileEmulationEnabled: false, nativeEvents: true, networkConnectionEnabled: false, pageLoadStrategy: normal, platform: XP, platformName: XP, proxy: Proxy(), rotatable: false, setWindowRect: true, strictFileInteractability: false, takesHeapSnapshot: true, takesScreenshot: true, timeouts: {implicit: 0, pageLoad: 300000, script: 30000}, unexpectedAlertBehaviour: ignore, unhandledPromptBehavior: ignore, version: 72.0.3626.109, webStorageEnabled: true}
Session ID: 58aebf32562a25cb01ae4cd700a56a0a
*** Element info: {Using=css selector, value=input#addnamematchform-username}
at org.openqa.selenium.remote.ErrorHandler.createThrowable(ErrorHandler.java:214)
at org.openqa.selenium.remote.ErrorHandler.throwIfResponseFailed(ErrorHandler.java:166)
at org.openqa.selenium.remote.http.JsonHttpResponseCodec.reconstructValue(JsonHttpResponseCodec.java:40)
at org.openqa.selenium.remote.http.AbstractHttpResponseCodec.decode(AbstractHttpResponseCodec.java:80)
at org.openqa.selenium.remote.http.AbstractHttpResponseCodec.decode(AbstractHttpResponseCodec.java:44)
at org.openqa.selenium.remote.HttpCommandExecutor.execute(HttpCommandExecutor.java:158)
at org.openqa.selenium.remote.service.DriverCommandExecutor.execute(DriverCommandExecutor.java:83)
at org.openqa.selenium.remote.RemoteWebDriver.execute(RemoteWebDriver.java:552)
at org.openqa.selenium.remote.RemoteWebDriver.findElement(RemoteWebDriver.java:323)
at org.openqa.selenium.remote.RemoteWebDriver.findElementByCssSelector(RemoteWebDriver.java:420)
at org.openqa.selenium.By$ByCssSelector.findElement(By.java:431)
at org.openqa.selenium.remote.RemoteWebDriver.findElement(RemoteWebDriver.java:315)
at com.codeborne.selenide.impl.WebElementSelector.findElement(WebElementSelector.java:29)
at com.codeborne.selenide.impl.ElementFinder.getWebElement(ElementFinder.java:56)
at com.codeborne.selenide.impl.WebElementSource.checkCondition(WebElementSource.java:44)
... 43 more
... Removed 36 stack frames]]>
    </failure>
  </testcase> <!-- signUpMatchingWithBlankFirstName -->
  <testcase name="testHeaderRoomSignUpHomePageTenant" time="73.575" classname="uk.co.idealflatmate.tests.SignUpTest"/>
  <testcase name="testHeaderSignUpHomePageFMSearchLiv_inWithoutAbout" time="43.768" classname="uk.co.idealflatmate.tests.SignUpTest"/>
  <testcase name="testHeaderSignUpViaFacebook" time="78.434" classname="uk.co.idealflatmate.tests.SignUpTest"/>
  <testcase name="testHeaderSignUpWithBlankRequiredFieldsBudget" time="49.019" classname="uk.co.idealflatmate.tests.SignUpTest"/>
  <testcase name="testHeaderSignUpWithBlankRequiredFieldsLocation" time="36.299" classname="uk.co.idealflatmate.tests.SignUpTest"/>
  <testcase name="testHeaderSignUpWithBlankRequiredFieldsMoreAboutYou" time="17.902" classname="uk.co.idealflatmate.tests.SignUpTest"/>
  <testcase name="testHeaderSignUpWithBlankRequiredFieldsYourInf" time="9.074" classname="uk.co.idealflatmate.tests.SignUpTest"/>
  <testcase name="testHeaderSignUpWithExistingEmail" time="15.906" classname="uk.co.idealflatmate.tests.SignUpTest"/>
  <testcase name="testListingSignUpFromHomepage" time="37.923" classname="uk.co.idealflatmate.tests.SignUpTest"/>
  <testcase name="testListingSignUpHeader" time="6.167" classname="uk.co.idealflatmate.tests.SignUpTest">
    <failure type="com.codeborne.selenide.ex.ElementNotFound" message="Element not found {By.xpath: //label[starts-with(@for,&amp;apos;type_id_&amp;apos;) and contains(.,&amp;apos;Live-out landlord&amp;apos;)]}
Expected: visible">
      <![CDATA[Element not found {By.xpath: //label[starts-with(@for,'type_id_') and contains(.,'Live-out landlord')]}
Expected: visible
Screenshot: file:/C:/Users/lukhovytskyi/Documents/GitHub/idealflatmatetest/build/reports/tests/1550668875779.23.png
Page source: file:/C:/Users/lukhovytskyi/Documents/GitHub/idealflatmatetest/build/reports/tests/1550668875779.23.html
Timeout: 4 s.
Caused by: NoSuchElementException: no such element: Unable to locate element: {"method":"xpath","selector":"//label[starts-with(@for,'type_id_') and contains(.,'Live-out landlord')]"}
at com.codeborne.selenide.impl.WebElementSource.createElementNotFoundError(WebElementSource.java:31)
at com.codeborne.selenide.impl.ElementFinder.createElementNotFoundError(ElementFinder.java:82)
at com.codeborne.selenide.impl.WebElementSource.checkCondition(WebElementSource.java:59)
at com.codeborne.selenide.commands.Should.should(Should.java:35)
at com.codeborne.selenide.commands.Should.execute(Should.java:29)
at com.codeborne.selenide.commands.Should.execute(Should.java:12)
at com.codeborne.selenide.commands.Commands.execute(Commands.java:144)
at com.codeborne.selenide.impl.SelenideElementProxy.dispatchAndRetry(SelenideElementProxy.java:87)
at com.codeborne.selenide.impl.SelenideElementProxy.invoke(SelenideElementProxy.java:63)
at com.sun.proxy.$Proxy8.waitUntil(Unknown Source)
at uk.co.idealflatmate.appmanager.AddPropertyHelper.selectTypeUser(AddPropertyHelper.java:287)
at uk.co.idealflatmate.tests.SignUpTest.testListingSignUpHeader(SignUpTest.java:376)
at com.sun.proxy.$Proxy0.invoke(Unknown Source)
Caused by: org.openqa.selenium.NoSuchElementException: no such element: Unable to locate element: {"method":"xpath","selector":"//label[starts-with(@for,'type_id_') and contains(.,'Live-out landlord')]"}
  (Session info: chrome=72.0.3626.109)
  (Driver info: chromedriver=2.46.628402 (536cd7adbad73a3783fdc2cab92ab2ba7ec361e1),platform=Windows NT 10.0.16299 x86_64) (WARNING: The server did not provide any stacktrace information)
Command duration or timeout: 0 milliseconds
For documentation on this error, please visit: https://www.seleniumhq.org/exceptions/no_such_element.html
Build info: version: '3.141.59', revision: 'e82be7d358', time: '2018-11-14T08:17:03'
System info: host: 'PRIVATE-1074', ip: '10.8.1.74', os.name: 'Windows 10', os.arch: 'amd64', os.version: '10.0', java.version: '1.8.0_152'
Driver info: org.openqa.selenium.chrome.ChromeDriver
Capabilities {acceptInsecureCerts: false, acceptSslCerts: false, applicationCacheEnabled: false, browserConnectionEnabled: false, browserName: chrome, chrome: {chromedriverVersion: 2.46.628402 (536cd7adbad73a..., userDataDir: C:\Users\LUKHOV~1\AppData\L...}, cssSelectorsEnabled: true, databaseEnabled: false, goog:chromeOptions: {debuggerAddress: localhost:55335}, handlesAlerts: true, hasTouchScreen: false, javascriptEnabled: true, locationContextEnabled: true, mobileEmulationEnabled: false, nativeEvents: true, networkConnectionEnabled: false, pageLoadStrategy: normal, platform: XP, platformName: XP, proxy: Proxy(), rotatable: false, setWindowRect: true, strictFileInteractability: false, takesHeapSnapshot: true, takesScreenshot: true, timeouts: {implicit: 0, pageLoad: 300000, script: 30000}, unexpectedAlertBehaviour: ignore, unhandledPromptBehavior: ignore, version: 72.0.3626.109, webStorageEnabled: true}
Session ID: 081131719b8a00cd8c215138be3d1d5a
*** Element info: {Using=xpath, value=//label[starts-with(@for,'type_id_') and contains(.,'Live-out landlord')]}
at org.openqa.selenium.remote.ErrorHandler.createThrowable(ErrorHandler.java:214)
at org.openqa.selenium.remote.ErrorHandler.throwIfResponseFailed(ErrorHandler.java:166)
at org.openqa.selenium.remote.http.JsonHttpResponseCodec.reconstructValue(JsonHttpResponseCodec.java:40)
at org.openqa.selenium.remote.http.AbstractHttpResponseCodec.decode(AbstractHttpResponseCodec.java:80)
at org.openqa.selenium.remote.http.AbstractHttpResponseCodec.decode(AbstractHttpResponseCodec.java:44)
at org.openqa.selenium.remote.HttpCommandExecutor.execute(HttpCommandExecutor.java:158)
at org.openqa.selenium.remote.service.DriverCommandExecutor.execute(DriverCommandExecutor.java:83)
at org.openqa.selenium.remote.RemoteWebDriver.execute(RemoteWebDriver.java:552)
at org.openqa.selenium.remote.RemoteWebDriver.findElement(RemoteWebDriver.java:323)
at org.openqa.selenium.remote.RemoteWebDriver.findElementByXPath(RemoteWebDriver.java:428)
at org.openqa.selenium.By$ByXPath.findElement(By.java:353)
at org.openqa.selenium.remote.RemoteWebDriver.findElement(RemoteWebDriver.java:315)
at com.codeborne.selenide.impl.WebElementSelector.findElement(WebElementSelector.java:29)
at com.codeborne.selenide.impl.ElementFinder.getWebElement(ElementFinder.java:56)
at com.codeborne.selenide.impl.WebElementSource.checkCondition(WebElementSource.java:44)
... 43 more
... Removed 36 stack frames]]>
    </failure>
  </testcase> <!-- testListingSignUpHeader -->
  <testcase name="testSignUpBlankFieldsPropAddRentBlock" time="14.67" classname="uk.co.idealflatmate.tests.SignUpTest">
    <failure type="com.codeborne.selenide.ex.ElementNotFound" message="Element not found {By.xpath: //div[starts-with(@class, &amp;apos;col-md-7 u_p15 u_p0-right&amp;apos;)]//a[contains(., &amp;apos;Add&amp;apos;)]}
Expected: exist">
      <![CDATA[Element not found {By.xpath: //div[starts-with(@class, 'col-md-7 u_p15 u_p0-right')]//a[contains(., 'Add')]}
Expected: exist
Screenshot: file:/C:/Users/lukhovytskyi/Documents/GitHub/idealflatmatetest/build/reports/tests/1550668890575.25.png
Page source: file:/C:/Users/lukhovytskyi/Documents/GitHub/idealflatmatetest/build/reports/tests/1550668890575.25.html
Timeout: 10 s.
Caused by: WebDriverException: unknown error: Element <a href="/create" class="btn btn-primary u_m10-top">...</a> is not clickable at point (1124, 22). Other element would receive the click: <a href="/create" onclick="">...</a>
at com.codeborne.selenide.impl.WebElementSource.createElementNotFoundError(WebElementSource.java:31)
at com.codeborne.selenide.impl.ElementFinder.createElementNotFoundError(ElementFinder.java:82)
at com.codeborne.selenide.impl.SelenideElementProxy.dispatchAndRetry(SelenideElementProxy.java:116)
at com.codeborne.selenide.impl.SelenideElementProxy.invoke(SelenideElementProxy.java:63)
at com.sun.proxy.$Proxy8.click(Unknown Source)
at uk.co.idealflatmate.appmanager.AddPropertyHelper.pressAddListingNotLoggedBlock(AddPropertyHelper.java:329)
at uk.co.idealflatmate.tests.SignUpTest.testSignUpBlankFieldsPropAddRentBlock(SignUpTest.java:17)
at com.sun.proxy.$Proxy0.invoke(Unknown Source)
Caused by: org.openqa.selenium.WebDriverException: unknown error: Element <a href="/create" class="btn btn-primary u_m10-top">...</a> is not clickable at point (1124, 22). Other element would receive the click: <a href="/create" onclick="">...</a>
  (Session info: chrome=72.0.3626.109)
  (Driver info: chromedriver=2.46.628402 (536cd7adbad73a3783fdc2cab92ab2ba7ec361e1),platform=Windows NT 10.0.16299 x86_64) (WARNING: The server did not provide any stacktrace information)
Command duration or timeout: 0 milliseconds
Build info: version: '3.141.59', revision: 'e82be7d358', time: '2018-11-14T08:17:03'
System info: host: 'PRIVATE-1074', ip: '10.8.1.74', os.name: 'Windows 10', os.arch: 'amd64', os.version: '10.0', java.version: '1.8.0_152'
Driver info: org.openqa.selenium.chrome.ChromeDriver
Capabilities {acceptInsecureCerts: false, acceptSslCerts: false, applicationCacheEnabled: false, browserConnectionEnabled: false, browserName: chrome, chrome: {chromedriverVersion: 2.46.628402 (536cd7adbad73a..., userDataDir: C:\Users\LUKHOV~1\AppData\L...}, cssSelectorsEnabled: true, databaseEnabled: false, goog:chromeOptions: {debuggerAddress: localhost:55335}, handlesAlerts: true, hasTouchScreen: false, javascriptEnabled: true, locationContextEnabled: true, mobileEmulationEnabled: false, nativeEvents: true, networkConnectionEnabled: false, pageLoadStrategy: normal, platform: XP, platformName: XP, proxy: Proxy(), rotatable: false, setWindowRect: true, strictFileInteractability: false, takesHeapSnapshot: true, takesScreenshot: true, timeouts: {implicit: 0, pageLoad: 300000, script: 30000}, unexpectedAlertBehaviour: ignore, unhandledPromptBehavior: ignore, version: 72.0.3626.109, webStorageEnabled: true}
Session ID: 081131719b8a00cd8c215138be3d1d5a
at org.openqa.selenium.remote.ErrorHandler.createThrowable(ErrorHandler.java:214)
at org.openqa.selenium.remote.ErrorHandler.throwIfResponseFailed(ErrorHandler.java:166)
at org.openqa.selenium.remote.http.JsonHttpResponseCodec.reconstructValue(JsonHttpResponseCodec.java:40)
at org.openqa.selenium.remote.http.AbstractHttpResponseCodec.decode(AbstractHttpResponseCodec.java:80)
at org.openqa.selenium.remote.http.AbstractHttpResponseCodec.decode(AbstractHttpResponseCodec.java:44)
at org.openqa.selenium.remote.HttpCommandExecutor.execute(HttpCommandExecutor.java:158)
at org.openqa.selenium.remote.service.DriverCommandExecutor.execute(DriverCommandExecutor.java:83)
at org.openqa.selenium.remote.RemoteWebDriver.execute(RemoteWebDriver.java:552)
at org.openqa.selenium.remote.RemoteWebElement.execute(RemoteWebElement.java:285)
at org.openqa.selenium.remote.RemoteWebElement.click(RemoteWebElement.java:84)
at com.codeborne.selenide.commands.Click.click(Click.java:29)
at com.codeborne.selenide.commands.Click.execute(Click.java:16)
at com.codeborne.selenide.commands.Click.execute(Click.java:12)
at com.codeborne.selenide.commands.Commands.execute(Commands.java:144)
at com.codeborne.selenide.impl.SelenideElementProxy.dispatchAndRetry(SelenideElementProxy.java:87)
... 38 more
... Removed 36 stack frames]]>
    </failure>
  </testcase> <!-- testSignUpBlankFieldsPropAddRentBlock -->
  <testcase name="testSignUpBlankFieldsPropAddWorkBlock" time="8.387" classname="uk.co.idealflatmate.tests.SignUpTest"/>
  <testcase name="testSignUpViaFBlistingAgent" time="48.276" classname="uk.co.idealflatmate.tests.SignUpTest"/>
  <testcase name="testButtonPropPage" time="17.253" classname="uk.co.idealflatmate.tests.SignUpBuddy_up"/>
  <testcase name="testCardChatSignUpViaFB" time="53.386" classname="uk.co.idealflatmate.tests.SignUpBuddy_up"/>
  <testcase name="testGroupPropPage" time="20.101" classname="uk.co.idealflatmate.tests.SignUpBuddy_up"/>
  <testcase name="testMessageSignUpFMPageBuddy_Up" time="116.114" classname="uk.co.idealflatmate.tests.SignUpBuddy_up"/>
  <testcase name="testMessageSignUpGroupCreate" time="22.015" classname="uk.co.idealflatmate.tests.SignUpBuddy_up">
    <failure type="com.codeborne.selenide.ex.ElementShould" message="Element should have text &amp;apos;Sign up to continue&amp;apos; {By.xpath: //h1}
Element: &amp;apos;&amp;lt;h1 class=&amp;quot;h2 u_p20-top-sm u_p40-top-xs u_p20-bottom u_p60-left-sm u_p30-left-xs u_p60-right-sm u_p30-right-xs u_m0 text-center heading-8vw&amp;quot;&amp;gt;Your information&amp;lt;/h1&amp;gt;&amp;apos;">
      <![CDATA[Element should have text 'Sign up to continue' {By.xpath: //h1}
Element: '<h1 class="h2 u_p20-top-sm u_p40-top-xs u_p20-bottom u_p60-left-sm u_p30-left-xs u_p60-right-sm u_p30-right-xs u_m0 text-center heading-8vw">Your information</h1>'
Screenshot: file:/C:/Users/lukhovytskyi/Documents/GitHub/idealflatmatetest/build/reports/tests/1550669213815.27.png
Page source: file:/C:/Users/lukhovytskyi/Documents/GitHub/idealflatmatetest/build/reports/tests/1550669213815.27.html
Timeout: 10 s.
at com.codeborne.selenide.impl.WebElementSource.checkCondition(WebElementSource.java:66)
at com.codeborne.selenide.commands.Should.should(Should.java:35)
at com.codeborne.selenide.commands.Should.execute(Should.java:29)
at com.codeborne.selenide.commands.Should.execute(Should.java:12)
at com.codeborne.selenide.commands.Commands.execute(Commands.java:144)
at com.codeborne.selenide.impl.SelenideElementProxy.dispatchAndRetry(SelenideElementProxy.java:87)
at com.codeborne.selenide.impl.SelenideElementProxy.invoke(SelenideElementProxy.java:63)
at com.sun.proxy.$Proxy8.shouldHave(Unknown Source)
at uk.co.idealflatmate.appmanager.VerificationHelper.signUpPopupName(VerificationHelper.java:658)
at uk.co.idealflatmate.tests.SignUpBuddy_up.testMessageSignUpGroupCreate(SignUpBuddy_up.java:229)
at com.sun.proxy.$Proxy0.invoke(Unknown Source)
... Removed 33 stack frames]]>
    </failure>
  </testcase> <!-- testMessageSignUpGroupCreate -->
  <testcase name="addLogInViaFBBuddy_up" time="37.602" classname="uk.co.idealflatmate.tests.SignUpBuddy_up"/>
  <testcase name="testSignUpGroupJoin" time="0.0" classname="uk.co.idealflatmate.tests.SignUpBuddy_up">
    <skipped/>
  </testcase> <!-- testSignUpGroupJoin -->
  <testcase name="zSuccesEmailReceivingWelcomeListingMessageSubscriptionCancSub" time="29.597" classname="uk.co.idealflatmate.tests.ZEmailTests">
    <failure type="com.codeborne.selenide.ex.ElementNotFound" message="Element not found {By.xpath: //span[contains(text(), &amp;apos;AM&amp;apos;) or contains(text(), &amp;apos;PM&amp;apos;)]//ancestor::tr//div//span[contains(text(), &amp;apos;Premium Flathunter Subscription created&amp;apos;)]//ancestor::tr//td/div[@role=&amp;apos;checkbox&amp;apos;]}
Expected: visible">
      <![CDATA[Element not found {By.xpath: //span[contains(text(), 'AM') or contains(text(), 'PM')]//ancestor::tr//div//span[contains(text(), 'Premium Flathunter Subscription created')]//ancestor::tr//td/div[@role='checkbox']}
Expected: visible
Screenshot: file:/C:/Users/lukhovytskyi/Documents/GitHub/idealflatmatetest/build/reports/tests/1550669294524.29.png
Page source: file:/C:/Users/lukhovytskyi/Documents/GitHub/idealflatmatetest/build/reports/tests/1550669294524.29.html
Timeout: 6 s.
Caused by: NoSuchElementException: no such element: Unable to locate element: {"method":"xpath","selector":"//span[contains(text(), 'AM') or contains(text(), 'PM')]//ancestor::tr//div//span[contains(text(), 'Premium Flathunter Subscription created')]//ancestor::tr//td/div[@role='checkbox']"}
at com.codeborne.selenide.impl.WebElementSource.createElementNotFoundError(WebElementSource.java:31)
at com.codeborne.selenide.impl.ElementFinder.createElementNotFoundError(ElementFinder.java:82)
at com.codeborne.selenide.impl.WebElementSource.checkCondition(WebElementSource.java:59)
at com.codeborne.selenide.commands.Should.should(Should.java:35)
at com.codeborne.selenide.commands.Should.execute(Should.java:29)
at com.codeborne.selenide.commands.Should.execute(Should.java:12)
at com.codeborne.selenide.commands.Commands.execute(Commands.java:144)
at com.codeborne.selenide.impl.SelenideElementProxy.dispatchAndRetry(SelenideElementProxy.java:87)
at com.codeborne.selenide.impl.SelenideElementProxy.invoke(SelenideElementProxy.java:63)
at com.sun.proxy.$Proxy8.waitUntil(Unknown Source)
at uk.co.idealflatmate.appmanager.EmailHelper.tipCheckboxPremiumFHSubscription(EmailHelper.java:78)
at uk.co.idealflatmate.tests.ZEmailTests.zSuccesEmailReceivingWelcomeListingMessageSubscriptionCancSub(ZEmailTests.java:22)
at com.sun.proxy.$Proxy0.invoke(Unknown Source)
Caused by: org.openqa.selenium.NoSuchElementException: no such element: Unable to locate element: {"method":"xpath","selector":"//span[contains(text(), 'AM') or contains(text(), 'PM')]//ancestor::tr//div//span[contains(text(), 'Premium Flathunter Subscription created')]//ancestor::tr//td/div[@role='checkbox']"}
  (Session info: chrome=72.0.3626.109)
  (Driver info: chromedriver=2.46.628402 (536cd7adbad73a3783fdc2cab92ab2ba7ec361e1),platform=Windows NT 10.0.16299 x86_64) (WARNING: The server did not provide any stacktrace information)
Command duration or timeout: 0 milliseconds
For documentation on this error, please visit: https://www.seleniumhq.org/exceptions/no_such_element.html
Build info: version: '3.141.59', revision: 'e82be7d358', time: '2018-11-14T08:17:03'
System info: host: 'PRIVATE-1074', ip: '10.8.1.74', os.name: 'Windows 10', os.arch: 'amd64', os.version: '10.0', java.version: '1.8.0_152'
Driver info: org.openqa.selenium.chrome.ChromeDriver
Capabilities {acceptInsecureCerts: false, acceptSslCerts: false, applicationCacheEnabled: false, browserConnectionEnabled: false, browserName: chrome, chrome: {chromedriverVersion: 2.46.628402 (536cd7adbad73a..., userDataDir: C:\Users\LUKHOV~1\AppData\L...}, cssSelectorsEnabled: true, databaseEnabled: false, goog:chromeOptions: {debuggerAddress: localhost:57437}, handlesAlerts: true, hasTouchScreen: false, javascriptEnabled: true, locationContextEnabled: true, mobileEmulationEnabled: false, nativeEvents: true, networkConnectionEnabled: false, pageLoadStrategy: normal, platform: XP, platformName: XP, proxy: Proxy(), rotatable: false, setWindowRect: true, strictFileInteractability: false, takesHeapSnapshot: true, takesScreenshot: true, timeouts: {implicit: 0, pageLoad: 300000, script: 30000}, unexpectedAlertBehaviour: ignore, unhandledPromptBehavior: ignore, version: 72.0.3626.109, webStorageEnabled: true}
Session ID: f1f03f7a482344cc4190db24266d5eec
*** Element info: {Using=xpath, value=//span[contains(text(), 'AM') or contains(text(), 'PM')]//ancestor::tr//div//span[contains(text(), 'Premium Flathunter Subscription created')]//ancestor::tr//td/div[@role='checkbox']}
at org.openqa.selenium.remote.ErrorHandler.createThrowable(ErrorHandler.java:214)
at org.openqa.selenium.remote.ErrorHandler.throwIfResponseFailed(ErrorHandler.java:166)
at org.openqa.selenium.remote.http.JsonHttpResponseCodec.reconstructValue(JsonHttpResponseCodec.java:40)
at org.openqa.selenium.remote.http.AbstractHttpResponseCodec.decode(AbstractHttpResponseCodec.java:80)
at org.openqa.selenium.remote.http.AbstractHttpResponseCodec.decode(AbstractHttpResponseCodec.java:44)
at org.openqa.selenium.remote.HttpCommandExecutor.execute(HttpCommandExecutor.java:158)
at org.openqa.selenium.remote.service.DriverCommandExecutor.execute(DriverCommandExecutor.java:83)
at org.openqa.selenium.remote.RemoteWebDriver.execute(RemoteWebDriver.java:552)
at org.openqa.selenium.remote.RemoteWebDriver.findElement(RemoteWebDriver.java:323)
at org.openqa.selenium.remote.RemoteWebDriver.findElementByXPath(RemoteWebDriver.java:428)
at org.openqa.selenium.By$ByXPath.findElement(By.java:353)
at org.openqa.selenium.remote.RemoteWebDriver.findElement(RemoteWebDriver.java:315)
at com.codeborne.selenide.impl.WebElementSelector.findElement(WebElementSelector.java:29)
at com.codeborne.selenide.impl.ElementFinder.getWebElement(ElementFinder.java:56)
at com.codeborne.selenide.impl.WebElementSource.checkCondition(WebElementSource.java:44)
... 43 more
... Removed 36 stack frames]]>
    </failure>
  </testcase> <!-- zSuccesEmailReceivingWelcomeListingMessageSubscriptionCancSub -->
  <testcase name="@AfterSuite tearDown" time="0.0" classname="uk.co.idealflatmate.tests.TestBase">
    <ignored/>
  </testcase> <!-- @AfterSuite tearDown -->
  <testcase name="@AfterSuite tearDown" time="0.0" classname="uk.co.idealflatmate.tests.TestBase">
    <ignored/>
  </testcase> <!-- @AfterSuite tearDown -->
  <testcase name="@AfterSuite tearDown" time="0.0" classname="uk.co.idealflatmate.tests.TestBase">
    <ignored/>
  </testcase> <!-- @AfterSuite tearDown -->
  <testcase name="@AfterSuite tearDown" time="0.0" classname="uk.co.idealflatmate.tests.TestBase">
    <ignored/>
  </testcase> <!-- @AfterSuite tearDown -->
  <testcase name="@AfterSuite tearDown" time="0.0" classname="uk.co.idealflatmate.tests.TestBase">
    <ignored/>
  </testcase> <!-- @AfterSuite tearDown -->
  <testcase name="@AfterSuite tearDown" time="0.0" classname="uk.co.idealflatmate.tests.TestBase">
    <ignored/>
  </testcase> <!-- @AfterSuite tearDown -->
  <testcase name="@AfterSuite tearDown" time="0.0" classname="uk.co.idealflatmate.tests.TestBase">
    <ignored/>
  </testcase> <!-- @AfterSuite tearDown -->
  <testcase name="@AfterSuite tearDown" time="0.0" classname="uk.co.idealflatmate.tests.TestBase">
    <ignored/>
  </testcase> <!-- @AfterSuite tearDown -->
  <testcase name="@AfterSuite tearDown" time="0.0" classname="uk.co.idealflatmate.tests.TestBase">
    <ignored/>
  </testcase> <!-- @AfterSuite tearDown -->
  <testcase name="@AfterSuite tearDown" time="0.0" classname="uk.co.idealflatmate.tests.TestBase">
    <ignored/>
  </testcase> <!-- @AfterSuite tearDown -->
  <testcase name="@AfterSuite tearDown" time="0.0" classname="uk.co.idealflatmate.tests.TestBase">
    <ignored/>
  </testcase> <!-- @AfterSuite tearDown -->
  <testcase name="@AfterSuite tearDown" time="0.0" classname="uk.co.idealflatmate.tests.TestBase">
    <ignored/>
  </testcase> <!-- @AfterSuite tearDown -->
  <testcase name="@AfterSuite tearDown" time="0.0" classname="uk.co.idealflatmate.tests.TestBase">
    <ignored/>
  </testcase> <!-- @AfterSuite tearDown -->
  <testcase name="@AfterSuite tearDown" time="0.0" classname="uk.co.idealflatmate.tests.TestBase">
    <ignored/>
  </testcase> <!-- @AfterSuite tearDown -->
  <testcase name="@AfterSuite tearDown" time="0.0" classname="uk.co.idealflatmate.tests.TestBase">
    <ignored/>
  </testcase> <!-- @AfterSuite tearDown -->
  <testcase name="@AfterSuite tearDown" time="0.0" classname="uk.co.idealflatmate.tests.TestBase">
    <ignored/>
  </testcase> <!-- @AfterSuite tearDown -->
  <testcase name="@BeforeSuite setupClass" time="0.0" classname="uk.co.idealflatmate.tests.TestBase">
    <ignored/>
  </testcase> <!-- @BeforeSuite setupClass -->
  <testcase name="@BeforeSuite setupClass" time="0.0" classname="uk.co.idealflatmate.tests.TestBase">
    <ignored/>
  </testcase> <!-- @BeforeSuite setupClass -->
  <testcase name="@BeforeSuite setupClass" time="0.0" classname="uk.co.idealflatmate.tests.TestBase">
    <ignored/>
  </testcase> <!-- @BeforeSuite setupClass -->
  <testcase name="@BeforeSuite setupClass" time="0.0" classname="uk.co.idealflatmate.tests.TestBase">
    <ignored/>
  </testcase> <!-- @BeforeSuite setupClass -->
  <testcase name="@BeforeSuite setupClass" time="0.0" classname="uk.co.idealflatmate.tests.TestBase">
    <ignored/>
  </testcase> <!-- @BeforeSuite setupClass -->
  <testcase name="@BeforeSuite setupClass" time="0.0" classname="uk.co.idealflatmate.tests.TestBase">
    <ignored/>
  </testcase> <!-- @BeforeSuite setupClass -->
  <testcase name="@BeforeSuite setupClass" time="0.0" classname="uk.co.idealflatmate.tests.TestBase">
    <ignored/>
  </testcase> <!-- @BeforeSuite setupClass -->
  <testcase name="@BeforeSuite setupClass" time="0.0" classname="uk.co.idealflatmate.tests.TestBase">
    <ignored/>
  </testcase> <!-- @BeforeSuite setupClass -->
  <testcase name="@BeforeSuite setupClass" time="0.0" classname="uk.co.idealflatmate.tests.TestBase">
    <ignored/>
  </testcase> <!-- @BeforeSuite setupClass -->
  <testcase name="@BeforeSuite setupClass" time="0.0" classname="uk.co.idealflatmate.tests.TestBase">
    <ignored/>
  </testcase> <!-- @BeforeSuite setupClass -->
  <testcase name="@BeforeSuite setupClass" time="0.0" classname="uk.co.idealflatmate.tests.TestBase">
    <ignored/>
  </testcase> <!-- @BeforeSuite setupClass -->
  <testcase name="@BeforeSuite setupClass" time="0.0" classname="uk.co.idealflatmate.tests.TestBase">
    <ignored/>
  </testcase> <!-- @BeforeSuite setupClass -->
  <testcase name="@BeforeSuite setupClass" time="0.0" classname="uk.co.idealflatmate.tests.TestBase">
    <ignored/>
  </testcase> <!-- @BeforeSuite setupClass -->
  <testcase name="@BeforeSuite setupClass" time="0.0" classname="uk.co.idealflatmate.tests.TestBase">
    <ignored/>
  </testcase> <!-- @BeforeSuite setupClass -->
  <testcase name="@BeforeSuite setupClass" time="0.0" classname="uk.co.idealflatmate.tests.TestBase">
    <ignored/>
  </testcase> <!-- @BeforeSuite setupClass -->
  <testcase name="@BeforeSuite setupClass" time="0.0" classname="uk.co.idealflatmate.tests.TestBase">
    <ignored/>
  </testcase> <!-- @BeforeSuite setupClass -->
</testsuite> <!-- Test1 -->
