<?xml version="1.0" encoding="UTF-8"?>
<!-- Generated by org.testng.reporters.JUnitXMLReporter -->
<testsuite hostname="Private-1074" ignored="0" name="Test1" tests="103" failures="23" timestamp="24 Jan 2019 08:23:17 GMT" time="49707.563" errors="0">
  <testcase name="loginPendingListing" time="54.761" classname="uk.co.idealflatmate.tests.AddListingTests"/>
  <testcase name="loginStartListing" time="22.983" classname="uk.co.idealflatmate.tests.AddListingTests">
    <failure type="com.codeborne.selenide.ex.ElementNotFound" message="Element not found {By.name: Property[area_link_id]}
Expected: visible">
      <![CDATA[Element not found {By.name: Property[area_link_id]}
Expected: visible
Screenshot: file:/C:/Users/lukhovytskyi/Documents/GitHub/idealflatmatetest/build/reports/tests/1548268578888.1.png
Page source: file:/C:/Users/lukhovytskyi/Documents/GitHub/idealflatmatetest/build/reports/tests/1548268578888.1.html
Timeout: 10 s.
Caused by: NoSuchElementException: no such element: Unable to locate element: {"method":"name","selector":"Property[area_link_id]"}
at com.codeborne.selenide.impl.WebElementSource.createElementNotFoundError(WebElementSource.java:31)
at com.codeborne.selenide.impl.ElementFinder.createElementNotFoundError(ElementFinder.java:82)
at com.codeborne.selenide.impl.WebElementSource.checkCondition(WebElementSource.java:59)
at com.codeborne.selenide.impl.WebElementSource.findAndAssertElementIsVisible(WebElementSource.java:72)
at com.codeborne.selenide.commands.Click.execute(Click.java:16)
at com.codeborne.selenide.commands.Click.execute(Click.java:12)
at com.codeborne.selenide.commands.Commands.execute(Commands.java:144)
at com.codeborne.selenide.impl.SelenideElementProxy.dispatchAndRetry(SelenideElementProxy.java:87)
at com.codeborne.selenide.impl.SelenideElementProxy.invoke(SelenideElementProxy.java:63)
at com.sun.proxy.$Proxy5.click(Unknown Source)
at uk.co.idealflatmate.appmanager.MessageHelper.click(MessageHelper.java:43)
at uk.co.idealflatmate.appmanager.AddPropertyHelper.chooseAreaforLondon(AddPropertyHelper.java:70)
at uk.co.idealflatmate.tests.AddListingTests.loginStartListing(AddListingTests.java:28)
at com.sun.proxy.$Proxy0.invoke(Unknown Source)
Caused by: org.openqa.selenium.NoSuchElementException: no such element: Unable to locate element: {"method":"name","selector":"Property[area_link_id]"}
  (Session info: chrome=71.0.3578.98)
  (Driver info: chromedriver=72.0.3626.69 (3c16f8a135abc0d4da2dff33804db79b849a7c38),platform=Windows NT 10.0.16299 x86_64) (WARNING: The server did not provide any stacktrace information)
Command duration or timeout: 0 milliseconds
For documentation on this error, please visit: https://www.seleniumhq.org/exceptions/no_such_element.html
Build info: version: '3.141.59', revision: 'e82be7d358', time: '2018-11-14T08:17:03'
System info: host: 'PRIVATE-1074', ip: '10.8.1.74', os.name: 'Windows 10', os.arch: 'amd64', os.version: '10.0', java.version: '1.8.0_152'
Driver info: org.openqa.selenium.chrome.ChromeDriver
Capabilities {acceptInsecureCerts: false, acceptSslCerts: false, applicationCacheEnabled: false, browserConnectionEnabled: false, browserName: chrome, chrome: {chromedriverVersion: 72.0.3626.69 (3c16f8a135abc..., userDataDir: C:\Users\LUKHOV~1\AppData\L...}, cssSelectorsEnabled: true, databaseEnabled: false, goog:chromeOptions: {debuggerAddress: localhost:64248}, handlesAlerts: true, hasTouchScreen: false, javascriptEnabled: true, locationContextEnabled: true, mobileEmulationEnabled: false, nativeEvents: true, networkConnectionEnabled: false, pageLoadStrategy: normal, platform: XP, platformName: XP, proxy: Proxy(), rotatable: false, setWindowRect: true, takesHeapSnapshot: true, takesScreenshot: true, timeouts: {implicit: 0, pageLoad: 300000, script: 30000}, unexpectedAlertBehaviour: ignore, unhandledPromptBehavior: ignore, version: 71.0.3578.98, webStorageEnabled: true}
Session ID: 2f14fbb1f7457362f5e4b9ef743a8328
*** Element info: {Using=name, value=Property[area_link_id]}
at org.openqa.selenium.remote.ErrorHandler.createThrowable(ErrorHandler.java:214)
at org.openqa.selenium.remote.ErrorHandler.throwIfResponseFailed(ErrorHandler.java:166)
at org.openqa.selenium.remote.http.JsonHttpResponseCodec.reconstructValue(JsonHttpResponseCodec.java:40)
at org.openqa.selenium.remote.http.AbstractHttpResponseCodec.decode(AbstractHttpResponseCodec.java:80)
at org.openqa.selenium.remote.http.AbstractHttpResponseCodec.decode(AbstractHttpResponseCodec.java:44)
at org.openqa.selenium.remote.HttpCommandExecutor.execute(HttpCommandExecutor.java:158)
at org.openqa.selenium.remote.service.DriverCommandExecutor.execute(DriverCommandExecutor.java:83)
at org.openqa.selenium.remote.RemoteWebDriver.execute(RemoteWebDriver.java:552)
at org.openqa.selenium.remote.RemoteWebDriver.findElement(RemoteWebDriver.java:323)
at org.openqa.selenium.remote.RemoteWebDriver.findElementByName(RemoteWebDriver.java:404)
at org.openqa.selenium.By$ByName.findElement(By.java:284)
at org.openqa.selenium.remote.RemoteWebDriver.findElement(RemoteWebDriver.java:315)
at com.codeborne.selenide.impl.WebElementSelector.findElement(WebElementSelector.java:29)
at com.codeborne.selenide.impl.ElementFinder.getWebElement(ElementFinder.java:56)
at com.codeborne.selenide.impl.WebElementSource.checkCondition(WebElementSource.java:44)
... 44 more
... Removed 36 stack frames]]>
    </failure>
  </testcase> <!-- loginStartListing -->
  <testcase name="propertyAddWithAllFields" time="120.643" classname="uk.co.idealflatmate.tests.AddListingTests">
    <failure type="com.codeborne.selenide.ex.ElementShould" message="Element should have text &amp;apos;3 bedrooms for rent in Bankside, South London from ВЈ500/month per room
Property reference &amp;quot;#0018074&amp;quot;&amp;apos; {By.xpath: //section[@id]//h1}
Element: &amp;apos;&amp;lt;h1 class=&amp;quot;h2 u_m0-top u_m20-top-xs u_p20-bottom text-normal u_b-bottom&amp;quot;&amp;gt;3 bedrooms for rent in Bankside, South London from £500/month per room
Property reference &amp;quot;#0018074&amp;quot;&amp;lt;/h1&amp;gt;&amp;apos;">
      <![CDATA[Element should have text '3 bedrooms for rent in Bankside, South London from ВЈ500/month per room
Property reference "#0018074"' {By.xpath: //section[@id]//h1}
Element: '<h1 class="h2 u_m0-top u_m20-top-xs u_p20-bottom text-normal u_b-bottom">3 bedrooms for rent in Bankside, South London from £500/month per room
Property reference "#0018074"</h1>'
Screenshot: file:/C:/Users/lukhovytskyi/Documents/GitHub/idealflatmatetest/build/reports/tests/1548268699211.3.png
Page source: file:/C:/Users/lukhovytskyi/Documents/GitHub/idealflatmatetest/build/reports/tests/1548268699211.3.html
Timeout: 10 s.
at com.codeborne.selenide.impl.WebElementSource.checkCondition(WebElementSource.java:66)
at com.codeborne.selenide.commands.Should.should(Should.java:35)
at com.codeborne.selenide.commands.Should.execute(Should.java:29)
at com.codeborne.selenide.commands.Should.execute(Should.java:12)
at com.codeborne.selenide.commands.Commands.execute(Commands.java:144)
at com.codeborne.selenide.impl.SelenideElementProxy.dispatchAndRetry(SelenideElementProxy.java:87)
at com.codeborne.selenide.impl.SelenideElementProxy.invoke(SelenideElementProxy.java:63)
at com.sun.proxy.$Proxy5.shouldHave(Unknown Source)
at uk.co.idealflatmate.appmanager.VerificationHelper.verifyAddedPropertyWithAllFields(VerificationHelper.java:58)
at uk.co.idealflatmate.tests.AddListingTests.propertyAddWithAllFields(AddListingTests.java:168)
at com.sun.proxy.$Proxy0.invoke(Unknown Source)
... Removed 33 stack frames]]>
    </failure>
  </testcase> <!-- propertyAddWithAllFields -->
  <testcase name="signUpPropertyAdding" time="31.022" classname="uk.co.idealflatmate.tests.AddListingTests">
    <failure type="com.codeborne.selenide.ex.ElementNotFound" message="Element not found {By.xpath: //input[@id=&amp;apos;moreinfosignupform-file&amp;apos;]}
Expected: exist">
      <![CDATA[Element not found {By.xpath: //input[@id='moreinfosignupform-file']}
Expected: exist
Screenshot: file:/C:/Users/lukhovytskyi/Documents/GitHub/idealflatmatetest/build/reports/tests/1548268730686.5.png
Page source: file:/C:/Users/lukhovytskyi/Documents/GitHub/idealflatmatetest/build/reports/tests/1548268730686.5.html
Timeout: 10 s.
Caused by: NoSuchElementException: no such element: Unable to locate element: {"method":"xpath","selector":"//input[@id='moreinfosignupform-file']"}
at com.codeborne.selenide.impl.WebElementSource.createElementNotFoundError(WebElementSource.java:31)
at com.codeborne.selenide.impl.ElementFinder.createElementNotFoundError(ElementFinder.java:82)
at com.codeborne.selenide.impl.SelenideElementProxy.dispatchAndRetry(SelenideElementProxy.java:116)
at com.codeborne.selenide.impl.SelenideElementProxy.invoke(SelenideElementProxy.java:63)
at com.sun.proxy.$Proxy5.uploadFile(Unknown Source)
at uk.co.idealflatmate.appmanager.SignUpHelper.profilePhotoAddJpeg(SignUpHelper.java:107)
at uk.co.idealflatmate.appmanager.SignUpHelper.agentSignListing(SignUpHelper.java:460)
at uk.co.idealflatmate.tests.AddListingTests.signUpPropertyAdding(AddListingTests.java:95)
at com.sun.proxy.$Proxy0.invoke(Unknown Source)
Caused by: org.openqa.selenium.NoSuchElementException: no such element: Unable to locate element: {"method":"xpath","selector":"//input[@id='moreinfosignupform-file']"}
  (Session info: chrome=71.0.3578.98)
  (Driver info: chromedriver=72.0.3626.69 (3c16f8a135abc0d4da2dff33804db79b849a7c38),platform=Windows NT 10.0.16299 x86_64) (WARNING: The server did not provide any stacktrace information)
Command duration or timeout: 0 milliseconds
For documentation on this error, please visit: https://www.seleniumhq.org/exceptions/no_such_element.html
Build info: version: '3.141.59', revision: 'e82be7d358', time: '2018-11-14T08:17:03'
System info: host: 'PRIVATE-1074', ip: '10.8.1.74', os.name: 'Windows 10', os.arch: 'amd64', os.version: '10.0', java.version: '1.8.0_152'
Driver info: org.openqa.selenium.chrome.ChromeDriver
Capabilities {acceptInsecureCerts: false, acceptSslCerts: false, applicationCacheEnabled: false, browserConnectionEnabled: false, browserName: chrome, chrome: {chromedriverVersion: 72.0.3626.69 (3c16f8a135abc..., userDataDir: C:\Users\LUKHOV~1\AppData\L...}, cssSelectorsEnabled: true, databaseEnabled: false, goog:chromeOptions: {debuggerAddress: localhost:65286}, handlesAlerts: true, hasTouchScreen: false, javascriptEnabled: true, locationContextEnabled: true, mobileEmulationEnabled: false, nativeEvents: true, networkConnectionEnabled: false, pageLoadStrategy: normal, platform: XP, platformName: XP, proxy: Proxy(), rotatable: false, setWindowRect: true, takesHeapSnapshot: true, takesScreenshot: true, timeouts: {implicit: 0, pageLoad: 300000, script: 30000}, unexpectedAlertBehaviour: ignore, unhandledPromptBehavior: ignore, version: 71.0.3578.98, webStorageEnabled: true}
Session ID: a038faa2aa85c1c70eb2a14efe7e2bff
*** Element info: {Using=xpath, value=//input[@id='moreinfosignupform-file']}
at org.openqa.selenium.remote.ErrorHandler.createThrowable(ErrorHandler.java:214)
at org.openqa.selenium.remote.ErrorHandler.throwIfResponseFailed(ErrorHandler.java:166)
at org.openqa.selenium.remote.http.JsonHttpResponseCodec.reconstructValue(JsonHttpResponseCodec.java:40)
at org.openqa.selenium.remote.http.AbstractHttpResponseCodec.decode(AbstractHttpResponseCodec.java:80)
at org.openqa.selenium.remote.http.AbstractHttpResponseCodec.decode(AbstractHttpResponseCodec.java:44)
at org.openqa.selenium.remote.HttpCommandExecutor.execute(HttpCommandExecutor.java:158)
at org.openqa.selenium.remote.service.DriverCommandExecutor.execute(DriverCommandExecutor.java:83)
at org.openqa.selenium.remote.RemoteWebDriver.execute(RemoteWebDriver.java:552)
at org.openqa.selenium.remote.RemoteWebDriver.findElement(RemoteWebDriver.java:323)
at org.openqa.selenium.remote.RemoteWebDriver.findElementByXPath(RemoteWebDriver.java:428)
at org.openqa.selenium.By$ByXPath.findElement(By.java:353)
at org.openqa.selenium.remote.RemoteWebDriver.findElement(RemoteWebDriver.java:315)
at com.codeborne.selenide.impl.WebElementSelector.findElement(WebElementSelector.java:29)
at com.codeborne.selenide.impl.ElementFinder.getWebElement(ElementFinder.java:56)
at com.codeborne.selenide.commands.UploadFile.execute(UploadFile.java:28)
at com.codeborne.selenide.commands.UploadFile.execute(UploadFile.java:14)
at com.codeborne.selenide.commands.Commands.execute(Commands.java:144)
at com.codeborne.selenide.impl.SelenideElementProxy.dispatchAndRetry(SelenideElementProxy.java:87)
... 39 more
... Removed 36 stack frames]]>
    </failure>
  </testcase> <!-- signUpPropertyAdding -->
  <testcase name="exploreMoreArea" time="13.622" classname="uk.co.idealflatmate.tests.AreaPageTest"/>
  <testcase name="firstFeaturedHomePageHeader" time="19.263" classname="uk.co.idealflatmate.tests.AreaPageTest"/>
  <testcase name="firstFeaturedLinkArea" time="14.418" classname="uk.co.idealflatmate.tests.AreaPageTest"/>
  <testcase name="firstFeaturedLinkMap" time="13.767" classname="uk.co.idealflatmate.tests.AreaPageTest"/>
  <testcase name="linkFH" time="15.593" classname="uk.co.idealflatmate.tests.AreaPageTest"/>
  <testcase name="seeMoreRooms" time="28.479" classname="uk.co.idealflatmate.tests.AreaPageTest">
    <failure type="com.codeborne.selenide.ex.ElementNotFound" message="Element not found {By.xpath: //span[@class=&amp;apos;map-toggle-button open-map-button&amp;apos;]}
Expected: exist">
      <![CDATA[Element not found {By.xpath: //span[@class='map-toggle-button open-map-button']}
Expected: exist
Screenshot: file:/C:/Users/lukhovytskyi/Documents/GitHub/idealflatmatetest/build/reports/tests/1548268841578.7.png
Page source: file:/C:/Users/lukhovytskyi/Documents/GitHub/idealflatmatetest/build/reports/tests/1548268841578.7.html
Timeout: 10 s.
Caused by: WebDriverException: unknown error: Element <span class="map-toggle-button open-map-button">...</span> is not clickable at point (1835, 497). Other element would receive the click: <div role="dialog" tabindex="-1" id="signupNeedspaceModal" class="modal fade in" style="overflow-y: scroll; display: block;">...</div>
at com.codeborne.selenide.impl.WebElementSource.createElementNotFoundError(WebElementSource.java:31)
at com.codeborne.selenide.impl.ElementFinder.createElementNotFoundError(ElementFinder.java:82)
at com.codeborne.selenide.impl.SelenideElementProxy.dispatchAndRetry(SelenideElementProxy.java:116)
at com.codeborne.selenide.impl.SelenideElementProxy.invoke(SelenideElementProxy.java:63)
at com.sun.proxy.$Proxy5.click(Unknown Source)
at uk.co.idealflatmate.appmanager.AreaPageHelper.mapAreaPageCheck(AreaPageHelper.java:93)
at uk.co.idealflatmate.appmanager.AreaPageHelper.checkLinkSeeMoreRooms(AreaPageHelper.java:75)
at uk.co.idealflatmate.tests.AreaPageTest.seeMoreRooms(AreaPageTest.java:50)
at com.sun.proxy.$Proxy0.invoke(Unknown Source)
Caused by: org.openqa.selenium.WebDriverException: unknown error: Element <span class="map-toggle-button open-map-button">...</span> is not clickable at point (1835, 497). Other element would receive the click: <div role="dialog" tabindex="-1" id="signupNeedspaceModal" class="modal fade in" style="overflow-y: scroll; display: block;">...</div>
  (Session info: chrome=71.0.3578.98)
  (Driver info: chromedriver=72.0.3626.69 (3c16f8a135abc0d4da2dff33804db79b849a7c38),platform=Windows NT 10.0.16299 x86_64) (WARNING: The server did not provide any stacktrace information)
Command duration or timeout: 0 milliseconds
Build info: version: '3.141.59', revision: 'e82be7d358', time: '2018-11-14T08:17:03'
System info: host: 'PRIVATE-1074', ip: '10.8.1.74', os.name: 'Windows 10', os.arch: 'amd64', os.version: '10.0', java.version: '1.8.0_152'
Driver info: org.openqa.selenium.chrome.ChromeDriver
Capabilities {acceptInsecureCerts: false, acceptSslCerts: false, applicationCacheEnabled: false, browserConnectionEnabled: false, browserName: chrome, chrome: {chromedriverVersion: 72.0.3626.69 (3c16f8a135abc..., userDataDir: C:\Users\LUKHOV~1\AppData\L...}, cssSelectorsEnabled: true, databaseEnabled: false, goog:chromeOptions: {debuggerAddress: localhost:49662}, handlesAlerts: true, hasTouchScreen: false, javascriptEnabled: true, locationContextEnabled: true, mobileEmulationEnabled: false, nativeEvents: true, networkConnectionEnabled: false, pageLoadStrategy: normal, platform: XP, platformName: XP, proxy: Proxy(), rotatable: false, setWindowRect: true, takesHeapSnapshot: true, takesScreenshot: true, timeouts: {implicit: 0, pageLoad: 300000, script: 30000}, unexpectedAlertBehaviour: ignore, unhandledPromptBehavior: ignore, version: 71.0.3578.98, webStorageEnabled: true}
Session ID: ada736cd47c5400dfe00d508eafc3a84
at org.openqa.selenium.remote.ErrorHandler.createThrowable(ErrorHandler.java:214)
at org.openqa.selenium.remote.ErrorHandler.throwIfResponseFailed(ErrorHandler.java:166)
at org.openqa.selenium.remote.http.JsonHttpResponseCodec.reconstructValue(JsonHttpResponseCodec.java:40)
at org.openqa.selenium.remote.http.AbstractHttpResponseCodec.decode(AbstractHttpResponseCodec.java:80)
at org.openqa.selenium.remote.http.AbstractHttpResponseCodec.decode(AbstractHttpResponseCodec.java:44)
at org.openqa.selenium.remote.HttpCommandExecutor.execute(HttpCommandExecutor.java:158)
at org.openqa.selenium.remote.service.DriverCommandExecutor.execute(DriverCommandExecutor.java:83)
at org.openqa.selenium.remote.RemoteWebDriver.execute(RemoteWebDriver.java:552)
at org.openqa.selenium.remote.RemoteWebElement.execute(RemoteWebElement.java:285)
at org.openqa.selenium.remote.RemoteWebElement.click(RemoteWebElement.java:84)
at com.codeborne.selenide.commands.Click.click(Click.java:29)
at com.codeborne.selenide.commands.Click.execute(Click.java:16)
at com.codeborne.selenide.commands.Click.execute(Click.java:12)
at com.codeborne.selenide.commands.Commands.execute(Commands.java:144)
at com.codeborne.selenide.impl.SelenideElementProxy.dispatchAndRetry(SelenideElementProxy.java:87)
... 39 more
... Removed 36 stack frames]]>
    </failure>
  </testcase> <!-- seeMoreRooms -->
  <testcase name="footerAboutUsLink" time="3.955" classname="uk.co.idealflatmate.tests.FooterTest"/>
  <testcase name="footerAskLandlord" time="6.294" classname="uk.co.idealflatmate.tests.FooterTest"/>
  <testcase name="footerBlogLink" time="3.945" classname="uk.co.idealflatmate.tests.FooterTest"/>
  <testcase name="footerBrowseFlatsharesLink" time="14.949" classname="uk.co.idealflatmate.tests.FooterTest"/>
  <testcase name="footerBrowseHowItWorksLink" time="10.34" classname="uk.co.idealflatmate.tests.FooterTest"/>
  <testcase name="footerBrowseTipsLink" time="3.774" classname="uk.co.idealflatmate.tests.FooterTest"/>
  <testcase name="footerContactLink" time="3.865" classname="uk.co.idealflatmate.tests.FooterTest"/>
  <testcase name="footerHomeLink" time="4.039" classname="uk.co.idealflatmate.tests.FooterTest"/>
  <testcase name="footerInstagramLink" time="1.864" classname="uk.co.idealflatmate.tests.FooterTest"/>
  <testcase name="footerMediaLink" time="11.201" classname="uk.co.idealflatmate.tests.FooterTest"/>
  <testcase name="footerModern" time="10.847" classname="uk.co.idealflatmate.tests.FooterTest"/>
  <testcase name="footerNLALink" time="14.154" classname="uk.co.idealflatmate.tests.FooterTest"/>
  <testcase name="footerPressLink" time="10.578" classname="uk.co.idealflatmate.tests.FooterTest"/>
  <testcase name="footerPricingLink" time="3.841" classname="uk.co.idealflatmate.tests.FooterTest"/>
  <testcase name="footerStaySafeLink" time="3.154" classname="uk.co.idealflatmate.tests.FooterTest"/>
  <testcase name="footerTwitterLink" time="8.34" classname="uk.co.idealflatmate.tests.FooterTest"/>
  <testcase name="footerYoutubeLink" time="10.315" classname="uk.co.idealflatmate.tests.FooterTest"/>
  <testcase name="amountOfBlocsAndTextOfAreas" time="0.196" classname="uk.co.idealflatmate.tests.HomePageTest"/>
  <testcase name="blogFM" time="2.158" classname="uk.co.idealflatmate.tests.HomePageTest"/>
  <testcase name="blogLandlord" time="8.39" classname="uk.co.idealflatmate.tests.HomePageTest"/>
  <testcase name="findOutMore" time="12.724" classname="uk.co.idealflatmate.tests.HomePageTest"/>
  <testcase name="findStartListing" time="2.361" classname="uk.co.idealflatmate.tests.HomePageTest"/>
  <testcase name="findStartMatchingLink" time="2.06" classname="uk.co.idealflatmate.tests.HomePageTest"/>
  <testcase name="pressLogo" time="1.059" classname="uk.co.idealflatmate.tests.HomePageTest"/>
  <testcase name="completeMatchingFromMenuWithNewUserWithVerifyingPercent" time="22.742" classname="uk.co.idealflatmate.tests.MatchingTests">
    <failure type="com.codeborne.selenide.ex.ElementNotFound" message="Element not found {By.xpath: //input[@id=&amp;apos;moreinfosignupform-file&amp;apos;]}
Expected: exist">
      <![CDATA[Element not found {By.xpath: //input[@id='moreinfosignupform-file']}
Expected: exist
Screenshot: file:/C:/Users/lukhovytskyi/Documents/GitHub/idealflatmatetest/build/reports/tests/1548269038713.9.png
Page source: file:/C:/Users/lukhovytskyi/Documents/GitHub/idealflatmatetest/build/reports/tests/1548269038713.9.html
Timeout: 10 s.
Caused by: NoSuchElementException: no such element: Unable to locate element: {"method":"xpath","selector":"//input[@id='moreinfosignupform-file']"}
at com.codeborne.selenide.impl.WebElementSource.createElementNotFoundError(WebElementSource.java:31)
at com.codeborne.selenide.impl.ElementFinder.createElementNotFoundError(ElementFinder.java:82)
at com.codeborne.selenide.impl.SelenideElementProxy.dispatchAndRetry(SelenideElementProxy.java:116)
at com.codeborne.selenide.impl.SelenideElementProxy.invoke(SelenideElementProxy.java:63)
at com.sun.proxy.$Proxy5.uploadFile(Unknown Source)
at uk.co.idealflatmate.appmanager.SignUpHelper.profilePhotoAddJpeg(SignUpHelper.java:107)
at uk.co.idealflatmate.tests.MatchingTests.completeMatchingFromMenuWithNewUserWithVerifyingPercent(MatchingTests.java:26)
at com.sun.proxy.$Proxy0.invoke(Unknown Source)
Caused by: org.openqa.selenium.NoSuchElementException: no such element: Unable to locate element: {"method":"xpath","selector":"//input[@id='moreinfosignupform-file']"}
  (Session info: chrome=71.0.3578.98)
  (Driver info: chromedriver=72.0.3626.69 (3c16f8a135abc0d4da2dff33804db79b849a7c38),platform=Windows NT 10.0.16299 x86_64) (WARNING: The server did not provide any stacktrace information)
Command duration or timeout: 0 milliseconds
For documentation on this error, please visit: https://www.seleniumhq.org/exceptions/no_such_element.html
Build info: version: '3.141.59', revision: 'e82be7d358', time: '2018-11-14T08:17:03'
System info: host: 'PRIVATE-1074', ip: '10.8.1.74', os.name: 'Windows 10', os.arch: 'amd64', os.version: '10.0', java.version: '1.8.0_152'
Driver info: org.openqa.selenium.chrome.ChromeDriver
Capabilities {acceptInsecureCerts: false, acceptSslCerts: false, applicationCacheEnabled: false, browserConnectionEnabled: false, browserName: chrome, chrome: {chromedriverVersion: 72.0.3626.69 (3c16f8a135abc..., userDataDir: C:\Users\LUKHOV~1\AppData\L...}, cssSelectorsEnabled: true, databaseEnabled: false, goog:chromeOptions: {debuggerAddress: localhost:51031}, handlesAlerts: true, hasTouchScreen: false, javascriptEnabled: true, locationContextEnabled: true, mobileEmulationEnabled: false, nativeEvents: true, networkConnectionEnabled: false, pageLoadStrategy: normal, platform: XP, platformName: XP, proxy: Proxy(), rotatable: false, setWindowRect: true, takesHeapSnapshot: true, takesScreenshot: true, timeouts: {implicit: 0, pageLoad: 300000, script: 30000}, unexpectedAlertBehaviour: ignore, unhandledPromptBehavior: ignore, version: 71.0.3578.98, webStorageEnabled: true}
Session ID: 5aa527c28c480cf6fd954badb5262ea2
*** Element info: {Using=xpath, value=//input[@id='moreinfosignupform-file']}
at org.openqa.selenium.remote.ErrorHandler.createThrowable(ErrorHandler.java:214)
at org.openqa.selenium.remote.ErrorHandler.throwIfResponseFailed(ErrorHandler.java:166)
at org.openqa.selenium.remote.http.JsonHttpResponseCodec.reconstructValue(JsonHttpResponseCodec.java:40)
at org.openqa.selenium.remote.http.AbstractHttpResponseCodec.decode(AbstractHttpResponseCodec.java:80)
at org.openqa.selenium.remote.http.AbstractHttpResponseCodec.decode(AbstractHttpResponseCodec.java:44)
at org.openqa.selenium.remote.HttpCommandExecutor.execute(HttpCommandExecutor.java:158)
at org.openqa.selenium.remote.service.DriverCommandExecutor.execute(DriverCommandExecutor.java:83)
at org.openqa.selenium.remote.RemoteWebDriver.execute(RemoteWebDriver.java:552)
at org.openqa.selenium.remote.RemoteWebDriver.findElement(RemoteWebDriver.java:323)
at org.openqa.selenium.remote.RemoteWebDriver.findElementByXPath(RemoteWebDriver.java:428)
at org.openqa.selenium.By$ByXPath.findElement(By.java:353)
at org.openqa.selenium.remote.RemoteWebDriver.findElement(RemoteWebDriver.java:315)
at com.codeborne.selenide.impl.WebElementSelector.findElement(WebElementSelector.java:29)
at com.codeborne.selenide.impl.ElementFinder.getWebElement(ElementFinder.java:56)
at com.codeborne.selenide.commands.UploadFile.execute(UploadFile.java:28)
at com.codeborne.selenide.commands.UploadFile.execute(UploadFile.java:14)
at com.codeborne.selenide.commands.Commands.execute(Commands.java:144)
at com.codeborne.selenide.impl.SelenideElementProxy.dispatchAndRetry(SelenideElementProxy.java:87)
... 38 more
... Removed 36 stack frames]]>
    </failure>
  </testcase> <!-- completeMatchingFromMenuWithNewUserWithVerifyingPercent -->
  <testcase name="startMatchingOnFMSearchPage" time="18.375" classname="uk.co.idealflatmate.tests.MatchingTests"/>
  <testcase name="startMatchingOnPropertyCard" time="25.157" classname="uk.co.idealflatmate.tests.MatchingTests"/>
  <testcase name="startMatchingQuizPropertyPage" time="14.35" classname="uk.co.idealflatmate.tests.MatchingTests"/>
  <testcase name="FmWithoutSubsToLandlordWithoutSubsWithListFromList" time="42.326" classname="uk.co.idealflatmate.tests.MessagesTest"/>
  <testcase name="answMesFmWithoutSubsToFM" time="17.403" classname="uk.co.idealflatmate.tests.MessagesTest"/>
  <testcase name="answMesLandlToPremFHWithoutSubs" time="21.699" classname="uk.co.idealflatmate.tests.MessagesTest">
    <failure type="com.codeborne.selenide.ex.ElementNotFound" message="Element not found {By.xpath: //button[@class=&amp;apos;btn btn-sm btn-close close js-close-notify-matching&amp;apos;]}
Expected: exist">
      <![CDATA[Element not found {By.xpath: //button[@class='btn btn-sm btn-close close js-close-notify-matching']}
Expected: exist
Screenshot: file:/C:/Users/lukhovytskyi/Documents/GitHub/idealflatmatetest/build/reports/tests/1548269186455.11.png
Page source: file:/C:/Users/lukhovytskyi/Documents/GitHub/idealflatmatetest/build/reports/tests/1548269186455.11.html
Timeout: 10 s.
Caused by: WebDriverException: unknown error: Element <button class="btn btn-sm btn-close close js-close-notify-matching" data-dismiss="modal" aria-label="Close">...</button> is not clickable at point (1143, 395). Other element would receive the click: <div class="u_p10-bottom">...</div>
at com.codeborne.selenide.impl.WebElementSource.createElementNotFoundError(WebElementSource.java:31)
at com.codeborne.selenide.impl.ElementFinder.createElementNotFoundError(ElementFinder.java:82)
at com.codeborne.selenide.impl.SelenideElementProxy.dispatchAndRetry(SelenideElementProxy.java:116)
at com.codeborne.selenide.impl.SelenideElementProxy.invoke(SelenideElementProxy.java:63)
at com.sun.proxy.$Proxy5.click(Unknown Source)
at uk.co.idealflatmate.appmanager.HelperBase.closeMatchPopUp(HelperBase.java:42)
at uk.co.idealflatmate.tests.MessagesTest.answMesLandlToPremFHWithoutSubs(MessagesTest.java:92)
at com.sun.proxy.$Proxy0.invoke(Unknown Source)
Caused by: org.openqa.selenium.WebDriverException: unknown error: Element <button class="btn btn-sm btn-close close js-close-notify-matching" data-dismiss="modal" aria-label="Close">...</button> is not clickable at point (1143, 395). Other element would receive the click: <div class="u_p10-bottom">...</div>
  (Session info: chrome=71.0.3578.98)
  (Driver info: chromedriver=72.0.3626.69 (3c16f8a135abc0d4da2dff33804db79b849a7c38),platform=Windows NT 10.0.16299 x86_64) (WARNING: The server did not provide any stacktrace information)
Command duration or timeout: 0 milliseconds
Build info: version: '3.141.59', revision: 'e82be7d358', time: '2018-11-14T08:17:03'
System info: host: 'PRIVATE-1074', ip: '10.8.1.74', os.name: 'Windows 10', os.arch: 'amd64', os.version: '10.0', java.version: '1.8.0_152'
Driver info: org.openqa.selenium.chrome.ChromeDriver
Capabilities {acceptInsecureCerts: false, acceptSslCerts: false, applicationCacheEnabled: false, browserConnectionEnabled: false, browserName: chrome, chrome: {chromedriverVersion: 72.0.3626.69 (3c16f8a135abc..., userDataDir: C:\Users\LUKHOV~1\AppData\L...}, cssSelectorsEnabled: true, databaseEnabled: false, goog:chromeOptions: {debuggerAddress: localhost:51499}, handlesAlerts: true, hasTouchScreen: false, javascriptEnabled: true, locationContextEnabled: true, mobileEmulationEnabled: false, nativeEvents: true, networkConnectionEnabled: false, pageLoadStrategy: normal, platform: XP, platformName: XP, proxy: Proxy(), rotatable: false, setWindowRect: true, takesHeapSnapshot: true, takesScreenshot: true, timeouts: {implicit: 0, pageLoad: 300000, script: 30000}, unexpectedAlertBehaviour: ignore, unhandledPromptBehavior: ignore, version: 71.0.3578.98, webStorageEnabled: true}
Session ID: cd92c048c5f363603275ce52ccf94186
at org.openqa.selenium.remote.ErrorHandler.createThrowable(ErrorHandler.java:214)
at org.openqa.selenium.remote.ErrorHandler.throwIfResponseFailed(ErrorHandler.java:166)
at org.openqa.selenium.remote.http.JsonHttpResponseCodec.reconstructValue(JsonHttpResponseCodec.java:40)
at org.openqa.selenium.remote.http.AbstractHttpResponseCodec.decode(AbstractHttpResponseCodec.java:80)
at org.openqa.selenium.remote.http.AbstractHttpResponseCodec.decode(AbstractHttpResponseCodec.java:44)
at org.openqa.selenium.remote.HttpCommandExecutor.execute(HttpCommandExecutor.java:158)
at org.openqa.selenium.remote.service.DriverCommandExecutor.execute(DriverCommandExecutor.java:83)
at org.openqa.selenium.remote.RemoteWebDriver.execute(RemoteWebDriver.java:552)
at org.openqa.selenium.remote.RemoteWebElement.execute(RemoteWebElement.java:285)
at org.openqa.selenium.remote.RemoteWebElement.click(RemoteWebElement.java:84)
at com.codeborne.selenide.commands.Click.click(Click.java:29)
at com.codeborne.selenide.commands.Click.execute(Click.java:16)
at com.codeborne.selenide.commands.Click.execute(Click.java:12)
at com.codeborne.selenide.commands.Commands.execute(Commands.java:144)
at com.codeborne.selenide.impl.SelenideElementProxy.dispatchAndRetry(SelenideElementProxy.java:87)
... 38 more
... Removed 36 stack frames]]>
    </failure>
  </testcase> <!-- answMesLandlToPremFHWithoutSubs -->
  <testcase name="fmWithoutSubsTolordWithoutSubsWithListFromFMpage" time="22.756" classname="uk.co.idealflatmate.tests.MessagesTest"/>
  <testcase name="landlWithSubsToFM" time="14.253" classname="uk.co.idealflatmate.tests.MessagesTest"/>
  <testcase name="landlordWithoutSubsToFM" time="21.299" classname="uk.co.idealflatmate.tests.MessagesTest"/>
  <testcase name="premFmToLandlWithoutSubsWithListFromSearch" time="20.1" classname="uk.co.idealflatmate.tests.MessagesTest"/>
  <testcase name="readMessageByLandlWithoutSubsn" time="14.881" classname="uk.co.idealflatmate.tests.MessagesTest"/>
  <testcase name="AbilityToSeePhone" time="19.472" classname="uk.co.idealflatmate.tests.PaymentTests"/>
  <testcase name="GoPremiumFHPaymentOnMessage" time="18.672" classname="uk.co.idealflatmate.tests.PaymentTests"/>
  <testcase name="GoPremiumFHPaymentOnPhone" time="19.849" classname="uk.co.idealflatmate.tests.PaymentTests"/>
  <testcase name="agentProfWorldPay" time="42.005" classname="uk.co.idealflatmate.tests.PaymentTests">
    <failure type="com.codeborne.selenide.ex.ElementNotFound" message="Element not found {By.xpath: //form[@id=&amp;apos;ProfessionalPaymentForm&amp;apos;]//select[@id=&amp;apos;paymentform-type_id&amp;apos;]}
Expected: exist">
      <![CDATA[Element not found {By.xpath: //form[@id='ProfessionalPaymentForm']//select[@id='paymentform-type_id']}
Expected: exist
Screenshot: file:/C:/Users/lukhovytskyi/Documents/GitHub/idealflatmatetest/build/reports/tests/1548269386663.13.png
Page source: file:/C:/Users/lukhovytskyi/Documents/GitHub/idealflatmatetest/build/reports/tests/1548269386663.13.html
Timeout: 10 s.
Caused by: NoSuchElementException: Cannot locate option containing text: 1 month - ВЈ34.99
at com.codeborne.selenide.impl.WebElementSource.createElementNotFoundError(WebElementSource.java:31)
at com.codeborne.selenide.impl.ElementFinder.createElementNotFoundError(ElementFinder.java:82)
at com.codeborne.selenide.impl.SelenideElementProxy.dispatchAndRetry(SelenideElementProxy.java:116)
at com.codeborne.selenide.impl.SelenideElementProxy.invoke(SelenideElementProxy.java:63)
at com.sun.proxy.$Proxy5.selectOptionContainingText(Unknown Source)
at uk.co.idealflatmate.appmanager.PaymentsHelper.verificationPrice(PaymentsHelper.java:113)
at uk.co.idealflatmate.tests.PaymentTests.agentProfWorldPay(PaymentTests.java:288)
at com.sun.proxy.$Proxy0.invoke(Unknown Source)
Caused by: org.openqa.selenium.NoSuchElementException: Cannot locate option containing text: 1 month - ВЈ34.99
For documentation on this error, please visit: https://www.seleniumhq.org/exceptions/no_such_element.html
Build info: version: '3.141.59', revision: 'e82be7d358', time: '2018-11-14T08:17:03'
System info: host: 'PRIVATE-1074', ip: '10.8.1.74', os.name: 'Windows 10', os.arch: 'amd64', os.version: '10.0', java.version: '1.8.0_152'
Driver info: driver.version: unknown
at com.codeborne.selenide.commands.SelectOptionContainingText.execute(SelectOptionContainingText.java:25)
at com.codeborne.selenide.commands.SelectOptionContainingText.execute(SelectOptionContainingText.java:14)
at com.codeborne.selenide.commands.Commands.execute(Commands.java:144)
at com.codeborne.selenide.impl.SelenideElementProxy.dispatchAndRetry(SelenideElementProxy.java:87)
... 38 more
... Removed 33 stack frames]]>
    </failure>
  </testcase> <!-- agentProfWorldPay -->
  <testcase name="lordInWorldPaidListingProf" time="70.161" classname="uk.co.idealflatmate.tests.PaymentTests">
    <failure type="com.codeborne.selenide.ex.ElementNotFound" message="Element not found {By.xpath: //form[@id=&amp;apos;ProfessionalPaymentForm&amp;apos;]//select[@id=&amp;apos;paymentform-type_id&amp;apos;]}
Expected: exist">
      <![CDATA[Element not found {By.xpath: //form[@id='ProfessionalPaymentForm']//select[@id='paymentform-type_id']}
Expected: exist
Screenshot: file:/C:/Users/lukhovytskyi/Documents/GitHub/idealflatmatetest/build/reports/tests/1548269456760.15.png
Page source: file:/C:/Users/lukhovytskyi/Documents/GitHub/idealflatmatetest/build/reports/tests/1548269456760.15.html
Timeout: 10 s.
Caused by: NoSuchElementException: Cannot locate option containing text: 1 month - ВЈ44.99
at com.codeborne.selenide.impl.WebElementSource.createElementNotFoundError(WebElementSource.java:31)
at com.codeborne.selenide.impl.ElementFinder.createElementNotFoundError(ElementFinder.java:82)
at com.codeborne.selenide.impl.SelenideElementProxy.dispatchAndRetry(SelenideElementProxy.java:116)
at com.codeborne.selenide.impl.SelenideElementProxy.invoke(SelenideElementProxy.java:63)
at com.sun.proxy.$Proxy5.selectOptionContainingText(Unknown Source)
at uk.co.idealflatmate.appmanager.PaymentsHelper.verificationPrice(PaymentsHelper.java:113)
at uk.co.idealflatmate.tests.PaymentTests.lordInWorldPaidListingProf(PaymentTests.java:237)
at com.sun.proxy.$Proxy0.invoke(Unknown Source)
Caused by: org.openqa.selenium.NoSuchElementException: Cannot locate option containing text: 1 month - ВЈ44.99
For documentation on this error, please visit: https://www.seleniumhq.org/exceptions/no_such_element.html
Build info: version: '3.141.59', revision: 'e82be7d358', time: '2018-11-14T08:17:03'
System info: host: 'PRIVATE-1074', ip: '10.8.1.74', os.name: 'Windows 10', os.arch: 'amd64', os.version: '10.0', java.version: '1.8.0_152'
Driver info: driver.version: unknown
at com.codeborne.selenide.commands.SelectOptionContainingText.execute(SelectOptionContainingText.java:25)
at com.codeborne.selenide.commands.SelectOptionContainingText.execute(SelectOptionContainingText.java:14)
at com.codeborne.selenide.commands.Commands.execute(Commands.java:144)
at com.codeborne.selenide.impl.SelenideElementProxy.dispatchAndRetry(SelenideElementProxy.java:87)
... 38 more
... Removed 33 stack frames]]>
    </failure>
  </testcase> <!-- lordInWorldPaidListingProf -->
  <testcase name="lordInWorldPaylistingEssen" time="72.928" classname="uk.co.idealflatmate.tests.PaymentTests">
    <failure type="com.codeborne.selenide.ex.ElementNotFound" message="Element not found {By.xpath: //form[@id=&amp;apos;EssentialPaymentForm&amp;apos;]//select[@id=&amp;apos;paymentform-type_id&amp;apos;]}
Expected: exist">
      <![CDATA[Element not found {By.xpath: //form[@id='EssentialPaymentForm']//select[@id='paymentform-type_id']}
Expected: exist
Screenshot: file:/C:/Users/lukhovytskyi/Documents/GitHub/idealflatmatetest/build/reports/tests/1548269529628.17.png
Page source: file:/C:/Users/lukhovytskyi/Documents/GitHub/idealflatmatetest/build/reports/tests/1548269529628.17.html
Timeout: 10 s.
Caused by: NoSuchElementException: Cannot locate option containing text: 1 month Essentials - ВЈ16.99
at com.codeborne.selenide.impl.WebElementSource.createElementNotFoundError(WebElementSource.java:31)
at com.codeborne.selenide.impl.ElementFinder.createElementNotFoundError(ElementFinder.java:82)
at com.codeborne.selenide.impl.SelenideElementProxy.dispatchAndRetry(SelenideElementProxy.java:116)
at com.codeborne.selenide.impl.SelenideElementProxy.invoke(SelenideElementProxy.java:63)
at com.sun.proxy.$Proxy5.selectOptionContainingText(Unknown Source)
at uk.co.idealflatmate.appmanager.PaymentsHelper.verificationPrice(PaymentsHelper.java:113)
at uk.co.idealflatmate.tests.PaymentTests.lordInWorldPaylistingEssen(PaymentTests.java:126)
at com.sun.proxy.$Proxy0.invoke(Unknown Source)
Caused by: org.openqa.selenium.NoSuchElementException: Cannot locate option containing text: 1 month Essentials - ВЈ16.99
For documentation on this error, please visit: https://www.seleniumhq.org/exceptions/no_such_element.html
Build info: version: '3.141.59', revision: 'e82be7d358', time: '2018-11-14T08:17:03'
System info: host: 'PRIVATE-1074', ip: '10.8.1.74', os.name: 'Windows 10', os.arch: 'amd64', os.version: '10.0', java.version: '1.8.0_152'
Driver info: driver.version: unknown
at com.codeborne.selenide.commands.SelectOptionContainingText.execute(SelectOptionContainingText.java:25)
at com.codeborne.selenide.commands.SelectOptionContainingText.execute(SelectOptionContainingText.java:14)
at com.codeborne.selenide.commands.Commands.execute(Commands.java:144)
at com.codeborne.selenide.impl.SelenideElementProxy.dispatchAndRetry(SelenideElementProxy.java:87)
... 38 more
... Removed 33 stack frames]]>
    </failure>
  </testcase> <!-- lordInWorldPaylistingEssen -->
  <testcase name="lordOutWorldPaylistingPrem" time="75.576" classname="uk.co.idealflatmate.tests.PaymentTests">
    <failure type="com.codeborne.selenide.ex.ElementNotFound" message="Element not found {By.xpath: //form[@id=&amp;apos;PremiumPaymentForm&amp;apos;]//select[@id=&amp;apos;paymentform-type_id&amp;apos;]}
Expected: exist">
      <![CDATA[Element not found {By.xpath: //form[@id='PremiumPaymentForm']//select[@id='paymentform-type_id']}
Expected: exist
Screenshot: file:/C:/Users/lukhovytskyi/Documents/GitHub/idealflatmatetest/build/reports/tests/1548269605239.19.png
Page source: file:/C:/Users/lukhovytskyi/Documents/GitHub/idealflatmatetest/build/reports/tests/1548269605239.19.html
Timeout: 10 s.
Caused by: NoSuchElementException: Cannot locate option containing text: 1 week Premium - ВЈ12.99
at com.codeborne.selenide.impl.WebElementSource.createElementNotFoundError(WebElementSource.java:31)
at com.codeborne.selenide.impl.ElementFinder.createElementNotFoundError(ElementFinder.java:82)
at com.codeborne.selenide.impl.SelenideElementProxy.dispatchAndRetry(SelenideElementProxy.java:116)
at com.codeborne.selenide.impl.SelenideElementProxy.invoke(SelenideElementProxy.java:63)
at com.sun.proxy.$Proxy5.selectOptionContainingText(Unknown Source)
at uk.co.idealflatmate.appmanager.PaymentsHelper.verificationPrice(PaymentsHelper.java:113)
at uk.co.idealflatmate.tests.PaymentTests.lordOutWorldPaylistingPrem(PaymentTests.java:184)
at com.sun.proxy.$Proxy0.invoke(Unknown Source)
Caused by: org.openqa.selenium.NoSuchElementException: Cannot locate option containing text: 1 week Premium - ВЈ12.99
For documentation on this error, please visit: https://www.seleniumhq.org/exceptions/no_such_element.html
Build info: version: '3.141.59', revision: 'e82be7d358', time: '2018-11-14T08:17:03'
System info: host: 'PRIVATE-1074', ip: '10.8.1.74', os.name: 'Windows 10', os.arch: 'amd64', os.version: '10.0', java.version: '1.8.0_152'
Driver info: driver.version: unknown
at com.codeborne.selenide.commands.SelectOptionContainingText.execute(SelectOptionContainingText.java:25)
at com.codeborne.selenide.commands.SelectOptionContainingText.execute(SelectOptionContainingText.java:14)
at com.codeborne.selenide.commands.Commands.execute(Commands.java:144)
at com.codeborne.selenide.impl.SelenideElementProxy.dispatchAndRetry(SelenideElementProxy.java:87)
... 38 more
... Removed 33 stack frames]]>
    </failure>
  </testcase> <!-- lordOutWorldPaylistingPrem -->
  <testcase name="premiumFHPaymentWorldPay" time="29.79" classname="uk.co.idealflatmate.tests.PaymentTests">
    <failure type="com.codeborne.selenide.ex.ElementNotFound" message="Element not found {By.xpath: //input[@id=&amp;apos;moreinfosignupform-file&amp;apos;]}
Expected: exist">
      <![CDATA[Element not found {By.xpath: //input[@id='moreinfosignupform-file']}
Expected: exist
Screenshot: file:/C:/Users/lukhovytskyi/Documents/GitHub/idealflatmatetest/build/reports/tests/1548269635212.21.png
Page source: file:/C:/Users/lukhovytskyi/Documents/GitHub/idealflatmatetest/build/reports/tests/1548269635212.21.html
Timeout: 10 s.
Caused by: NoSuchElementException: no such element: Unable to locate element: {"method":"xpath","selector":"//input[@id='moreinfosignupform-file']"}
at com.codeborne.selenide.impl.WebElementSource.createElementNotFoundError(WebElementSource.java:31)
at com.codeborne.selenide.impl.ElementFinder.createElementNotFoundError(ElementFinder.java:82)
at com.codeborne.selenide.impl.SelenideElementProxy.dispatchAndRetry(SelenideElementProxy.java:116)
at com.codeborne.selenide.impl.SelenideElementProxy.invoke(SelenideElementProxy.java:63)
at com.sun.proxy.$Proxy5.uploadFile(Unknown Source)
at uk.co.idealflatmate.appmanager.SignUpHelper.profilePhotoAddJpeg(SignUpHelper.java:107)
at uk.co.idealflatmate.appmanager.SignUpHelper.MoreAboutYou(SignUpHelper.java:405)
at uk.co.idealflatmate.tests.PaymentTests.premiumFHPaymentWorldPay(PaymentTests.java:71)
at com.sun.proxy.$Proxy0.invoke(Unknown Source)
Caused by: org.openqa.selenium.NoSuchElementException: no such element: Unable to locate element: {"method":"xpath","selector":"//input[@id='moreinfosignupform-file']"}
  (Session info: chrome=71.0.3578.98)
  (Driver info: chromedriver=72.0.3626.69 (3c16f8a135abc0d4da2dff33804db79b849a7c38),platform=Windows NT 10.0.16299 x86_64) (WARNING: The server did not provide any stacktrace information)
Command duration or timeout: 0 milliseconds
For documentation on this error, please visit: https://www.seleniumhq.org/exceptions/no_such_element.html
Build info: version: '3.141.59', revision: 'e82be7d358', time: '2018-11-14T08:17:03'
System info: host: 'PRIVATE-1074', ip: '10.8.1.74', os.name: 'Windows 10', os.arch: 'amd64', os.version: '10.0', java.version: '1.8.0_152'
Driver info: org.openqa.selenium.chrome.ChromeDriver
Capabilities {acceptInsecureCerts: false, acceptSslCerts: false, applicationCacheEnabled: false, browserConnectionEnabled: false, browserName: chrome, chrome: {chromedriverVersion: 72.0.3626.69 (3c16f8a135abc..., userDataDir: C:\Users\LUKHOV~1\AppData\L...}, cssSelectorsEnabled: true, databaseEnabled: false, goog:chromeOptions: {debuggerAddress: localhost:52525}, handlesAlerts: true, hasTouchScreen: false, javascriptEnabled: true, locationContextEnabled: true, mobileEmulationEnabled: false, nativeEvents: true, networkConnectionEnabled: false, pageLoadStrategy: normal, platform: XP, platformName: XP, proxy: Proxy(), rotatable: false, setWindowRect: true, takesHeapSnapshot: true, takesScreenshot: true, timeouts: {implicit: 0, pageLoad: 300000, script: 30000}, unexpectedAlertBehaviour: ignore, unhandledPromptBehavior: ignore, version: 71.0.3578.98, webStorageEnabled: true}
Session ID: b0bff5a6236a214007a628e1408ba064
*** Element info: {Using=xpath, value=//input[@id='moreinfosignupform-file']}
at org.openqa.selenium.remote.ErrorHandler.createThrowable(ErrorHandler.java:214)
at org.openqa.selenium.remote.ErrorHandler.throwIfResponseFailed(ErrorHandler.java:166)
at org.openqa.selenium.remote.http.JsonHttpResponseCodec.reconstructValue(JsonHttpResponseCodec.java:40)
at org.openqa.selenium.remote.http.AbstractHttpResponseCodec.decode(AbstractHttpResponseCodec.java:80)
at org.openqa.selenium.remote.http.AbstractHttpResponseCodec.decode(AbstractHttpResponseCodec.java:44)
at org.openqa.selenium.remote.HttpCommandExecutor.execute(HttpCommandExecutor.java:158)
at org.openqa.selenium.remote.service.DriverCommandExecutor.execute(DriverCommandExecutor.java:83)
at org.openqa.selenium.remote.RemoteWebDriver.execute(RemoteWebDriver.java:552)
at org.openqa.selenium.remote.RemoteWebDriver.findElement(RemoteWebDriver.java:323)
at org.openqa.selenium.remote.RemoteWebDriver.findElementByXPath(RemoteWebDriver.java:428)
at org.openqa.selenium.By$ByXPath.findElement(By.java:353)
at org.openqa.selenium.remote.RemoteWebDriver.findElement(RemoteWebDriver.java:315)
at com.codeborne.selenide.impl.WebElementSelector.findElement(WebElementSelector.java:29)
at com.codeborne.selenide.impl.ElementFinder.getWebElement(ElementFinder.java:56)
at com.codeborne.selenide.commands.UploadFile.execute(UploadFile.java:28)
at com.codeborne.selenide.commands.UploadFile.execute(UploadFile.java:14)
at com.codeborne.selenide.commands.Commands.execute(Commands.java:144)
at com.codeborne.selenide.impl.SelenideElementProxy.dispatchAndRetry(SelenideElementProxy.java:87)
... 39 more
... Removed 36 stack frames]]>
    </failure>
  </testcase> <!-- premiumFHPaymentWorldPay -->
  <testcase name="applyAdvancedFiltersDefault" time="53.142" classname="uk.co.idealflatmate.tests.SearchFMPageTests">
    <failure type="java.lang.AssertionError" message="null">
      <![CDATA[java.lang.AssertionError: null
at uk.co.idealflatmate.appmanager.SearchHelperFM.activeAgeFM(SearchHelperFM.java:160)
at uk.co.idealflatmate.tests.SearchFMPageTests.applyAdvancedFiltersDefault(SearchFMPageTests.java:116)
at com.sun.proxy.$Proxy0.invoke(Unknown Source)
... Removed 36 stack frames]]>
    </failure>
  </testcase> <!-- applyAdvancedFiltersDefault -->
  <testcase name="applyMoreFilters" time="20.093" classname="uk.co.idealflatmate.tests.SearchFMPageTests"/>
  <testcase name="applyMoreFiltersPhotoNoList" time="23.225" classname="uk.co.idealflatmate.tests.SearchFMPageTests"/>
  <testcase name="applyMoreFiltersPhotoWithList" time="19.551" classname="uk.co.idealflatmate.tests.SearchFMPageTests"/>
  <testcase name="fmSearchBy" time="8.163" classname="uk.co.idealflatmate.tests.SearchFMPageTests"/>
  <testcase name="searchPagination" time="26.675" classname="uk.co.idealflatmate.tests.SearchFMPageTests"/>
  <testcase name="sortListingLoggedIn" time="44.16" classname="uk.co.idealflatmate.tests.SearchFMPageTests"/>
  <testcase name="TestSearchHomeByEnter" time="8.75" classname="uk.co.idealflatmate.tests.SearchHomePageTests"/>
  <testcase name="searchHomeByButton" time="10.178" classname="uk.co.idealflatmate.tests.SearchHomePageTests"/>
  <testcase name="searchHomeIDProperty" time="10.738" classname="uk.co.idealflatmate.tests.SearchHomePageTests"/>
  <testcase name="searchHomeLocationFromList" time="8.494" classname="uk.co.idealflatmate.tests.SearchHomePageTests"/>
  <testcase name="searchHomePartOfLocationName" time="9.532" classname="uk.co.idealflatmate.tests.SearchHomePageTests"/>
  <testcase name="applyAdvancedFiltersDefault" time="58.817" classname="uk.co.idealflatmate.tests.SearchPropertiesPageTests"/>
  <testcase name="applyMoreFilters" time="12.4" classname="uk.co.idealflatmate.tests.SearchPropertiesPageTests"/>
  <testcase name="propertySearchByDropDown" time="9.232" classname="uk.co.idealflatmate.tests.SearchPropertiesPageTests"/>
  <testcase name="searchEastLDNPagination" time="28.677" classname="uk.co.idealflatmate.tests.SearchPropertiesPageTests"/>
  <testcase name="searchPagination" time="30.161" classname="uk.co.idealflatmate.tests.SearchPropertiesPageTests"/>
  <testcase name="searchZone1Pagination" time="15.435" classname="uk.co.idealflatmate.tests.SearchPropertiesPageTests"/>
  <testcase name="sortListing" time="41.343" classname="uk.co.idealflatmate.tests.SearchPropertiesPageTests"/>
  <testcase name="sortListingWith2Rooms" time="9.023" classname="uk.co.idealflatmate.tests.SearchPropertiesPageTests"/>
  <testcase name="messagePropertySignUpHomePage" time="61.367" classname="uk.co.idealflatmate.tests.SignUpLikeOrMessage">
    <failure type="com.codeborne.selenide.ex.ElementShould" message="Element should have text &amp;apos;About me
Ronald, 59 is a female looking for a room.
Maximum budget: ВЈ2500/month
Ready to move in: Immediately&amp;apos; {By.xpath: //div[starts-with(@class,&amp;apos;col-sm-8&amp;apos;)]}
Element: &amp;apos;&amp;lt;div class=&amp;quot;col-sm-8&amp;quot;&amp;gt;About me
Ronald, 59 is a female looking for a room.
Maximum budget: £2500/month
Ready to move in: Immediately&amp;lt;/div&amp;gt;&amp;apos;">
      <![CDATA[Element should have text 'About me
Ronald, 59 is a female looking for a room.
Maximum budget: ВЈ2500/month
Ready to move in: Immediately' {By.xpath: //div[starts-with(@class,'col-sm-8')]}
Element: '<div class="col-sm-8">About me
Ronald, 59 is a female looking for a room.
Maximum budget: £2500/month
Ready to move in: Immediately</div>'
Screenshot: file:/C:/Users/lukhovytskyi/Documents/GitHub/idealflatmatetest/build/reports/tests/1548270171588.23.png
Page source: file:/C:/Users/lukhovytskyi/Documents/GitHub/idealflatmatetest/build/reports/tests/1548270171588.23.html
Timeout: 10 s.
at com.codeborne.selenide.impl.WebElementSource.checkCondition(WebElementSource.java:66)
at com.codeborne.selenide.commands.Should.should(Should.java:35)
at com.codeborne.selenide.commands.Should.execute(Should.java:29)
at com.codeborne.selenide.commands.Should.execute(Should.java:12)
at com.codeborne.selenide.commands.Commands.execute(Commands.java:144)
at com.codeborne.selenide.impl.SelenideElementProxy.dispatchAndRetry(SelenideElementProxy.java:87)
at com.codeborne.selenide.impl.SelenideElementProxy.invoke(SelenideElementProxy.java:63)
at com.sun.proxy.$Proxy5.shouldHave(Unknown Source)
at uk.co.idealflatmate.appmanager.VerificationHelper.verificationDataProfileFMListing(VerificationHelper.java:125)
at uk.co.idealflatmate.tests.SignUpLikeOrMessage.messagePropertySignUpHomePage(SignUpLikeOrMessage.java:83)
at com.sun.proxy.$Proxy0.invoke(Unknown Source)
... Removed 33 stack frames]]>
    </failure>
  </testcase> <!-- messagePropertySignUpHomePage -->
  <testcase name="messageSignUpFMPage" time="79.336" classname="uk.co.idealflatmate.tests.SignUpLikeOrMessage">
    <failure type="com.codeborne.selenide.ex.ElementShould" message="Element should have text &amp;apos;Maximum budget: ВЈ1250/month&amp;apos; {By.xpath: (//h4[@class=&amp;apos;u_m0-top u_m20-bottom text-16&amp;apos;])[2]}
Element: &amp;apos;&amp;lt;h4 class=&amp;quot;u_m0-top u_m20-bottom text-16&amp;quot;&amp;gt;Maximum budget: £1250/month&amp;lt;/h4&amp;gt;&amp;apos;">
      <![CDATA[Element should have text 'Maximum budget: ВЈ1250/month' {By.xpath: (//h4[@class='u_m0-top u_m20-bottom text-16'])[2]}
Element: '<h4 class="u_m0-top u_m20-bottom text-16">Maximum budget: £1250/month</h4>'
Screenshot: file:/C:/Users/lukhovytskyi/Documents/GitHub/idealflatmatetest/build/reports/tests/1548270250836.25.png
Page source: file:/C:/Users/lukhovytskyi/Documents/GitHub/idealflatmatetest/build/reports/tests/1548270250836.25.html
Timeout: 10 s.
at com.codeborne.selenide.impl.WebElementSource.checkCondition(WebElementSource.java:66)
at com.codeborne.selenide.commands.Should.should(Should.java:35)
at com.codeborne.selenide.commands.Should.execute(Should.java:29)
at com.codeborne.selenide.commands.Should.execute(Should.java:12)
at com.codeborne.selenide.commands.Commands.execute(Commands.java:144)
at com.codeborne.selenide.impl.SelenideElementProxy.dispatchAndRetry(SelenideElementProxy.java:87)
at com.codeborne.selenide.impl.SelenideElementProxy.invoke(SelenideElementProxy.java:63)
at com.sun.proxy.$Proxy5.shouldHave(Unknown Source)
at uk.co.idealflatmate.appmanager.VerificationHelper.verificationDataProfileFM(VerificationHelper.java:266)
at uk.co.idealflatmate.tests.SignUpLikeOrMessage.messageSignUpFMPage(SignUpLikeOrMessage.java:186)
at com.sun.proxy.$Proxy0.invoke(Unknown Source)
... Removed 33 stack frames]]>
    </failure>
  </testcase> <!-- messageSignUpFMPage -->
  <testcase name="popupExistingEmailPropertyPage" time="26653.632" classname="uk.co.idealflatmate.tests.SignUpLikeOrMessage">
    <failure type="com.codeborne.selenide.ex.ElementNotFound" message="Element not found {By.xpath: //span[contains (text(), &amp;apos;Sign up with email&amp;apos;)]}
Expected: visible">
      <![CDATA[Element not found {By.xpath: //span[contains (text(), 'Sign up with email')]}
Expected: visible
Screenshot: file:/C:/Users/lukhovytskyi/Documents/GitHub/idealflatmatetest/build/reports/tests/1548296902019.27.png
Page source: file:/C:/Users/lukhovytskyi/Documents/GitHub/idealflatmatetest/build/reports/tests/1548296902019.27.html
Timeout: 10 s.
Caused by: NoSuchElementException: no such element: Unable to locate element: {"method":"xpath","selector":"//span[contains (text(), 'Sign up with email')]"}
at com.codeborne.selenide.impl.WebElementSource.createElementNotFoundError(WebElementSource.java:31)
at com.codeborne.selenide.impl.ElementFinder.createElementNotFoundError(ElementFinder.java:82)
at com.codeborne.selenide.impl.WebElementSource.checkCondition(WebElementSource.java:59)
at com.codeborne.selenide.impl.WebElementSource.findAndAssertElementIsVisible(WebElementSource.java:72)
at com.codeborne.selenide.commands.Click.execute(Click.java:16)
at com.codeborne.selenide.commands.Click.execute(Click.java:12)
at com.codeborne.selenide.commands.Commands.execute(Commands.java:144)
at com.codeborne.selenide.impl.SelenideElementProxy.dispatchAndRetry(SelenideElementProxy.java:87)
at com.codeborne.selenide.impl.SelenideElementProxy.invoke(SelenideElementProxy.java:63)
at com.sun.proxy.$Proxy5.click(Unknown Source)
at uk.co.idealflatmate.appmanager.SignUpHelper.clickEmail(SignUpHelper.java:36)
at uk.co.idealflatmate.tests.SignUpLikeOrMessage.popupExistingEmailPropertyPage(SignUpLikeOrMessage.java:359)
at com.sun.proxy.$Proxy0.invoke(Unknown Source)
Caused by: org.openqa.selenium.NoSuchElementException: no such element: Unable to locate element: {"method":"xpath","selector":"//span[contains (text(), 'Sign up with email')]"}
  (Session info: chrome=71.0.3578.98)
  (Driver info: chromedriver=72.0.3626.69 (3c16f8a135abc0d4da2dff33804db79b849a7c38),platform=Windows NT 10.0.16299 x86_64) (WARNING: The server did not provide any stacktrace information)
Command duration or timeout: 0 milliseconds
For documentation on this error, please visit: https://www.seleniumhq.org/exceptions/no_such_element.html
Build info: version: '3.141.59', revision: 'e82be7d358', time: '2018-11-14T08:17:03'
System info: host: 'PRIVATE-1074', ip: '10.8.1.74', os.name: 'Windows 10', os.arch: 'amd64', os.version: '10.0', java.version: '1.8.0_152'
Driver info: org.openqa.selenium.chrome.ChromeDriver
Capabilities {acceptInsecureCerts: false, acceptSslCerts: false, applicationCacheEnabled: false, browserConnectionEnabled: false, browserName: chrome, chrome: {chromedriverVersion: 72.0.3626.69 (3c16f8a135abc..., userDataDir: C:\Users\LUKHOV~1\AppData\L...}, cssSelectorsEnabled: true, databaseEnabled: false, goog:chromeOptions: {debuggerAddress: localhost:57223}, handlesAlerts: true, hasTouchScreen: false, javascriptEnabled: true, locationContextEnabled: true, mobileEmulationEnabled: false, nativeEvents: true, networkConnectionEnabled: false, pageLoadStrategy: normal, platform: XP, platformName: XP, proxy: Proxy(), rotatable: false, setWindowRect: true, takesHeapSnapshot: true, takesScreenshot: true, timeouts: {implicit: 0, pageLoad: 300000, script: 30000}, unexpectedAlertBehaviour: ignore, unhandledPromptBehavior: ignore, version: 71.0.3578.98, webStorageEnabled: true}
Session ID: 162dc9e68da5793906d88fc86ae2354b
*** Element info: {Using=xpath, value=//span[contains (text(), 'Sign up with email')]}
at org.openqa.selenium.remote.ErrorHandler.createThrowable(ErrorHandler.java:214)
at org.openqa.selenium.remote.ErrorHandler.throwIfResponseFailed(ErrorHandler.java:166)
at org.openqa.selenium.remote.http.JsonHttpResponseCodec.reconstructValue(JsonHttpResponseCodec.java:40)
at org.openqa.selenium.remote.http.AbstractHttpResponseCodec.decode(AbstractHttpResponseCodec.java:80)
at org.openqa.selenium.remote.http.AbstractHttpResponseCodec.decode(AbstractHttpResponseCodec.java:44)
at org.openqa.selenium.remote.HttpCommandExecutor.execute(HttpCommandExecutor.java:158)
at org.openqa.selenium.remote.service.DriverCommandExecutor.execute(DriverCommandExecutor.java:83)
at org.openqa.selenium.remote.RemoteWebDriver.execute(RemoteWebDriver.java:552)
at org.openqa.selenium.remote.RemoteWebDriver.findElement(RemoteWebDriver.java:323)
at org.openqa.selenium.remote.RemoteWebDriver.findElementByXPath(RemoteWebDriver.java:428)
at org.openqa.selenium.By$ByXPath.findElement(By.java:353)
at org.openqa.selenium.remote.RemoteWebDriver.findElement(RemoteWebDriver.java:315)
at com.codeborne.selenide.impl.WebElementSelector.findElement(WebElementSelector.java:29)
at com.codeborne.selenide.impl.ElementFinder.getWebElement(ElementFinder.java:56)
at com.codeborne.selenide.impl.WebElementSource.checkCondition(WebElementSource.java:44)
... 43 more
... Removed 36 stack frames]]>
    </failure>
  </testcase> <!-- popupExistingEmailPropertyPage -->
  <testcase name="popupExistingEmailPropertyPhone" time="56.859" classname="uk.co.idealflatmate.tests.SignUpLikeOrMessage"/>
  <testcase name="popupPropertyPage" time="71.369" classname="uk.co.idealflatmate.tests.SignUpLikeOrMessage">
    <failure type="com.codeborne.selenide.ex.ElementShould" message="Element should have text &amp;apos;ВЈ200 - ВЈ1250&amp;apos; {By.xpath: //div[@class=&amp;apos;price-range-filter selected&amp;apos;]}
Element: &amp;apos;&amp;lt;div class=&amp;quot;price-range-filter selected&amp;quot;&amp;gt;£200 - £1250
1&amp;lt;/div&amp;gt;&amp;apos;">
      <![CDATA[Element should have text 'ВЈ200 - ВЈ1250' {By.xpath: //div[@class='price-range-filter selected']}
Element: '<div class="price-range-filter selected">£200 - £1250
1</div>'
Screenshot: file:/C:/Users/lukhovytskyi/Documents/GitHub/idealflatmatetest/build/reports/tests/1548297032805.29.png
Page source: file:/C:/Users/lukhovytskyi/Documents/GitHub/idealflatmatetest/build/reports/tests/1548297032805.29.html
Timeout: 10 s.
at com.codeborne.selenide.impl.WebElementSource.checkCondition(WebElementSource.java:66)
at com.codeborne.selenide.commands.Should.should(Should.java:35)
at com.codeborne.selenide.commands.Should.execute(Should.java:29)
at com.codeborne.selenide.commands.Should.execute(Should.java:12)
at com.codeborne.selenide.commands.Commands.execute(Commands.java:144)
at com.codeborne.selenide.impl.SelenideElementProxy.dispatchAndRetry(SelenideElementProxy.java:87)
at com.codeborne.selenide.impl.SelenideElementProxy.invoke(SelenideElementProxy.java:63)
at com.sun.proxy.$Proxy5.shouldHave(Unknown Source)
at uk.co.idealflatmate.appmanager.VerificationHelper.verifySearchListingPage(VerificationHelper.java:588)
at uk.co.idealflatmate.tests.SignUpLikeOrMessage.popupPropertyPage(SignUpLikeOrMessage.java:312)
at com.sun.proxy.$Proxy0.invoke(Unknown Source)
... Removed 33 stack frames]]>
    </failure>
  </testcase> <!-- popupPropertyPage -->
  <testcase name="popupWithBlankRequiredFields" time="4580.947" classname="uk.co.idealflatmate.tests.SignUpLikeOrMessage">
    <failure type="com.codeborne.selenide.ex.ElementNotFound" message="Element not found {By.xpath: //li//div[contains(text(), &amp;apos;Watford&amp;apos;)]}
Expected: visible">
      <![CDATA[Element not found {By.xpath: //li//div[contains(text(), 'Watford')]}
Expected: visible
Screenshot: file:/C:/Users/lukhovytskyi/Documents/GitHub/idealflatmatetest/build/reports/tests/1548301613493.31.png
Page source: file:/C:/Users/lukhovytskyi/Documents/GitHub/idealflatmatetest/build/reports/tests/1548301613493.31.html
Timeout: 10 s.
Caused by: NoSuchElementException: no such element: Unable to locate element: {"method":"xpath","selector":"//li//div[contains(text(), 'Watford')]"}
at com.codeborne.selenide.impl.WebElementSource.createElementNotFoundError(WebElementSource.java:31)
at com.codeborne.selenide.impl.ElementFinder.createElementNotFoundError(ElementFinder.java:82)
at com.codeborne.selenide.impl.WebElementSource.checkCondition(WebElementSource.java:59)
at com.codeborne.selenide.impl.WebElementSource.findAndAssertElementIsVisible(WebElementSource.java:72)
at com.codeborne.selenide.commands.Click.execute(Click.java:16)
at com.codeborne.selenide.commands.Click.execute(Click.java:12)
at com.codeborne.selenide.commands.Commands.execute(Commands.java:144)
at com.codeborne.selenide.impl.SelenideElementProxy.dispatchAndRetry(SelenideElementProxy.java:87)
at com.codeborne.selenide.impl.SelenideElementProxy.invoke(SelenideElementProxy.java:63)
at com.sun.proxy.$Proxy5.click(Unknown Source)
at uk.co.idealflatmate.appmanager.HelperBase.FieldEnter(HelperBase.java:100)
at uk.co.idealflatmate.appmanager.SignUpHelper.preferredLocation(SignUpHelper.java:168)
at uk.co.idealflatmate.tests.SignUpLikeOrMessage.popupWithBlankRequiredFields(SignUpLikeOrMessage.java:416)
at com.sun.proxy.$Proxy0.invoke(Unknown Source)
Caused by: org.openqa.selenium.NoSuchElementException: no such element: Unable to locate element: {"method":"xpath","selector":"//li//div[contains(text(), 'Watford')]"}
  (Session info: chrome=71.0.3578.98)
  (Driver info: chromedriver=72.0.3626.69 (3c16f8a135abc0d4da2dff33804db79b849a7c38),platform=Windows NT 10.0.16299 x86_64) (WARNING: The server did not provide any stacktrace information)
Command duration or timeout: 0 milliseconds
For documentation on this error, please visit: https://www.seleniumhq.org/exceptions/no_such_element.html
Build info: version: '3.141.59', revision: 'e82be7d358', time: '2018-11-14T08:17:03'
System info: host: 'PRIVATE-1074', ip: '10.8.1.74', os.name: 'Windows 10', os.arch: 'amd64', os.version: '10.0', java.version: '1.8.0_152'
Driver info: org.openqa.selenium.chrome.ChromeDriver
Capabilities {acceptInsecureCerts: false, acceptSslCerts: false, applicationCacheEnabled: false, browserConnectionEnabled: false, browserName: chrome, chrome: {chromedriverVersion: 72.0.3626.69 (3c16f8a135abc..., userDataDir: C:\Users\LUKHOV~1\AppData\L...}, cssSelectorsEnabled: true, databaseEnabled: false, goog:chromeOptions: {debuggerAddress: localhost:63929}, handlesAlerts: true, hasTouchScreen: false, javascriptEnabled: true, locationContextEnabled: true, mobileEmulationEnabled: false, nativeEvents: true, networkConnectionEnabled: false, pageLoadStrategy: normal, platform: XP, platformName: XP, proxy: Proxy(), rotatable: false, setWindowRect: true, takesHeapSnapshot: true, takesScreenshot: true, timeouts: {implicit: 0, pageLoad: 300000, script: 30000}, unexpectedAlertBehaviour: ignore, unhandledPromptBehavior: ignore, version: 71.0.3578.98, webStorageEnabled: true}
Session ID: 3b51396a1c5cf68f18466bcd6821ce4b
*** Element info: {Using=xpath, value=//li//div[contains(text(), 'Watford')]}
at org.openqa.selenium.remote.ErrorHandler.createThrowable(ErrorHandler.java:214)
at org.openqa.selenium.remote.ErrorHandler.throwIfResponseFailed(ErrorHandler.java:166)
at org.openqa.selenium.remote.http.JsonHttpResponseCodec.reconstructValue(JsonHttpResponseCodec.java:40)
at org.openqa.selenium.remote.http.AbstractHttpResponseCodec.decode(AbstractHttpResponseCodec.java:80)
at org.openqa.selenium.remote.http.AbstractHttpResponseCodec.decode(AbstractHttpResponseCodec.java:44)
at org.openqa.selenium.remote.HttpCommandExecutor.execute(HttpCommandExecutor.java:158)
at org.openqa.selenium.remote.service.DriverCommandExecutor.execute(DriverCommandExecutor.java:83)
at org.openqa.selenium.remote.RemoteWebDriver.execute(RemoteWebDriver.java:552)
at org.openqa.selenium.remote.RemoteWebDriver.findElement(RemoteWebDriver.java:323)
at org.openqa.selenium.remote.RemoteWebDriver.findElementByXPath(RemoteWebDriver.java:428)
at org.openqa.selenium.By$ByXPath.findElement(By.java:353)
at org.openqa.selenium.remote.RemoteWebDriver.findElement(RemoteWebDriver.java:315)
at com.codeborne.selenide.impl.WebElementSelector.findElement(WebElementSelector.java:29)
at com.codeborne.selenide.impl.ElementFinder.getWebElement(ElementFinder.java:56)
at com.codeborne.selenide.impl.WebElementSource.checkCondition(WebElementSource.java:44)
... 44 more
... Removed 36 stack frames]]>
    </failure>
  </testcase> <!-- popupWithBlankRequiredFields -->
  <testcase name="popupWithExistingEmail" time="43.426" classname="uk.co.idealflatmate.tests.SignUpLikeOrMessage"/>
  <testcase name="signUpLike3rdPageQuit" time="38.984" classname="uk.co.idealflatmate.tests.SignUpLikeOrMessage"/>
  <testcase name="signUpLikeHomePage" time="69.712" classname="uk.co.idealflatmate.tests.SignUpLikeOrMessage">
    <failure type="com.codeborne.selenide.ex.ElementShould" message="Element should have text &amp;apos;About me
Ronald is a female looking for a room.
Maximum budget: ВЈ2500/month
Ready to move in: Immediately&amp;apos; {By.xpath: //div[starts-with(@class,&amp;apos;col-sm-8&amp;apos;)]}
Element: &amp;apos;&amp;lt;div class=&amp;quot;col-sm-8&amp;quot;&amp;gt;About me
Ronald is a female looking for a room.
Maximum budget: £2500/month
Ready to move in: Immediately&amp;lt;/div&amp;gt;&amp;apos;">
      <![CDATA[Element should have text 'About me
Ronald is a female looking for a room.
Maximum budget: ВЈ2500/month
Ready to move in: Immediately' {By.xpath: //div[starts-with(@class,'col-sm-8')]}
Element: '<div class="col-sm-8">About me
Ronald is a female looking for a room.
Maximum budget: £2500/month
Ready to move in: Immediately</div>'
Screenshot: file:/C:/Users/lukhovytskyi/Documents/GitHub/idealflatmatetest/build/reports/tests/1548301766297.33.png
Page source: file:/C:/Users/lukhovytskyi/Documents/GitHub/idealflatmatetest/build/reports/tests/1548301766297.33.html
Timeout: 10 s.
at com.codeborne.selenide.impl.WebElementSource.checkCondition(WebElementSource.java:66)
at com.codeborne.selenide.commands.Should.should(Should.java:35)
at com.codeborne.selenide.commands.Should.execute(Should.java:29)
at com.codeborne.selenide.commands.Should.execute(Should.java:12)
at com.codeborne.selenide.commands.Commands.execute(Commands.java:144)
at com.codeborne.selenide.impl.SelenideElementProxy.dispatchAndRetry(SelenideElementProxy.java:87)
at com.codeborne.selenide.impl.SelenideElementProxy.invoke(SelenideElementProxy.java:63)
at com.sun.proxy.$Proxy5.shouldHave(Unknown Source)
at uk.co.idealflatmate.appmanager.VerificationHelper.verificationDataLike(VerificationHelper.java:182)
at uk.co.idealflatmate.tests.SignUpLikeOrMessage.signUpLikeHomePage(SignUpLikeOrMessage.java:268)
at com.sun.proxy.$Proxy0.invoke(Unknown Source)
... Removed 33 stack frames]]>
    </failure>
  </testcase> <!-- signUpLikeHomePage -->
  <testcase name="SignUpMatchingWithRequiredFieldsFMRoom" time="15669.76" classname="uk.co.idealflatmate.tests.SignUpMatching"/>
  <testcase name="SignUpMatchingWithRequiredFieldsFMRoomSearchFM" time="90.819" classname="uk.co.idealflatmate.tests.SignUpMatching"/>
  <testcase name="SignUpMatchingWithRequiredFieldsRoom" time="88.699" classname="uk.co.idealflatmate.tests.SignUpMatching">
    <failure type="com.codeborne.selenide.ex.ElementShould" message="Element should have text &amp;apos;ВЈ1200 - ВЈ1250&amp;apos; {By.xpath: //div[@class=&amp;apos;price-range-filter selected&amp;apos;]}
Element: &amp;apos;&amp;lt;div class=&amp;quot;price-range-filter selected&amp;quot;&amp;gt;£1200 - £1250
1&amp;lt;/div&amp;gt;&amp;apos;">
      <![CDATA[Element should have text 'ВЈ1200 - ВЈ1250' {By.xpath: //div[@class='price-range-filter selected']}
Element: '<div class="price-range-filter selected">£1200 - £1250
1</div>'
Screenshot: file:/C:/Users/lukhovytskyi/Documents/GitHub/idealflatmatetest/build/reports/tests/1548317622161.35.png
Page source: file:/C:/Users/lukhovytskyi/Documents/GitHub/idealflatmatetest/build/reports/tests/1548317622161.35.html
Timeout: 10 s.
at com.codeborne.selenide.impl.WebElementSource.checkCondition(WebElementSource.java:66)
at com.codeborne.selenide.commands.Should.should(Should.java:35)
at com.codeborne.selenide.commands.Should.execute(Should.java:29)
at com.codeborne.selenide.commands.Should.execute(Should.java:12)
at com.codeborne.selenide.commands.Commands.execute(Commands.java:144)
at com.codeborne.selenide.impl.SelenideElementProxy.dispatchAndRetry(SelenideElementProxy.java:87)
at com.codeborne.selenide.impl.SelenideElementProxy.invoke(SelenideElementProxy.java:63)
at com.sun.proxy.$Proxy5.shouldHave(Unknown Source)
at uk.co.idealflatmate.appmanager.VerificationHelper.verifySearchListingPageMatching(VerificationHelper.java:596)
at uk.co.idealflatmate.tests.SignUpMatching.SignUpMatchingWithRequiredFieldsRoom(SignUpMatching.java:82)
at com.sun.proxy.$Proxy0.invoke(Unknown Source)
... Removed 33 stack frames]]>
    </failure>
  </testcase> <!-- SignUpMatchingWithRequiredFieldsRoom -->
  <testcase name="SignUpWithMatchingWithBlankRequiredFields" time="51.545" classname="uk.co.idealflatmate.tests.SignUpMatching"/>
  <testcase name="signUpMatchingWithBlankFirstName" time="3.837" classname="uk.co.idealflatmate.tests.SignUpMatching"/>
  <testcase name="ListingSignUpFromHomepage" time="38.376" classname="uk.co.idealflatmate.tests.SignUpTest"/>
  <testcase name="ListingSignUpHeader" time="33.0" classname="uk.co.idealflatmate.tests.SignUpTest"/>
  <testcase name="SignUpBlankFieldsPropAddRentBlock" time="10.871" classname="uk.co.idealflatmate.tests.SignUpTest"/>
  <testcase name="SignUpBlankFieldsPropAddWorkBlock" time="26.658" classname="uk.co.idealflatmate.tests.SignUpTest"/>
  <testcase name="SuccessfulSignUpWithListingWithAllFields" time="8.088" classname="uk.co.idealflatmate.tests.SignUpTest">
    <failure type="com.codeborne.selenide.ex.ElementNotFound" message="Element not found {By.xpath: (//input[@name=&amp;apos;SignupForm[is_age_confirm]&amp;apos;])[1]}
Expected: visible">
      <![CDATA[Element not found {By.xpath: (//input[@name='SignupForm[is_age_confirm]'])[1]}
Expected: visible
Screenshot: file:/C:/Users/lukhovytskyi/Documents/GitHub/idealflatmatetest/build/reports/tests/1548317800253.37.png
Page source: file:/C:/Users/lukhovytskyi/Documents/GitHub/idealflatmatetest/build/reports/tests/1548317800253.37.html
Timeout: 4 s.
Caused by: NoSuchElementException: no such element: Unable to locate element: {"method":"xpath","selector":"(//input[@name='SignupForm[is_age_confirm]'])[1]"}
at com.codeborne.selenide.impl.WebElementSource.createElementNotFoundError(WebElementSource.java:31)
at com.codeborne.selenide.impl.ElementFinder.createElementNotFoundError(ElementFinder.java:82)
at com.codeborne.selenide.impl.WebElementSource.checkCondition(WebElementSource.java:59)
at com.codeborne.selenide.commands.Should.should(Should.java:35)
at com.codeborne.selenide.commands.Should.execute(Should.java:29)
at com.codeborne.selenide.commands.Should.execute(Should.java:12)
at com.codeborne.selenide.commands.Commands.execute(Commands.java:144)
at com.codeborne.selenide.impl.SelenideElementProxy.dispatchAndRetry(SelenideElementProxy.java:87)
at com.codeborne.selenide.impl.SelenideElementProxy.invoke(SelenideElementProxy.java:63)
at com.sun.proxy.$Proxy5.waitUntil(Unknown Source)
at uk.co.idealflatmate.appmanager.VerificationHelper.ageConfirmCheckMatching(VerificationHelper.java:432)
at uk.co.idealflatmate.tests.SignUpTest.SuccessfulSignUpWithListingWithAllFields(SignUpTest.java:373)
at com.sun.proxy.$Proxy0.invoke(Unknown Source)
Caused by: org.openqa.selenium.NoSuchElementException: no such element: Unable to locate element: {"method":"xpath","selector":"(//input[@name='SignupForm[is_age_confirm]'])[1]"}
  (Session info: chrome=71.0.3578.98)
  (Driver info: chromedriver=72.0.3626.69 (3c16f8a135abc0d4da2dff33804db79b849a7c38),platform=Windows NT 10.0.16299 x86_64) (WARNING: The server did not provide any stacktrace information)
Command duration or timeout: 0 milliseconds
For documentation on this error, please visit: https://www.seleniumhq.org/exceptions/no_such_element.html
Build info: version: '3.141.59', revision: 'e82be7d358', time: '2018-11-14T08:17:03'
System info: host: 'PRIVATE-1074', ip: '10.8.1.74', os.name: 'Windows 10', os.arch: 'amd64', os.version: '10.0', java.version: '1.8.0_152'
Driver info: org.openqa.selenium.chrome.ChromeDriver
Capabilities {acceptInsecureCerts: false, acceptSslCerts: false, applicationCacheEnabled: false, browserConnectionEnabled: false, browserName: chrome, chrome: {chromedriverVersion: 72.0.3626.69 (3c16f8a135abc..., userDataDir: C:\Users\LUKHOV~1\AppData\L...}, cssSelectorsEnabled: true, databaseEnabled: false, goog:chromeOptions: {debuggerAddress: localhost:53349}, handlesAlerts: true, hasTouchScreen: false, javascriptEnabled: true, locationContextEnabled: true, mobileEmulationEnabled: false, nativeEvents: true, networkConnectionEnabled: false, pageLoadStrategy: normal, platform: XP, platformName: XP, proxy: Proxy(), rotatable: false, setWindowRect: true, takesHeapSnapshot: true, takesScreenshot: true, timeouts: {implicit: 0, pageLoad: 300000, script: 30000}, unexpectedAlertBehaviour: ignore, unhandledPromptBehavior: ignore, version: 71.0.3578.98, webStorageEnabled: true}
Session ID: 643fde78a2bd14499957650176dba928
*** Element info: {Using=xpath, value=(//input[@name='SignupForm[is_age_confirm]'])[1]}
at org.openqa.selenium.remote.ErrorHandler.createThrowable(ErrorHandler.java:214)
at org.openqa.selenium.remote.ErrorHandler.throwIfResponseFailed(ErrorHandler.java:166)
at org.openqa.selenium.remote.http.JsonHttpResponseCodec.reconstructValue(JsonHttpResponseCodec.java:40)
at org.openqa.selenium.remote.http.AbstractHttpResponseCodec.decode(AbstractHttpResponseCodec.java:80)
at org.openqa.selenium.remote.http.AbstractHttpResponseCodec.decode(AbstractHttpResponseCodec.java:44)
at org.openqa.selenium.remote.HttpCommandExecutor.execute(HttpCommandExecutor.java:158)
at org.openqa.selenium.remote.service.DriverCommandExecutor.execute(DriverCommandExecutor.java:83)
at org.openqa.selenium.remote.RemoteWebDriver.execute(RemoteWebDriver.java:552)
at org.openqa.selenium.remote.RemoteWebDriver.findElement(RemoteWebDriver.java:323)
at org.openqa.selenium.remote.RemoteWebDriver.findElementByXPath(RemoteWebDriver.java:428)
at org.openqa.selenium.By$ByXPath.findElement(By.java:353)
at org.openqa.selenium.remote.RemoteWebDriver.findElement(RemoteWebDriver.java:315)
at com.codeborne.selenide.impl.WebElementSelector.findElement(WebElementSelector.java:29)
at com.codeborne.selenide.impl.ElementFinder.getWebElement(ElementFinder.java:56)
at com.codeborne.selenide.impl.WebElementSource.checkCondition(WebElementSource.java:44)
... 43 more
... Removed 36 stack frames]]>
    </failure>
  </testcase> <!-- SuccessfulSignUpWithListingWithAllFields -->
  <testcase name="headerRoomSignUpHomePageTenant" time="94.896" classname="uk.co.idealflatmate.tests.SignUpTest">
    <failure type="com.codeborne.selenide.ex.ElementShould" message="Element should have text &amp;apos;ВЈ200 - ВЈ1250&amp;apos; {By.xpath: //div[@class=&amp;apos;price-range-filter selected&amp;apos;]}
Element: &amp;apos;&amp;lt;div class=&amp;quot;price-range-filter selected&amp;quot;&amp;gt;£200 - £1250
1&amp;lt;/div&amp;gt;&amp;apos;">
      <![CDATA[Element should have text 'ВЈ200 - ВЈ1250' {By.xpath: //div[@class='price-range-filter selected']}
Element: '<div class="price-range-filter selected">£200 - £1250
1</div>'
Screenshot: file:/C:/Users/lukhovytskyi/Documents/GitHub/idealflatmatetest/build/reports/tests/1548317896084.39.png
Page source: file:/C:/Users/lukhovytskyi/Documents/GitHub/idealflatmatetest/build/reports/tests/1548317896084.39.html
Timeout: 10 s.
at com.codeborne.selenide.impl.WebElementSource.checkCondition(WebElementSource.java:66)
at com.codeborne.selenide.commands.Should.should(Should.java:35)
at com.codeborne.selenide.commands.Should.execute(Should.java:29)
at com.codeborne.selenide.commands.Should.execute(Should.java:12)
at com.codeborne.selenide.commands.Commands.execute(Commands.java:144)
at com.codeborne.selenide.impl.SelenideElementProxy.dispatchAndRetry(SelenideElementProxy.java:87)
at com.codeborne.selenide.impl.SelenideElementProxy.invoke(SelenideElementProxy.java:63)
at com.sun.proxy.$Proxy5.shouldHave(Unknown Source)
at uk.co.idealflatmate.appmanager.VerificationHelper.verifySearchListingPage(VerificationHelper.java:588)
at uk.co.idealflatmate.tests.SignUpTest.headerRoomSignUpHomePageTenant(SignUpTest.java:108)
at com.sun.proxy.$Proxy0.invoke(Unknown Source)
... Removed 33 stack frames]]>
    </failure>
  </testcase> <!-- headerRoomSignUpHomePageTenant -->
  <testcase name="headerSignUpHomePageFMSearchLiv_inWithoutAbout" time="50.988" classname="uk.co.idealflatmate.tests.SignUpTest"/>
  <testcase name="headerSignUpViaFacebook" time="56.612" classname="uk.co.idealflatmate.tests.SignUpTest"/>
  <testcase name="headerSignUpWithBlankRequiredFieldsBudget" time="53.269" classname="uk.co.idealflatmate.tests.SignUpTest"/>
  <testcase name="headerSignUpWithBlankRequiredFieldsLocation" time="13.089" classname="uk.co.idealflatmate.tests.SignUpTest">
    <failure type="com.codeborne.selenide.ex.ElementNotFound" message="Element not found {By.xpath: //h3[@class=&amp;apos;u_m0&amp;apos; and contains (text(), &amp;apos;A room&amp;apos;)]}
Expected: visible">
      <![CDATA[Element not found {By.xpath: //h3[@class='u_m0' and contains (text(), 'A room')]}
Expected: visible
Screenshot: file:/C:/Users/lukhovytskyi/Documents/GitHub/idealflatmatetest/build/reports/tests/1548318070285.41.png
Page source: file:/C:/Users/lukhovytskyi/Documents/GitHub/idealflatmatetest/build/reports/tests/1548318070285.41.html
Timeout: 10 s.
Caused by: NoSuchElementException: no such element: Unable to locate element: {"method":"xpath","selector":"//h3[@class='u_m0' and contains (text(), 'A room')]"}
at com.codeborne.selenide.impl.WebElementSource.createElementNotFoundError(WebElementSource.java:31)
at com.codeborne.selenide.impl.ElementFinder.createElementNotFoundError(ElementFinder.java:82)
at com.codeborne.selenide.impl.WebElementSource.checkCondition(WebElementSource.java:59)
at com.codeborne.selenide.impl.WebElementSource.findAndAssertElementIsVisible(WebElementSource.java:72)
at com.codeborne.selenide.commands.Click.execute(Click.java:16)
at com.codeborne.selenide.commands.Click.execute(Click.java:12)
at com.codeborne.selenide.commands.Commands.execute(Commands.java:144)
at com.codeborne.selenide.impl.SelenideElementProxy.dispatchAndRetry(SelenideElementProxy.java:87)
at com.codeborne.selenide.impl.SelenideElementProxy.invoke(SelenideElementProxy.java:63)
at com.sun.proxy.$Proxy5.click(Unknown Source)
at uk.co.idealflatmate.appmanager.SignUpHelper.clickRoom(SignUpHelper.java:24)
at uk.co.idealflatmate.tests.SignUpTest.headerSignUpWithBlankRequiredFieldsLocation(SignUpTest.java:230)
at com.sun.proxy.$Proxy0.invoke(Unknown Source)
Caused by: org.openqa.selenium.NoSuchElementException: no such element: Unable to locate element: {"method":"xpath","selector":"//h3[@class='u_m0' and contains (text(), 'A room')]"}
  (Session info: chrome=71.0.3578.98)
  (Driver info: chromedriver=72.0.3626.69 (3c16f8a135abc0d4da2dff33804db79b849a7c38),platform=Windows NT 10.0.16299 x86_64) (WARNING: The server did not provide any stacktrace information)
Command duration or timeout: 0 milliseconds
For documentation on this error, please visit: https://www.seleniumhq.org/exceptions/no_such_element.html
Build info: version: '3.141.59', revision: 'e82be7d358', time: '2018-11-14T08:17:03'
System info: host: 'PRIVATE-1074', ip: '10.8.1.74', os.name: 'Windows 10', os.arch: 'amd64', os.version: '10.0', java.version: '1.8.0_152'
Driver info: org.openqa.selenium.chrome.ChromeDriver
Capabilities {acceptInsecureCerts: false, acceptSslCerts: false, applicationCacheEnabled: false, browserConnectionEnabled: false, browserName: chrome, chrome: {chromedriverVersion: 72.0.3626.69 (3c16f8a135abc..., userDataDir: C:\Users\LUKHOV~1\AppData\L...}, cssSelectorsEnabled: true, databaseEnabled: false, goog:chromeOptions: {debuggerAddress: localhost:54631}, handlesAlerts: true, hasTouchScreen: false, javascriptEnabled: true, locationContextEnabled: true, mobileEmulationEnabled: false, nativeEvents: true, networkConnectionEnabled: false, pageLoadStrategy: normal, platform: XP, platformName: XP, proxy: Proxy(), rotatable: false, setWindowRect: true, takesHeapSnapshot: true, takesScreenshot: true, timeouts: {implicit: 0, pageLoad: 300000, script: 30000}, unexpectedAlertBehaviour: ignore, unhandledPromptBehavior: ignore, version: 71.0.3578.98, webStorageEnabled: true}
Session ID: 1a73e5417fed02a870dea4195ec86edd
*** Element info: {Using=xpath, value=//h3[@class='u_m0' and contains (text(), 'A room')]}
at org.openqa.selenium.remote.ErrorHandler.createThrowable(ErrorHandler.java:214)
at org.openqa.selenium.remote.ErrorHandler.throwIfResponseFailed(ErrorHandler.java:166)
at org.openqa.selenium.remote.http.JsonHttpResponseCodec.reconstructValue(JsonHttpResponseCodec.java:40)
at org.openqa.selenium.remote.http.AbstractHttpResponseCodec.decode(AbstractHttpResponseCodec.java:80)
at org.openqa.selenium.remote.http.AbstractHttpResponseCodec.decode(AbstractHttpResponseCodec.java:44)
at org.openqa.selenium.remote.HttpCommandExecutor.execute(HttpCommandExecutor.java:158)
at org.openqa.selenium.remote.service.DriverCommandExecutor.execute(DriverCommandExecutor.java:83)
at org.openqa.selenium.remote.RemoteWebDriver.execute(RemoteWebDriver.java:552)
at org.openqa.selenium.remote.RemoteWebDriver.findElement(RemoteWebDriver.java:323)
at org.openqa.selenium.remote.RemoteWebDriver.findElementByXPath(RemoteWebDriver.java:428)
at org.openqa.selenium.By$ByXPath.findElement(By.java:353)
at org.openqa.selenium.remote.RemoteWebDriver.findElement(RemoteWebDriver.java:315)
at com.codeborne.selenide.impl.WebElementSelector.findElement(WebElementSelector.java:29)
at com.codeborne.selenide.impl.ElementFinder.getWebElement(ElementFinder.java:56)
at com.codeborne.selenide.impl.WebElementSource.checkCondition(WebElementSource.java:44)
... 43 more
... Removed 36 stack frames]]>
    </failure>
  </testcase> <!-- headerSignUpWithBlankRequiredFieldsLocation -->
  <testcase name="headerSignUpWithBlankRequiredFieldsMoreAboutYou" time="26.837" classname="uk.co.idealflatmate.tests.SignUpTest"/>
  <testcase name="headerSignUpWithBlankRequiredFieldsYourInf" time="17.652" classname="uk.co.idealflatmate.tests.SignUpTest"/>
  <testcase name="headerSignUpWithExistingEmail" time="22.162" classname="uk.co.idealflatmate.tests.SignUpTest"/>
  <testcase name="signUpViaFBlistingAgent" time="35.653" classname="uk.co.idealflatmate.tests.SignUpTest"/>
  <testcase name="TestSuccessfulEmailReceivingWelcomeListingMessageSubscriptionCancSub" time="16.27" classname="uk.co.idealflatmate.tests.ZEmailTests">
    <failure type="com.codeborne.selenide.ex.ElementNotFound" message="Element not found {By.xpath: //span[@class=&amp;apos;RveJvd snByac&amp;apos; and contains(.,&amp;apos;Р”Р°Р»С–&amp;apos;)]}
Expected: visible">
      <![CDATA[Element not found {By.xpath: //span[@class='RveJvd snByac' and contains(.,'Р”Р°Р»С–')]}
Expected: visible
Screenshot: file:/C:/Users/lukhovytskyi/Documents/GitHub/idealflatmatetest/build/reports/tests/1548318194997.43.png
Page source: file:/C:/Users/lukhovytskyi/Documents/GitHub/idealflatmatetest/build/reports/tests/1548318194997.43.html
Timeout: 10 s.
Caused by: NoSuchElementException: no such element: Unable to locate element: {"method":"xpath","selector":"//span[@class='RveJvd snByac' and contains(.,'Р”Р°Р»С–')]"}
at com.codeborne.selenide.impl.WebElementSource.createElementNotFoundError(WebElementSource.java:31)
at com.codeborne.selenide.impl.ElementFinder.createElementNotFoundError(ElementFinder.java:82)
at com.codeborne.selenide.impl.WebElementSource.checkCondition(WebElementSource.java:59)
at com.codeborne.selenide.impl.WebElementSource.findAndAssertElementIsVisible(WebElementSource.java:72)
at com.codeborne.selenide.commands.Click.execute(Click.java:16)
at com.codeborne.selenide.commands.Click.execute(Click.java:12)
at com.codeborne.selenide.commands.Commands.execute(Commands.java:144)
at com.codeborne.selenide.impl.SelenideElementProxy.dispatchAndRetry(SelenideElementProxy.java:87)
at com.codeborne.selenide.impl.SelenideElementProxy.invoke(SelenideElementProxy.java:63)
at com.sun.proxy.$Proxy5.click(Unknown Source)
at uk.co.idealflatmate.appmanager.HelperBase.gmailLogin(HelperBase.java:78)
at uk.co.idealflatmate.appmanager.EmailHelper.setLoginAsUserEmail(EmailHelper.java:23)
at uk.co.idealflatmate.tests.ZEmailTests.TestSuccessfulEmailReceivingWelcomeListingMessageSubscriptionCancSub(ZEmailTests.java:11)
at com.sun.proxy.$Proxy0.invoke(Unknown Source)
Caused by: org.openqa.selenium.NoSuchElementException: no such element: Unable to locate element: {"method":"xpath","selector":"//span[@class='RveJvd snByac' and contains(.,'Р”Р°Р»С–')]"}
  (Session info: chrome=71.0.3578.98)
  (Driver info: chromedriver=72.0.3626.69 (3c16f8a135abc0d4da2dff33804db79b849a7c38),platform=Windows NT 10.0.16299 x86_64) (WARNING: The server did not provide any stacktrace information)
Command duration or timeout: 0 milliseconds
For documentation on this error, please visit: https://www.seleniumhq.org/exceptions/no_such_element.html
Build info: version: '3.141.59', revision: 'e82be7d358', time: '2018-11-14T08:17:03'
System info: host: 'PRIVATE-1074', ip: '10.8.1.74', os.name: 'Windows 10', os.arch: 'amd64', os.version: '10.0', java.version: '1.8.0_152'
Driver info: org.openqa.selenium.chrome.ChromeDriver
Capabilities {acceptInsecureCerts: false, acceptSslCerts: false, applicationCacheEnabled: false, browserConnectionEnabled: false, browserName: chrome, chrome: {chromedriverVersion: 72.0.3626.69 (3c16f8a135abc..., userDataDir: C:\Users\LUKHOV~1\AppData\L...}, cssSelectorsEnabled: true, databaseEnabled: false, goog:chromeOptions: {debuggerAddress: localhost:55686}, handlesAlerts: true, hasTouchScreen: false, javascriptEnabled: true, locationContextEnabled: true, mobileEmulationEnabled: false, nativeEvents: true, networkConnectionEnabled: false, pageLoadStrategy: normal, platform: XP, platformName: XP, proxy: Proxy(), rotatable: false, setWindowRect: true, takesHeapSnapshot: true, takesScreenshot: true, timeouts: {implicit: 0, pageLoad: 300000, script: 30000}, unexpectedAlertBehaviour: ignore, unhandledPromptBehavior: ignore, version: 71.0.3578.98, webStorageEnabled: true}
Session ID: 95286739ade763dc91abb3aa8d4793ec
*** Element info: {Using=xpath, value=//span[@class='RveJvd snByac' and contains(.,'Р”Р°Р»С–')]}
at org.openqa.selenium.remote.ErrorHandler.createThrowable(ErrorHandler.java:214)
at org.openqa.selenium.remote.ErrorHandler.throwIfResponseFailed(ErrorHandler.java:166)
at org.openqa.selenium.remote.http.JsonHttpResponseCodec.reconstructValue(JsonHttpResponseCodec.java:40)
at org.openqa.selenium.remote.http.AbstractHttpResponseCodec.decode(AbstractHttpResponseCodec.java:80)
at org.openqa.selenium.remote.http.AbstractHttpResponseCodec.decode(AbstractHttpResponseCodec.java:44)
at org.openqa.selenium.remote.HttpCommandExecutor.execute(HttpCommandExecutor.java:158)
at org.openqa.selenium.remote.service.DriverCommandExecutor.execute(DriverCommandExecutor.java:83)
at org.openqa.selenium.remote.RemoteWebDriver.execute(RemoteWebDriver.java:552)
at org.openqa.selenium.remote.RemoteWebDriver.findElement(RemoteWebDriver.java:323)
at org.openqa.selenium.remote.RemoteWebDriver.findElementByXPath(RemoteWebDriver.java:428)
at org.openqa.selenium.By$ByXPath.findElement(By.java:353)
at org.openqa.selenium.remote.RemoteWebDriver.findElement(RemoteWebDriver.java:315)
at com.codeborne.selenide.impl.WebElementSelector.findElement(WebElementSelector.java:29)
at com.codeborne.selenide.impl.ElementFinder.getWebElement(ElementFinder.java:56)
at com.codeborne.selenide.impl.WebElementSource.checkCondition(WebElementSource.java:44)
... 44 more
... Removed 36 stack frames]]>
    </failure>
  </testcase> <!-- TestSuccessfulEmailReceivingWelcomeListingMessageSubscriptionCancSub -->
</testsuite> <!-- Test1 -->
