<?xml version="1.0" encoding="UTF-8"?>
<testng-results skipped="0" failed="23" ignored="0" total="103" passed="80">
  <reporter-output>
  </reporter-output>
  <suite name="suite" duration-ms="49707563" started-at="2019-01-23T18:34:49Z" finished-at="2019-01-24T08:23:17Z">
    <groups>
    </groups>
    <test name="Test1" duration-ms="49707563" started-at="2019-01-23T18:34:49Z" finished-at="2019-01-24T08:23:17Z">
      <class name="uk.co.idealflatmate.tests.HomePageTest">
        <test-method status="PASS" signature="setupClass()[pri:0, instance:uk.co.idealflatmate.tests.HomePageTest@13805618]" name="setupClass" is-config="true" duration-ms="5583" started-at="2019-01-23T18:42:55Z" finished-at="2019-01-23T18:43:00Z">
          <reporter-output>
          </reporter-output>
        </test-method> <!-- setupClass -->
        <test-method status="PASS" signature="amountOfBlocsAndTextOfAreas()[pri:0, instance:uk.co.idealflatmate.tests.HomePageTest@13805618]" name="amountOfBlocsAndTextOfAreas" duration-ms="196" started-at="2019-01-23T18:43:00Z" finished-at="2019-01-23T18:43:01Z">
          <reporter-output>
          </reporter-output>
        </test-method> <!-- amountOfBlocsAndTextOfAreas -->
        <test-method status="PASS" signature="blogFM()[pri:0, instance:uk.co.idealflatmate.tests.HomePageTest@13805618]" name="blogFM" duration-ms="2158" started-at="2019-01-23T18:43:01Z" finished-at="2019-01-23T18:43:03Z">
          <reporter-output>
          </reporter-output>
        </test-method> <!-- blogFM -->
        <test-method status="PASS" signature="blogLandlord()[pri:0, instance:uk.co.idealflatmate.tests.HomePageTest@13805618]" name="blogLandlord" duration-ms="8390" started-at="2019-01-23T18:43:03Z" finished-at="2019-01-23T18:43:11Z">
          <reporter-output>
          </reporter-output>
        </test-method> <!-- blogLandlord -->
        <test-method status="PASS" signature="findOutMore()[pri:0, instance:uk.co.idealflatmate.tests.HomePageTest@13805618]" name="findOutMore" duration-ms="12724" started-at="2019-01-23T18:43:11Z" finished-at="2019-01-23T18:43:24Z">
          <reporter-output>
          </reporter-output>
        </test-method> <!-- findOutMore -->
        <test-method status="PASS" signature="findStartListing()[pri:0, instance:uk.co.idealflatmate.tests.HomePageTest@13805618]" name="findStartListing" duration-ms="2361" started-at="2019-01-23T18:43:24Z" finished-at="2019-01-23T18:43:26Z">
          <reporter-output>
          </reporter-output>
        </test-method> <!-- findStartListing -->
        <test-method status="PASS" signature="findStartMatchingLink()[pri:0, instance:uk.co.idealflatmate.tests.HomePageTest@13805618]" name="findStartMatchingLink" duration-ms="2060" started-at="2019-01-23T18:43:26Z" finished-at="2019-01-23T18:43:28Z">
          <reporter-output>
          </reporter-output>
        </test-method> <!-- findStartMatchingLink -->
        <test-method status="PASS" signature="pressLogo()[pri:0, instance:uk.co.idealflatmate.tests.HomePageTest@13805618]" name="pressLogo" duration-ms="1059" started-at="2019-01-23T18:43:28Z" finished-at="2019-01-23T18:43:29Z">
          <reporter-output>
          </reporter-output>
        </test-method> <!-- pressLogo -->
        <test-method status="PASS" signature="tearDown()[pri:0, instance:uk.co.idealflatmate.tests.HomePageTest@13805618]" name="tearDown" is-config="true" duration-ms="884" started-at="2019-01-23T18:43:29Z" finished-at="2019-01-23T18:43:30Z">
          <reporter-output>
          </reporter-output>
        </test-method> <!-- tearDown -->
      </class> <!-- uk.co.idealflatmate.tests.HomePageTest -->
      <class name="uk.co.idealflatmate.tests.SignUpLikeOrMessage">
        <test-method status="PASS" signature="setupClass()[pri:0, instance:uk.co.idealflatmate.tests.SignUpLikeOrMessage@69ea3742]" name="setupClass" is-config="true" duration-ms="5827" started-at="2019-01-23T19:01:44Z" finished-at="2019-01-23T19:01:50Z">
          <reporter-output>
          </reporter-output>
        </test-method> <!-- setupClass -->
        <test-method status="FAIL" signature="messagePropertySignUpHomePage()[pri:0, instance:uk.co.idealflatmate.tests.SignUpLikeOrMessage@69ea3742]" name="messagePropertySignUpHomePage" duration-ms="61367" started-at="2019-01-23T19:01:50Z" finished-at="2019-01-23T19:02:52Z">
          <exception class="com.codeborne.selenide.ex.ElementShould">
            <message>
              <![CDATA[Element should have text 'About me
Ronald, 59 is a female looking for a room.
Maximum budget: ВЈ2500/month
Ready to move in: Immediately' {By.xpath: //div[starts-with(@class,'col-sm-8')]}
Element: '<div class="col-sm-8">About me
Ronald, 59 is a female looking for a room.
Maximum budget: ?2500/month
Ready to move in: Immediately</div>']]>
            </message>
            <full-stacktrace>
              <![CDATA[Element should have text 'About me
Ronald, 59 is a female looking for a room.
Maximum budget: ВЈ2500/month
Ready to move in: Immediately' {By.xpath: //div[starts-with(@class,'col-sm-8')]}
Element: '<div class="col-sm-8">About me
Ronald, 59 is a female looking for a room.
Maximum budget: ?2500/month
Ready to move in: Immediately</div>'
Screenshot: file:/C:/Users/lukhovytskyi/Documents/GitHub/idealflatmatetest/build/reports/tests/1548270171588.23.png
Page source: file:/C:/Users/lukhovytskyi/Documents/GitHub/idealflatmatetest/build/reports/tests/1548270171588.23.html
Timeout: 10 s.
at com.codeborne.selenide.impl.WebElementSource.checkCondition(WebElementSource.java:66)
at com.codeborne.selenide.commands.Should.should(Should.java:35)
at com.codeborne.selenide.commands.Should.execute(Should.java:29)
at com.codeborne.selenide.commands.Should.execute(Should.java:12)
at com.codeborne.selenide.commands.Commands.execute(Commands.java:144)
at com.codeborne.selenide.impl.SelenideElementProxy.dispatchAndRetry(SelenideElementProxy.java:87)
at com.codeborne.selenide.impl.SelenideElementProxy.invoke(SelenideElementProxy.java:63)
at com.sun.proxy.$Proxy5.shouldHave(Unknown Source)
at uk.co.idealflatmate.appmanager.VerificationHelper.verificationDataProfileFMListing(VerificationHelper.java:125)
at uk.co.idealflatmate.tests.SignUpLikeOrMessage.messagePropertySignUpHomePage(SignUpLikeOrMessage.java:83)
at sun.reflect.NativeMethodAccessorImpl.invoke0(Native Method)
at sun.reflect.NativeMethodAccessorImpl.invoke(NativeMethodAccessorImpl.java:62)
at sun.reflect.DelegatingMethodAccessorImpl.invoke(DelegatingMethodAccessorImpl.java:43)
at java.lang.reflect.Method.invoke(Method.java:498)
at org.testng.internal.MethodInvocationHelper.invokeMethod(MethodInvocationHelper.java:124)
at org.testng.internal.Invoker.invokeMethod(Invoker.java:583)
at org.testng.internal.Invoker.invokeTestMethod(Invoker.java:719)
at org.testng.internal.Invoker.invokeTestMethods(Invoker.java:989)
at org.testng.internal.TestMethodWorker.invokeTestMethods(TestMethodWorker.java:125)
at org.testng.internal.TestMethodWorker.run(TestMethodWorker.java:109)
at org.testng.TestRunner.privateRun(TestRunner.java:648)
at org.testng.TestRunner.run(TestRunner.java:505)
at org.testng.SuiteRunner.runTest(SuiteRunner.java:455)
at org.testng.SuiteRunner.runSequentially(SuiteRunner.java:450)
at org.testng.SuiteRunner.privateRun(SuiteRunner.java:415)
at org.testng.SuiteRunner.run(SuiteRunner.java:364)
at org.testng.SuiteRunnerWorker.runSuite(SuiteRunnerWorker.java:52)
at org.testng.SuiteRunnerWorker.run(SuiteRunnerWorker.java:84)
at org.testng.TestNG.runSuitesSequentially(TestNG.java:1208)
at org.testng.TestNG.runSuitesLocally(TestNG.java:1137)
at org.testng.TestNG.runSuites(TestNG.java:1049)
at org.testng.TestNG.run(TestNG.java:1017)
at org.apache.maven.surefire.testng.TestNGExecutor.run(TestNGExecutor.java:122)
at org.apache.maven.surefire.testng.TestNGXmlTestSuite.execute(TestNGXmlTestSuite.java:88)
at org.apache.maven.surefire.testng.TestNGProvider.invoke(TestNGProvider.java:104)
at sun.reflect.NativeMethodAccessorImpl.invoke0(Native Method)
at sun.reflect.NativeMethodAccessorImpl.invoke(NativeMethodAccessorImpl.java:62)
at sun.reflect.DelegatingMethodAccessorImpl.invoke(DelegatingMethodAccessorImpl.java:43)
at java.lang.reflect.Method.invoke(Method.java:498)
at org.apache.maven.surefire.booter.ProviderFactory$ClassLoaderProxy.invoke(ProviderFactory.java:103)
at com.sun.proxy.$Proxy0.invoke(Unknown Source)
at org.apache.maven.surefire.booter.SurefireStarter.invokeProvider(SurefireStarter.java:150)
at org.apache.maven.surefire.booter.SurefireStarter.runSuitesInProcess(SurefireStarter.java:91)
at org.apache.maven.surefire.booter.ForkedBooter.main(ForkedBooter.java:69)
]]>
            </full-stacktrace>
          </exception> <!-- com.codeborne.selenide.ex.ElementShould -->
          <reporter-output>
          </reporter-output>
        </test-method> <!-- messagePropertySignUpHomePage -->
        <test-method status="FAIL" signature="messageSignUpFMPage()[pri:0, instance:uk.co.idealflatmate.tests.SignUpLikeOrMessage@69ea3742]" name="messageSignUpFMPage" duration-ms="79336" started-at="2019-01-23T19:02:52Z" finished-at="2019-01-23T19:04:11Z">
          <exception class="com.codeborne.selenide.ex.ElementShould">
            <message>
              <![CDATA[Element should have text 'Maximum budget: ВЈ1250/month' {By.xpath: (//h4[@class='u_m0-top u_m20-bottom text-16'])[2]}
Element: '<h4 class="u_m0-top u_m20-bottom text-16">Maximum budget: ?1250/month</h4>']]>
            </message>
            <full-stacktrace>
              <![CDATA[Element should have text 'Maximum budget: ВЈ1250/month' {By.xpath: (//h4[@class='u_m0-top u_m20-bottom text-16'])[2]}
Element: '<h4 class="u_m0-top u_m20-bottom text-16">Maximum budget: ?1250/month</h4>'
Screenshot: file:/C:/Users/lukhovytskyi/Documents/GitHub/idealflatmatetest/build/reports/tests/1548270250836.25.png
Page source: file:/C:/Users/lukhovytskyi/Documents/GitHub/idealflatmatetest/build/reports/tests/1548270250836.25.html
Timeout: 10 s.
at com.codeborne.selenide.impl.WebElementSource.checkCondition(WebElementSource.java:66)
at com.codeborne.selenide.commands.Should.should(Should.java:35)
at com.codeborne.selenide.commands.Should.execute(Should.java:29)
at com.codeborne.selenide.commands.Should.execute(Should.java:12)
at com.codeborne.selenide.commands.Commands.execute(Commands.java:144)
at com.codeborne.selenide.impl.SelenideElementProxy.dispatchAndRetry(SelenideElementProxy.java:87)
at com.codeborne.selenide.impl.SelenideElementProxy.invoke(SelenideElementProxy.java:63)
at com.sun.proxy.$Proxy5.shouldHave(Unknown Source)
at uk.co.idealflatmate.appmanager.VerificationHelper.verificationDataProfileFM(VerificationHelper.java:266)
at uk.co.idealflatmate.tests.SignUpLikeOrMessage.messageSignUpFMPage(SignUpLikeOrMessage.java:186)
at sun.reflect.NativeMethodAccessorImpl.invoke0(Native Method)
at sun.reflect.NativeMethodAccessorImpl.invoke(NativeMethodAccessorImpl.java:62)
at sun.reflect.DelegatingMethodAccessorImpl.invoke(DelegatingMethodAccessorImpl.java:43)
at java.lang.reflect.Method.invoke(Method.java:498)
at org.testng.internal.MethodInvocationHelper.invokeMethod(MethodInvocationHelper.java:124)
at org.testng.internal.Invoker.invokeMethod(Invoker.java:583)
at org.testng.internal.Invoker.invokeTestMethod(Invoker.java:719)
at org.testng.internal.Invoker.invokeTestMethods(Invoker.java:989)
at org.testng.internal.TestMethodWorker.invokeTestMethods(TestMethodWorker.java:125)
at org.testng.internal.TestMethodWorker.run(TestMethodWorker.java:109)
at org.testng.TestRunner.privateRun(TestRunner.java:648)
at org.testng.TestRunner.run(TestRunner.java:505)
at org.testng.SuiteRunner.runTest(SuiteRunner.java:455)
at org.testng.SuiteRunner.runSequentially(SuiteRunner.java:450)
at org.testng.SuiteRunner.privateRun(SuiteRunner.java:415)
at org.testng.SuiteRunner.run(SuiteRunner.java:364)
at org.testng.SuiteRunnerWorker.runSuite(SuiteRunnerWorker.java:52)
at org.testng.SuiteRunnerWorker.run(SuiteRunnerWorker.java:84)
at org.testng.TestNG.runSuitesSequentially(TestNG.java:1208)
at org.testng.TestNG.runSuitesLocally(TestNG.java:1137)
at org.testng.TestNG.runSuites(TestNG.java:1049)
at org.testng.TestNG.run(TestNG.java:1017)
at org.apache.maven.surefire.testng.TestNGExecutor.run(TestNGExecutor.java:122)
at org.apache.maven.surefire.testng.TestNGXmlTestSuite.execute(TestNGXmlTestSuite.java:88)
at org.apache.maven.surefire.testng.TestNGProvider.invoke(TestNGProvider.java:104)
at sun.reflect.NativeMethodAccessorImpl.invoke0(Native Method)
at sun.reflect.NativeMethodAccessorImpl.invoke(NativeMethodAccessorImpl.java:62)
at sun.reflect.DelegatingMethodAccessorImpl.invoke(DelegatingMethodAccessorImpl.java:43)
at java.lang.reflect.Method.invoke(Method.java:498)
at org.apache.maven.surefire.booter.ProviderFactory$ClassLoaderProxy.invoke(ProviderFactory.java:103)
at com.sun.proxy.$Proxy0.invoke(Unknown Source)
at org.apache.maven.surefire.booter.SurefireStarter.invokeProvider(SurefireStarter.java:150)
at org.apache.maven.surefire.booter.SurefireStarter.runSuitesInProcess(SurefireStarter.java:91)
at org.apache.maven.surefire.booter.ForkedBooter.main(ForkedBooter.java:69)
]]>
            </full-stacktrace>
          </exception> <!-- com.codeborne.selenide.ex.ElementShould -->
          <reporter-output>
          </reporter-output>
        </test-method> <!-- messageSignUpFMPage -->
        <test-method status="FAIL" signature="popupExistingEmailPropertyPage()[pri:0, instance:uk.co.idealflatmate.tests.SignUpLikeOrMessage@69ea3742]" name="popupExistingEmailPropertyPage" duration-ms="26653632" started-at="2019-01-23T19:04:11Z" finished-at="2019-01-24T02:28:25Z">
          <exception class="com.codeborne.selenide.ex.ElementNotFound">
            <message>
              <![CDATA[Element not found {By.xpath: //span[contains (text(), 'Sign up with email')]}
Expected: visible]]>
            </message>
            <full-stacktrace>
              <![CDATA[Element not found {By.xpath: //span[contains (text(), 'Sign up with email')]}
Expected: visible
Screenshot: file:/C:/Users/lukhovytskyi/Documents/GitHub/idealflatmatetest/build/reports/tests/1548296902019.27.png
Page source: file:/C:/Users/lukhovytskyi/Documents/GitHub/idealflatmatetest/build/reports/tests/1548296902019.27.html
Timeout: 10 s.
Caused by: NoSuchElementException: no such element: Unable to locate element: {"method":"xpath","selector":"//span[contains (text(), 'Sign up with email')]"}
at com.codeborne.selenide.impl.WebElementSource.createElementNotFoundError(WebElementSource.java:31)
at com.codeborne.selenide.impl.ElementFinder.createElementNotFoundError(ElementFinder.java:82)
at com.codeborne.selenide.impl.WebElementSource.checkCondition(WebElementSource.java:59)
at com.codeborne.selenide.impl.WebElementSource.findAndAssertElementIsVisible(WebElementSource.java:72)
at com.codeborne.selenide.commands.Click.execute(Click.java:16)
at com.codeborne.selenide.commands.Click.execute(Click.java:12)
at com.codeborne.selenide.commands.Commands.execute(Commands.java:144)
at com.codeborne.selenide.impl.SelenideElementProxy.dispatchAndRetry(SelenideElementProxy.java:87)
at com.codeborne.selenide.impl.SelenideElementProxy.invoke(SelenideElementProxy.java:63)
at com.sun.proxy.$Proxy5.click(Unknown Source)
at uk.co.idealflatmate.appmanager.SignUpHelper.clickEmail(SignUpHelper.java:36)
at uk.co.idealflatmate.tests.SignUpLikeOrMessage.popupExistingEmailPropertyPage(SignUpLikeOrMessage.java:359)
at sun.reflect.NativeMethodAccessorImpl.invoke0(Native Method)
at sun.reflect.NativeMethodAccessorImpl.invoke(NativeMethodAccessorImpl.java:62)
at sun.reflect.DelegatingMethodAccessorImpl.invoke(DelegatingMethodAccessorImpl.java:43)
at java.lang.reflect.Method.invoke(Method.java:498)
at org.testng.internal.MethodInvocationHelper.invokeMethod(MethodInvocationHelper.java:124)
at org.testng.internal.Invoker.invokeMethod(Invoker.java:583)
at org.testng.internal.Invoker.invokeTestMethod(Invoker.java:719)
at org.testng.internal.Invoker.invokeTestMethods(Invoker.java:989)
at org.testng.internal.TestMethodWorker.invokeTestMethods(TestMethodWorker.java:125)
at org.testng.internal.TestMethodWorker.run(TestMethodWorker.java:109)
at org.testng.TestRunner.privateRun(TestRunner.java:648)
at org.testng.TestRunner.run(TestRunner.java:505)
at org.testng.SuiteRunner.runTest(SuiteRunner.java:455)
at org.testng.SuiteRunner.runSequentially(SuiteRunner.java:450)
at org.testng.SuiteRunner.privateRun(SuiteRunner.java:415)
at org.testng.SuiteRunner.run(SuiteRunner.java:364)
at org.testng.SuiteRunnerWorker.runSuite(SuiteRunnerWorker.java:52)
at org.testng.SuiteRunnerWorker.run(SuiteRunnerWorker.java:84)
at org.testng.TestNG.runSuitesSequentially(TestNG.java:1208)
at org.testng.TestNG.runSuitesLocally(TestNG.java:1137)
at org.testng.TestNG.runSuites(TestNG.java:1049)
at org.testng.TestNG.run(TestNG.java:1017)
at org.apache.maven.surefire.testng.TestNGExecutor.run(TestNGExecutor.java:122)
at org.apache.maven.surefire.testng.TestNGXmlTestSuite.execute(TestNGXmlTestSuite.java:88)
at org.apache.maven.surefire.testng.TestNGProvider.invoke(TestNGProvider.java:104)
at sun.reflect.NativeMethodAccessorImpl.invoke0(Native Method)
at sun.reflect.NativeMethodAccessorImpl.invoke(NativeMethodAccessorImpl.java:62)
at sun.reflect.DelegatingMethodAccessorImpl.invoke(DelegatingMethodAccessorImpl.java:43)
at java.lang.reflect.Method.invoke(Method.java:498)
at org.apache.maven.surefire.booter.ProviderFactory$ClassLoaderProxy.invoke(ProviderFactory.java:103)
at com.sun.proxy.$Proxy0.invoke(Unknown Source)
at org.apache.maven.surefire.booter.SurefireStarter.invokeProvider(SurefireStarter.java:150)
at org.apache.maven.surefire.booter.SurefireStarter.runSuitesInProcess(SurefireStarter.java:91)
at org.apache.maven.surefire.booter.ForkedBooter.main(ForkedBooter.java:69)
Caused by: org.openqa.selenium.NoSuchElementException: no such element: Unable to locate element: {"method":"xpath","selector":"//span[contains (text(), 'Sign up with email')]"}
  (Session info: chrome=71.0.3578.98)
  (Driver info: chromedriver=72.0.3626.69 (3c16f8a135abc0d4da2dff33804db79b849a7c38),platform=Windows NT 10.0.16299 x86_64) (WARNING: The server did not provide any stacktrace information)
Command duration or timeout: 0 milliseconds
For documentation on this error, please visit: https://www.seleniumhq.org/exceptions/no_such_element.html
Build info: version: '3.141.59', revision: 'e82be7d358', time: '2018-11-14T08:17:03'
System info: host: 'PRIVATE-1074', ip: '10.8.1.74', os.name: 'Windows 10', os.arch: 'amd64', os.version: '10.0', java.version: '1.8.0_152'
Driver info: org.openqa.selenium.chrome.ChromeDriver
Capabilities {acceptInsecureCerts: false, acceptSslCerts: false, applicationCacheEnabled: false, browserConnectionEnabled: false, browserName: chrome, chrome: {chromedriverVersion: 72.0.3626.69 (3c16f8a135abc..., userDataDir: C:\Users\LUKHOV~1\AppData\L...}, cssSelectorsEnabled: true, databaseEnabled: false, goog:chromeOptions: {debuggerAddress: localhost:57223}, handlesAlerts: true, hasTouchScreen: false, javascriptEnabled: true, locationContextEnabled: true, mobileEmulationEnabled: false, nativeEvents: true, networkConnectionEnabled: false, pageLoadStrategy: normal, platform: XP, platformName: XP, proxy: Proxy(), rotatable: false, setWindowRect: true, takesHeapSnapshot: true, takesScreenshot: true, timeouts: {implicit: 0, pageLoad: 300000, script: 30000}, unexpectedAlertBehaviour: ignore, unhandledPromptBehavior: ignore, version: 71.0.3578.98, webStorageEnabled: true}
Session ID: 162dc9e68da5793906d88fc86ae2354b
*** Element info: {Using=xpath, value=//span[contains (text(), 'Sign up with email')]}
at sun.reflect.GeneratedConstructorAccessor13.newInstance(Unknown Source)
at sun.reflect.DelegatingConstructorAccessorImpl.newInstance(DelegatingConstructorAccessorImpl.java:45)
at java.lang.reflect.Constructor.newInstance(Constructor.java:423)
at org.openqa.selenium.remote.ErrorHandler.createThrowable(ErrorHandler.java:214)
at org.openqa.selenium.remote.ErrorHandler.throwIfResponseFailed(ErrorHandler.java:166)
at org.openqa.selenium.remote.http.JsonHttpResponseCodec.reconstructValue(JsonHttpResponseCodec.java:40)
at org.openqa.selenium.remote.http.AbstractHttpResponseCodec.decode(AbstractHttpResponseCodec.java:80)
at org.openqa.selenium.remote.http.AbstractHttpResponseCodec.decode(AbstractHttpResponseCodec.java:44)
at org.openqa.selenium.remote.HttpCommandExecutor.execute(HttpCommandExecutor.java:158)
at org.openqa.selenium.remote.service.DriverCommandExecutor.execute(DriverCommandExecutor.java:83)
at org.openqa.selenium.remote.RemoteWebDriver.execute(RemoteWebDriver.java:552)
at org.openqa.selenium.remote.RemoteWebDriver.findElement(RemoteWebDriver.java:323)
at org.openqa.selenium.remote.RemoteWebDriver.findElementByXPath(RemoteWebDriver.java:428)
at org.openqa.selenium.By$ByXPath.findElement(By.java:353)
at org.openqa.selenium.remote.RemoteWebDriver.findElement(RemoteWebDriver.java:315)
at com.codeborne.selenide.impl.WebElementSelector.findElement(WebElementSelector.java:29)
at com.codeborne.selenide.impl.ElementFinder.getWebElement(ElementFinder.java:56)
at com.codeborne.selenide.impl.WebElementSource.checkCondition(WebElementSource.java:44)
... 43 more
]]>
            </full-stacktrace>
          </exception> <!-- com.codeborne.selenide.ex.ElementNotFound -->
          <reporter-output>
          </reporter-output>
        </test-method> <!-- popupExistingEmailPropertyPage -->
        <test-method status="PASS" signature="popupExistingEmailPropertyPhone()[pri:0, instance:uk.co.idealflatmate.tests.SignUpLikeOrMessage@69ea3742]" name="popupExistingEmailPropertyPhone" duration-ms="56859" started-at="2019-01-24T02:28:25Z" finished-at="2019-01-24T02:29:22Z">
          <reporter-output>
          </reporter-output>
        </test-method> <!-- popupExistingEmailPropertyPhone -->
        <test-method status="FAIL" signature="popupPropertyPage()[pri:0, instance:uk.co.idealflatmate.tests.SignUpLikeOrMessage@69ea3742]" name="popupPropertyPage" duration-ms="71369" started-at="2019-01-24T02:29:22Z" finished-at="2019-01-24T02:30:33Z">
          <exception class="com.codeborne.selenide.ex.ElementShould">
            <message>
              <![CDATA[Element should have text 'ВЈ200 - ВЈ1250' {By.xpath: //div[@class='price-range-filter selected']}
Element: '<div class="price-range-filter selected">?200 - ?1250
1</div>']]>
            </message>
            <full-stacktrace>
              <![CDATA[Element should have text 'ВЈ200 - ВЈ1250' {By.xpath: //div[@class='price-range-filter selected']}
Element: '<div class="price-range-filter selected">?200 - ?1250
1</div>'
Screenshot: file:/C:/Users/lukhovytskyi/Documents/GitHub/idealflatmatetest/build/reports/tests/1548297032805.29.png
Page source: file:/C:/Users/lukhovytskyi/Documents/GitHub/idealflatmatetest/build/reports/tests/1548297032805.29.html
Timeout: 10 s.
at com.codeborne.selenide.impl.WebElementSource.checkCondition(WebElementSource.java:66)
at com.codeborne.selenide.commands.Should.should(Should.java:35)
at com.codeborne.selenide.commands.Should.execute(Should.java:29)
at com.codeborne.selenide.commands.Should.execute(Should.java:12)
at com.codeborne.selenide.commands.Commands.execute(Commands.java:144)
at com.codeborne.selenide.impl.SelenideElementProxy.dispatchAndRetry(SelenideElementProxy.java:87)
at com.codeborne.selenide.impl.SelenideElementProxy.invoke(SelenideElementProxy.java:63)
at com.sun.proxy.$Proxy5.shouldHave(Unknown Source)
at uk.co.idealflatmate.appmanager.VerificationHelper.verifySearchListingPage(VerificationHelper.java:588)
at uk.co.idealflatmate.tests.SignUpLikeOrMessage.popupPropertyPage(SignUpLikeOrMessage.java:312)
at sun.reflect.NativeMethodAccessorImpl.invoke0(Native Method)
at sun.reflect.NativeMethodAccessorImpl.invoke(NativeMethodAccessorImpl.java:62)
at sun.reflect.DelegatingMethodAccessorImpl.invoke(DelegatingMethodAccessorImpl.java:43)
at java.lang.reflect.Method.invoke(Method.java:498)
at org.testng.internal.MethodInvocationHelper.invokeMethod(MethodInvocationHelper.java:124)
at org.testng.internal.Invoker.invokeMethod(Invoker.java:583)
at org.testng.internal.Invoker.invokeTestMethod(Invoker.java:719)
at org.testng.internal.Invoker.invokeTestMethods(Invoker.java:989)
at org.testng.internal.TestMethodWorker.invokeTestMethods(TestMethodWorker.java:125)
at org.testng.internal.TestMethodWorker.run(TestMethodWorker.java:109)
at org.testng.TestRunner.privateRun(TestRunner.java:648)
at org.testng.TestRunner.run(TestRunner.java:505)
at org.testng.SuiteRunner.runTest(SuiteRunner.java:455)
at org.testng.SuiteRunner.runSequentially(SuiteRunner.java:450)
at org.testng.SuiteRunner.privateRun(SuiteRunner.java:415)
at org.testng.SuiteRunner.run(SuiteRunner.java:364)
at org.testng.SuiteRunnerWorker.runSuite(SuiteRunnerWorker.java:52)
at org.testng.SuiteRunnerWorker.run(SuiteRunnerWorker.java:84)
at org.testng.TestNG.runSuitesSequentially(TestNG.java:1208)
at org.testng.TestNG.runSuitesLocally(TestNG.java:1137)
at org.testng.TestNG.runSuites(TestNG.java:1049)
at org.testng.TestNG.run(TestNG.java:1017)
at org.apache.maven.surefire.testng.TestNGExecutor.run(TestNGExecutor.java:122)
at org.apache.maven.surefire.testng.TestNGXmlTestSuite.execute(TestNGXmlTestSuite.java:88)
at org.apache.maven.surefire.testng.TestNGProvider.invoke(TestNGProvider.java:104)
at sun.reflect.NativeMethodAccessorImpl.invoke0(Native Method)
at sun.reflect.NativeMethodAccessorImpl.invoke(NativeMethodAccessorImpl.java:62)
at sun.reflect.DelegatingMethodAccessorImpl.invoke(DelegatingMethodAccessorImpl.java:43)
at java.lang.reflect.Method.invoke(Method.java:498)
at org.apache.maven.surefire.booter.ProviderFactory$ClassLoaderProxy.invoke(ProviderFactory.java:103)
at com.sun.proxy.$Proxy0.invoke(Unknown Source)
at org.apache.maven.surefire.booter.SurefireStarter.invokeProvider(SurefireStarter.java:150)
at org.apache.maven.surefire.booter.SurefireStarter.runSuitesInProcess(SurefireStarter.java:91)
at org.apache.maven.surefire.booter.ForkedBooter.main(ForkedBooter.java:69)
]]>
            </full-stacktrace>
          </exception> <!-- com.codeborne.selenide.ex.ElementShould -->
          <reporter-output>
          </reporter-output>
        </test-method> <!-- popupPropertyPage -->
        <test-method status="FAIL" signature="popupWithBlankRequiredFields()[pri:0, instance:uk.co.idealflatmate.tests.SignUpLikeOrMessage@69ea3742]" name="popupWithBlankRequiredFields" duration-ms="4580947" started-at="2019-01-24T02:30:33Z" finished-at="2019-01-24T03:46:54Z">
          <exception class="com.codeborne.selenide.ex.ElementNotFound">
            <message>
              <![CDATA[Element not found {By.xpath: //li//div[contains(text(), 'Watford')]}
Expected: visible]]>
            </message>
            <full-stacktrace>
              <![CDATA[Element not found {By.xpath: //li//div[contains(text(), 'Watford')]}
Expected: visible
Screenshot: file:/C:/Users/lukhovytskyi/Documents/GitHub/idealflatmatetest/build/reports/tests/1548301613493.31.png
Page source: file:/C:/Users/lukhovytskyi/Documents/GitHub/idealflatmatetest/build/reports/tests/1548301613493.31.html
Timeout: 10 s.
Caused by: NoSuchElementException: no such element: Unable to locate element: {"method":"xpath","selector":"//li//div[contains(text(), 'Watford')]"}
at com.codeborne.selenide.impl.WebElementSource.createElementNotFoundError(WebElementSource.java:31)
at com.codeborne.selenide.impl.ElementFinder.createElementNotFoundError(ElementFinder.java:82)
at com.codeborne.selenide.impl.WebElementSource.checkCondition(WebElementSource.java:59)
at com.codeborne.selenide.impl.WebElementSource.findAndAssertElementIsVisible(WebElementSource.java:72)
at com.codeborne.selenide.commands.Click.execute(Click.java:16)
at com.codeborne.selenide.commands.Click.execute(Click.java:12)
at com.codeborne.selenide.commands.Commands.execute(Commands.java:144)
at com.codeborne.selenide.impl.SelenideElementProxy.dispatchAndRetry(SelenideElementProxy.java:87)
at com.codeborne.selenide.impl.SelenideElementProxy.invoke(SelenideElementProxy.java:63)
at com.sun.proxy.$Proxy5.click(Unknown Source)
at uk.co.idealflatmate.appmanager.HelperBase.FieldEnter(HelperBase.java:100)
at uk.co.idealflatmate.appmanager.SignUpHelper.preferredLocation(SignUpHelper.java:168)
at uk.co.idealflatmate.tests.SignUpLikeOrMessage.popupWithBlankRequiredFields(SignUpLikeOrMessage.java:416)
at sun.reflect.NativeMethodAccessorImpl.invoke0(Native Method)
at sun.reflect.NativeMethodAccessorImpl.invoke(NativeMethodAccessorImpl.java:62)
at sun.reflect.DelegatingMethodAccessorImpl.invoke(DelegatingMethodAccessorImpl.java:43)
at java.lang.reflect.Method.invoke(Method.java:498)
at org.testng.internal.MethodInvocationHelper.invokeMethod(MethodInvocationHelper.java:124)
at org.testng.internal.Invoker.invokeMethod(Invoker.java:583)
at org.testng.internal.Invoker.invokeTestMethod(Invoker.java:719)
at org.testng.internal.Invoker.invokeTestMethods(Invoker.java:989)
at org.testng.internal.TestMethodWorker.invokeTestMethods(TestMethodWorker.java:125)
at org.testng.internal.TestMethodWorker.run(TestMethodWorker.java:109)
at org.testng.TestRunner.privateRun(TestRunner.java:648)
at org.testng.TestRunner.run(TestRunner.java:505)
at org.testng.SuiteRunner.runTest(SuiteRunner.java:455)
at org.testng.SuiteRunner.runSequentially(SuiteRunner.java:450)
at org.testng.SuiteRunner.privateRun(SuiteRunner.java:415)
at org.testng.SuiteRunner.run(SuiteRunner.java:364)
at org.testng.SuiteRunnerWorker.runSuite(SuiteRunnerWorker.java:52)
at org.testng.SuiteRunnerWorker.run(SuiteRunnerWorker.java:84)
at org.testng.TestNG.runSuitesSequentially(TestNG.java:1208)
at org.testng.TestNG.runSuitesLocally(TestNG.java:1137)
at org.testng.TestNG.runSuites(TestNG.java:1049)
at org.testng.TestNG.run(TestNG.java:1017)
at org.apache.maven.surefire.testng.TestNGExecutor.run(TestNGExecutor.java:122)
at org.apache.maven.surefire.testng.TestNGXmlTestSuite.execute(TestNGXmlTestSuite.java:88)
at org.apache.maven.surefire.testng.TestNGProvider.invoke(TestNGProvider.java:104)
at sun.reflect.NativeMethodAccessorImpl.invoke0(Native Method)
at sun.reflect.NativeMethodAccessorImpl.invoke(NativeMethodAccessorImpl.java:62)
at sun.reflect.DelegatingMethodAccessorImpl.invoke(DelegatingMethodAccessorImpl.java:43)
at java.lang.reflect.Method.invoke(Method.java:498)
at org.apache.maven.surefire.booter.ProviderFactory$ClassLoaderProxy.invoke(ProviderFactory.java:103)
at com.sun.proxy.$Proxy0.invoke(Unknown Source)
at org.apache.maven.surefire.booter.SurefireStarter.invokeProvider(SurefireStarter.java:150)
at org.apache.maven.surefire.booter.SurefireStarter.runSuitesInProcess(SurefireStarter.java:91)
at org.apache.maven.surefire.booter.ForkedBooter.main(ForkedBooter.java:69)
Caused by: org.openqa.selenium.NoSuchElementException: no such element: Unable to locate element: {"method":"xpath","selector":"//li//div[contains(text(), 'Watford')]"}
  (Session info: chrome=71.0.3578.98)
  (Driver info: chromedriver=72.0.3626.69 (3c16f8a135abc0d4da2dff33804db79b849a7c38),platform=Windows NT 10.0.16299 x86_64) (WARNING: The server did not provide any stacktrace information)
Command duration or timeout: 0 milliseconds
For documentation on this error, please visit: https://www.seleniumhq.org/exceptions/no_such_element.html
Build info: version: '3.141.59', revision: 'e82be7d358', time: '2018-11-14T08:17:03'
System info: host: 'PRIVATE-1074', ip: '10.8.1.74', os.name: 'Windows 10', os.arch: 'amd64', os.version: '10.0', java.version: '1.8.0_152'
Driver info: org.openqa.selenium.chrome.ChromeDriver
Capabilities {acceptInsecureCerts: false, acceptSslCerts: false, applicationCacheEnabled: false, browserConnectionEnabled: false, browserName: chrome, chrome: {chromedriverVersion: 72.0.3626.69 (3c16f8a135abc..., userDataDir: C:\Users\LUKHOV~1\AppData\L...}, cssSelectorsEnabled: true, databaseEnabled: false, goog:chromeOptions: {debuggerAddress: localhost:63929}, handlesAlerts: true, hasTouchScreen: false, javascriptEnabled: true, locationContextEnabled: true, mobileEmulationEnabled: false, nativeEvents: true, networkConnectionEnabled: false, pageLoadStrategy: normal, platform: XP, platformName: XP, proxy: Proxy(), rotatable: false, setWindowRect: true, takesHeapSnapshot: true, takesScreenshot: true, timeouts: {implicit: 0, pageLoad: 300000, script: 30000}, unexpectedAlertBehaviour: ignore, unhandledPromptBehavior: ignore, version: 71.0.3578.98, webStorageEnabled: true}
Session ID: 3b51396a1c5cf68f18466bcd6821ce4b
*** Element info: {Using=xpath, value=//li//div[contains(text(), 'Watford')]}
at sun.reflect.GeneratedConstructorAccessor13.newInstance(Unknown Source)
at sun.reflect.DelegatingConstructorAccessorImpl.newInstance(DelegatingConstructorAccessorImpl.java:45)
at java.lang.reflect.Constructor.newInstance(Constructor.java:423)
at org.openqa.selenium.remote.ErrorHandler.createThrowable(ErrorHandler.java:214)
at org.openqa.selenium.remote.ErrorHandler.throwIfResponseFailed(ErrorHandler.java:166)
at org.openqa.selenium.remote.http.JsonHttpResponseCodec.reconstructValue(JsonHttpResponseCodec.java:40)
at org.openqa.selenium.remote.http.AbstractHttpResponseCodec.decode(AbstractHttpResponseCodec.java:80)
at org.openqa.selenium.remote.http.AbstractHttpResponseCodec.decode(AbstractHttpResponseCodec.java:44)
at org.openqa.selenium.remote.HttpCommandExecutor.execute(HttpCommandExecutor.java:158)
at org.openqa.selenium.remote.service.DriverCommandExecutor.execute(DriverCommandExecutor.java:83)
at org.openqa.selenium.remote.RemoteWebDriver.execute(RemoteWebDriver.java:552)
at org.openqa.selenium.remote.RemoteWebDriver.findElement(RemoteWebDriver.java:323)
at org.openqa.selenium.remote.RemoteWebDriver.findElementByXPath(RemoteWebDriver.java:428)
at org.openqa.selenium.By$ByXPath.findElement(By.java:353)
at org.openqa.selenium.remote.RemoteWebDriver.findElement(RemoteWebDriver.java:315)
at com.codeborne.selenide.impl.WebElementSelector.findElement(WebElementSelector.java:29)
at com.codeborne.selenide.impl.ElementFinder.getWebElement(ElementFinder.java:56)
at com.codeborne.selenide.impl.WebElementSource.checkCondition(WebElementSource.java:44)
... 44 more
]]>
            </full-stacktrace>
          </exception> <!-- com.codeborne.selenide.ex.ElementNotFound -->
          <reporter-output>
          </reporter-output>
        </test-method> <!-- popupWithBlankRequiredFields -->
        <test-method status="PASS" signature="popupWithExistingEmail()[pri:0, instance:uk.co.idealflatmate.tests.SignUpLikeOrMessage@69ea3742]" name="popupWithExistingEmail" duration-ms="43426" started-at="2019-01-24T03:46:54Z" finished-at="2019-01-24T03:47:38Z">
          <reporter-output>
          </reporter-output>
        </test-method> <!-- popupWithExistingEmail -->
        <test-method status="PASS" signature="signUpLike3rdPageQuit()[pri:0, instance:uk.co.idealflatmate.tests.SignUpLikeOrMessage@69ea3742]" name="signUpLike3rdPageQuit" duration-ms="38984" started-at="2019-01-24T03:47:38Z" finished-at="2019-01-24T03:48:17Z">
          <reporter-output>
          </reporter-output>
        </test-method> <!-- signUpLike3rdPageQuit -->
        <test-method status="FAIL" signature="signUpLikeHomePage()[pri:0, instance:uk.co.idealflatmate.tests.SignUpLikeOrMessage@69ea3742]" name="signUpLikeHomePage" duration-ms="69712" started-at="2019-01-24T03:48:17Z" finished-at="2019-01-24T03:49:26Z">
          <exception class="com.codeborne.selenide.ex.ElementShould">
            <message>
              <![CDATA[Element should have text 'About me
Ronald is a female looking for a room.
Maximum budget: ВЈ2500/month
Ready to move in: Immediately' {By.xpath: //div[starts-with(@class,'col-sm-8')]}
Element: '<div class="col-sm-8">About me
Ronald is a female looking for a room.
Maximum budget: ?2500/month
Ready to move in: Immediately</div>']]>
            </message>
            <full-stacktrace>
              <![CDATA[Element should have text 'About me
Ronald is a female looking for a room.
Maximum budget: ВЈ2500/month
Ready to move in: Immediately' {By.xpath: //div[starts-with(@class,'col-sm-8')]}
Element: '<div class="col-sm-8">About me
Ronald is a female looking for a room.
Maximum budget: ?2500/month
Ready to move in: Immediately</div>'
Screenshot: file:/C:/Users/lukhovytskyi/Documents/GitHub/idealflatmatetest/build/reports/tests/1548301766297.33.png
Page source: file:/C:/Users/lukhovytskyi/Documents/GitHub/idealflatmatetest/build/reports/tests/1548301766297.33.html
Timeout: 10 s.
at com.codeborne.selenide.impl.WebElementSource.checkCondition(WebElementSource.java:66)
at com.codeborne.selenide.commands.Should.should(Should.java:35)
at com.codeborne.selenide.commands.Should.execute(Should.java:29)
at com.codeborne.selenide.commands.Should.execute(Should.java:12)
at com.codeborne.selenide.commands.Commands.execute(Commands.java:144)
at com.codeborne.selenide.impl.SelenideElementProxy.dispatchAndRetry(SelenideElementProxy.java:87)
at com.codeborne.selenide.impl.SelenideElementProxy.invoke(SelenideElementProxy.java:63)
at com.sun.proxy.$Proxy5.shouldHave(Unknown Source)
at uk.co.idealflatmate.appmanager.VerificationHelper.verificationDataLike(VerificationHelper.java:182)
at uk.co.idealflatmate.tests.SignUpLikeOrMessage.signUpLikeHomePage(SignUpLikeOrMessage.java:268)
at sun.reflect.NativeMethodAccessorImpl.invoke0(Native Method)
at sun.reflect.NativeMethodAccessorImpl.invoke(NativeMethodAccessorImpl.java:62)
at sun.reflect.DelegatingMethodAccessorImpl.invoke(DelegatingMethodAccessorImpl.java:43)
at java.lang.reflect.Method.invoke(Method.java:498)
at org.testng.internal.MethodInvocationHelper.invokeMethod(MethodInvocationHelper.java:124)
at org.testng.internal.Invoker.invokeMethod(Invoker.java:583)
at org.testng.internal.Invoker.invokeTestMethod(Invoker.java:719)
at org.testng.internal.Invoker.invokeTestMethods(Invoker.java:989)
at org.testng.internal.TestMethodWorker.invokeTestMethods(TestMethodWorker.java:125)
at org.testng.internal.TestMethodWorker.run(TestMethodWorker.java:109)
at org.testng.TestRunner.privateRun(TestRunner.java:648)
at org.testng.TestRunner.run(TestRunner.java:505)
at org.testng.SuiteRunner.runTest(SuiteRunner.java:455)
at org.testng.SuiteRunner.runSequentially(SuiteRunner.java:450)
at org.testng.SuiteRunner.privateRun(SuiteRunner.java:415)
at org.testng.SuiteRunner.run(SuiteRunner.java:364)
at org.testng.SuiteRunnerWorker.runSuite(SuiteRunnerWorker.java:52)
at org.testng.SuiteRunnerWorker.run(SuiteRunnerWorker.java:84)
at org.testng.TestNG.runSuitesSequentially(TestNG.java:1208)
at org.testng.TestNG.runSuitesLocally(TestNG.java:1137)
at org.testng.TestNG.runSuites(TestNG.java:1049)
at org.testng.TestNG.run(TestNG.java:1017)
at org.apache.maven.surefire.testng.TestNGExecutor.run(TestNGExecutor.java:122)
at org.apache.maven.surefire.testng.TestNGXmlTestSuite.execute(TestNGXmlTestSuite.java:88)
at org.apache.maven.surefire.testng.TestNGProvider.invoke(TestNGProvider.java:104)
at sun.reflect.NativeMethodAccessorImpl.invoke0(Native Method)
at sun.reflect.NativeMethodAccessorImpl.invoke(NativeMethodAccessorImpl.java:62)
at sun.reflect.DelegatingMethodAccessorImpl.invoke(DelegatingMethodAccessorImpl.java:43)
at java.lang.reflect.Method.invoke(Method.java:498)
at org.apache.maven.surefire.booter.ProviderFactory$ClassLoaderProxy.invoke(ProviderFactory.java:103)
at com.sun.proxy.$Proxy0.invoke(Unknown Source)
at org.apache.maven.surefire.booter.SurefireStarter.invokeProvider(SurefireStarter.java:150)
at org.apache.maven.surefire.booter.SurefireStarter.runSuitesInProcess(SurefireStarter.java:91)
at org.apache.maven.surefire.booter.ForkedBooter.main(ForkedBooter.java:69)
]]>
            </full-stacktrace>
          </exception> <!-- com.codeborne.selenide.ex.ElementShould -->
          <reporter-output>
          </reporter-output>
        </test-method> <!-- signUpLikeHomePage -->
        <test-method status="PASS" signature="tearDown()[pri:0, instance:uk.co.idealflatmate.tests.SignUpLikeOrMessage@69ea3742]" name="tearDown" is-config="true" duration-ms="878" started-at="2019-01-24T03:49:26Z" finished-at="2019-01-24T03:49:27Z">
          <reporter-output>
          </reporter-output>
        </test-method> <!-- tearDown -->
      </class> <!-- uk.co.idealflatmate.tests.SignUpLikeOrMessage -->
      <class name="uk.co.idealflatmate.tests.SearchHomePageTests">
        <test-method status="PASS" signature="setupClass()[pri:0, instance:uk.co.idealflatmate.tests.SearchHomePageTests@25bbe1b6]" name="setupClass" is-config="true" duration-ms="5689" started-at="2019-01-23T18:57:18Z" finished-at="2019-01-23T18:57:24Z">
          <reporter-output>
          </reporter-output>
        </test-method> <!-- setupClass -->
        <test-method status="PASS" signature="TestSearchHomeByEnter()[pri:0, instance:uk.co.idealflatmate.tests.SearchHomePageTests@25bbe1b6]" name="TestSearchHomeByEnter" duration-ms="8750" started-at="2019-01-23T18:57:24Z" finished-at="2019-01-23T18:57:33Z">
          <reporter-output>
          </reporter-output>
        </test-method> <!-- TestSearchHomeByEnter -->
        <test-method status="PASS" signature="searchHomeByButton()[pri:0, instance:uk.co.idealflatmate.tests.SearchHomePageTests@25bbe1b6]" name="searchHomeByButton" duration-ms="10178" started-at="2019-01-23T18:57:33Z" finished-at="2019-01-23T18:57:43Z">
          <reporter-output>
          </reporter-output>
        </test-method> <!-- searchHomeByButton -->
        <test-method status="PASS" signature="searchHomeIDProperty()[pri:0, instance:uk.co.idealflatmate.tests.SearchHomePageTests@25bbe1b6]" name="searchHomeIDProperty" duration-ms="10738" started-at="2019-01-23T18:57:43Z" finished-at="2019-01-23T18:57:53Z">
          <reporter-output>
          </reporter-output>
        </test-method> <!-- searchHomeIDProperty -->
        <test-method status="PASS" signature="searchHomeLocationFromList()[pri:0, instance:uk.co.idealflatmate.tests.SearchHomePageTests@25bbe1b6]" name="searchHomeLocationFromList" duration-ms="8494" started-at="2019-01-23T18:57:53Z" finished-at="2019-01-23T18:58:02Z">
          <reporter-output>
          </reporter-output>
        </test-method> <!-- searchHomeLocationFromList -->
        <test-method status="PASS" signature="searchHomePartOfLocationName()[pri:0, instance:uk.co.idealflatmate.tests.SearchHomePageTests@25bbe1b6]" name="searchHomePartOfLocationName" duration-ms="9532" started-at="2019-01-23T18:58:02Z" finished-at="2019-01-23T18:58:12Z">
          <reporter-output>
          </reporter-output>
        </test-method> <!-- searchHomePartOfLocationName -->
        <test-method status="PASS" signature="tearDown()[pri:0, instance:uk.co.idealflatmate.tests.SearchHomePageTests@25bbe1b6]" name="tearDown" is-config="true" duration-ms="811" started-at="2019-01-23T18:58:12Z" finished-at="2019-01-23T18:58:12Z">
          <reporter-output>
          </reporter-output>
        </test-method> <!-- tearDown -->
      </class> <!-- uk.co.idealflatmate.tests.SearchHomePageTests -->
      <class name="uk.co.idealflatmate.tests.FooterTest">
        <test-method status="PASS" signature="setupClass()[pri:0, instance:uk.co.idealflatmate.tests.FooterTest@cb644e]" name="setupClass" is-config="true" duration-ms="5391" started-at="2019-01-23T18:40:43Z" finished-at="2019-01-23T18:40:49Z">
          <reporter-output>
          </reporter-output>
        </test-method> <!-- setupClass -->
        <test-method status="PASS" signature="footerAboutUsLink()[pri:0, instance:uk.co.idealflatmate.tests.FooterTest@cb644e]" name="footerAboutUsLink" duration-ms="3955" started-at="2019-01-23T18:40:49Z" finished-at="2019-01-23T18:40:52Z">
          <reporter-output>
          </reporter-output>
        </test-method> <!-- footerAboutUsLink -->
        <test-method status="PASS" signature="footerAskLandlord()[pri:0, instance:uk.co.idealflatmate.tests.FooterTest@cb644e]" name="footerAskLandlord" duration-ms="6294" started-at="2019-01-23T18:40:52Z" finished-at="2019-01-23T18:40:59Z">
          <reporter-output>
          </reporter-output>
        </test-method> <!-- footerAskLandlord -->
        <test-method status="PASS" signature="footerBlogLink()[pri:0, instance:uk.co.idealflatmate.tests.FooterTest@cb644e]" name="footerBlogLink" duration-ms="3945" started-at="2019-01-23T18:40:59Z" finished-at="2019-01-23T18:41:03Z">
          <reporter-output>
          </reporter-output>
        </test-method> <!-- footerBlogLink -->
        <test-method status="PASS" signature="footerBrowseFlatsharesLink()[pri:0, instance:uk.co.idealflatmate.tests.FooterTest@cb644e]" name="footerBrowseFlatsharesLink" duration-ms="14949" started-at="2019-01-23T18:41:03Z" finished-at="2019-01-23T18:41:18Z">
          <reporter-output>
          </reporter-output>
        </test-method> <!-- footerBrowseFlatsharesLink -->
        <test-method status="PASS" signature="footerBrowseHowItWorksLink()[pri:0, instance:uk.co.idealflatmate.tests.FooterTest@cb644e]" name="footerBrowseHowItWorksLink" duration-ms="10340" started-at="2019-01-23T18:41:18Z" finished-at="2019-01-23T18:41:28Z">
          <reporter-output>
          </reporter-output>
        </test-method> <!-- footerBrowseHowItWorksLink -->
        <test-method status="PASS" signature="footerBrowseTipsLink()[pri:0, instance:uk.co.idealflatmate.tests.FooterTest@cb644e]" name="footerBrowseTipsLink" duration-ms="3774" started-at="2019-01-23T18:41:28Z" finished-at="2019-01-23T18:41:32Z">
          <reporter-output>
          </reporter-output>
        </test-method> <!-- footerBrowseTipsLink -->
        <test-method status="PASS" signature="footerContactLink()[pri:0, instance:uk.co.idealflatmate.tests.FooterTest@cb644e]" name="footerContactLink" duration-ms="3865" started-at="2019-01-23T18:41:32Z" finished-at="2019-01-23T18:41:36Z">
          <reporter-output>
          </reporter-output>
        </test-method> <!-- footerContactLink -->
        <test-method status="PASS" signature="footerHomeLink()[pri:0, instance:uk.co.idealflatmate.tests.FooterTest@cb644e]" name="footerHomeLink" duration-ms="4039" started-at="2019-01-23T18:41:36Z" finished-at="2019-01-23T18:41:40Z">
          <reporter-output>
          </reporter-output>
        </test-method> <!-- footerHomeLink -->
        <test-method status="PASS" signature="footerInstagramLink()[pri:0, instance:uk.co.idealflatmate.tests.FooterTest@cb644e]" name="footerInstagramLink" duration-ms="1864" started-at="2019-01-23T18:41:40Z" finished-at="2019-01-23T18:41:42Z">
          <reporter-output>
          </reporter-output>
        </test-method> <!-- footerInstagramLink -->
        <test-method status="PASS" signature="footerMediaLink()[pri:0, instance:uk.co.idealflatmate.tests.FooterTest@cb644e]" name="footerMediaLink" duration-ms="11201" started-at="2019-01-23T18:41:42Z" finished-at="2019-01-23T18:41:53Z">
          <reporter-output>
          </reporter-output>
        </test-method> <!-- footerMediaLink -->
        <test-method status="PASS" signature="footerModern()[pri:0, instance:uk.co.idealflatmate.tests.FooterTest@cb644e]" name="footerModern" duration-ms="10847" started-at="2019-01-23T18:41:53Z" finished-at="2019-01-23T18:42:04Z">
          <reporter-output>
          </reporter-output>
        </test-method> <!-- footerModern -->
        <test-method status="PASS" signature="footerNLALink()[pri:0, instance:uk.co.idealflatmate.tests.FooterTest@cb644e]" name="footerNLALink" duration-ms="14154" started-at="2019-01-23T18:42:04Z" finished-at="2019-01-23T18:42:18Z">
          <reporter-output>
          </reporter-output>
        </test-method> <!-- footerNLALink -->
        <test-method status="PASS" signature="footerPressLink()[pri:0, instance:uk.co.idealflatmate.tests.FooterTest@cb644e]" name="footerPressLink" duration-ms="10578" started-at="2019-01-23T18:42:18Z" finished-at="2019-01-23T18:42:28Z">
          <reporter-output>
          </reporter-output>
        </test-method> <!-- footerPressLink -->
        <test-method status="PASS" signature="footerPricingLink()[pri:0, instance:uk.co.idealflatmate.tests.FooterTest@cb644e]" name="footerPricingLink" duration-ms="3841" started-at="2019-01-23T18:42:28Z" finished-at="2019-01-23T18:42:32Z">
          <reporter-output>
          </reporter-output>
        </test-method> <!-- footerPricingLink -->
        <test-method status="PASS" signature="footerStaySafeLink()[pri:0, instance:uk.co.idealflatmate.tests.FooterTest@cb644e]" name="footerStaySafeLink" duration-ms="3154" started-at="2019-01-23T18:42:32Z" finished-at="2019-01-23T18:42:35Z">
          <reporter-output>
          </reporter-output>
        </test-method> <!-- footerStaySafeLink -->
        <test-method status="PASS" signature="footerTwitterLink()[pri:0, instance:uk.co.idealflatmate.tests.FooterTest@cb644e]" name="footerTwitterLink" duration-ms="8340" started-at="2019-01-23T18:42:35Z" finished-at="2019-01-23T18:42:44Z">
          <reporter-output>
          </reporter-output>
        </test-method> <!-- footerTwitterLink -->
        <test-method status="PASS" signature="footerYoutubeLink()[pri:0, instance:uk.co.idealflatmate.tests.FooterTest@cb644e]" name="footerYoutubeLink" duration-ms="10315" started-at="2019-01-23T18:42:44Z" finished-at="2019-01-23T18:42:54Z">
          <reporter-output>
          </reporter-output>
        </test-method> <!-- footerYoutubeLink -->
        <test-method status="PASS" signature="tearDown()[pri:0, instance:uk.co.idealflatmate.tests.FooterTest@cb644e]" name="tearDown" is-config="true" duration-ms="814" started-at="2019-01-23T18:42:54Z" finished-at="2019-01-23T18:42:55Z">
          <reporter-output>
          </reporter-output>
        </test-method> <!-- tearDown -->
      </class> <!-- uk.co.idealflatmate.tests.FooterTest -->
      <class name="uk.co.idealflatmate.tests.AreaPageTest">
        <test-method status="PASS" signature="setupClass()[pri:0, instance:uk.co.idealflatmate.tests.AreaPageTest@5cb9f472]" name="setupClass" is-config="true" duration-ms="5615" started-at="2019-01-23T18:38:51Z" finished-at="2019-01-23T18:38:57Z">
          <reporter-output>
          </reporter-output>
        </test-method> <!-- setupClass -->
        <test-method status="PASS" signature="exploreMoreArea()[pri:0, instance:uk.co.idealflatmate.tests.AreaPageTest@5cb9f472]" name="exploreMoreArea" duration-ms="13622" started-at="2019-01-23T18:38:57Z" finished-at="2019-01-23T18:39:11Z">
          <reporter-output>
          </reporter-output>
        </test-method> <!-- exploreMoreArea -->
        <test-method status="PASS" signature="firstFeaturedHomePageHeader()[pri:0, instance:uk.co.idealflatmate.tests.AreaPageTest@5cb9f472]" name="firstFeaturedHomePageHeader" duration-ms="19263" started-at="2019-01-23T18:39:11Z" finished-at="2019-01-23T18:39:30Z">
          <reporter-output>
          </reporter-output>
        </test-method> <!-- firstFeaturedHomePageHeader -->
        <test-method status="PASS" signature="firstFeaturedLinkArea()[pri:0, instance:uk.co.idealflatmate.tests.AreaPageTest@5cb9f472]" name="firstFeaturedLinkArea" duration-ms="14418" started-at="2019-01-23T18:39:30Z" finished-at="2019-01-23T18:39:44Z">
          <reporter-output>
          </reporter-output>
        </test-method> <!-- firstFeaturedLinkArea -->
        <test-method status="PASS" signature="firstFeaturedLinkMap()[pri:0, instance:uk.co.idealflatmate.tests.AreaPageTest@5cb9f472]" name="firstFeaturedLinkMap" duration-ms="13767" started-at="2019-01-23T18:39:44Z" finished-at="2019-01-23T18:39:58Z">
          <reporter-output>
          </reporter-output>
        </test-method> <!-- firstFeaturedLinkMap -->
        <test-method status="PASS" signature="linkFH()[pri:0, instance:uk.co.idealflatmate.tests.AreaPageTest@5cb9f472]" name="linkFH" duration-ms="15593" started-at="2019-01-23T18:39:58Z" finished-at="2019-01-23T18:40:14Z">
          <reporter-output>
          </reporter-output>
        </test-method> <!-- linkFH -->
        <test-method status="FAIL" signature="seeMoreRooms()[pri:0, instance:uk.co.idealflatmate.tests.AreaPageTest@5cb9f472]" name="seeMoreRooms" duration-ms="28479" started-at="2019-01-23T18:40:14Z" finished-at="2019-01-23T18:40:42Z">
          <exception class="com.codeborne.selenide.ex.ElementNotFound">
            <message>
              <![CDATA[Element not found {By.xpath: //span[@class='map-toggle-button open-map-button']}
Expected: exist]]>
            </message>
            <full-stacktrace>
              <![CDATA[Element not found {By.xpath: //span[@class='map-toggle-button open-map-button']}
Expected: exist
Screenshot: file:/C:/Users/lukhovytskyi/Documents/GitHub/idealflatmatetest/build/reports/tests/1548268841578.7.png
Page source: file:/C:/Users/lukhovytskyi/Documents/GitHub/idealflatmatetest/build/reports/tests/1548268841578.7.html
Timeout: 10 s.
Caused by: WebDriverException: unknown error: Element <span class="map-toggle-button open-map-button">...</span> is not clickable at point (1835, 497). Other element would receive the click: <div role="dialog" tabindex="-1" id="signupNeedspaceModal" class="modal fade in" style="overflow-y: scroll; display: block;">...</div>
at com.codeborne.selenide.impl.WebElementSource.createElementNotFoundError(WebElementSource.java:31)
at com.codeborne.selenide.impl.ElementFinder.createElementNotFoundError(ElementFinder.java:82)
at com.codeborne.selenide.impl.SelenideElementProxy.dispatchAndRetry(SelenideElementProxy.java:116)
at com.codeborne.selenide.impl.SelenideElementProxy.invoke(SelenideElementProxy.java:63)
at com.sun.proxy.$Proxy5.click(Unknown Source)
at uk.co.idealflatmate.appmanager.AreaPageHelper.mapAreaPageCheck(AreaPageHelper.java:93)
at uk.co.idealflatmate.appmanager.AreaPageHelper.checkLinkSeeMoreRooms(AreaPageHelper.java:75)
at uk.co.idealflatmate.tests.AreaPageTest.seeMoreRooms(AreaPageTest.java:50)
at sun.reflect.NativeMethodAccessorImpl.invoke0(Native Method)
at sun.reflect.NativeMethodAccessorImpl.invoke(NativeMethodAccessorImpl.java:62)
at sun.reflect.DelegatingMethodAccessorImpl.invoke(DelegatingMethodAccessorImpl.java:43)
at java.lang.reflect.Method.invoke(Method.java:498)
at org.testng.internal.MethodInvocationHelper.invokeMethod(MethodInvocationHelper.java:124)
at org.testng.internal.Invoker.invokeMethod(Invoker.java:583)
at org.testng.internal.Invoker.invokeTestMethod(Invoker.java:719)
at org.testng.internal.Invoker.invokeTestMethods(Invoker.java:989)
at org.testng.internal.TestMethodWorker.invokeTestMethods(TestMethodWorker.java:125)
at org.testng.internal.TestMethodWorker.run(TestMethodWorker.java:109)
at org.testng.TestRunner.privateRun(TestRunner.java:648)
at org.testng.TestRunner.run(TestRunner.java:505)
at org.testng.SuiteRunner.runTest(SuiteRunner.java:455)
at org.testng.SuiteRunner.runSequentially(SuiteRunner.java:450)
at org.testng.SuiteRunner.privateRun(SuiteRunner.java:415)
at org.testng.SuiteRunner.run(SuiteRunner.java:364)
at org.testng.SuiteRunnerWorker.runSuite(SuiteRunnerWorker.java:52)
at org.testng.SuiteRunnerWorker.run(SuiteRunnerWorker.java:84)
at org.testng.TestNG.runSuitesSequentially(TestNG.java:1208)
at org.testng.TestNG.runSuitesLocally(TestNG.java:1137)
at org.testng.TestNG.runSuites(TestNG.java:1049)
at org.testng.TestNG.run(TestNG.java:1017)
at org.apache.maven.surefire.testng.TestNGExecutor.run(TestNGExecutor.java:122)
at org.apache.maven.surefire.testng.TestNGXmlTestSuite.execute(TestNGXmlTestSuite.java:88)
at org.apache.maven.surefire.testng.TestNGProvider.invoke(TestNGProvider.java:104)
at sun.reflect.NativeMethodAccessorImpl.invoke0(Native Method)
at sun.reflect.NativeMethodAccessorImpl.invoke(NativeMethodAccessorImpl.java:62)
at sun.reflect.DelegatingMethodAccessorImpl.invoke(DelegatingMethodAccessorImpl.java:43)
at java.lang.reflect.Method.invoke(Method.java:498)
at org.apache.maven.surefire.booter.ProviderFactory$ClassLoaderProxy.invoke(ProviderFactory.java:103)
at com.sun.proxy.$Proxy0.invoke(Unknown Source)
at org.apache.maven.surefire.booter.SurefireStarter.invokeProvider(SurefireStarter.java:150)
at org.apache.maven.surefire.booter.SurefireStarter.runSuitesInProcess(SurefireStarter.java:91)
at org.apache.maven.surefire.booter.ForkedBooter.main(ForkedBooter.java:69)
Caused by: org.openqa.selenium.WebDriverException: unknown error: Element <span class="map-toggle-button open-map-button">...</span> is not clickable at point (1835, 497). Other element would receive the click: <div role="dialog" tabindex="-1" id="signupNeedspaceModal" class="modal fade in" style="overflow-y: scroll; display: block;">...</div>
  (Session info: chrome=71.0.3578.98)
  (Driver info: chromedriver=72.0.3626.69 (3c16f8a135abc0d4da2dff33804db79b849a7c38),platform=Windows NT 10.0.16299 x86_64) (WARNING: The server did not provide any stacktrace information)
Command duration or timeout: 0 milliseconds
Build info: version: '3.141.59', revision: 'e82be7d358', time: '2018-11-14T08:17:03'
System info: host: 'PRIVATE-1074', ip: '10.8.1.74', os.name: 'Windows 10', os.arch: 'amd64', os.version: '10.0', java.version: '1.8.0_152'
Driver info: org.openqa.selenium.chrome.ChromeDriver
Capabilities {acceptInsecureCerts: false, acceptSslCerts: false, applicationCacheEnabled: false, browserConnectionEnabled: false, browserName: chrome, chrome: {chromedriverVersion: 72.0.3626.69 (3c16f8a135abc..., userDataDir: C:\Users\LUKHOV~1\AppData\L...}, cssSelectorsEnabled: true, databaseEnabled: false, goog:chromeOptions: {debuggerAddress: localhost:49662}, handlesAlerts: true, hasTouchScreen: false, javascriptEnabled: true, locationContextEnabled: true, mobileEmulationEnabled: false, nativeEvents: true, networkConnectionEnabled: false, pageLoadStrategy: normal, platform: XP, platformName: XP, proxy: Proxy(), rotatable: false, setWindowRect: true, takesHeapSnapshot: true, takesScreenshot: true, timeouts: {implicit: 0, pageLoad: 300000, script: 30000}, unexpectedAlertBehaviour: ignore, unhandledPromptBehavior: ignore, version: 71.0.3578.98, webStorageEnabled: true}
Session ID: ada736cd47c5400dfe00d508eafc3a84
at sun.reflect.GeneratedConstructorAccessor19.newInstance(Unknown Source)
at sun.reflect.DelegatingConstructorAccessorImpl.newInstance(DelegatingConstructorAccessorImpl.java:45)
at java.lang.reflect.Constructor.newInstance(Constructor.java:423)
at org.openqa.selenium.remote.ErrorHandler.createThrowable(ErrorHandler.java:214)
at org.openqa.selenium.remote.ErrorHandler.throwIfResponseFailed(ErrorHandler.java:166)
at org.openqa.selenium.remote.http.JsonHttpResponseCodec.reconstructValue(JsonHttpResponseCodec.java:40)
at org.openqa.selenium.remote.http.AbstractHttpResponseCodec.decode(AbstractHttpResponseCodec.java:80)
at org.openqa.selenium.remote.http.AbstractHttpResponseCodec.decode(AbstractHttpResponseCodec.java:44)
at org.openqa.selenium.remote.HttpCommandExecutor.execute(HttpCommandExecutor.java:158)
at org.openqa.selenium.remote.service.DriverCommandExecutor.execute(DriverCommandExecutor.java:83)
at org.openqa.selenium.remote.RemoteWebDriver.execute(RemoteWebDriver.java:552)
at org.openqa.selenium.remote.RemoteWebElement.execute(RemoteWebElement.java:285)
at org.openqa.selenium.remote.RemoteWebElement.click(RemoteWebElement.java:84)
at com.codeborne.selenide.commands.Click.click(Click.java:29)
at com.codeborne.selenide.commands.Click.execute(Click.java:16)
at com.codeborne.selenide.commands.Click.execute(Click.java:12)
at com.codeborne.selenide.commands.Commands.execute(Commands.java:144)
at com.codeborne.selenide.impl.SelenideElementProxy.dispatchAndRetry(SelenideElementProxy.java:87)
... 39 more
]]>
            </full-stacktrace>
          </exception> <!-- com.codeborne.selenide.ex.ElementNotFound -->
          <reporter-output>
          </reporter-output>
        </test-method> <!-- seeMoreRooms -->
        <test-method status="PASS" signature="tearDown()[pri:0, instance:uk.co.idealflatmate.tests.AreaPageTest@5cb9f472]" name="tearDown" is-config="true" duration-ms="881" started-at="2019-01-23T18:40:42Z" finished-at="2019-01-23T18:40:43Z">
          <reporter-output>
          </reporter-output>
        </test-method> <!-- tearDown -->
      </class> <!-- uk.co.idealflatmate.tests.AreaPageTest -->
      <class name="uk.co.idealflatmate.tests.ZEmailTests">
        <test-method status="PASS" signature="setupClass()[pri:0, instance:uk.co.idealflatmate.tests.ZEmailTests@73846619]" name="setupClass" is-config="true" duration-ms="6219" started-at="2019-01-24T08:22:54Z" finished-at="2019-01-24T08:23:00Z">
          <reporter-output>
          </reporter-output>
        </test-method> <!-- setupClass -->
        <test-method status="FAIL" signature="TestSuccessfulEmailReceivingWelcomeListingMessageSubscriptionCancSub()[pri:0, instance:uk.co.idealflatmate.tests.ZEmailTests@73846619]" name="TestSuccessfulEmailReceivingWelcomeListingMessageSubscriptionCancSub" duration-ms="16270" started-at="2019-01-24T08:23:00Z" finished-at="2019-01-24T08:23:16Z">
          <exception class="com.codeborne.selenide.ex.ElementNotFound">
            <message>
              <![CDATA[Element not found {By.xpath: //span[@class='RveJvd snByac' and contains(.,'Р”Р°Р»С–')]}
Expected: visible]]>
            </message>
            <full-stacktrace>
              <![CDATA[Element not found {By.xpath: //span[@class='RveJvd snByac' and contains(.,'Р”Р°Р»С–')]}
Expected: visible
Screenshot: file:/C:/Users/lukhovytskyi/Documents/GitHub/idealflatmatetest/build/reports/tests/1548318194997.43.png
Page source: file:/C:/Users/lukhovytskyi/Documents/GitHub/idealflatmatetest/build/reports/tests/1548318194997.43.html
Timeout: 10 s.
Caused by: NoSuchElementException: no such element: Unable to locate element: {"method":"xpath","selector":"//span[@class='RveJvd snByac' and contains(.,'Р”Р°Р»С–')]"}
at com.codeborne.selenide.impl.WebElementSource.createElementNotFoundError(WebElementSource.java:31)
at com.codeborne.selenide.impl.ElementFinder.createElementNotFoundError(ElementFinder.java:82)
at com.codeborne.selenide.impl.WebElementSource.checkCondition(WebElementSource.java:59)
at com.codeborne.selenide.impl.WebElementSource.findAndAssertElementIsVisible(WebElementSource.java:72)
at com.codeborne.selenide.commands.Click.execute(Click.java:16)
at com.codeborne.selenide.commands.Click.execute(Click.java:12)
at com.codeborne.selenide.commands.Commands.execute(Commands.java:144)
at com.codeborne.selenide.impl.SelenideElementProxy.dispatchAndRetry(SelenideElementProxy.java:87)
at com.codeborne.selenide.impl.SelenideElementProxy.invoke(SelenideElementProxy.java:63)
at com.sun.proxy.$Proxy5.click(Unknown Source)
at uk.co.idealflatmate.appmanager.HelperBase.gmailLogin(HelperBase.java:78)
at uk.co.idealflatmate.appmanager.EmailHelper.setLoginAsUserEmail(EmailHelper.java:23)
at uk.co.idealflatmate.tests.ZEmailTests.TestSuccessfulEmailReceivingWelcomeListingMessageSubscriptionCancSub(ZEmailTests.java:11)
at sun.reflect.NativeMethodAccessorImpl.invoke0(Native Method)
at sun.reflect.NativeMethodAccessorImpl.invoke(NativeMethodAccessorImpl.java:62)
at sun.reflect.DelegatingMethodAccessorImpl.invoke(DelegatingMethodAccessorImpl.java:43)
at java.lang.reflect.Method.invoke(Method.java:498)
at org.testng.internal.MethodInvocationHelper.invokeMethod(MethodInvocationHelper.java:124)
at org.testng.internal.Invoker.invokeMethod(Invoker.java:583)
at org.testng.internal.Invoker.invokeTestMethod(Invoker.java:719)
at org.testng.internal.Invoker.invokeTestMethods(Invoker.java:989)
at org.testng.internal.TestMethodWorker.invokeTestMethods(TestMethodWorker.java:125)
at org.testng.internal.TestMethodWorker.run(TestMethodWorker.java:109)
at org.testng.TestRunner.privateRun(TestRunner.java:648)
at org.testng.TestRunner.run(TestRunner.java:505)
at org.testng.SuiteRunner.runTest(SuiteRunner.java:455)
at org.testng.SuiteRunner.runSequentially(SuiteRunner.java:450)
at org.testng.SuiteRunner.privateRun(SuiteRunner.java:415)
at org.testng.SuiteRunner.run(SuiteRunner.java:364)
at org.testng.SuiteRunnerWorker.runSuite(SuiteRunnerWorker.java:52)
at org.testng.SuiteRunnerWorker.run(SuiteRunnerWorker.java:84)
at org.testng.TestNG.runSuitesSequentially(TestNG.java:1208)
at org.testng.TestNG.runSuitesLocally(TestNG.java:1137)
at org.testng.TestNG.runSuites(TestNG.java:1049)
at org.testng.TestNG.run(TestNG.java:1017)
at org.apache.maven.surefire.testng.TestNGExecutor.run(TestNGExecutor.java:122)
at org.apache.maven.surefire.testng.TestNGXmlTestSuite.execute(TestNGXmlTestSuite.java:88)
at org.apache.maven.surefire.testng.TestNGProvider.invoke(TestNGProvider.java:104)
at sun.reflect.NativeMethodAccessorImpl.invoke0(Native Method)
at sun.reflect.NativeMethodAccessorImpl.invoke(NativeMethodAccessorImpl.java:62)
at sun.reflect.DelegatingMethodAccessorImpl.invoke(DelegatingMethodAccessorImpl.java:43)
at java.lang.reflect.Method.invoke(Method.java:498)
at org.apache.maven.surefire.booter.ProviderFactory$ClassLoaderProxy.invoke(ProviderFactory.java:103)
at com.sun.proxy.$Proxy0.invoke(Unknown Source)
at org.apache.maven.surefire.booter.SurefireStarter.invokeProvider(SurefireStarter.java:150)
at org.apache.maven.surefire.booter.SurefireStarter.runSuitesInProcess(SurefireStarter.java:91)
at org.apache.maven.surefire.booter.ForkedBooter.main(ForkedBooter.java:69)
Caused by: org.openqa.selenium.NoSuchElementException: no such element: Unable to locate element: {"method":"xpath","selector":"//span[@class='RveJvd snByac' and contains(.,'Р”Р°Р»С–')]"}
  (Session info: chrome=71.0.3578.98)
  (Driver info: chromedriver=72.0.3626.69 (3c16f8a135abc0d4da2dff33804db79b849a7c38),platform=Windows NT 10.0.16299 x86_64) (WARNING: The server did not provide any stacktrace information)
Command duration or timeout: 0 milliseconds
For documentation on this error, please visit: https://www.seleniumhq.org/exceptions/no_such_element.html
Build info: version: '3.141.59', revision: 'e82be7d358', time: '2018-11-14T08:17:03'
System info: host: 'PRIVATE-1074', ip: '10.8.1.74', os.name: 'Windows 10', os.arch: 'amd64', os.version: '10.0', java.version: '1.8.0_152'
Driver info: org.openqa.selenium.chrome.ChromeDriver
Capabilities {acceptInsecureCerts: false, acceptSslCerts: false, applicationCacheEnabled: false, browserConnectionEnabled: false, browserName: chrome, chrome: {chromedriverVersion: 72.0.3626.69 (3c16f8a135abc..., userDataDir: C:\Users\LUKHOV~1\AppData\L...}, cssSelectorsEnabled: true, databaseEnabled: false, goog:chromeOptions: {debuggerAddress: localhost:55686}, handlesAlerts: true, hasTouchScreen: false, javascriptEnabled: true, locationContextEnabled: true, mobileEmulationEnabled: false, nativeEvents: true, networkConnectionEnabled: false, pageLoadStrategy: normal, platform: XP, platformName: XP, proxy: Proxy(), rotatable: false, setWindowRect: true, takesHeapSnapshot: true, takesScreenshot: true, timeouts: {implicit: 0, pageLoad: 300000, script: 30000}, unexpectedAlertBehaviour: ignore, unhandledPromptBehavior: ignore, version: 71.0.3578.98, webStorageEnabled: true}
Session ID: 95286739ade763dc91abb3aa8d4793ec
*** Element info: {Using=xpath, value=//span[@class='RveJvd snByac' and contains(.,'Р”Р°Р»С–')]}
at sun.reflect.GeneratedConstructorAccessor13.newInstance(Unknown Source)
at sun.reflect.DelegatingConstructorAccessorImpl.newInstance(DelegatingConstructorAccessorImpl.java:45)
at java.lang.reflect.Constructor.newInstance(Constructor.java:423)
at org.openqa.selenium.remote.ErrorHandler.createThrowable(ErrorHandler.java:214)
at org.openqa.selenium.remote.ErrorHandler.throwIfResponseFailed(ErrorHandler.java:166)
at org.openqa.selenium.remote.http.JsonHttpResponseCodec.reconstructValue(JsonHttpResponseCodec.java:40)
at org.openqa.selenium.remote.http.AbstractHttpResponseCodec.decode(AbstractHttpResponseCodec.java:80)
at org.openqa.selenium.remote.http.AbstractHttpResponseCodec.decode(AbstractHttpResponseCodec.java:44)
at org.openqa.selenium.remote.HttpCommandExecutor.execute(HttpCommandExecutor.java:158)
at org.openqa.selenium.remote.service.DriverCommandExecutor.execute(DriverCommandExecutor.java:83)
at org.openqa.selenium.remote.RemoteWebDriver.execute(RemoteWebDriver.java:552)
at org.openqa.selenium.remote.RemoteWebDriver.findElement(RemoteWebDriver.java:323)
at org.openqa.selenium.remote.RemoteWebDriver.findElementByXPath(RemoteWebDriver.java:428)
at org.openqa.selenium.By$ByXPath.findElement(By.java:353)
at org.openqa.selenium.remote.RemoteWebDriver.findElement(RemoteWebDriver.java:315)
at com.codeborne.selenide.impl.WebElementSelector.findElement(WebElementSelector.java:29)
at com.codeborne.selenide.impl.ElementFinder.getWebElement(ElementFinder.java:56)
at com.codeborne.selenide.impl.WebElementSource.checkCondition(WebElementSource.java:44)
... 44 more
]]>
            </full-stacktrace>
          </exception> <!-- com.codeborne.selenide.ex.ElementNotFound -->
          <reporter-output>
          </reporter-output>
        </test-method> <!-- TestSuccessfulEmailReceivingWelcomeListingMessageSubscriptionCancSub -->
        <test-method status="PASS" signature="tearDown()[pri:0, instance:uk.co.idealflatmate.tests.ZEmailTests@73846619]" name="tearDown" is-config="true" duration-ms="798" started-at="2019-01-24T08:23:16Z" finished-at="2019-01-24T08:23:17Z">
          <reporter-output>
          </reporter-output>
        </test-method> <!-- tearDown -->
      </class> <!-- uk.co.idealflatmate.tests.ZEmailTests -->
      <class name="uk.co.idealflatmate.tests.PaymentTests">
        <test-method status="PASS" signature="setupClass()[pri:0, instance:uk.co.idealflatmate.tests.PaymentTests@1ed4004b]" name="setupClass" is-config="true" duration-ms="5799" started-at="2019-01-23T18:48:01Z" finished-at="2019-01-23T18:48:07Z">
          <reporter-output>
          </reporter-output>
        </test-method> <!-- setupClass -->
        <test-method status="PASS" signature="AbilityToSeePhone()[pri:0, instance:uk.co.idealflatmate.tests.PaymentTests@1ed4004b]" name="AbilityToSeePhone" duration-ms="19472" started-at="2019-01-23T18:48:07Z" finished-at="2019-01-23T18:48:26Z">
          <reporter-output>
          </reporter-output>
        </test-method> <!-- AbilityToSeePhone -->
        <test-method status="PASS" signature="GoPremiumFHPaymentOnMessage()[pri:0, instance:uk.co.idealflatmate.tests.PaymentTests@1ed4004b]" name="GoPremiumFHPaymentOnMessage" duration-ms="18672" started-at="2019-01-23T18:48:26Z" finished-at="2019-01-23T18:48:45Z">
          <reporter-output>
          </reporter-output>
        </test-method> <!-- GoPremiumFHPaymentOnMessage -->
        <test-method status="PASS" signature="GoPremiumFHPaymentOnPhone()[pri:0, instance:uk.co.idealflatmate.tests.PaymentTests@1ed4004b]" name="GoPremiumFHPaymentOnPhone" duration-ms="19849" started-at="2019-01-23T18:48:45Z" finished-at="2019-01-23T18:49:05Z">
          <reporter-output>
          </reporter-output>
        </test-method> <!-- GoPremiumFHPaymentOnPhone -->
        <test-method status="FAIL" signature="agentProfWorldPay()[pri:0, instance:uk.co.idealflatmate.tests.PaymentTests@1ed4004b]" name="agentProfWorldPay" duration-ms="42005" started-at="2019-01-23T18:49:05Z" finished-at="2019-01-23T18:49:47Z">
          <exception class="com.codeborne.selenide.ex.ElementNotFound">
            <message>
              <![CDATA[Element not found {By.xpath: //form[@id='ProfessionalPaymentForm']//select[@id='paymentform-type_id']}
Expected: exist]]>
            </message>
            <full-stacktrace>
              <![CDATA[Element not found {By.xpath: //form[@id='ProfessionalPaymentForm']//select[@id='paymentform-type_id']}
Expected: exist
Screenshot: file:/C:/Users/lukhovytskyi/Documents/GitHub/idealflatmatetest/build/reports/tests/1548269386663.13.png
Page source: file:/C:/Users/lukhovytskyi/Documents/GitHub/idealflatmatetest/build/reports/tests/1548269386663.13.html
Timeout: 10 s.
Caused by: NoSuchElementException: Cannot locate option containing text: 1 month - ВЈ34.99
at com.codeborne.selenide.impl.WebElementSource.createElementNotFoundError(WebElementSource.java:31)
at com.codeborne.selenide.impl.ElementFinder.createElementNotFoundError(ElementFinder.java:82)
at com.codeborne.selenide.impl.SelenideElementProxy.dispatchAndRetry(SelenideElementProxy.java:116)
at com.codeborne.selenide.impl.SelenideElementProxy.invoke(SelenideElementProxy.java:63)
at com.sun.proxy.$Proxy5.selectOptionContainingText(Unknown Source)
at uk.co.idealflatmate.appmanager.PaymentsHelper.verificationPrice(PaymentsHelper.java:113)
at uk.co.idealflatmate.tests.PaymentTests.agentProfWorldPay(PaymentTests.java:288)
at sun.reflect.NativeMethodAccessorImpl.invoke0(Native Method)
at sun.reflect.NativeMethodAccessorImpl.invoke(NativeMethodAccessorImpl.java:62)
at sun.reflect.DelegatingMethodAccessorImpl.invoke(DelegatingMethodAccessorImpl.java:43)
at java.lang.reflect.Method.invoke(Method.java:498)
at org.testng.internal.MethodInvocationHelper.invokeMethod(MethodInvocationHelper.java:124)
at org.testng.internal.Invoker.invokeMethod(Invoker.java:583)
at org.testng.internal.Invoker.invokeTestMethod(Invoker.java:719)
at org.testng.internal.Invoker.invokeTestMethods(Invoker.java:989)
at org.testng.internal.TestMethodWorker.invokeTestMethods(TestMethodWorker.java:125)
at org.testng.internal.TestMethodWorker.run(TestMethodWorker.java:109)
at org.testng.TestRunner.privateRun(TestRunner.java:648)
at org.testng.TestRunner.run(TestRunner.java:505)
at org.testng.SuiteRunner.runTest(SuiteRunner.java:455)
at org.testng.SuiteRunner.runSequentially(SuiteRunner.java:450)
at org.testng.SuiteRunner.privateRun(SuiteRunner.java:415)
at org.testng.SuiteRunner.run(SuiteRunner.java:364)
at org.testng.SuiteRunnerWorker.runSuite(SuiteRunnerWorker.java:52)
at org.testng.SuiteRunnerWorker.run(SuiteRunnerWorker.java:84)
at org.testng.TestNG.runSuitesSequentially(TestNG.java:1208)
at org.testng.TestNG.runSuitesLocally(TestNG.java:1137)
at org.testng.TestNG.runSuites(TestNG.java:1049)
at org.testng.TestNG.run(TestNG.java:1017)
at org.apache.maven.surefire.testng.TestNGExecutor.run(TestNGExecutor.java:122)
at org.apache.maven.surefire.testng.TestNGXmlTestSuite.execute(TestNGXmlTestSuite.java:88)
at org.apache.maven.surefire.testng.TestNGProvider.invoke(TestNGProvider.java:104)
at sun.reflect.NativeMethodAccessorImpl.invoke0(Native Method)
at sun.reflect.NativeMethodAccessorImpl.invoke(NativeMethodAccessorImpl.java:62)
at sun.reflect.DelegatingMethodAccessorImpl.invoke(DelegatingMethodAccessorImpl.java:43)
at java.lang.reflect.Method.invoke(Method.java:498)
at org.apache.maven.surefire.booter.ProviderFactory$ClassLoaderProxy.invoke(ProviderFactory.java:103)
at com.sun.proxy.$Proxy0.invoke(Unknown Source)
at org.apache.maven.surefire.booter.SurefireStarter.invokeProvider(SurefireStarter.java:150)
at org.apache.maven.surefire.booter.SurefireStarter.runSuitesInProcess(SurefireStarter.java:91)
at org.apache.maven.surefire.booter.ForkedBooter.main(ForkedBooter.java:69)
Caused by: org.openqa.selenium.NoSuchElementException: Cannot locate option containing text: 1 month - ВЈ34.99
For documentation on this error, please visit: https://www.seleniumhq.org/exceptions/no_such_element.html
Build info: version: '3.141.59', revision: 'e82be7d358', time: '2018-11-14T08:17:03'
System info: host: 'PRIVATE-1074', ip: '10.8.1.74', os.name: 'Windows 10', os.arch: 'amd64', os.version: '10.0', java.version: '1.8.0_152'
Driver info: driver.version: unknown
at com.codeborne.selenide.commands.SelectOptionContainingText.execute(SelectOptionContainingText.java:25)
at com.codeborne.selenide.commands.SelectOptionContainingText.execute(SelectOptionContainingText.java:14)
at com.codeborne.selenide.commands.Commands.execute(Commands.java:144)
at com.codeborne.selenide.impl.SelenideElementProxy.dispatchAndRetry(SelenideElementProxy.java:87)
... 38 more
]]>
            </full-stacktrace>
          </exception> <!-- com.codeborne.selenide.ex.ElementNotFound -->
          <reporter-output>
          </reporter-output>
        </test-method> <!-- agentProfWorldPay -->
        <test-method status="FAIL" signature="lordInWorldPaidListingProf()[pri:0, instance:uk.co.idealflatmate.tests.PaymentTests@1ed4004b]" name="lordInWorldPaidListingProf" duration-ms="70161" started-at="2019-01-23T18:49:47Z" finished-at="2019-01-23T18:50:57Z">
          <exception class="com.codeborne.selenide.ex.ElementNotFound">
            <message>
              <![CDATA[Element not found {By.xpath: //form[@id='ProfessionalPaymentForm']//select[@id='paymentform-type_id']}
Expected: exist]]>
            </message>
            <full-stacktrace>
              <![CDATA[Element not found {By.xpath: //form[@id='ProfessionalPaymentForm']//select[@id='paymentform-type_id']}
Expected: exist
Screenshot: file:/C:/Users/lukhovytskyi/Documents/GitHub/idealflatmatetest/build/reports/tests/1548269456760.15.png
Page source: file:/C:/Users/lukhovytskyi/Documents/GitHub/idealflatmatetest/build/reports/tests/1548269456760.15.html
Timeout: 10 s.
Caused by: NoSuchElementException: Cannot locate option containing text: 1 month - ВЈ44.99
at com.codeborne.selenide.impl.WebElementSource.createElementNotFoundError(WebElementSource.java:31)
at com.codeborne.selenide.impl.ElementFinder.createElementNotFoundError(ElementFinder.java:82)
at com.codeborne.selenide.impl.SelenideElementProxy.dispatchAndRetry(SelenideElementProxy.java:116)
at com.codeborne.selenide.impl.SelenideElementProxy.invoke(SelenideElementProxy.java:63)
at com.sun.proxy.$Proxy5.selectOptionContainingText(Unknown Source)
at uk.co.idealflatmate.appmanager.PaymentsHelper.verificationPrice(PaymentsHelper.java:113)
at uk.co.idealflatmate.tests.PaymentTests.lordInWorldPaidListingProf(PaymentTests.java:237)
at sun.reflect.NativeMethodAccessorImpl.invoke0(Native Method)
at sun.reflect.NativeMethodAccessorImpl.invoke(NativeMethodAccessorImpl.java:62)
at sun.reflect.DelegatingMethodAccessorImpl.invoke(DelegatingMethodAccessorImpl.java:43)
at java.lang.reflect.Method.invoke(Method.java:498)
at org.testng.internal.MethodInvocationHelper.invokeMethod(MethodInvocationHelper.java:124)
at org.testng.internal.Invoker.invokeMethod(Invoker.java:583)
at org.testng.internal.Invoker.invokeTestMethod(Invoker.java:719)
at org.testng.internal.Invoker.invokeTestMethods(Invoker.java:989)
at org.testng.internal.TestMethodWorker.invokeTestMethods(TestMethodWorker.java:125)
at org.testng.internal.TestMethodWorker.run(TestMethodWorker.java:109)
at org.testng.TestRunner.privateRun(TestRunner.java:648)
at org.testng.TestRunner.run(TestRunner.java:505)
at org.testng.SuiteRunner.runTest(SuiteRunner.java:455)
at org.testng.SuiteRunner.runSequentially(SuiteRunner.java:450)
at org.testng.SuiteRunner.privateRun(SuiteRunner.java:415)
at org.testng.SuiteRunner.run(SuiteRunner.java:364)
at org.testng.SuiteRunnerWorker.runSuite(SuiteRunnerWorker.java:52)
at org.testng.SuiteRunnerWorker.run(SuiteRunnerWorker.java:84)
at org.testng.TestNG.runSuitesSequentially(TestNG.java:1208)
at org.testng.TestNG.runSuitesLocally(TestNG.java:1137)
at org.testng.TestNG.runSuites(TestNG.java:1049)
at org.testng.TestNG.run(TestNG.java:1017)
at org.apache.maven.surefire.testng.TestNGExecutor.run(TestNGExecutor.java:122)
at org.apache.maven.surefire.testng.TestNGXmlTestSuite.execute(TestNGXmlTestSuite.java:88)
at org.apache.maven.surefire.testng.TestNGProvider.invoke(TestNGProvider.java:104)
at sun.reflect.NativeMethodAccessorImpl.invoke0(Native Method)
at sun.reflect.NativeMethodAccessorImpl.invoke(NativeMethodAccessorImpl.java:62)
at sun.reflect.DelegatingMethodAccessorImpl.invoke(DelegatingMethodAccessorImpl.java:43)
at java.lang.reflect.Method.invoke(Method.java:498)
at org.apache.maven.surefire.booter.ProviderFactory$ClassLoaderProxy.invoke(ProviderFactory.java:103)
at com.sun.proxy.$Proxy0.invoke(Unknown Source)
at org.apache.maven.surefire.booter.SurefireStarter.invokeProvider(SurefireStarter.java:150)
at org.apache.maven.surefire.booter.SurefireStarter.runSuitesInProcess(SurefireStarter.java:91)
at org.apache.maven.surefire.booter.ForkedBooter.main(ForkedBooter.java:69)
Caused by: org.openqa.selenium.NoSuchElementException: Cannot locate option containing text: 1 month - ВЈ44.99
For documentation on this error, please visit: https://www.seleniumhq.org/exceptions/no_such_element.html
Build info: version: '3.141.59', revision: 'e82be7d358', time: '2018-11-14T08:17:03'
System info: host: 'PRIVATE-1074', ip: '10.8.1.74', os.name: 'Windows 10', os.arch: 'amd64', os.version: '10.0', java.version: '1.8.0_152'
Driver info: driver.version: unknown
at com.codeborne.selenide.commands.SelectOptionContainingText.execute(SelectOptionContainingText.java:25)
at com.codeborne.selenide.commands.SelectOptionContainingText.execute(SelectOptionContainingText.java:14)
at com.codeborne.selenide.commands.Commands.execute(Commands.java:144)
at com.codeborne.selenide.impl.SelenideElementProxy.dispatchAndRetry(SelenideElementProxy.java:87)
... 38 more
]]>
            </full-stacktrace>
          </exception> <!-- com.codeborne.selenide.ex.ElementNotFound -->
          <reporter-output>
          </reporter-output>
        </test-method> <!-- lordInWorldPaidListingProf -->
        <test-method status="FAIL" signature="lordInWorldPaylistingEssen()[pri:0, instance:uk.co.idealflatmate.tests.PaymentTests@1ed4004b]" name="lordInWorldPaylistingEssen" duration-ms="72928" started-at="2019-01-23T18:50:57Z" finished-at="2019-01-23T18:52:10Z">
          <exception class="com.codeborne.selenide.ex.ElementNotFound">
            <message>
              <![CDATA[Element not found {By.xpath: //form[@id='EssentialPaymentForm']//select[@id='paymentform-type_id']}
Expected: exist]]>
            </message>
            <full-stacktrace>
              <![CDATA[Element not found {By.xpath: //form[@id='EssentialPaymentForm']//select[@id='paymentform-type_id']}
Expected: exist
Screenshot: file:/C:/Users/lukhovytskyi/Documents/GitHub/idealflatmatetest/build/reports/tests/1548269529628.17.png
Page source: file:/C:/Users/lukhovytskyi/Documents/GitHub/idealflatmatetest/build/reports/tests/1548269529628.17.html
Timeout: 10 s.
Caused by: NoSuchElementException: Cannot locate option containing text: 1 month Essentials - ВЈ16.99
at com.codeborne.selenide.impl.WebElementSource.createElementNotFoundError(WebElementSource.java:31)
at com.codeborne.selenide.impl.ElementFinder.createElementNotFoundError(ElementFinder.java:82)
at com.codeborne.selenide.impl.SelenideElementProxy.dispatchAndRetry(SelenideElementProxy.java:116)
at com.codeborne.selenide.impl.SelenideElementProxy.invoke(SelenideElementProxy.java:63)
at com.sun.proxy.$Proxy5.selectOptionContainingText(Unknown Source)
at uk.co.idealflatmate.appmanager.PaymentsHelper.verificationPrice(PaymentsHelper.java:113)
at uk.co.idealflatmate.tests.PaymentTests.lordInWorldPaylistingEssen(PaymentTests.java:126)
at sun.reflect.NativeMethodAccessorImpl.invoke0(Native Method)
at sun.reflect.NativeMethodAccessorImpl.invoke(NativeMethodAccessorImpl.java:62)
at sun.reflect.DelegatingMethodAccessorImpl.invoke(DelegatingMethodAccessorImpl.java:43)
at java.lang.reflect.Method.invoke(Method.java:498)
at org.testng.internal.MethodInvocationHelper.invokeMethod(MethodInvocationHelper.java:124)
at org.testng.internal.Invoker.invokeMethod(Invoker.java:583)
at org.testng.internal.Invoker.invokeTestMethod(Invoker.java:719)
at org.testng.internal.Invoker.invokeTestMethods(Invoker.java:989)
at org.testng.internal.TestMethodWorker.invokeTestMethods(TestMethodWorker.java:125)
at org.testng.internal.TestMethodWorker.run(TestMethodWorker.java:109)
at org.testng.TestRunner.privateRun(TestRunner.java:648)
at org.testng.TestRunner.run(TestRunner.java:505)
at org.testng.SuiteRunner.runTest(SuiteRunner.java:455)
at org.testng.SuiteRunner.runSequentially(SuiteRunner.java:450)
at org.testng.SuiteRunner.privateRun(SuiteRunner.java:415)
at org.testng.SuiteRunner.run(SuiteRunner.java:364)
at org.testng.SuiteRunnerWorker.runSuite(SuiteRunnerWorker.java:52)
at org.testng.SuiteRunnerWorker.run(SuiteRunnerWorker.java:84)
at org.testng.TestNG.runSuitesSequentially(TestNG.java:1208)
at org.testng.TestNG.runSuitesLocally(TestNG.java:1137)
at org.testng.TestNG.runSuites(TestNG.java:1049)
at org.testng.TestNG.run(TestNG.java:1017)
at org.apache.maven.surefire.testng.TestNGExecutor.run(TestNGExecutor.java:122)
at org.apache.maven.surefire.testng.TestNGXmlTestSuite.execute(TestNGXmlTestSuite.java:88)
at org.apache.maven.surefire.testng.TestNGProvider.invoke(TestNGProvider.java:104)
at sun.reflect.NativeMethodAccessorImpl.invoke0(Native Method)
at sun.reflect.NativeMethodAccessorImpl.invoke(NativeMethodAccessorImpl.java:62)
at sun.reflect.DelegatingMethodAccessorImpl.invoke(DelegatingMethodAccessorImpl.java:43)
at java.lang.reflect.Method.invoke(Method.java:498)
at org.apache.maven.surefire.booter.ProviderFactory$ClassLoaderProxy.invoke(ProviderFactory.java:103)
at com.sun.proxy.$Proxy0.invoke(Unknown Source)
at org.apache.maven.surefire.booter.SurefireStarter.invokeProvider(SurefireStarter.java:150)
at org.apache.maven.surefire.booter.SurefireStarter.runSuitesInProcess(SurefireStarter.java:91)
at org.apache.maven.surefire.booter.ForkedBooter.main(ForkedBooter.java:69)
Caused by: org.openqa.selenium.NoSuchElementException: Cannot locate option containing text: 1 month Essentials - ВЈ16.99
For documentation on this error, please visit: https://www.seleniumhq.org/exceptions/no_such_element.html
Build info: version: '3.141.59', revision: 'e82be7d358', time: '2018-11-14T08:17:03'
System info: host: 'PRIVATE-1074', ip: '10.8.1.74', os.name: 'Windows 10', os.arch: 'amd64', os.version: '10.0', java.version: '1.8.0_152'
Driver info: driver.version: unknown
at com.codeborne.selenide.commands.SelectOptionContainingText.execute(SelectOptionContainingText.java:25)
at com.codeborne.selenide.commands.SelectOptionContainingText.execute(SelectOptionContainingText.java:14)
at com.codeborne.selenide.commands.Commands.execute(Commands.java:144)
at com.codeborne.selenide.impl.SelenideElementProxy.dispatchAndRetry(SelenideElementProxy.java:87)
... 38 more
]]>
            </full-stacktrace>
          </exception> <!-- com.codeborne.selenide.ex.ElementNotFound -->
          <reporter-output>
          </reporter-output>
        </test-method> <!-- lordInWorldPaylistingEssen -->
        <test-method status="FAIL" signature="lordOutWorldPaylistingPrem()[pri:0, instance:uk.co.idealflatmate.tests.PaymentTests@1ed4004b]" name="lordOutWorldPaylistingPrem" duration-ms="75576" started-at="2019-01-23T18:52:10Z" finished-at="2019-01-23T18:53:25Z">
          <exception class="com.codeborne.selenide.ex.ElementNotFound">
            <message>
              <![CDATA[Element not found {By.xpath: //form[@id='PremiumPaymentForm']//select[@id='paymentform-type_id']}
Expected: exist]]>
            </message>
            <full-stacktrace>
              <![CDATA[Element not found {By.xpath: //form[@id='PremiumPaymentForm']//select[@id='paymentform-type_id']}
Expected: exist
Screenshot: file:/C:/Users/lukhovytskyi/Documents/GitHub/idealflatmatetest/build/reports/tests/1548269605239.19.png
Page source: file:/C:/Users/lukhovytskyi/Documents/GitHub/idealflatmatetest/build/reports/tests/1548269605239.19.html
Timeout: 10 s.
Caused by: NoSuchElementException: Cannot locate option containing text: 1 week Premium - ВЈ12.99
at com.codeborne.selenide.impl.WebElementSource.createElementNotFoundError(WebElementSource.java:31)
at com.codeborne.selenide.impl.ElementFinder.createElementNotFoundError(ElementFinder.java:82)
at com.codeborne.selenide.impl.SelenideElementProxy.dispatchAndRetry(SelenideElementProxy.java:116)
at com.codeborne.selenide.impl.SelenideElementProxy.invoke(SelenideElementProxy.java:63)
at com.sun.proxy.$Proxy5.selectOptionContainingText(Unknown Source)
at uk.co.idealflatmate.appmanager.PaymentsHelper.verificationPrice(PaymentsHelper.java:113)
at uk.co.idealflatmate.tests.PaymentTests.lordOutWorldPaylistingPrem(PaymentTests.java:184)
at sun.reflect.NativeMethodAccessorImpl.invoke0(Native Method)
at sun.reflect.NativeMethodAccessorImpl.invoke(NativeMethodAccessorImpl.java:62)
at sun.reflect.DelegatingMethodAccessorImpl.invoke(DelegatingMethodAccessorImpl.java:43)
at java.lang.reflect.Method.invoke(Method.java:498)
at org.testng.internal.MethodInvocationHelper.invokeMethod(MethodInvocationHelper.java:124)
at org.testng.internal.Invoker.invokeMethod(Invoker.java:583)
at org.testng.internal.Invoker.invokeTestMethod(Invoker.java:719)
at org.testng.internal.Invoker.invokeTestMethods(Invoker.java:989)
at org.testng.internal.TestMethodWorker.invokeTestMethods(TestMethodWorker.java:125)
at org.testng.internal.TestMethodWorker.run(TestMethodWorker.java:109)
at org.testng.TestRunner.privateRun(TestRunner.java:648)
at org.testng.TestRunner.run(TestRunner.java:505)
at org.testng.SuiteRunner.runTest(SuiteRunner.java:455)
at org.testng.SuiteRunner.runSequentially(SuiteRunner.java:450)
at org.testng.SuiteRunner.privateRun(SuiteRunner.java:415)
at org.testng.SuiteRunner.run(SuiteRunner.java:364)
at org.testng.SuiteRunnerWorker.runSuite(SuiteRunnerWorker.java:52)
at org.testng.SuiteRunnerWorker.run(SuiteRunnerWorker.java:84)
at org.testng.TestNG.runSuitesSequentially(TestNG.java:1208)
at org.testng.TestNG.runSuitesLocally(TestNG.java:1137)
at org.testng.TestNG.runSuites(TestNG.java:1049)
at org.testng.TestNG.run(TestNG.java:1017)
at org.apache.maven.surefire.testng.TestNGExecutor.run(TestNGExecutor.java:122)
at org.apache.maven.surefire.testng.TestNGXmlTestSuite.execute(TestNGXmlTestSuite.java:88)
at org.apache.maven.surefire.testng.TestNGProvider.invoke(TestNGProvider.java:104)
at sun.reflect.NativeMethodAccessorImpl.invoke0(Native Method)
at sun.reflect.NativeMethodAccessorImpl.invoke(NativeMethodAccessorImpl.java:62)
at sun.reflect.DelegatingMethodAccessorImpl.invoke(DelegatingMethodAccessorImpl.java:43)
at java.lang.reflect.Method.invoke(Method.java:498)
at org.apache.maven.surefire.booter.ProviderFactory$ClassLoaderProxy.invoke(ProviderFactory.java:103)
at com.sun.proxy.$Proxy0.invoke(Unknown Source)
at org.apache.maven.surefire.booter.SurefireStarter.invokeProvider(SurefireStarter.java:150)
at org.apache.maven.surefire.booter.SurefireStarter.runSuitesInProcess(SurefireStarter.java:91)
at org.apache.maven.surefire.booter.ForkedBooter.main(ForkedBooter.java:69)
Caused by: org.openqa.selenium.NoSuchElementException: Cannot locate option containing text: 1 week Premium - ВЈ12.99
For documentation on this error, please visit: https://www.seleniumhq.org/exceptions/no_such_element.html
Build info: version: '3.141.59', revision: 'e82be7d358', time: '2018-11-14T08:17:03'
System info: host: 'PRIVATE-1074', ip: '10.8.1.74', os.name: 'Windows 10', os.arch: 'amd64', os.version: '10.0', java.version: '1.8.0_152'
Driver info: driver.version: unknown
at com.codeborne.selenide.commands.SelectOptionContainingText.execute(SelectOptionContainingText.java:25)
at com.codeborne.selenide.commands.SelectOptionContainingText.execute(SelectOptionContainingText.java:14)
at com.codeborne.selenide.commands.Commands.execute(Commands.java:144)
at com.codeborne.selenide.impl.SelenideElementProxy.dispatchAndRetry(SelenideElementProxy.java:87)
... 38 more
]]>
            </full-stacktrace>
          </exception> <!-- com.codeborne.selenide.ex.ElementNotFound -->
          <reporter-output>
          </reporter-output>
        </test-method> <!-- lordOutWorldPaylistingPrem -->
        <test-method status="FAIL" signature="premiumFHPaymentWorldPay()[pri:0, instance:uk.co.idealflatmate.tests.PaymentTests@1ed4004b]" name="premiumFHPaymentWorldPay" duration-ms="29790" started-at="2019-01-23T18:53:25Z" finished-at="2019-01-23T18:53:55Z">
          <exception class="com.codeborne.selenide.ex.ElementNotFound">
            <message>
              <![CDATA[Element not found {By.xpath: //input[@id='moreinfosignupform-file']}
Expected: exist]]>
            </message>
            <full-stacktrace>
              <![CDATA[Element not found {By.xpath: //input[@id='moreinfosignupform-file']}
Expected: exist
Screenshot: file:/C:/Users/lukhovytskyi/Documents/GitHub/idealflatmatetest/build/reports/tests/1548269635212.21.png
Page source: file:/C:/Users/lukhovytskyi/Documents/GitHub/idealflatmatetest/build/reports/tests/1548269635212.21.html
Timeout: 10 s.
Caused by: NoSuchElementException: no such element: Unable to locate element: {"method":"xpath","selector":"//input[@id='moreinfosignupform-file']"}
at com.codeborne.selenide.impl.WebElementSource.createElementNotFoundError(WebElementSource.java:31)
at com.codeborne.selenide.impl.ElementFinder.createElementNotFoundError(ElementFinder.java:82)
at com.codeborne.selenide.impl.SelenideElementProxy.dispatchAndRetry(SelenideElementProxy.java:116)
at com.codeborne.selenide.impl.SelenideElementProxy.invoke(SelenideElementProxy.java:63)
at com.sun.proxy.$Proxy5.uploadFile(Unknown Source)
at uk.co.idealflatmate.appmanager.SignUpHelper.profilePhotoAddJpeg(SignUpHelper.java:107)
at uk.co.idealflatmate.appmanager.SignUpHelper.MoreAboutYou(SignUpHelper.java:405)
at uk.co.idealflatmate.tests.PaymentTests.premiumFHPaymentWorldPay(PaymentTests.java:71)
at sun.reflect.NativeMethodAccessorImpl.invoke0(Native Method)
at sun.reflect.NativeMethodAccessorImpl.invoke(NativeMethodAccessorImpl.java:62)
at sun.reflect.DelegatingMethodAccessorImpl.invoke(DelegatingMethodAccessorImpl.java:43)
at java.lang.reflect.Method.invoke(Method.java:498)
at org.testng.internal.MethodInvocationHelper.invokeMethod(MethodInvocationHelper.java:124)
at org.testng.internal.Invoker.invokeMethod(Invoker.java:583)
at org.testng.internal.Invoker.invokeTestMethod(Invoker.java:719)
at org.testng.internal.Invoker.invokeTestMethods(Invoker.java:989)
at org.testng.internal.TestMethodWorker.invokeTestMethods(TestMethodWorker.java:125)
at org.testng.internal.TestMethodWorker.run(TestMethodWorker.java:109)
at org.testng.TestRunner.privateRun(TestRunner.java:648)
at org.testng.TestRunner.run(TestRunner.java:505)
at org.testng.SuiteRunner.runTest(SuiteRunner.java:455)
at org.testng.SuiteRunner.runSequentially(SuiteRunner.java:450)
at org.testng.SuiteRunner.privateRun(SuiteRunner.java:415)
at org.testng.SuiteRunner.run(SuiteRunner.java:364)
at org.testng.SuiteRunnerWorker.runSuite(SuiteRunnerWorker.java:52)
at org.testng.SuiteRunnerWorker.run(SuiteRunnerWorker.java:84)
at org.testng.TestNG.runSuitesSequentially(TestNG.java:1208)
at org.testng.TestNG.runSuitesLocally(TestNG.java:1137)
at org.testng.TestNG.runSuites(TestNG.java:1049)
at org.testng.TestNG.run(TestNG.java:1017)
at org.apache.maven.surefire.testng.TestNGExecutor.run(TestNGExecutor.java:122)
at org.apache.maven.surefire.testng.TestNGXmlTestSuite.execute(TestNGXmlTestSuite.java:88)
at org.apache.maven.surefire.testng.TestNGProvider.invoke(TestNGProvider.java:104)
at sun.reflect.NativeMethodAccessorImpl.invoke0(Native Method)
at sun.reflect.NativeMethodAccessorImpl.invoke(NativeMethodAccessorImpl.java:62)
at sun.reflect.DelegatingMethodAccessorImpl.invoke(DelegatingMethodAccessorImpl.java:43)
at java.lang.reflect.Method.invoke(Method.java:498)
at org.apache.maven.surefire.booter.ProviderFactory$ClassLoaderProxy.invoke(ProviderFactory.java:103)
at com.sun.proxy.$Proxy0.invoke(Unknown Source)
at org.apache.maven.surefire.booter.SurefireStarter.invokeProvider(SurefireStarter.java:150)
at org.apache.maven.surefire.booter.SurefireStarter.runSuitesInProcess(SurefireStarter.java:91)
at org.apache.maven.surefire.booter.ForkedBooter.main(ForkedBooter.java:69)
Caused by: org.openqa.selenium.NoSuchElementException: no such element: Unable to locate element: {"method":"xpath","selector":"//input[@id='moreinfosignupform-file']"}
  (Session info: chrome=71.0.3578.98)
  (Driver info: chromedriver=72.0.3626.69 (3c16f8a135abc0d4da2dff33804db79b849a7c38),platform=Windows NT 10.0.16299 x86_64) (WARNING: The server did not provide any stacktrace information)
Command duration or timeout: 0 milliseconds
For documentation on this error, please visit: https://www.seleniumhq.org/exceptions/no_such_element.html
Build info: version: '3.141.59', revision: 'e82be7d358', time: '2018-11-14T08:17:03'
System info: host: 'PRIVATE-1074', ip: '10.8.1.74', os.name: 'Windows 10', os.arch: 'amd64', os.version: '10.0', java.version: '1.8.0_152'
Driver info: org.openqa.selenium.chrome.ChromeDriver
Capabilities {acceptInsecureCerts: false, acceptSslCerts: false, applicationCacheEnabled: false, browserConnectionEnabled: false, browserName: chrome, chrome: {chromedriverVersion: 72.0.3626.69 (3c16f8a135abc..., userDataDir: C:\Users\LUKHOV~1\AppData\L...}, cssSelectorsEnabled: true, databaseEnabled: false, goog:chromeOptions: {debuggerAddress: localhost:52525}, handlesAlerts: true, hasTouchScreen: false, javascriptEnabled: true, locationContextEnabled: true, mobileEmulationEnabled: false, nativeEvents: true, networkConnectionEnabled: false, pageLoadStrategy: normal, platform: XP, platformName: XP, proxy: Proxy(), rotatable: false, setWindowRect: true, takesHeapSnapshot: true, takesScreenshot: true, timeouts: {implicit: 0, pageLoad: 300000, script: 30000}, unexpectedAlertBehaviour: ignore, unhandledPromptBehavior: ignore, version: 71.0.3578.98, webStorageEnabled: true}
Session ID: b0bff5a6236a214007a628e1408ba064
*** Element info: {Using=xpath, value=//input[@id='moreinfosignupform-file']}
at sun.reflect.GeneratedConstructorAccessor13.newInstance(Unknown Source)
at sun.reflect.DelegatingConstructorAccessorImpl.newInstance(DelegatingConstructorAccessorImpl.java:45)
at java.lang.reflect.Constructor.newInstance(Constructor.java:423)
at org.openqa.selenium.remote.ErrorHandler.createThrowable(ErrorHandler.java:214)
at org.openqa.selenium.remote.ErrorHandler.throwIfResponseFailed(ErrorHandler.java:166)
at org.openqa.selenium.remote.http.JsonHttpResponseCodec.reconstructValue(JsonHttpResponseCodec.java:40)
at org.openqa.selenium.remote.http.AbstractHttpResponseCodec.decode(AbstractHttpResponseCodec.java:80)
at org.openqa.selenium.remote.http.AbstractHttpResponseCodec.decode(AbstractHttpResponseCodec.java:44)
at org.openqa.selenium.remote.HttpCommandExecutor.execute(HttpCommandExecutor.java:158)
at org.openqa.selenium.remote.service.DriverCommandExecutor.execute(DriverCommandExecutor.java:83)
at org.openqa.selenium.remote.RemoteWebDriver.execute(RemoteWebDriver.java:552)
at org.openqa.selenium.remote.RemoteWebDriver.findElement(RemoteWebDriver.java:323)
at org.openqa.selenium.remote.RemoteWebDriver.findElementByXPath(RemoteWebDriver.java:428)
at org.openqa.selenium.By$ByXPath.findElement(By.java:353)
at org.openqa.selenium.remote.RemoteWebDriver.findElement(RemoteWebDriver.java:315)
at com.codeborne.selenide.impl.WebElementSelector.findElement(WebElementSelector.java:29)
at com.codeborne.selenide.impl.ElementFinder.getWebElement(ElementFinder.java:56)
at com.codeborne.selenide.commands.UploadFile.execute(UploadFile.java:28)
at com.codeborne.selenide.commands.UploadFile.execute(UploadFile.java:14)
at com.codeborne.selenide.commands.Commands.execute(Commands.java:144)
at com.codeborne.selenide.impl.SelenideElementProxy.dispatchAndRetry(SelenideElementProxy.java:87)
... 39 more
]]>
            </full-stacktrace>
          </exception> <!-- com.codeborne.selenide.ex.ElementNotFound -->
          <reporter-output>
          </reporter-output>
        </test-method> <!-- premiumFHPaymentWorldPay -->
        <test-method status="PASS" signature="tearDown()[pri:0, instance:uk.co.idealflatmate.tests.PaymentTests@1ed4004b]" name="tearDown" is-config="true" duration-ms="898" started-at="2019-01-23T18:53:55Z" finished-at="2019-01-23T18:53:56Z">
          <reporter-output>
          </reporter-output>
        </test-method> <!-- tearDown -->
      </class> <!-- uk.co.idealflatmate.tests.PaymentTests -->
      <class name="uk.co.idealflatmate.tests.MatchingTests">
        <test-method status="PASS" signature="setupClass()[pri:0, instance:uk.co.idealflatmate.tests.MatchingTests@56ef9176]" name="setupClass" is-config="true" duration-ms="5661" started-at="2019-01-23T18:43:30Z" finished-at="2019-01-23T18:43:36Z">
          <reporter-output>
          </reporter-output>
        </test-method> <!-- setupClass -->
        <test-method status="FAIL" signature="completeMatchingFromMenuWithNewUserWithVerifyingPercent()[pri:0, instance:uk.co.idealflatmate.tests.MatchingTests@56ef9176]" name="completeMatchingFromMenuWithNewUserWithVerifyingPercent" duration-ms="22742" started-at="2019-01-23T18:43:36Z" finished-at="2019-01-23T18:43:59Z">
          <exception class="com.codeborne.selenide.ex.ElementNotFound">
            <message>
              <![CDATA[Element not found {By.xpath: //input[@id='moreinfosignupform-file']}
Expected: exist]]>
            </message>
            <full-stacktrace>
              <![CDATA[Element not found {By.xpath: //input[@id='moreinfosignupform-file']}
Expected: exist
Screenshot: file:/C:/Users/lukhovytskyi/Documents/GitHub/idealflatmatetest/build/reports/tests/1548269038713.9.png
Page source: file:/C:/Users/lukhovytskyi/Documents/GitHub/idealflatmatetest/build/reports/tests/1548269038713.9.html
Timeout: 10 s.
Caused by: NoSuchElementException: no such element: Unable to locate element: {"method":"xpath","selector":"//input[@id='moreinfosignupform-file']"}
at com.codeborne.selenide.impl.WebElementSource.createElementNotFoundError(WebElementSource.java:31)
at com.codeborne.selenide.impl.ElementFinder.createElementNotFoundError(ElementFinder.java:82)
at com.codeborne.selenide.impl.SelenideElementProxy.dispatchAndRetry(SelenideElementProxy.java:116)
at com.codeborne.selenide.impl.SelenideElementProxy.invoke(SelenideElementProxy.java:63)
at com.sun.proxy.$Proxy5.uploadFile(Unknown Source)
at uk.co.idealflatmate.appmanager.SignUpHelper.profilePhotoAddJpeg(SignUpHelper.java:107)
at uk.co.idealflatmate.tests.MatchingTests.completeMatchingFromMenuWithNewUserWithVerifyingPercent(MatchingTests.java:26)
at sun.reflect.NativeMethodAccessorImpl.invoke0(Native Method)
at sun.reflect.NativeMethodAccessorImpl.invoke(NativeMethodAccessorImpl.java:62)
at sun.reflect.DelegatingMethodAccessorImpl.invoke(DelegatingMethodAccessorImpl.java:43)
at java.lang.reflect.Method.invoke(Method.java:498)
at org.testng.internal.MethodInvocationHelper.invokeMethod(MethodInvocationHelper.java:124)
at org.testng.internal.Invoker.invokeMethod(Invoker.java:583)
at org.testng.internal.Invoker.invokeTestMethod(Invoker.java:719)
at org.testng.internal.Invoker.invokeTestMethods(Invoker.java:989)
at org.testng.internal.TestMethodWorker.invokeTestMethods(TestMethodWorker.java:125)
at org.testng.internal.TestMethodWorker.run(TestMethodWorker.java:109)
at org.testng.TestRunner.privateRun(TestRunner.java:648)
at org.testng.TestRunner.run(TestRunner.java:505)
at org.testng.SuiteRunner.runTest(SuiteRunner.java:455)
at org.testng.SuiteRunner.runSequentially(SuiteRunner.java:450)
at org.testng.SuiteRunner.privateRun(SuiteRunner.java:415)
at org.testng.SuiteRunner.run(SuiteRunner.java:364)
at org.testng.SuiteRunnerWorker.runSuite(SuiteRunnerWorker.java:52)
at org.testng.SuiteRunnerWorker.run(SuiteRunnerWorker.java:84)
at org.testng.TestNG.runSuitesSequentially(TestNG.java:1208)
at org.testng.TestNG.runSuitesLocally(TestNG.java:1137)
at org.testng.TestNG.runSuites(TestNG.java:1049)
at org.testng.TestNG.run(TestNG.java:1017)
at org.apache.maven.surefire.testng.TestNGExecutor.run(TestNGExecutor.java:122)
at org.apache.maven.surefire.testng.TestNGXmlTestSuite.execute(TestNGXmlTestSuite.java:88)
at org.apache.maven.surefire.testng.TestNGProvider.invoke(TestNGProvider.java:104)
at sun.reflect.NativeMethodAccessorImpl.invoke0(Native Method)
at sun.reflect.NativeMethodAccessorImpl.invoke(NativeMethodAccessorImpl.java:62)
at sun.reflect.DelegatingMethodAccessorImpl.invoke(DelegatingMethodAccessorImpl.java:43)
at java.lang.reflect.Method.invoke(Method.java:498)
at org.apache.maven.surefire.booter.ProviderFactory$ClassLoaderProxy.invoke(ProviderFactory.java:103)
at com.sun.proxy.$Proxy0.invoke(Unknown Source)
at org.apache.maven.surefire.booter.SurefireStarter.invokeProvider(SurefireStarter.java:150)
at org.apache.maven.surefire.booter.SurefireStarter.runSuitesInProcess(SurefireStarter.java:91)
at org.apache.maven.surefire.booter.ForkedBooter.main(ForkedBooter.java:69)
Caused by: org.openqa.selenium.NoSuchElementException: no such element: Unable to locate element: {"method":"xpath","selector":"//input[@id='moreinfosignupform-file']"}
  (Session info: chrome=71.0.3578.98)
  (Driver info: chromedriver=72.0.3626.69 (3c16f8a135abc0d4da2dff33804db79b849a7c38),platform=Windows NT 10.0.16299 x86_64) (WARNING: The server did not provide any stacktrace information)
Command duration or timeout: 0 milliseconds
For documentation on this error, please visit: https://www.seleniumhq.org/exceptions/no_such_element.html
Build info: version: '3.141.59', revision: 'e82be7d358', time: '2018-11-14T08:17:03'
System info: host: 'PRIVATE-1074', ip: '10.8.1.74', os.name: 'Windows 10', os.arch: 'amd64', os.version: '10.0', java.version: '1.8.0_152'
Driver info: org.openqa.selenium.chrome.ChromeDriver
Capabilities {acceptInsecureCerts: false, acceptSslCerts: false, applicationCacheEnabled: false, browserConnectionEnabled: false, browserName: chrome, chrome: {chromedriverVersion: 72.0.3626.69 (3c16f8a135abc..., userDataDir: C:\Users\LUKHOV~1\AppData\L...}, cssSelectorsEnabled: true, databaseEnabled: false, goog:chromeOptions: {debuggerAddress: localhost:51031}, handlesAlerts: true, hasTouchScreen: false, javascriptEnabled: true, locationContextEnabled: true, mobileEmulationEnabled: false, nativeEvents: true, networkConnectionEnabled: false, pageLoadStrategy: normal, platform: XP, platformName: XP, proxy: Proxy(), rotatable: false, setWindowRect: true, takesHeapSnapshot: true, takesScreenshot: true, timeouts: {implicit: 0, pageLoad: 300000, script: 30000}, unexpectedAlertBehaviour: ignore, unhandledPromptBehavior: ignore, version: 71.0.3578.98, webStorageEnabled: true}
Session ID: 5aa527c28c480cf6fd954badb5262ea2
*** Element info: {Using=xpath, value=//input[@id='moreinfosignupform-file']}
at sun.reflect.GeneratedConstructorAccessor13.newInstance(Unknown Source)
at sun.reflect.DelegatingConstructorAccessorImpl.newInstance(DelegatingConstructorAccessorImpl.java:45)
at java.lang.reflect.Constructor.newInstance(Constructor.java:423)
at org.openqa.selenium.remote.ErrorHandler.createThrowable(ErrorHandler.java:214)
at org.openqa.selenium.remote.ErrorHandler.throwIfResponseFailed(ErrorHandler.java:166)
at org.openqa.selenium.remote.http.JsonHttpResponseCodec.reconstructValue(JsonHttpResponseCodec.java:40)
at org.openqa.selenium.remote.http.AbstractHttpResponseCodec.decode(AbstractHttpResponseCodec.java:80)
at org.openqa.selenium.remote.http.AbstractHttpResponseCodec.decode(AbstractHttpResponseCodec.java:44)
at org.openqa.selenium.remote.HttpCommandExecutor.execute(HttpCommandExecutor.java:158)
at org.openqa.selenium.remote.service.DriverCommandExecutor.execute(DriverCommandExecutor.java:83)
at org.openqa.selenium.remote.RemoteWebDriver.execute(RemoteWebDriver.java:552)
at org.openqa.selenium.remote.RemoteWebDriver.findElement(RemoteWebDriver.java:323)
at org.openqa.selenium.remote.RemoteWebDriver.findElementByXPath(RemoteWebDriver.java:428)
at org.openqa.selenium.By$ByXPath.findElement(By.java:353)
at org.openqa.selenium.remote.RemoteWebDriver.findElement(RemoteWebDriver.java:315)
at com.codeborne.selenide.impl.WebElementSelector.findElement(WebElementSelector.java:29)
at com.codeborne.selenide.impl.ElementFinder.getWebElement(ElementFinder.java:56)
at com.codeborne.selenide.commands.UploadFile.execute(UploadFile.java:28)
at com.codeborne.selenide.commands.UploadFile.execute(UploadFile.java:14)
at com.codeborne.selenide.commands.Commands.execute(Commands.java:144)
at com.codeborne.selenide.impl.SelenideElementProxy.dispatchAndRetry(SelenideElementProxy.java:87)
... 38 more
]]>
            </full-stacktrace>
          </exception> <!-- com.codeborne.selenide.ex.ElementNotFound -->
          <reporter-output>
          </reporter-output>
        </test-method> <!-- completeMatchingFromMenuWithNewUserWithVerifyingPercent -->
        <test-method status="PASS" signature="startMatchingOnFMSearchPage()[pri:0, instance:uk.co.idealflatmate.tests.MatchingTests@56ef9176]" name="startMatchingOnFMSearchPage" duration-ms="18375" started-at="2019-01-23T18:43:59Z" finished-at="2019-01-23T18:44:17Z">
          <reporter-output>
          </reporter-output>
        </test-method> <!-- startMatchingOnFMSearchPage -->
        <test-method status="PASS" signature="startMatchingOnPropertyCard()[pri:0, instance:uk.co.idealflatmate.tests.MatchingTests@56ef9176]" name="startMatchingOnPropertyCard" duration-ms="25157" started-at="2019-01-23T18:44:17Z" finished-at="2019-01-23T18:44:42Z">
          <reporter-output>
          </reporter-output>
        </test-method> <!-- startMatchingOnPropertyCard -->
        <test-method status="PASS" signature="startMatchingQuizPropertyPage()[pri:0, instance:uk.co.idealflatmate.tests.MatchingTests@56ef9176]" name="startMatchingQuizPropertyPage" duration-ms="14350" started-at="2019-01-23T18:44:42Z" finished-at="2019-01-23T18:44:57Z">
          <reporter-output>
          </reporter-output>
        </test-method> <!-- startMatchingQuizPropertyPage -->
        <test-method status="PASS" signature="tearDown()[pri:0, instance:uk.co.idealflatmate.tests.MatchingTests@56ef9176]" name="tearDown" is-config="true" duration-ms="829" started-at="2019-01-23T18:44:57Z" finished-at="2019-01-23T18:44:57Z">
          <reporter-output>
          </reporter-output>
        </test-method> <!-- tearDown -->
      </class> <!-- uk.co.idealflatmate.tests.MatchingTests -->
      <class name="uk.co.idealflatmate.tests.MessagesTest">
        <test-method status="PASS" signature="setupClass()[pri:0, instance:uk.co.idealflatmate.tests.MessagesTest@4566e5bd]" name="setupClass" is-config="true" duration-ms="7930" started-at="2019-01-23T18:44:57Z" finished-at="2019-01-23T18:45:05Z">
          <reporter-output>
          </reporter-output>
        </test-method> <!-- setupClass -->
        <test-method status="PASS" signature="FmWithoutSubsToLandlordWithoutSubsWithListFromList()[pri:0, instance:uk.co.idealflatmate.tests.MessagesTest@4566e5bd]" name="FmWithoutSubsToLandlordWithoutSubsWithListFromList" duration-ms="42326" started-at="2019-01-23T18:45:05Z" finished-at="2019-01-23T18:45:48Z">
          <reporter-output>
          </reporter-output>
        </test-method> <!-- FmWithoutSubsToLandlordWithoutSubsWithListFromList -->
        <test-method status="PASS" signature="answMesFmWithoutSubsToFM()[pri:0, instance:uk.co.idealflatmate.tests.MessagesTest@4566e5bd]" name="answMesFmWithoutSubsToFM" duration-ms="17403" started-at="2019-01-23T18:45:48Z" finished-at="2019-01-23T18:46:05Z">
          <reporter-output>
          </reporter-output>
        </test-method> <!-- answMesFmWithoutSubsToFM -->
        <test-method status="FAIL" signature="answMesLandlToPremFHWithoutSubs()[pri:0, instance:uk.co.idealflatmate.tests.MessagesTest@4566e5bd]" name="answMesLandlToPremFHWithoutSubs" duration-ms="21699" started-at="2019-01-23T18:46:05Z" finished-at="2019-01-23T18:46:27Z">
          <exception class="com.codeborne.selenide.ex.ElementNotFound">
            <message>
              <![CDATA[Element not found {By.xpath: //button[@class='btn btn-sm btn-close close js-close-notify-matching']}
Expected: exist]]>
            </message>
            <full-stacktrace>
              <![CDATA[Element not found {By.xpath: //button[@class='btn btn-sm btn-close close js-close-notify-matching']}
Expected: exist
Screenshot: file:/C:/Users/lukhovytskyi/Documents/GitHub/idealflatmatetest/build/reports/tests/1548269186455.11.png
Page source: file:/C:/Users/lukhovytskyi/Documents/GitHub/idealflatmatetest/build/reports/tests/1548269186455.11.html
Timeout: 10 s.
Caused by: WebDriverException: unknown error: Element <button class="btn btn-sm btn-close close js-close-notify-matching" data-dismiss="modal" aria-label="Close">...</button> is not clickable at point (1143, 395). Other element would receive the click: <div class="u_p10-bottom">...</div>
at com.codeborne.selenide.impl.WebElementSource.createElementNotFoundError(WebElementSource.java:31)
at com.codeborne.selenide.impl.ElementFinder.createElementNotFoundError(ElementFinder.java:82)
at com.codeborne.selenide.impl.SelenideElementProxy.dispatchAndRetry(SelenideElementProxy.java:116)
at com.codeborne.selenide.impl.SelenideElementProxy.invoke(SelenideElementProxy.java:63)
at com.sun.proxy.$Proxy5.click(Unknown Source)
at uk.co.idealflatmate.appmanager.HelperBase.closeMatchPopUp(HelperBase.java:42)
at uk.co.idealflatmate.tests.MessagesTest.answMesLandlToPremFHWithoutSubs(MessagesTest.java:92)
at sun.reflect.NativeMethodAccessorImpl.invoke0(Native Method)
at sun.reflect.NativeMethodAccessorImpl.invoke(NativeMethodAccessorImpl.java:62)
at sun.reflect.DelegatingMethodAccessorImpl.invoke(DelegatingMethodAccessorImpl.java:43)
at java.lang.reflect.Method.invoke(Method.java:498)
at org.testng.internal.MethodInvocationHelper.invokeMethod(MethodInvocationHelper.java:124)
at org.testng.internal.Invoker.invokeMethod(Invoker.java:583)
at org.testng.internal.Invoker.invokeTestMethod(Invoker.java:719)
at org.testng.internal.Invoker.invokeTestMethods(Invoker.java:989)
at org.testng.internal.TestMethodWorker.invokeTestMethods(TestMethodWorker.java:125)
at org.testng.internal.TestMethodWorker.run(TestMethodWorker.java:109)
at org.testng.TestRunner.privateRun(TestRunner.java:648)
at org.testng.TestRunner.run(TestRunner.java:505)
at org.testng.SuiteRunner.runTest(SuiteRunner.java:455)
at org.testng.SuiteRunner.runSequentially(SuiteRunner.java:450)
at org.testng.SuiteRunner.privateRun(SuiteRunner.java:415)
at org.testng.SuiteRunner.run(SuiteRunner.java:364)
at org.testng.SuiteRunnerWorker.runSuite(SuiteRunnerWorker.java:52)
at org.testng.SuiteRunnerWorker.run(SuiteRunnerWorker.java:84)
at org.testng.TestNG.runSuitesSequentially(TestNG.java:1208)
at org.testng.TestNG.runSuitesLocally(TestNG.java:1137)
at org.testng.TestNG.runSuites(TestNG.java:1049)
at org.testng.TestNG.run(TestNG.java:1017)
at org.apache.maven.surefire.testng.TestNGExecutor.run(TestNGExecutor.java:122)
at org.apache.maven.surefire.testng.TestNGXmlTestSuite.execute(TestNGXmlTestSuite.java:88)
at org.apache.maven.surefire.testng.TestNGProvider.invoke(TestNGProvider.java:104)
at sun.reflect.NativeMethodAccessorImpl.invoke0(Native Method)
at sun.reflect.NativeMethodAccessorImpl.invoke(NativeMethodAccessorImpl.java:62)
at sun.reflect.DelegatingMethodAccessorImpl.invoke(DelegatingMethodAccessorImpl.java:43)
at java.lang.reflect.Method.invoke(Method.java:498)
at org.apache.maven.surefire.booter.ProviderFactory$ClassLoaderProxy.invoke(ProviderFactory.java:103)
at com.sun.proxy.$Proxy0.invoke(Unknown Source)
at org.apache.maven.surefire.booter.SurefireStarter.invokeProvider(SurefireStarter.java:150)
at org.apache.maven.surefire.booter.SurefireStarter.runSuitesInProcess(SurefireStarter.java:91)
at org.apache.maven.surefire.booter.ForkedBooter.main(ForkedBooter.java:69)
Caused by: org.openqa.selenium.WebDriverException: unknown error: Element <button class="btn btn-sm btn-close close js-close-notify-matching" data-dismiss="modal" aria-label="Close">...</button> is not clickable at point (1143, 395). Other element would receive the click: <div class="u_p10-bottom">...</div>
  (Session info: chrome=71.0.3578.98)
  (Driver info: chromedriver=72.0.3626.69 (3c16f8a135abc0d4da2dff33804db79b849a7c38),platform=Windows NT 10.0.16299 x86_64) (WARNING: The server did not provide any stacktrace information)
Command duration or timeout: 0 milliseconds
Build info: version: '3.141.59', revision: 'e82be7d358', time: '2018-11-14T08:17:03'
System info: host: 'PRIVATE-1074', ip: '10.8.1.74', os.name: 'Windows 10', os.arch: 'amd64', os.version: '10.0', java.version: '1.8.0_152'
Driver info: org.openqa.selenium.chrome.ChromeDriver
Capabilities {acceptInsecureCerts: false, acceptSslCerts: false, applicationCacheEnabled: false, browserConnectionEnabled: false, browserName: chrome, chrome: {chromedriverVersion: 72.0.3626.69 (3c16f8a135abc..., userDataDir: C:\Users\LUKHOV~1\AppData\L...}, cssSelectorsEnabled: true, databaseEnabled: false, goog:chromeOptions: {debuggerAddress: localhost:51499}, handlesAlerts: true, hasTouchScreen: false, javascriptEnabled: true, locationContextEnabled: true, mobileEmulationEnabled: false, nativeEvents: true, networkConnectionEnabled: false, pageLoadStrategy: normal, platform: XP, platformName: XP, proxy: Proxy(), rotatable: false, setWindowRect: true, takesHeapSnapshot: true, takesScreenshot: true, timeouts: {implicit: 0, pageLoad: 300000, script: 30000}, unexpectedAlertBehaviour: ignore, unhandledPromptBehavior: ignore, version: 71.0.3578.98, webStorageEnabled: true}
Session ID: cd92c048c5f363603275ce52ccf94186
at sun.reflect.GeneratedConstructorAccessor19.newInstance(Unknown Source)
at sun.reflect.DelegatingConstructorAccessorImpl.newInstance(DelegatingConstructorAccessorImpl.java:45)
at java.lang.reflect.Constructor.newInstance(Constructor.java:423)
at org.openqa.selenium.remote.ErrorHandler.createThrowable(ErrorHandler.java:214)
at org.openqa.selenium.remote.ErrorHandler.throwIfResponseFailed(ErrorHandler.java:166)
at org.openqa.selenium.remote.http.JsonHttpResponseCodec.reconstructValue(JsonHttpResponseCodec.java:40)
at org.openqa.selenium.remote.http.AbstractHttpResponseCodec.decode(AbstractHttpResponseCodec.java:80)
at org.openqa.selenium.remote.http.AbstractHttpResponseCodec.decode(AbstractHttpResponseCodec.java:44)
at org.openqa.selenium.remote.HttpCommandExecutor.execute(HttpCommandExecutor.java:158)
at org.openqa.selenium.remote.service.DriverCommandExecutor.execute(DriverCommandExecutor.java:83)
at org.openqa.selenium.remote.RemoteWebDriver.execute(RemoteWebDriver.java:552)
at org.openqa.selenium.remote.RemoteWebElement.execute(RemoteWebElement.java:285)
at org.openqa.selenium.remote.RemoteWebElement.click(RemoteWebElement.java:84)
at com.codeborne.selenide.commands.Click.click(Click.java:29)
at com.codeborne.selenide.commands.Click.execute(Click.java:16)
at com.codeborne.selenide.commands.Click.execute(Click.java:12)
at com.codeborne.selenide.commands.Commands.execute(Commands.java:144)
at com.codeborne.selenide.impl.SelenideElementProxy.dispatchAndRetry(SelenideElementProxy.java:87)
... 38 more
]]>
            </full-stacktrace>
          </exception> <!-- com.codeborne.selenide.ex.ElementNotFound -->
          <reporter-output>
          </reporter-output>
        </test-method> <!-- answMesLandlToPremFHWithoutSubs -->
        <test-method status="PASS" signature="fmWithoutSubsTolordWithoutSubsWithListFromFMpage()[pri:0, instance:uk.co.idealflatmate.tests.MessagesTest@4566e5bd]" name="fmWithoutSubsTolordWithoutSubsWithListFromFMpage" duration-ms="22756" started-at="2019-01-23T18:46:27Z" finished-at="2019-01-23T18:46:49Z">
          <reporter-output>
          </reporter-output>
        </test-method> <!-- fmWithoutSubsTolordWithoutSubsWithListFromFMpage -->
        <test-method status="PASS" signature="landlWithSubsToFM()[pri:0, instance:uk.co.idealflatmate.tests.MessagesTest@4566e5bd]" name="landlWithSubsToFM" duration-ms="14253" started-at="2019-01-23T18:46:49Z" finished-at="2019-01-23T18:47:04Z">
          <reporter-output>
          </reporter-output>
        </test-method> <!-- landlWithSubsToFM -->
        <test-method status="PASS" signature="landlordWithoutSubsToFM()[pri:0, instance:uk.co.idealflatmate.tests.MessagesTest@4566e5bd]" name="landlordWithoutSubsToFM" duration-ms="21299" started-at="2019-01-23T18:47:04Z" finished-at="2019-01-23T18:47:25Z">
          <reporter-output>
          </reporter-output>
        </test-method> <!-- landlordWithoutSubsToFM -->
        <test-method status="PASS" signature="premFmToLandlWithoutSubsWithListFromSearch()[pri:0, instance:uk.co.idealflatmate.tests.MessagesTest@4566e5bd]" name="premFmToLandlWithoutSubsWithListFromSearch" duration-ms="20100" started-at="2019-01-23T18:47:25Z" finished-at="2019-01-23T18:47:45Z">
          <reporter-output>
          </reporter-output>
        </test-method> <!-- premFmToLandlWithoutSubsWithListFromSearch -->
        <test-method status="PASS" signature="readMessageByLandlWithoutSubsn()[pri:0, instance:uk.co.idealflatmate.tests.MessagesTest@4566e5bd]" name="readMessageByLandlWithoutSubsn" duration-ms="14881" started-at="2019-01-23T18:47:45Z" finished-at="2019-01-23T18:48:00Z">
          <reporter-output>
          </reporter-output>
        </test-method> <!-- readMessageByLandlWithoutSubsn -->
        <test-method status="PASS" signature="tearDown()[pri:0, instance:uk.co.idealflatmate.tests.MessagesTest@4566e5bd]" name="tearDown" is-config="true" duration-ms="877" started-at="2019-01-23T18:48:00Z" finished-at="2019-01-23T18:48:01Z">
          <reporter-output>
          </reporter-output>
        </test-method> <!-- tearDown -->
      </class> <!-- uk.co.idealflatmate.tests.MessagesTest -->
      <class name="uk.co.idealflatmate.tests.SearchFMPageTests">
        <test-method status="PASS" signature="setupClass()[pri:0, instance:uk.co.idealflatmate.tests.SearchFMPageTests@ff5b51f]" name="setupClass" is-config="true" duration-ms="6017" started-at="2019-01-23T18:53:56Z" finished-at="2019-01-23T18:54:02Z">
          <reporter-output>
          </reporter-output>
        </test-method> <!-- setupClass -->
        <test-method status="FAIL" signature="applyAdvancedFiltersDefault()[pri:0, instance:uk.co.idealflatmate.tests.SearchFMPageTests@ff5b51f]" name="applyAdvancedFiltersDefault" duration-ms="53142" started-at="2019-01-23T18:54:02Z" finished-at="2019-01-23T18:54:55Z">
          <exception class="java.lang.AssertionError">
            <message>
              <![CDATA[null]]>
            </message>
            <full-stacktrace>
              <![CDATA[java.lang.AssertionError: null
at org.testng.Assert.fail(Assert.java:96)
at org.testng.Assert.assertNotEquals(Assert.java:1157)
at org.testng.Assert.assertNotEquals(Assert.java:1162)
at uk.co.idealflatmate.appmanager.SearchHelperFM.activeAgeFM(SearchHelperFM.java:160)
at uk.co.idealflatmate.tests.SearchFMPageTests.applyAdvancedFiltersDefault(SearchFMPageTests.java:116)
at sun.reflect.NativeMethodAccessorImpl.invoke0(Native Method)
at sun.reflect.NativeMethodAccessorImpl.invoke(NativeMethodAccessorImpl.java:62)
at sun.reflect.DelegatingMethodAccessorImpl.invoke(DelegatingMethodAccessorImpl.java:43)
at java.lang.reflect.Method.invoke(Method.java:498)
at org.testng.internal.MethodInvocationHelper.invokeMethod(MethodInvocationHelper.java:124)
at org.testng.internal.Invoker.invokeMethod(Invoker.java:583)
at org.testng.internal.Invoker.invokeTestMethod(Invoker.java:719)
at org.testng.internal.Invoker.invokeTestMethods(Invoker.java:989)
at org.testng.internal.TestMethodWorker.invokeTestMethods(TestMethodWorker.java:125)
at org.testng.internal.TestMethodWorker.run(TestMethodWorker.java:109)
at org.testng.TestRunner.privateRun(TestRunner.java:648)
at org.testng.TestRunner.run(TestRunner.java:505)
at org.testng.SuiteRunner.runTest(SuiteRunner.java:455)
at org.testng.SuiteRunner.runSequentially(SuiteRunner.java:450)
at org.testng.SuiteRunner.privateRun(SuiteRunner.java:415)
at org.testng.SuiteRunner.run(SuiteRunner.java:364)
at org.testng.SuiteRunnerWorker.runSuite(SuiteRunnerWorker.java:52)
at org.testng.SuiteRunnerWorker.run(SuiteRunnerWorker.java:84)
at org.testng.TestNG.runSuitesSequentially(TestNG.java:1208)
at org.testng.TestNG.runSuitesLocally(TestNG.java:1137)
at org.testng.TestNG.runSuites(TestNG.java:1049)
at org.testng.TestNG.run(TestNG.java:1017)
at org.apache.maven.surefire.testng.TestNGExecutor.run(TestNGExecutor.java:122)
at org.apache.maven.surefire.testng.TestNGXmlTestSuite.execute(TestNGXmlTestSuite.java:88)
at org.apache.maven.surefire.testng.TestNGProvider.invoke(TestNGProvider.java:104)
at sun.reflect.NativeMethodAccessorImpl.invoke0(Native Method)
at sun.reflect.NativeMethodAccessorImpl.invoke(NativeMethodAccessorImpl.java:62)
at sun.reflect.DelegatingMethodAccessorImpl.invoke(DelegatingMethodAccessorImpl.java:43)
at java.lang.reflect.Method.invoke(Method.java:498)
at org.apache.maven.surefire.booter.ProviderFactory$ClassLoaderProxy.invoke(ProviderFactory.java:103)
at com.sun.proxy.$Proxy0.invoke(Unknown Source)
at org.apache.maven.surefire.booter.SurefireStarter.invokeProvider(SurefireStarter.java:150)
at org.apache.maven.surefire.booter.SurefireStarter.runSuitesInProcess(SurefireStarter.java:91)
at org.apache.maven.surefire.booter.ForkedBooter.main(ForkedBooter.java:69)
]]>
            </full-stacktrace>
          </exception> <!-- java.lang.AssertionError -->
          <reporter-output>
          </reporter-output>
        </test-method> <!-- applyAdvancedFiltersDefault -->
        <test-method status="PASS" signature="applyMoreFilters()[pri:0, instance:uk.co.idealflatmate.tests.SearchFMPageTests@ff5b51f]" name="applyMoreFilters" duration-ms="20093" started-at="2019-01-23T18:54:55Z" finished-at="2019-01-23T18:55:15Z">
          <reporter-output>
          </reporter-output>
        </test-method> <!-- applyMoreFilters -->
        <test-method status="PASS" signature="applyMoreFiltersPhotoNoList()[pri:0, instance:uk.co.idealflatmate.tests.SearchFMPageTests@ff5b51f]" name="applyMoreFiltersPhotoNoList" duration-ms="23225" started-at="2019-01-23T18:55:15Z" finished-at="2019-01-23T18:55:39Z">
          <reporter-output>
          </reporter-output>
        </test-method> <!-- applyMoreFiltersPhotoNoList -->
        <test-method status="PASS" signature="applyMoreFiltersPhotoWithList()[pri:0, instance:uk.co.idealflatmate.tests.SearchFMPageTests@ff5b51f]" name="applyMoreFiltersPhotoWithList" duration-ms="19551" started-at="2019-01-23T18:55:39Z" finished-at="2019-01-23T18:55:58Z">
          <reporter-output>
          </reporter-output>
        </test-method> <!-- applyMoreFiltersPhotoWithList -->
        <test-method status="PASS" signature="fmSearchBy()[pri:0, instance:uk.co.idealflatmate.tests.SearchFMPageTests@ff5b51f]" name="fmSearchBy" duration-ms="8163" started-at="2019-01-23T18:55:58Z" finished-at="2019-01-23T18:56:06Z">
          <reporter-output>
          </reporter-output>
        </test-method> <!-- fmSearchBy -->
        <test-method status="PASS" signature="searchPagination()[pri:0, instance:uk.co.idealflatmate.tests.SearchFMPageTests@ff5b51f]" name="searchPagination" duration-ms="26675" started-at="2019-01-23T18:56:06Z" finished-at="2019-01-23T18:56:33Z">
          <reporter-output>
          </reporter-output>
        </test-method> <!-- searchPagination -->
        <test-method status="PASS" signature="sortListingLoggedIn()[pri:0, instance:uk.co.idealflatmate.tests.SearchFMPageTests@ff5b51f]" name="sortListingLoggedIn" duration-ms="44160" started-at="2019-01-23T18:56:33Z" finished-at="2019-01-23T18:57:17Z">
          <reporter-output>
          </reporter-output>
        </test-method> <!-- sortListingLoggedIn -->
        <test-method status="PASS" signature="tearDown()[pri:0, instance:uk.co.idealflatmate.tests.SearchFMPageTests@ff5b51f]" name="tearDown" is-config="true" duration-ms="1025" started-at="2019-01-23T18:57:17Z" finished-at="2019-01-23T18:57:18Z">
          <reporter-output>
          </reporter-output>
        </test-method> <!-- tearDown -->
      </class> <!-- uk.co.idealflatmate.tests.SearchFMPageTests -->
      <class name="uk.co.idealflatmate.tests.SignUpMatching">
        <test-method status="PASS" signature="setupClass()[pri:0, instance:uk.co.idealflatmate.tests.SignUpMatching@4b952a2d]" name="setupClass" is-config="true" duration-ms="5670" started-at="2019-01-24T03:49:27Z" finished-at="2019-01-24T03:49:33Z">
          <reporter-output>
          </reporter-output>
        </test-method> <!-- setupClass -->
        <test-method status="PASS" signature="SignUpMatchingWithRequiredFieldsFMRoom()[pri:0, instance:uk.co.idealflatmate.tests.SignUpMatching@4b952a2d]" name="SignUpMatchingWithRequiredFieldsFMRoom" duration-ms="15669760" started-at="2019-01-24T03:49:33Z" finished-at="2019-01-24T08:10:43Z">
          <reporter-output>
          </reporter-output>
        </test-method> <!-- SignUpMatchingWithRequiredFieldsFMRoom -->
        <test-method status="PASS" signature="SignUpMatchingWithRequiredFieldsFMRoomSearchFM()[pri:0, instance:uk.co.idealflatmate.tests.SignUpMatching@4b952a2d]" name="SignUpMatchingWithRequiredFieldsFMRoomSearchFM" duration-ms="90819" started-at="2019-01-24T08:10:43Z" finished-at="2019-01-24T08:12:14Z">
          <reporter-output>
          </reporter-output>
        </test-method> <!-- SignUpMatchingWithRequiredFieldsFMRoomSearchFM -->
        <test-method status="FAIL" signature="SignUpMatchingWithRequiredFieldsRoom()[pri:0, instance:uk.co.idealflatmate.tests.SignUpMatching@4b952a2d]" name="SignUpMatchingWithRequiredFieldsRoom" duration-ms="88699" started-at="2019-01-24T08:12:14Z" finished-at="2019-01-24T08:13:42Z">
          <exception class="com.codeborne.selenide.ex.ElementShould">
            <message>
              <![CDATA[Element should have text 'ВЈ1200 - ВЈ1250' {By.xpath: //div[@class='price-range-filter selected']}
Element: '<div class="price-range-filter selected">?1200 - ?1250
1</div>']]>
            </message>
            <full-stacktrace>
              <![CDATA[Element should have text 'ВЈ1200 - ВЈ1250' {By.xpath: //div[@class='price-range-filter selected']}
Element: '<div class="price-range-filter selected">?1200 - ?1250
1</div>'
Screenshot: file:/C:/Users/lukhovytskyi/Documents/GitHub/idealflatmatetest/build/reports/tests/1548317622161.35.png
Page source: file:/C:/Users/lukhovytskyi/Documents/GitHub/idealflatmatetest/build/reports/tests/1548317622161.35.html
Timeout: 10 s.
at com.codeborne.selenide.impl.WebElementSource.checkCondition(WebElementSource.java:66)
at com.codeborne.selenide.commands.Should.should(Should.java:35)
at com.codeborne.selenide.commands.Should.execute(Should.java:29)
at com.codeborne.selenide.commands.Should.execute(Should.java:12)
at com.codeborne.selenide.commands.Commands.execute(Commands.java:144)
at com.codeborne.selenide.impl.SelenideElementProxy.dispatchAndRetry(SelenideElementProxy.java:87)
at com.codeborne.selenide.impl.SelenideElementProxy.invoke(SelenideElementProxy.java:63)
at com.sun.proxy.$Proxy5.shouldHave(Unknown Source)
at uk.co.idealflatmate.appmanager.VerificationHelper.verifySearchListingPageMatching(VerificationHelper.java:596)
at uk.co.idealflatmate.tests.SignUpMatching.SignUpMatchingWithRequiredFieldsRoom(SignUpMatching.java:82)
at sun.reflect.NativeMethodAccessorImpl.invoke0(Native Method)
at sun.reflect.NativeMethodAccessorImpl.invoke(NativeMethodAccessorImpl.java:62)
at sun.reflect.DelegatingMethodAccessorImpl.invoke(DelegatingMethodAccessorImpl.java:43)
at java.lang.reflect.Method.invoke(Method.java:498)
at org.testng.internal.MethodInvocationHelper.invokeMethod(MethodInvocationHelper.java:124)
at org.testng.internal.Invoker.invokeMethod(Invoker.java:583)
at org.testng.internal.Invoker.invokeTestMethod(Invoker.java:719)
at org.testng.internal.Invoker.invokeTestMethods(Invoker.java:989)
at org.testng.internal.TestMethodWorker.invokeTestMethods(TestMethodWorker.java:125)
at org.testng.internal.TestMethodWorker.run(TestMethodWorker.java:109)
at org.testng.TestRunner.privateRun(TestRunner.java:648)
at org.testng.TestRunner.run(TestRunner.java:505)
at org.testng.SuiteRunner.runTest(SuiteRunner.java:455)
at org.testng.SuiteRunner.runSequentially(SuiteRunner.java:450)
at org.testng.SuiteRunner.privateRun(SuiteRunner.java:415)
at org.testng.SuiteRunner.run(SuiteRunner.java:364)
at org.testng.SuiteRunnerWorker.runSuite(SuiteRunnerWorker.java:52)
at org.testng.SuiteRunnerWorker.run(SuiteRunnerWorker.java:84)
at org.testng.TestNG.runSuitesSequentially(TestNG.java:1208)
at org.testng.TestNG.runSuitesLocally(TestNG.java:1137)
at org.testng.TestNG.runSuites(TestNG.java:1049)
at org.testng.TestNG.run(TestNG.java:1017)
at org.apache.maven.surefire.testng.TestNGExecutor.run(TestNGExecutor.java:122)
at org.apache.maven.surefire.testng.TestNGXmlTestSuite.execute(TestNGXmlTestSuite.java:88)
at org.apache.maven.surefire.testng.TestNGProvider.invoke(TestNGProvider.java:104)
at sun.reflect.NativeMethodAccessorImpl.invoke0(Native Method)
at sun.reflect.NativeMethodAccessorImpl.invoke(NativeMethodAccessorImpl.java:62)
at sun.reflect.DelegatingMethodAccessorImpl.invoke(DelegatingMethodAccessorImpl.java:43)
at java.lang.reflect.Method.invoke(Method.java:498)
at org.apache.maven.surefire.booter.ProviderFactory$ClassLoaderProxy.invoke(ProviderFactory.java:103)
at com.sun.proxy.$Proxy0.invoke(Unknown Source)
at org.apache.maven.surefire.booter.SurefireStarter.invokeProvider(SurefireStarter.java:150)
at org.apache.maven.surefire.booter.SurefireStarter.runSuitesInProcess(SurefireStarter.java:91)
at org.apache.maven.surefire.booter.ForkedBooter.main(ForkedBooter.java:69)
]]>
            </full-stacktrace>
          </exception> <!-- com.codeborne.selenide.ex.ElementShould -->
          <reporter-output>
          </reporter-output>
        </test-method> <!-- SignUpMatchingWithRequiredFieldsRoom -->
        <test-method status="PASS" signature="SignUpWithMatchingWithBlankRequiredFields()[pri:0, instance:uk.co.idealflatmate.tests.SignUpMatching@4b952a2d]" name="SignUpWithMatchingWithBlankRequiredFields" duration-ms="51545" started-at="2019-01-24T08:13:42Z" finished-at="2019-01-24T08:14:34Z">
          <reporter-output>
          </reporter-output>
        </test-method> <!-- SignUpWithMatchingWithBlankRequiredFields -->
        <test-method status="PASS" signature="signUpMatchingWithBlankFirstName()[pri:0, instance:uk.co.idealflatmate.tests.SignUpMatching@4b952a2d]" name="signUpMatchingWithBlankFirstName" duration-ms="3837" started-at="2019-01-24T08:14:34Z" finished-at="2019-01-24T08:14:38Z">
          <reporter-output>
          </reporter-output>
        </test-method> <!-- signUpMatchingWithBlankFirstName -->
        <test-method status="PASS" signature="tearDown()[pri:0, instance:uk.co.idealflatmate.tests.SignUpMatching@4b952a2d]" name="tearDown" is-config="true" duration-ms="902" started-at="2019-01-24T08:14:38Z" finished-at="2019-01-24T08:14:39Z">
          <reporter-output>
          </reporter-output>
        </test-method> <!-- tearDown -->
      </class> <!-- uk.co.idealflatmate.tests.SignUpMatching -->
      <class name="uk.co.idealflatmate.tests.SignUpTest">
        <test-method status="PASS" signature="setupClass()[pri:0, instance:uk.co.idealflatmate.tests.SignUpTest@3159c4b8]" name="setupClass" is-config="true" duration-ms="5865" started-at="2019-01-24T08:14:39Z" finished-at="2019-01-24T08:14:44Z">
          <reporter-output>
          </reporter-output>
        </test-method> <!-- setupClass -->
        <test-method status="PASS" signature="ListingSignUpFromHomepage()[pri:0, instance:uk.co.idealflatmate.tests.SignUpTest@3159c4b8]" name="ListingSignUpFromHomepage" duration-ms="38376" started-at="2019-01-24T08:14:44Z" finished-at="2019-01-24T08:15:23Z">
          <reporter-output>
          </reporter-output>
        </test-method> <!-- ListingSignUpFromHomepage -->
        <test-method status="PASS" signature="ListingSignUpHeader()[pri:0, instance:uk.co.idealflatmate.tests.SignUpTest@3159c4b8]" name="ListingSignUpHeader" duration-ms="33000" started-at="2019-01-24T08:15:23Z" finished-at="2019-01-24T08:15:56Z">
          <reporter-output>
          </reporter-output>
        </test-method> <!-- ListingSignUpHeader -->
        <test-method status="PASS" signature="SignUpBlankFieldsPropAddRentBlock()[pri:0, instance:uk.co.idealflatmate.tests.SignUpTest@3159c4b8]" name="SignUpBlankFieldsPropAddRentBlock" duration-ms="10871" started-at="2019-01-24T08:15:56Z" finished-at="2019-01-24T08:16:07Z">
          <reporter-output>
          </reporter-output>
        </test-method> <!-- SignUpBlankFieldsPropAddRentBlock -->
        <test-method status="PASS" signature="SignUpBlankFieldsPropAddWorkBlock()[pri:0, instance:uk.co.idealflatmate.tests.SignUpTest@3159c4b8]" name="SignUpBlankFieldsPropAddWorkBlock" duration-ms="26658" started-at="2019-01-24T08:16:07Z" finished-at="2019-01-24T08:16:33Z">
          <reporter-output>
          </reporter-output>
        </test-method> <!-- SignUpBlankFieldsPropAddWorkBlock -->
        <test-method status="FAIL" signature="SuccessfulSignUpWithListingWithAllFields()[pri:0, instance:uk.co.idealflatmate.tests.SignUpTest@3159c4b8]" name="SuccessfulSignUpWithListingWithAllFields" duration-ms="8088" started-at="2019-01-24T08:16:33Z" finished-at="2019-01-24T08:16:41Z">
          <exception class="com.codeborne.selenide.ex.ElementNotFound">
            <message>
              <![CDATA[Element not found {By.xpath: (//input[@name='SignupForm[is_age_confirm]'])[1]}
Expected: visible]]>
            </message>
            <full-stacktrace>
              <![CDATA[Element not found {By.xpath: (//input[@name='SignupForm[is_age_confirm]'])[1]}
Expected: visible
Screenshot: file:/C:/Users/lukhovytskyi/Documents/GitHub/idealflatmatetest/build/reports/tests/1548317800253.37.png
Page source: file:/C:/Users/lukhovytskyi/Documents/GitHub/idealflatmatetest/build/reports/tests/1548317800253.37.html
Timeout: 4 s.
Caused by: NoSuchElementException: no such element: Unable to locate element: {"method":"xpath","selector":"(//input[@name='SignupForm[is_age_confirm]'])[1]"}
at com.codeborne.selenide.impl.WebElementSource.createElementNotFoundError(WebElementSource.java:31)
at com.codeborne.selenide.impl.ElementFinder.createElementNotFoundError(ElementFinder.java:82)
at com.codeborne.selenide.impl.WebElementSource.checkCondition(WebElementSource.java:59)
at com.codeborne.selenide.commands.Should.should(Should.java:35)
at com.codeborne.selenide.commands.Should.execute(Should.java:29)
at com.codeborne.selenide.commands.Should.execute(Should.java:12)
at com.codeborne.selenide.commands.Commands.execute(Commands.java:144)
at com.codeborne.selenide.impl.SelenideElementProxy.dispatchAndRetry(SelenideElementProxy.java:87)
at com.codeborne.selenide.impl.SelenideElementProxy.invoke(SelenideElementProxy.java:63)
at com.sun.proxy.$Proxy5.waitUntil(Unknown Source)
at uk.co.idealflatmate.appmanager.VerificationHelper.ageConfirmCheckMatching(VerificationHelper.java:432)
at uk.co.idealflatmate.tests.SignUpTest.SuccessfulSignUpWithListingWithAllFields(SignUpTest.java:373)
at sun.reflect.NativeMethodAccessorImpl.invoke0(Native Method)
at sun.reflect.NativeMethodAccessorImpl.invoke(NativeMethodAccessorImpl.java:62)
at sun.reflect.DelegatingMethodAccessorImpl.invoke(DelegatingMethodAccessorImpl.java:43)
at java.lang.reflect.Method.invoke(Method.java:498)
at org.testng.internal.MethodInvocationHelper.invokeMethod(MethodInvocationHelper.java:124)
at org.testng.internal.Invoker.invokeMethod(Invoker.java:583)
at org.testng.internal.Invoker.invokeTestMethod(Invoker.java:719)
at org.testng.internal.Invoker.invokeTestMethods(Invoker.java:989)
at org.testng.internal.TestMethodWorker.invokeTestMethods(TestMethodWorker.java:125)
at org.testng.internal.TestMethodWorker.run(TestMethodWorker.java:109)
at org.testng.TestRunner.privateRun(TestRunner.java:648)
at org.testng.TestRunner.run(TestRunner.java:505)
at org.testng.SuiteRunner.runTest(SuiteRunner.java:455)
at org.testng.SuiteRunner.runSequentially(SuiteRunner.java:450)
at org.testng.SuiteRunner.privateRun(SuiteRunner.java:415)
at org.testng.SuiteRunner.run(SuiteRunner.java:364)
at org.testng.SuiteRunnerWorker.runSuite(SuiteRunnerWorker.java:52)
at org.testng.SuiteRunnerWorker.run(SuiteRunnerWorker.java:84)
at org.testng.TestNG.runSuitesSequentially(TestNG.java:1208)
at org.testng.TestNG.runSuitesLocally(TestNG.java:1137)
at org.testng.TestNG.runSuites(TestNG.java:1049)
at org.testng.TestNG.run(TestNG.java:1017)
at org.apache.maven.surefire.testng.TestNGExecutor.run(TestNGExecutor.java:122)
at org.apache.maven.surefire.testng.TestNGXmlTestSuite.execute(TestNGXmlTestSuite.java:88)
at org.apache.maven.surefire.testng.TestNGProvider.invoke(TestNGProvider.java:104)
at sun.reflect.NativeMethodAccessorImpl.invoke0(Native Method)
at sun.reflect.NativeMethodAccessorImpl.invoke(NativeMethodAccessorImpl.java:62)
at sun.reflect.DelegatingMethodAccessorImpl.invoke(DelegatingMethodAccessorImpl.java:43)
at java.lang.reflect.Method.invoke(Method.java:498)
at org.apache.maven.surefire.booter.ProviderFactory$ClassLoaderProxy.invoke(ProviderFactory.java:103)
at com.sun.proxy.$Proxy0.invoke(Unknown Source)
at org.apache.maven.surefire.booter.SurefireStarter.invokeProvider(SurefireStarter.java:150)
at org.apache.maven.surefire.booter.SurefireStarter.runSuitesInProcess(SurefireStarter.java:91)
at org.apache.maven.surefire.booter.ForkedBooter.main(ForkedBooter.java:69)
Caused by: org.openqa.selenium.NoSuchElementException: no such element: Unable to locate element: {"method":"xpath","selector":"(//input[@name='SignupForm[is_age_confirm]'])[1]"}
  (Session info: chrome=71.0.3578.98)
  (Driver info: chromedriver=72.0.3626.69 (3c16f8a135abc0d4da2dff33804db79b849a7c38),platform=Windows NT 10.0.16299 x86_64) (WARNING: The server did not provide any stacktrace information)
Command duration or timeout: 0 milliseconds
For documentation on this error, please visit: https://www.seleniumhq.org/exceptions/no_such_element.html
Build info: version: '3.141.59', revision: 'e82be7d358', time: '2018-11-14T08:17:03'
System info: host: 'PRIVATE-1074', ip: '10.8.1.74', os.name: 'Windows 10', os.arch: 'amd64', os.version: '10.0', java.version: '1.8.0_152'
Driver info: org.openqa.selenium.chrome.ChromeDriver
Capabilities {acceptInsecureCerts: false, acceptSslCerts: false, applicationCacheEnabled: false, browserConnectionEnabled: false, browserName: chrome, chrome: {chromedriverVersion: 72.0.3626.69 (3c16f8a135abc..., userDataDir: C:\Users\LUKHOV~1\AppData\L...}, cssSelectorsEnabled: true, databaseEnabled: false, goog:chromeOptions: {debuggerAddress: localhost:53349}, handlesAlerts: true, hasTouchScreen: false, javascriptEnabled: true, locationContextEnabled: true, mobileEmulationEnabled: false, nativeEvents: true, networkConnectionEnabled: false, pageLoadStrategy: normal, platform: XP, platformName: XP, proxy: Proxy(), rotatable: false, setWindowRect: true, takesHeapSnapshot: true, takesScreenshot: true, timeouts: {implicit: 0, pageLoad: 300000, script: 30000}, unexpectedAlertBehaviour: ignore, unhandledPromptBehavior: ignore, version: 71.0.3578.98, webStorageEnabled: true}
Session ID: 643fde78a2bd14499957650176dba928
*** Element info: {Using=xpath, value=(//input[@name='SignupForm[is_age_confirm]'])[1]}
at sun.reflect.GeneratedConstructorAccessor13.newInstance(Unknown Source)
at sun.reflect.DelegatingConstructorAccessorImpl.newInstance(DelegatingConstructorAccessorImpl.java:45)
at java.lang.reflect.Constructor.newInstance(Constructor.java:423)
at org.openqa.selenium.remote.ErrorHandler.createThrowable(ErrorHandler.java:214)
at org.openqa.selenium.remote.ErrorHandler.throwIfResponseFailed(ErrorHandler.java:166)
at org.openqa.selenium.remote.http.JsonHttpResponseCodec.reconstructValue(JsonHttpResponseCodec.java:40)
at org.openqa.selenium.remote.http.AbstractHttpResponseCodec.decode(AbstractHttpResponseCodec.java:80)
at org.openqa.selenium.remote.http.AbstractHttpResponseCodec.decode(AbstractHttpResponseCodec.java:44)
at org.openqa.selenium.remote.HttpCommandExecutor.execute(HttpCommandExecutor.java:158)
at org.openqa.selenium.remote.service.DriverCommandExecutor.execute(DriverCommandExecutor.java:83)
at org.openqa.selenium.remote.RemoteWebDriver.execute(RemoteWebDriver.java:552)
at org.openqa.selenium.remote.RemoteWebDriver.findElement(RemoteWebDriver.java:323)
at org.openqa.selenium.remote.RemoteWebDriver.findElementByXPath(RemoteWebDriver.java:428)
at org.openqa.selenium.By$ByXPath.findElement(By.java:353)
at org.openqa.selenium.remote.RemoteWebDriver.findElement(RemoteWebDriver.java:315)
at com.codeborne.selenide.impl.WebElementSelector.findElement(WebElementSelector.java:29)
at com.codeborne.selenide.impl.ElementFinder.getWebElement(ElementFinder.java:56)
at com.codeborne.selenide.impl.WebElementSource.checkCondition(WebElementSource.java:44)
... 43 more
]]>
            </full-stacktrace>
          </exception> <!-- com.codeborne.selenide.ex.ElementNotFound -->
          <reporter-output>
          </reporter-output>
        </test-method> <!-- SuccessfulSignUpWithListingWithAllFields -->
        <test-method status="FAIL" signature="headerRoomSignUpHomePageTenant()[pri:0, instance:uk.co.idealflatmate.tests.SignUpTest@3159c4b8]" name="headerRoomSignUpHomePageTenant" duration-ms="94896" started-at="2019-01-24T08:16:41Z" finished-at="2019-01-24T08:18:16Z">
          <exception class="com.codeborne.selenide.ex.ElementShould">
            <message>
              <![CDATA[Element should have text 'ВЈ200 - ВЈ1250' {By.xpath: //div[@class='price-range-filter selected']}
Element: '<div class="price-range-filter selected">?200 - ?1250
1</div>']]>
            </message>
            <full-stacktrace>
              <![CDATA[Element should have text 'ВЈ200 - ВЈ1250' {By.xpath: //div[@class='price-range-filter selected']}
Element: '<div class="price-range-filter selected">?200 - ?1250
1</div>'
Screenshot: file:/C:/Users/lukhovytskyi/Documents/GitHub/idealflatmatetest/build/reports/tests/1548317896084.39.png
Page source: file:/C:/Users/lukhovytskyi/Documents/GitHub/idealflatmatetest/build/reports/tests/1548317896084.39.html
Timeout: 10 s.
at com.codeborne.selenide.impl.WebElementSource.checkCondition(WebElementSource.java:66)
at com.codeborne.selenide.commands.Should.should(Should.java:35)
at com.codeborne.selenide.commands.Should.execute(Should.java:29)
at com.codeborne.selenide.commands.Should.execute(Should.java:12)
at com.codeborne.selenide.commands.Commands.execute(Commands.java:144)
at com.codeborne.selenide.impl.SelenideElementProxy.dispatchAndRetry(SelenideElementProxy.java:87)
at com.codeborne.selenide.impl.SelenideElementProxy.invoke(SelenideElementProxy.java:63)
at com.sun.proxy.$Proxy5.shouldHave(Unknown Source)
at uk.co.idealflatmate.appmanager.VerificationHelper.verifySearchListingPage(VerificationHelper.java:588)
at uk.co.idealflatmate.tests.SignUpTest.headerRoomSignUpHomePageTenant(SignUpTest.java:108)
at sun.reflect.NativeMethodAccessorImpl.invoke0(Native Method)
at sun.reflect.NativeMethodAccessorImpl.invoke(NativeMethodAccessorImpl.java:62)
at sun.reflect.DelegatingMethodAccessorImpl.invoke(DelegatingMethodAccessorImpl.java:43)
at java.lang.reflect.Method.invoke(Method.java:498)
at org.testng.internal.MethodInvocationHelper.invokeMethod(MethodInvocationHelper.java:124)
at org.testng.internal.Invoker.invokeMethod(Invoker.java:583)
at org.testng.internal.Invoker.invokeTestMethod(Invoker.java:719)
at org.testng.internal.Invoker.invokeTestMethods(Invoker.java:989)
at org.testng.internal.TestMethodWorker.invokeTestMethods(TestMethodWorker.java:125)
at org.testng.internal.TestMethodWorker.run(TestMethodWorker.java:109)
at org.testng.TestRunner.privateRun(TestRunner.java:648)
at org.testng.TestRunner.run(TestRunner.java:505)
at org.testng.SuiteRunner.runTest(SuiteRunner.java:455)
at org.testng.SuiteRunner.runSequentially(SuiteRunner.java:450)
at org.testng.SuiteRunner.privateRun(SuiteRunner.java:415)
at org.testng.SuiteRunner.run(SuiteRunner.java:364)
at org.testng.SuiteRunnerWorker.runSuite(SuiteRunnerWorker.java:52)
at org.testng.SuiteRunnerWorker.run(SuiteRunnerWorker.java:84)
at org.testng.TestNG.runSuitesSequentially(TestNG.java:1208)
at org.testng.TestNG.runSuitesLocally(TestNG.java:1137)
at org.testng.TestNG.runSuites(TestNG.java:1049)
at org.testng.TestNG.run(TestNG.java:1017)
at org.apache.maven.surefire.testng.TestNGExecutor.run(TestNGExecutor.java:122)
at org.apache.maven.surefire.testng.TestNGXmlTestSuite.execute(TestNGXmlTestSuite.java:88)
at org.apache.maven.surefire.testng.TestNGProvider.invoke(TestNGProvider.java:104)
at sun.reflect.NativeMethodAccessorImpl.invoke0(Native Method)
at sun.reflect.NativeMethodAccessorImpl.invoke(NativeMethodAccessorImpl.java:62)
at sun.reflect.DelegatingMethodAccessorImpl.invoke(DelegatingMethodAccessorImpl.java:43)
at java.lang.reflect.Method.invoke(Method.java:498)
at org.apache.maven.surefire.booter.ProviderFactory$ClassLoaderProxy.invoke(ProviderFactory.java:103)
at com.sun.proxy.$Proxy0.invoke(Unknown Source)
at org.apache.maven.surefire.booter.SurefireStarter.invokeProvider(SurefireStarter.java:150)
at org.apache.maven.surefire.booter.SurefireStarter.runSuitesInProcess(SurefireStarter.java:91)
at org.apache.maven.surefire.booter.ForkedBooter.main(ForkedBooter.java:69)
]]>
            </full-stacktrace>
          </exception> <!-- com.codeborne.selenide.ex.ElementShould -->
          <reporter-output>
          </reporter-output>
        </test-method> <!-- headerRoomSignUpHomePageTenant -->
        <test-method status="PASS" signature="headerSignUpHomePageFMSearchLiv_inWithoutAbout()[pri:0, instance:uk.co.idealflatmate.tests.SignUpTest@3159c4b8]" name="headerSignUpHomePageFMSearchLiv_inWithoutAbout" duration-ms="50988" started-at="2019-01-24T08:18:16Z" finished-at="2019-01-24T08:19:07Z">
          <reporter-output>
          </reporter-output>
        </test-method> <!-- headerSignUpHomePageFMSearchLiv_inWithoutAbout -->
        <test-method status="PASS" signature="headerSignUpViaFacebook()[pri:0, instance:uk.co.idealflatmate.tests.SignUpTest@3159c4b8]" name="headerSignUpViaFacebook" duration-ms="56612" started-at="2019-01-24T08:19:07Z" finished-at="2019-01-24T08:20:04Z">
          <reporter-output>
          </reporter-output>
        </test-method> <!-- headerSignUpViaFacebook -->
        <test-method status="PASS" signature="headerSignUpWithBlankRequiredFieldsBudget()[pri:0, instance:uk.co.idealflatmate.tests.SignUpTest@3159c4b8]" name="headerSignUpWithBlankRequiredFieldsBudget" duration-ms="53269" started-at="2019-01-24T08:20:04Z" finished-at="2019-01-24T08:20:57Z">
          <reporter-output>
          </reporter-output>
        </test-method> <!-- headerSignUpWithBlankRequiredFieldsBudget -->
        <test-method status="FAIL" signature="headerSignUpWithBlankRequiredFieldsLocation()[pri:0, instance:uk.co.idealflatmate.tests.SignUpTest@3159c4b8]" name="headerSignUpWithBlankRequiredFieldsLocation" duration-ms="13089" started-at="2019-01-24T08:20:57Z" finished-at="2019-01-24T08:21:10Z">
          <exception class="com.codeborne.selenide.ex.ElementNotFound">
            <message>
              <![CDATA[Element not found {By.xpath: //h3[@class='u_m0' and contains (text(), 'A room')]}
Expected: visible]]>
            </message>
            <full-stacktrace>
              <![CDATA[Element not found {By.xpath: //h3[@class='u_m0' and contains (text(), 'A room')]}
Expected: visible
Screenshot: file:/C:/Users/lukhovytskyi/Documents/GitHub/idealflatmatetest/build/reports/tests/1548318070285.41.png
Page source: file:/C:/Users/lukhovytskyi/Documents/GitHub/idealflatmatetest/build/reports/tests/1548318070285.41.html
Timeout: 10 s.
Caused by: NoSuchElementException: no such element: Unable to locate element: {"method":"xpath","selector":"//h3[@class='u_m0' and contains (text(), 'A room')]"}
at com.codeborne.selenide.impl.WebElementSource.createElementNotFoundError(WebElementSource.java:31)
at com.codeborne.selenide.impl.ElementFinder.createElementNotFoundError(ElementFinder.java:82)
at com.codeborne.selenide.impl.WebElementSource.checkCondition(WebElementSource.java:59)
at com.codeborne.selenide.impl.WebElementSource.findAndAssertElementIsVisible(WebElementSource.java:72)
at com.codeborne.selenide.commands.Click.execute(Click.java:16)
at com.codeborne.selenide.commands.Click.execute(Click.java:12)
at com.codeborne.selenide.commands.Commands.execute(Commands.java:144)
at com.codeborne.selenide.impl.SelenideElementProxy.dispatchAndRetry(SelenideElementProxy.java:87)
at com.codeborne.selenide.impl.SelenideElementProxy.invoke(SelenideElementProxy.java:63)
at com.sun.proxy.$Proxy5.click(Unknown Source)
at uk.co.idealflatmate.appmanager.SignUpHelper.clickRoom(SignUpHelper.java:24)
at uk.co.idealflatmate.tests.SignUpTest.headerSignUpWithBlankRequiredFieldsLocation(SignUpTest.java:230)
at sun.reflect.NativeMethodAccessorImpl.invoke0(Native Method)
at sun.reflect.NativeMethodAccessorImpl.invoke(NativeMethodAccessorImpl.java:62)
at sun.reflect.DelegatingMethodAccessorImpl.invoke(DelegatingMethodAccessorImpl.java:43)
at java.lang.reflect.Method.invoke(Method.java:498)
at org.testng.internal.MethodInvocationHelper.invokeMethod(MethodInvocationHelper.java:124)
at org.testng.internal.Invoker.invokeMethod(Invoker.java:583)
at org.testng.internal.Invoker.invokeTestMethod(Invoker.java:719)
at org.testng.internal.Invoker.invokeTestMethods(Invoker.java:989)
at org.testng.internal.TestMethodWorker.invokeTestMethods(TestMethodWorker.java:125)
at org.testng.internal.TestMethodWorker.run(TestMethodWorker.java:109)
at org.testng.TestRunner.privateRun(TestRunner.java:648)
at org.testng.TestRunner.run(TestRunner.java:505)
at org.testng.SuiteRunner.runTest(SuiteRunner.java:455)
at org.testng.SuiteRunner.runSequentially(SuiteRunner.java:450)
at org.testng.SuiteRunner.privateRun(SuiteRunner.java:415)
at org.testng.SuiteRunner.run(SuiteRunner.java:364)
at org.testng.SuiteRunnerWorker.runSuite(SuiteRunnerWorker.java:52)
at org.testng.SuiteRunnerWorker.run(SuiteRunnerWorker.java:84)
at org.testng.TestNG.runSuitesSequentially(TestNG.java:1208)
at org.testng.TestNG.runSuitesLocally(TestNG.java:1137)
at org.testng.TestNG.runSuites(TestNG.java:1049)
at org.testng.TestNG.run(TestNG.java:1017)
at org.apache.maven.surefire.testng.TestNGExecutor.run(TestNGExecutor.java:122)
at org.apache.maven.surefire.testng.TestNGXmlTestSuite.execute(TestNGXmlTestSuite.java:88)
at org.apache.maven.surefire.testng.TestNGProvider.invoke(TestNGProvider.java:104)
at sun.reflect.NativeMethodAccessorImpl.invoke0(Native Method)
at sun.reflect.NativeMethodAccessorImpl.invoke(NativeMethodAccessorImpl.java:62)
at sun.reflect.DelegatingMethodAccessorImpl.invoke(DelegatingMethodAccessorImpl.java:43)
at java.lang.reflect.Method.invoke(Method.java:498)
at org.apache.maven.surefire.booter.ProviderFactory$ClassLoaderProxy.invoke(ProviderFactory.java:103)
at com.sun.proxy.$Proxy0.invoke(Unknown Source)
at org.apache.maven.surefire.booter.SurefireStarter.invokeProvider(SurefireStarter.java:150)
at org.apache.maven.surefire.booter.SurefireStarter.runSuitesInProcess(SurefireStarter.java:91)
at org.apache.maven.surefire.booter.ForkedBooter.main(ForkedBooter.java:69)
Caused by: org.openqa.selenium.NoSuchElementException: no such element: Unable to locate element: {"method":"xpath","selector":"//h3[@class='u_m0' and contains (text(), 'A room')]"}
  (Session info: chrome=71.0.3578.98)
  (Driver info: chromedriver=72.0.3626.69 (3c16f8a135abc0d4da2dff33804db79b849a7c38),platform=Windows NT 10.0.16299 x86_64) (WARNING: The server did not provide any stacktrace information)
Command duration or timeout: 0 milliseconds
For documentation on this error, please visit: https://www.seleniumhq.org/exceptions/no_such_element.html
Build info: version: '3.141.59', revision: 'e82be7d358', time: '2018-11-14T08:17:03'
System info: host: 'PRIVATE-1074', ip: '10.8.1.74', os.name: 'Windows 10', os.arch: 'amd64', os.version: '10.0', java.version: '1.8.0_152'
Driver info: org.openqa.selenium.chrome.ChromeDriver
Capabilities {acceptInsecureCerts: false, acceptSslCerts: false, applicationCacheEnabled: false, browserConnectionEnabled: false, browserName: chrome, chrome: {chromedriverVersion: 72.0.3626.69 (3c16f8a135abc..., userDataDir: C:\Users\LUKHOV~1\AppData\L...}, cssSelectorsEnabled: true, databaseEnabled: false, goog:chromeOptions: {debuggerAddress: localhost:54631}, handlesAlerts: true, hasTouchScreen: false, javascriptEnabled: true, locationContextEnabled: true, mobileEmulationEnabled: false, nativeEvents: true, networkConnectionEnabled: false, pageLoadStrategy: normal, platform: XP, platformName: XP, proxy: Proxy(), rotatable: false, setWindowRect: true, takesHeapSnapshot: true, takesScreenshot: true, timeouts: {implicit: 0, pageLoad: 300000, script: 30000}, unexpectedAlertBehaviour: ignore, unhandledPromptBehavior: ignore, version: 71.0.3578.98, webStorageEnabled: true}
Session ID: 1a73e5417fed02a870dea4195ec86edd
*** Element info: {Using=xpath, value=//h3[@class='u_m0' and contains (text(), 'A room')]}
at sun.reflect.GeneratedConstructorAccessor13.newInstance(Unknown Source)
at sun.reflect.DelegatingConstructorAccessorImpl.newInstance(DelegatingConstructorAccessorImpl.java:45)
at java.lang.reflect.Constructor.newInstance(Constructor.java:423)
at org.openqa.selenium.remote.ErrorHandler.createThrowable(ErrorHandler.java:214)
at org.openqa.selenium.remote.ErrorHandler.throwIfResponseFailed(ErrorHandler.java:166)
at org.openqa.selenium.remote.http.JsonHttpResponseCodec.reconstructValue(JsonHttpResponseCodec.java:40)
at org.openqa.selenium.remote.http.AbstractHttpResponseCodec.decode(AbstractHttpResponseCodec.java:80)
at org.openqa.selenium.remote.http.AbstractHttpResponseCodec.decode(AbstractHttpResponseCodec.java:44)
at org.openqa.selenium.remote.HttpCommandExecutor.execute(HttpCommandExecutor.java:158)
at org.openqa.selenium.remote.service.DriverCommandExecutor.execute(DriverCommandExecutor.java:83)
at org.openqa.selenium.remote.RemoteWebDriver.execute(RemoteWebDriver.java:552)
at org.openqa.selenium.remote.RemoteWebDriver.findElement(RemoteWebDriver.java:323)
at org.openqa.selenium.remote.RemoteWebDriver.findElementByXPath(RemoteWebDriver.java:428)
at org.openqa.selenium.By$ByXPath.findElement(By.java:353)
at org.openqa.selenium.remote.RemoteWebDriver.findElement(RemoteWebDriver.java:315)
at com.codeborne.selenide.impl.WebElementSelector.findElement(WebElementSelector.java:29)
at com.codeborne.selenide.impl.ElementFinder.getWebElement(ElementFinder.java:56)
at com.codeborne.selenide.impl.WebElementSource.checkCondition(WebElementSource.java:44)
... 43 more
]]>
            </full-stacktrace>
          </exception> <!-- com.codeborne.selenide.ex.ElementNotFound -->
          <reporter-output>
          </reporter-output>
        </test-method> <!-- headerSignUpWithBlankRequiredFieldsLocation -->
        <test-method status="PASS" signature="headerSignUpWithBlankRequiredFieldsMoreAboutYou()[pri:0, instance:uk.co.idealflatmate.tests.SignUpTest@3159c4b8]" name="headerSignUpWithBlankRequiredFieldsMoreAboutYou" duration-ms="26837" started-at="2019-01-24T08:21:10Z" finished-at="2019-01-24T08:21:37Z">
          <reporter-output>
          </reporter-output>
        </test-method> <!-- headerSignUpWithBlankRequiredFieldsMoreAboutYou -->
        <test-method status="PASS" signature="headerSignUpWithBlankRequiredFieldsYourInf()[pri:0, instance:uk.co.idealflatmate.tests.SignUpTest@3159c4b8]" name="headerSignUpWithBlankRequiredFieldsYourInf" duration-ms="17652" started-at="2019-01-24T08:21:37Z" finished-at="2019-01-24T08:21:55Z">
          <reporter-output>
          </reporter-output>
        </test-method> <!-- headerSignUpWithBlankRequiredFieldsYourInf -->
        <test-method status="PASS" signature="headerSignUpWithExistingEmail()[pri:0, instance:uk.co.idealflatmate.tests.SignUpTest@3159c4b8]" name="headerSignUpWithExistingEmail" duration-ms="22162" started-at="2019-01-24T08:21:55Z" finished-at="2019-01-24T08:22:17Z">
          <reporter-output>
          </reporter-output>
        </test-method> <!-- headerSignUpWithExistingEmail -->
        <test-method status="PASS" signature="signUpViaFBlistingAgent()[pri:0, instance:uk.co.idealflatmate.tests.SignUpTest@3159c4b8]" name="signUpViaFBlistingAgent" duration-ms="35653" started-at="2019-01-24T08:22:17Z" finished-at="2019-01-24T08:22:53Z">
          <reporter-output>
          </reporter-output>
        </test-method> <!-- signUpViaFBlistingAgent -->
        <test-method status="PASS" signature="tearDown()[pri:0, instance:uk.co.idealflatmate.tests.SignUpTest@3159c4b8]" name="tearDown" is-config="true" duration-ms="877" started-at="2019-01-24T08:22:53Z" finished-at="2019-01-24T08:22:54Z">
          <reporter-output>
          </reporter-output>
        </test-method> <!-- tearDown -->
      </class> <!-- uk.co.idealflatmate.tests.SignUpTest -->
      <class name="uk.co.idealflatmate.tests.AddListingTests">
        <test-method status="PASS" signature="setupClass()[pri:0, instance:uk.co.idealflatmate.tests.AddListingTests@6e1567f1]" name="setupClass" is-config="true" duration-ms="11929" started-at="2019-01-23T18:34:49Z" finished-at="2019-01-23T18:35:01Z">
          <reporter-output>
          </reporter-output>
        </test-method> <!-- setupClass -->
        <test-method status="PASS" signature="loginPendingListing()[pri:0, instance:uk.co.idealflatmate.tests.AddListingTests@6e1567f1]" name="loginPendingListing" duration-ms="54761" started-at="2019-01-23T18:35:01Z" finished-at="2019-01-23T18:35:56Z">
          <reporter-output>
          </reporter-output>
        </test-method> <!-- loginPendingListing -->
        <test-method status="FAIL" signature="loginStartListing()[pri:0, instance:uk.co.idealflatmate.tests.AddListingTests@6e1567f1]" name="loginStartListing" duration-ms="22983" started-at="2019-01-23T18:35:56Z" finished-at="2019-01-23T18:36:19Z">
          <exception class="com.codeborne.selenide.ex.ElementNotFound">
            <message>
              <![CDATA[Element not found {By.name: Property[area_link_id]}
Expected: visible]]>
            </message>
            <full-stacktrace>
              <![CDATA[Element not found {By.name: Property[area_link_id]}
Expected: visible
Screenshot: file:/C:/Users/lukhovytskyi/Documents/GitHub/idealflatmatetest/build/reports/tests/1548268578888.1.png
Page source: file:/C:/Users/lukhovytskyi/Documents/GitHub/idealflatmatetest/build/reports/tests/1548268578888.1.html
Timeout: 10 s.
Caused by: NoSuchElementException: no such element: Unable to locate element: {"method":"name","selector":"Property[area_link_id]"}
at com.codeborne.selenide.impl.WebElementSource.createElementNotFoundError(WebElementSource.java:31)
at com.codeborne.selenide.impl.ElementFinder.createElementNotFoundError(ElementFinder.java:82)
at com.codeborne.selenide.impl.WebElementSource.checkCondition(WebElementSource.java:59)
at com.codeborne.selenide.impl.WebElementSource.findAndAssertElementIsVisible(WebElementSource.java:72)
at com.codeborne.selenide.commands.Click.execute(Click.java:16)
at com.codeborne.selenide.commands.Click.execute(Click.java:12)
at com.codeborne.selenide.commands.Commands.execute(Commands.java:144)
at com.codeborne.selenide.impl.SelenideElementProxy.dispatchAndRetry(SelenideElementProxy.java:87)
at com.codeborne.selenide.impl.SelenideElementProxy.invoke(SelenideElementProxy.java:63)
at com.sun.proxy.$Proxy5.click(Unknown Source)
at uk.co.idealflatmate.appmanager.MessageHelper.click(MessageHelper.java:43)
at uk.co.idealflatmate.appmanager.AddPropertyHelper.chooseAreaforLondon(AddPropertyHelper.java:70)
at uk.co.idealflatmate.tests.AddListingTests.loginStartListing(AddListingTests.java:28)
at sun.reflect.NativeMethodAccessorImpl.invoke0(Native Method)
at sun.reflect.NativeMethodAccessorImpl.invoke(NativeMethodAccessorImpl.java:62)
at sun.reflect.DelegatingMethodAccessorImpl.invoke(DelegatingMethodAccessorImpl.java:43)
at java.lang.reflect.Method.invoke(Method.java:498)
at org.testng.internal.MethodInvocationHelper.invokeMethod(MethodInvocationHelper.java:124)
at org.testng.internal.Invoker.invokeMethod(Invoker.java:583)
at org.testng.internal.Invoker.invokeTestMethod(Invoker.java:719)
at org.testng.internal.Invoker.invokeTestMethods(Invoker.java:989)
at org.testng.internal.TestMethodWorker.invokeTestMethods(TestMethodWorker.java:125)
at org.testng.internal.TestMethodWorker.run(TestMethodWorker.java:109)
at org.testng.TestRunner.privateRun(TestRunner.java:648)
at org.testng.TestRunner.run(TestRunner.java:505)
at org.testng.SuiteRunner.runTest(SuiteRunner.java:455)
at org.testng.SuiteRunner.runSequentially(SuiteRunner.java:450)
at org.testng.SuiteRunner.privateRun(SuiteRunner.java:415)
at org.testng.SuiteRunner.run(SuiteRunner.java:364)
at org.testng.SuiteRunnerWorker.runSuite(SuiteRunnerWorker.java:52)
at org.testng.SuiteRunnerWorker.run(SuiteRunnerWorker.java:84)
at org.testng.TestNG.runSuitesSequentially(TestNG.java:1208)
at org.testng.TestNG.runSuitesLocally(TestNG.java:1137)
at org.testng.TestNG.runSuites(TestNG.java:1049)
at org.testng.TestNG.run(TestNG.java:1017)
at org.apache.maven.surefire.testng.TestNGExecutor.run(TestNGExecutor.java:122)
at org.apache.maven.surefire.testng.TestNGXmlTestSuite.execute(TestNGXmlTestSuite.java:88)
at org.apache.maven.surefire.testng.TestNGProvider.invoke(TestNGProvider.java:104)
at sun.reflect.NativeMethodAccessorImpl.invoke0(Native Method)
at sun.reflect.NativeMethodAccessorImpl.invoke(NativeMethodAccessorImpl.java:62)
at sun.reflect.DelegatingMethodAccessorImpl.invoke(DelegatingMethodAccessorImpl.java:43)
at java.lang.reflect.Method.invoke(Method.java:498)
at org.apache.maven.surefire.booter.ProviderFactory$ClassLoaderProxy.invoke(ProviderFactory.java:103)
at com.sun.proxy.$Proxy0.invoke(Unknown Source)
at org.apache.maven.surefire.booter.SurefireStarter.invokeProvider(SurefireStarter.java:150)
at org.apache.maven.surefire.booter.SurefireStarter.runSuitesInProcess(SurefireStarter.java:91)
at org.apache.maven.surefire.booter.ForkedBooter.main(ForkedBooter.java:69)
Caused by: org.openqa.selenium.NoSuchElementException: no such element: Unable to locate element: {"method":"name","selector":"Property[area_link_id]"}
  (Session info: chrome=71.0.3578.98)
  (Driver info: chromedriver=72.0.3626.69 (3c16f8a135abc0d4da2dff33804db79b849a7c38),platform=Windows NT 10.0.16299 x86_64) (WARNING: The server did not provide any stacktrace information)
Command duration or timeout: 0 milliseconds
For documentation on this error, please visit: https://www.seleniumhq.org/exceptions/no_such_element.html
Build info: version: '3.141.59', revision: 'e82be7d358', time: '2018-11-14T08:17:03'
System info: host: 'PRIVATE-1074', ip: '10.8.1.74', os.name: 'Windows 10', os.arch: 'amd64', os.version: '10.0', java.version: '1.8.0_152'
Driver info: org.openqa.selenium.chrome.ChromeDriver
Capabilities {acceptInsecureCerts: false, acceptSslCerts: false, applicationCacheEnabled: false, browserConnectionEnabled: false, browserName: chrome, chrome: {chromedriverVersion: 72.0.3626.69 (3c16f8a135abc..., userDataDir: C:\Users\LUKHOV~1\AppData\L...}, cssSelectorsEnabled: true, databaseEnabled: false, goog:chromeOptions: {debuggerAddress: localhost:64248}, handlesAlerts: true, hasTouchScreen: false, javascriptEnabled: true, locationContextEnabled: true, mobileEmulationEnabled: false, nativeEvents: true, networkConnectionEnabled: false, pageLoadStrategy: normal, platform: XP, platformName: XP, proxy: Proxy(), rotatable: false, setWindowRect: true, takesHeapSnapshot: true, takesScreenshot: true, timeouts: {implicit: 0, pageLoad: 300000, script: 30000}, unexpectedAlertBehaviour: ignore, unhandledPromptBehavior: ignore, version: 71.0.3578.98, webStorageEnabled: true}
Session ID: 2f14fbb1f7457362f5e4b9ef743a8328
*** Element info: {Using=name, value=Property[area_link_id]}
at sun.reflect.GeneratedConstructorAccessor13.newInstance(Unknown Source)
at sun.reflect.DelegatingConstructorAccessorImpl.newInstance(DelegatingConstructorAccessorImpl.java:45)
at java.lang.reflect.Constructor.newInstance(Constructor.java:423)
at org.openqa.selenium.remote.ErrorHandler.createThrowable(ErrorHandler.java:214)
at org.openqa.selenium.remote.ErrorHandler.throwIfResponseFailed(ErrorHandler.java:166)
at org.openqa.selenium.remote.http.JsonHttpResponseCodec.reconstructValue(JsonHttpResponseCodec.java:40)
at org.openqa.selenium.remote.http.AbstractHttpResponseCodec.decode(AbstractHttpResponseCodec.java:80)
at org.openqa.selenium.remote.http.AbstractHttpResponseCodec.decode(AbstractHttpResponseCodec.java:44)
at org.openqa.selenium.remote.HttpCommandExecutor.execute(HttpCommandExecutor.java:158)
at org.openqa.selenium.remote.service.DriverCommandExecutor.execute(DriverCommandExecutor.java:83)
at org.openqa.selenium.remote.RemoteWebDriver.execute(RemoteWebDriver.java:552)
at org.openqa.selenium.remote.RemoteWebDriver.findElement(RemoteWebDriver.java:323)
at org.openqa.selenium.remote.RemoteWebDriver.findElementByName(RemoteWebDriver.java:404)
at org.openqa.selenium.By$ByName.findElement(By.java:284)
at org.openqa.selenium.remote.RemoteWebDriver.findElement(RemoteWebDriver.java:315)
at com.codeborne.selenide.impl.WebElementSelector.findElement(WebElementSelector.java:29)
at com.codeborne.selenide.impl.ElementFinder.getWebElement(ElementFinder.java:56)
at com.codeborne.selenide.impl.WebElementSource.checkCondition(WebElementSource.java:44)
... 44 more
]]>
            </full-stacktrace>
          </exception> <!-- com.codeborne.selenide.ex.ElementNotFound -->
          <reporter-output>
          </reporter-output>
        </test-method> <!-- loginStartListing -->
        <test-method status="FAIL" signature="propertyAddWithAllFields()[pri:0, instance:uk.co.idealflatmate.tests.AddListingTests@6e1567f1]" name="propertyAddWithAllFields" duration-ms="120643" started-at="2019-01-23T18:36:19Z" finished-at="2019-01-23T18:38:20Z">
          <exception class="com.codeborne.selenide.ex.ElementShould">
            <message>
              <![CDATA[Element should have text '3 bedrooms for rent in Bankside, South London from ВЈ500/month per room
Property reference "#0018074"' {By.xpath: //section[@id]//h1}
Element: '<h1 class="h2 u_m0-top u_m20-top-xs u_p20-bottom text-normal u_b-bottom">3 bedrooms for rent in Bankside, South London from ?500/month per room
Property reference "#0018074"</h1>']]>
            </message>
            <full-stacktrace>
              <![CDATA[Element should have text '3 bedrooms for rent in Bankside, South London from ВЈ500/month per room
Property reference "#0018074"' {By.xpath: //section[@id]//h1}
Element: '<h1 class="h2 u_m0-top u_m20-top-xs u_p20-bottom text-normal u_b-bottom">3 bedrooms for rent in Bankside, South London from ?500/month per room
Property reference "#0018074"</h1>'
Screenshot: file:/C:/Users/lukhovytskyi/Documents/GitHub/idealflatmatetest/build/reports/tests/1548268699211.3.png
Page source: file:/C:/Users/lukhovytskyi/Documents/GitHub/idealflatmatetest/build/reports/tests/1548268699211.3.html
Timeout: 10 s.
at com.codeborne.selenide.impl.WebElementSource.checkCondition(WebElementSource.java:66)
at com.codeborne.selenide.commands.Should.should(Should.java:35)
at com.codeborne.selenide.commands.Should.execute(Should.java:29)
at com.codeborne.selenide.commands.Should.execute(Should.java:12)
at com.codeborne.selenide.commands.Commands.execute(Commands.java:144)
at com.codeborne.selenide.impl.SelenideElementProxy.dispatchAndRetry(SelenideElementProxy.java:87)
at com.codeborne.selenide.impl.SelenideElementProxy.invoke(SelenideElementProxy.java:63)
at com.sun.proxy.$Proxy5.shouldHave(Unknown Source)
at uk.co.idealflatmate.appmanager.VerificationHelper.verifyAddedPropertyWithAllFields(VerificationHelper.java:58)
at uk.co.idealflatmate.tests.AddListingTests.propertyAddWithAllFields(AddListingTests.java:168)
at sun.reflect.NativeMethodAccessorImpl.invoke0(Native Method)
at sun.reflect.NativeMethodAccessorImpl.invoke(NativeMethodAccessorImpl.java:62)
at sun.reflect.DelegatingMethodAccessorImpl.invoke(DelegatingMethodAccessorImpl.java:43)
at java.lang.reflect.Method.invoke(Method.java:498)
at org.testng.internal.MethodInvocationHelper.invokeMethod(MethodInvocationHelper.java:124)
at org.testng.internal.Invoker.invokeMethod(Invoker.java:583)
at org.testng.internal.Invoker.invokeTestMethod(Invoker.java:719)
at org.testng.internal.Invoker.invokeTestMethods(Invoker.java:989)
at org.testng.internal.TestMethodWorker.invokeTestMethods(TestMethodWorker.java:125)
at org.testng.internal.TestMethodWorker.run(TestMethodWorker.java:109)
at org.testng.TestRunner.privateRun(TestRunner.java:648)
at org.testng.TestRunner.run(TestRunner.java:505)
at org.testng.SuiteRunner.runTest(SuiteRunner.java:455)
at org.testng.SuiteRunner.runSequentially(SuiteRunner.java:450)
at org.testng.SuiteRunner.privateRun(SuiteRunner.java:415)
at org.testng.SuiteRunner.run(SuiteRunner.java:364)
at org.testng.SuiteRunnerWorker.runSuite(SuiteRunnerWorker.java:52)
at org.testng.SuiteRunnerWorker.run(SuiteRunnerWorker.java:84)
at org.testng.TestNG.runSuitesSequentially(TestNG.java:1208)
at org.testng.TestNG.runSuitesLocally(TestNG.java:1137)
at org.testng.TestNG.runSuites(TestNG.java:1049)
at org.testng.TestNG.run(TestNG.java:1017)
at org.apache.maven.surefire.testng.TestNGExecutor.run(TestNGExecutor.java:122)
at org.apache.maven.surefire.testng.TestNGXmlTestSuite.execute(TestNGXmlTestSuite.java:88)
at org.apache.maven.surefire.testng.TestNGProvider.invoke(TestNGProvider.java:104)
at sun.reflect.NativeMethodAccessorImpl.invoke0(Native Method)
at sun.reflect.NativeMethodAccessorImpl.invoke(NativeMethodAccessorImpl.java:62)
at sun.reflect.DelegatingMethodAccessorImpl.invoke(DelegatingMethodAccessorImpl.java:43)
at java.lang.reflect.Method.invoke(Method.java:498)
at org.apache.maven.surefire.booter.ProviderFactory$ClassLoaderProxy.invoke(ProviderFactory.java:103)
at com.sun.proxy.$Proxy0.invoke(Unknown Source)
at org.apache.maven.surefire.booter.SurefireStarter.invokeProvider(SurefireStarter.java:150)
at org.apache.maven.surefire.booter.SurefireStarter.runSuitesInProcess(SurefireStarter.java:91)
at org.apache.maven.surefire.booter.ForkedBooter.main(ForkedBooter.java:69)
]]>
            </full-stacktrace>
          </exception> <!-- com.codeborne.selenide.ex.ElementShould -->
          <reporter-output>
          </reporter-output>
        </test-method> <!-- propertyAddWithAllFields -->
        <test-method status="FAIL" signature="signUpPropertyAdding()[pri:0, instance:uk.co.idealflatmate.tests.AddListingTests@6e1567f1]" name="signUpPropertyAdding" duration-ms="31022" started-at="2019-01-23T18:38:20Z" finished-at="2019-01-23T18:38:51Z">
          <exception class="com.codeborne.selenide.ex.ElementNotFound">
            <message>
              <![CDATA[Element not found {By.xpath: //input[@id='moreinfosignupform-file']}
Expected: exist]]>
            </message>
            <full-stacktrace>
              <![CDATA[Element not found {By.xpath: //input[@id='moreinfosignupform-file']}
Expected: exist
Screenshot: file:/C:/Users/lukhovytskyi/Documents/GitHub/idealflatmatetest/build/reports/tests/1548268730686.5.png
Page source: file:/C:/Users/lukhovytskyi/Documents/GitHub/idealflatmatetest/build/reports/tests/1548268730686.5.html
Timeout: 10 s.
Caused by: NoSuchElementException: no such element: Unable to locate element: {"method":"xpath","selector":"//input[@id='moreinfosignupform-file']"}
at com.codeborne.selenide.impl.WebElementSource.createElementNotFoundError(WebElementSource.java:31)
at com.codeborne.selenide.impl.ElementFinder.createElementNotFoundError(ElementFinder.java:82)
at com.codeborne.selenide.impl.SelenideElementProxy.dispatchAndRetry(SelenideElementProxy.java:116)
at com.codeborne.selenide.impl.SelenideElementProxy.invoke(SelenideElementProxy.java:63)
at com.sun.proxy.$Proxy5.uploadFile(Unknown Source)
at uk.co.idealflatmate.appmanager.SignUpHelper.profilePhotoAddJpeg(SignUpHelper.java:107)
at uk.co.idealflatmate.appmanager.SignUpHelper.agentSignListing(SignUpHelper.java:460)
at uk.co.idealflatmate.tests.AddListingTests.signUpPropertyAdding(AddListingTests.java:95)
at sun.reflect.NativeMethodAccessorImpl.invoke0(Native Method)
at sun.reflect.NativeMethodAccessorImpl.invoke(NativeMethodAccessorImpl.java:62)
at sun.reflect.DelegatingMethodAccessorImpl.invoke(DelegatingMethodAccessorImpl.java:43)
at java.lang.reflect.Method.invoke(Method.java:498)
at org.testng.internal.MethodInvocationHelper.invokeMethod(MethodInvocationHelper.java:124)
at org.testng.internal.Invoker.invokeMethod(Invoker.java:583)
at org.testng.internal.Invoker.invokeTestMethod(Invoker.java:719)
at org.testng.internal.Invoker.invokeTestMethods(Invoker.java:989)
at org.testng.internal.TestMethodWorker.invokeTestMethods(TestMethodWorker.java:125)
at org.testng.internal.TestMethodWorker.run(TestMethodWorker.java:109)
at org.testng.TestRunner.privateRun(TestRunner.java:648)
at org.testng.TestRunner.run(TestRunner.java:505)
at org.testng.SuiteRunner.runTest(SuiteRunner.java:455)
at org.testng.SuiteRunner.runSequentially(SuiteRunner.java:450)
at org.testng.SuiteRunner.privateRun(SuiteRunner.java:415)
at org.testng.SuiteRunner.run(SuiteRunner.java:364)
at org.testng.SuiteRunnerWorker.runSuite(SuiteRunnerWorker.java:52)
at org.testng.SuiteRunnerWorker.run(SuiteRunnerWorker.java:84)
at org.testng.TestNG.runSuitesSequentially(TestNG.java:1208)
at org.testng.TestNG.runSuitesLocally(TestNG.java:1137)
at org.testng.TestNG.runSuites(TestNG.java:1049)
at org.testng.TestNG.run(TestNG.java:1017)
at org.apache.maven.surefire.testng.TestNGExecutor.run(TestNGExecutor.java:122)
at org.apache.maven.surefire.testng.TestNGXmlTestSuite.execute(TestNGXmlTestSuite.java:88)
at org.apache.maven.surefire.testng.TestNGProvider.invoke(TestNGProvider.java:104)
at sun.reflect.NativeMethodAccessorImpl.invoke0(Native Method)
at sun.reflect.NativeMethodAccessorImpl.invoke(NativeMethodAccessorImpl.java:62)
at sun.reflect.DelegatingMethodAccessorImpl.invoke(DelegatingMethodAccessorImpl.java:43)
at java.lang.reflect.Method.invoke(Method.java:498)
at org.apache.maven.surefire.booter.ProviderFactory$ClassLoaderProxy.invoke(ProviderFactory.java:103)
at com.sun.proxy.$Proxy0.invoke(Unknown Source)
at org.apache.maven.surefire.booter.SurefireStarter.invokeProvider(SurefireStarter.java:150)
at org.apache.maven.surefire.booter.SurefireStarter.runSuitesInProcess(SurefireStarter.java:91)
at org.apache.maven.surefire.booter.ForkedBooter.main(ForkedBooter.java:69)
Caused by: org.openqa.selenium.NoSuchElementException: no such element: Unable to locate element: {"method":"xpath","selector":"//input[@id='moreinfosignupform-file']"}
  (Session info: chrome=71.0.3578.98)
  (Driver info: chromedriver=72.0.3626.69 (3c16f8a135abc0d4da2dff33804db79b849a7c38),platform=Windows NT 10.0.16299 x86_64) (WARNING: The server did not provide any stacktrace information)
Command duration or timeout: 0 milliseconds
For documentation on this error, please visit: https://www.seleniumhq.org/exceptions/no_such_element.html
Build info: version: '3.141.59', revision: 'e82be7d358', time: '2018-11-14T08:17:03'
System info: host: 'PRIVATE-1074', ip: '10.8.1.74', os.name: 'Windows 10', os.arch: 'amd64', os.version: '10.0', java.version: '1.8.0_152'
Driver info: org.openqa.selenium.chrome.ChromeDriver
Capabilities {acceptInsecureCerts: false, acceptSslCerts: false, applicationCacheEnabled: false, browserConnectionEnabled: false, browserName: chrome, chrome: {chromedriverVersion: 72.0.3626.69 (3c16f8a135abc..., userDataDir: C:\Users\LUKHOV~1\AppData\L...}, cssSelectorsEnabled: true, databaseEnabled: false, goog:chromeOptions: {debuggerAddress: localhost:65286}, handlesAlerts: true, hasTouchScreen: false, javascriptEnabled: true, locationContextEnabled: true, mobileEmulationEnabled: false, nativeEvents: true, networkConnectionEnabled: false, pageLoadStrategy: normal, platform: XP, platformName: XP, proxy: Proxy(), rotatable: false, setWindowRect: true, takesHeapSnapshot: true, takesScreenshot: true, timeouts: {implicit: 0, pageLoad: 300000, script: 30000}, unexpectedAlertBehaviour: ignore, unhandledPromptBehavior: ignore, version: 71.0.3578.98, webStorageEnabled: true}
Session ID: a038faa2aa85c1c70eb2a14efe7e2bff
*** Element info: {Using=xpath, value=//input[@id='moreinfosignupform-file']}
at sun.reflect.GeneratedConstructorAccessor13.newInstance(Unknown Source)
at sun.reflect.DelegatingConstructorAccessorImpl.newInstance(DelegatingConstructorAccessorImpl.java:45)
at java.lang.reflect.Constructor.newInstance(Constructor.java:423)
at org.openqa.selenium.remote.ErrorHandler.createThrowable(ErrorHandler.java:214)
at org.openqa.selenium.remote.ErrorHandler.throwIfResponseFailed(ErrorHandler.java:166)
at org.openqa.selenium.remote.http.JsonHttpResponseCodec.reconstructValue(JsonHttpResponseCodec.java:40)
at org.openqa.selenium.remote.http.AbstractHttpResponseCodec.decode(AbstractHttpResponseCodec.java:80)
at org.openqa.selenium.remote.http.AbstractHttpResponseCodec.decode(AbstractHttpResponseCodec.java:44)
at org.openqa.selenium.remote.HttpCommandExecutor.execute(HttpCommandExecutor.java:158)
at org.openqa.selenium.remote.service.DriverCommandExecutor.execute(DriverCommandExecutor.java:83)
at org.openqa.selenium.remote.RemoteWebDriver.execute(RemoteWebDriver.java:552)
at org.openqa.selenium.remote.RemoteWebDriver.findElement(RemoteWebDriver.java:323)
at org.openqa.selenium.remote.RemoteWebDriver.findElementByXPath(RemoteWebDriver.java:428)
at org.openqa.selenium.By$ByXPath.findElement(By.java:353)
at org.openqa.selenium.remote.RemoteWebDriver.findElement(RemoteWebDriver.java:315)
at com.codeborne.selenide.impl.WebElementSelector.findElement(WebElementSelector.java:29)
at com.codeborne.selenide.impl.ElementFinder.getWebElement(ElementFinder.java:56)
at com.codeborne.selenide.commands.UploadFile.execute(UploadFile.java:28)
at com.codeborne.selenide.commands.UploadFile.execute(UploadFile.java:14)
at com.codeborne.selenide.commands.Commands.execute(Commands.java:144)
at com.codeborne.selenide.impl.SelenideElementProxy.dispatchAndRetry(SelenideElementProxy.java:87)
... 39 more
]]>
            </full-stacktrace>
          </exception> <!-- com.codeborne.selenide.ex.ElementNotFound -->
          <reporter-output>
          </reporter-output>
        </test-method> <!-- signUpPropertyAdding -->
        <test-method status="PASS" signature="tearDown()[pri:0, instance:uk.co.idealflatmate.tests.AddListingTests@6e1567f1]" name="tearDown" is-config="true" duration-ms="819" started-at="2019-01-23T18:38:51Z" finished-at="2019-01-23T18:38:51Z">
          <reporter-output>
          </reporter-output>
        </test-method> <!-- tearDown -->
      </class> <!-- uk.co.idealflatmate.tests.AddListingTests -->
      <class name="uk.co.idealflatmate.tests.SearchPropertiesPageTests">
        <test-method status="PASS" signature="setupClass()[pri:0, instance:uk.co.idealflatmate.tests.SearchPropertiesPageTests@5702b3b1]" name="setupClass" is-config="true" duration-ms="6008" started-at="2019-01-23T18:58:12Z" finished-at="2019-01-23T18:58:18Z">
          <reporter-output>
          </reporter-output>
        </test-method> <!-- setupClass -->
        <test-method status="PASS" signature="applyAdvancedFiltersDefault()[pri:0, instance:uk.co.idealflatmate.tests.SearchPropertiesPageTests@5702b3b1]" name="applyAdvancedFiltersDefault" duration-ms="58817" started-at="2019-01-23T18:58:18Z" finished-at="2019-01-23T18:59:17Z">
          <reporter-output>
          </reporter-output>
        </test-method> <!-- applyAdvancedFiltersDefault -->
        <test-method status="PASS" signature="applyMoreFilters()[pri:0, instance:uk.co.idealflatmate.tests.SearchPropertiesPageTests@5702b3b1]" name="applyMoreFilters" duration-ms="12400" started-at="2019-01-23T18:59:17Z" finished-at="2019-01-23T18:59:30Z">
          <reporter-output>
          </reporter-output>
        </test-method> <!-- applyMoreFilters -->
        <test-method status="PASS" signature="propertySearchByDropDown()[pri:0, instance:uk.co.idealflatmate.tests.SearchPropertiesPageTests@5702b3b1]" name="propertySearchByDropDown" duration-ms="9232" started-at="2019-01-23T18:59:30Z" finished-at="2019-01-23T18:59:39Z">
          <reporter-output>
          </reporter-output>
        </test-method> <!-- propertySearchByDropDown -->
        <test-method status="PASS" signature="searchEastLDNPagination()[pri:0, instance:uk.co.idealflatmate.tests.SearchPropertiesPageTests@5702b3b1]" name="searchEastLDNPagination" duration-ms="28677" started-at="2019-01-23T18:59:39Z" finished-at="2019-01-23T19:00:07Z">
          <reporter-output>
          </reporter-output>
        </test-method> <!-- searchEastLDNPagination -->
        <test-method status="PASS" signature="searchPagination()[pri:0, instance:uk.co.idealflatmate.tests.SearchPropertiesPageTests@5702b3b1]" name="searchPagination" duration-ms="30161" started-at="2019-01-23T19:00:07Z" finished-at="2019-01-23T19:00:38Z">
          <reporter-output>
          </reporter-output>
        </test-method> <!-- searchPagination -->
        <test-method status="PASS" signature="searchZone1Pagination()[pri:0, instance:uk.co.idealflatmate.tests.SearchPropertiesPageTests@5702b3b1]" name="searchZone1Pagination" duration-ms="15435" started-at="2019-01-23T19:00:38Z" finished-at="2019-01-23T19:00:53Z">
          <reporter-output>
          </reporter-output>
        </test-method> <!-- searchZone1Pagination -->
        <test-method status="PASS" signature="sortListing()[pri:0, instance:uk.co.idealflatmate.tests.SearchPropertiesPageTests@5702b3b1]" name="sortListing" duration-ms="41343" started-at="2019-01-23T19:00:53Z" finished-at="2019-01-23T19:01:34Z">
          <reporter-output>
          </reporter-output>
        </test-method> <!-- sortListing -->
        <test-method status="PASS" signature="sortListingWith2Rooms()[pri:0, instance:uk.co.idealflatmate.tests.SearchPropertiesPageTests@5702b3b1]" name="sortListingWith2Rooms" duration-ms="9023" started-at="2019-01-23T19:01:34Z" finished-at="2019-01-23T19:01:43Z">
          <reporter-output>
          </reporter-output>
        </test-method> <!-- sortListingWith2Rooms -->
        <test-method status="PASS" signature="tearDown()[pri:0, instance:uk.co.idealflatmate.tests.SearchPropertiesPageTests@5702b3b1]" name="tearDown" is-config="true" duration-ms="1033" started-at="2019-01-23T19:01:43Z" finished-at="2019-01-23T19:01:44Z">
          <reporter-output>
          </reporter-output>
        </test-method> <!-- tearDown -->
      </class> <!-- uk.co.idealflatmate.tests.SearchPropertiesPageTests -->
    </test> <!-- Test1 -->
  </suite> <!-- suite -->
</testng-results>
